[0.000000] (-) TimerEvent: {}
[0.001827] (-) JobUnselected: {'identifier': 'isaac_common'}
[0.002106] (-) JobUnselected: {'identifier': 'isaac_common_py'}
[0.002209] (-) JobUnselected: {'identifier': 'isaac_ros_apriltag_interfaces'}
[0.002286] (-) JobUnselected: {'identifier': 'isaac_ros_bi3d_interfaces'}
[0.002356] (-) JobUnselected: {'identifier': 'isaac_ros_common'}
[0.002426] (-) JobUnselected: {'identifier': 'isaac_ros_launch_utils'}
[0.002722] (-) JobUnselected: {'identifier': 'isaac_ros_nitros_bridge_interfaces'}
[0.002813] (-) JobUnselected: {'identifier': 'isaac_ros_nova_interfaces'}
[0.002953] (-) JobUnselected: {'identifier': 'isaac_ros_pointcloud_interfaces'}
[0.003033] (-) JobUnselected: {'identifier': 'isaac_ros_r2b_galileo'}
[0.003080] (-) JobUnselected: {'identifier': 'isaac_ros_rosbag_utils'}
[0.003126] (-) JobUnselected: {'identifier': 'isaac_ros_tensor_list_interfaces'}
[0.003174] (-) JobUnselected: {'identifier': 'isaac_ros_test'}
[0.003235] (-) JobUnselected: {'identifier': 'isaac_ros_test_cmake'}
[0.003294] (custom_interfaces) JobQueued: {'identifier': 'custom_interfaces', 'dependencies': OrderedDict()}
[0.003359] (my_action_client) JobQueued: {'identifier': 'my_action_client', 'dependencies': OrderedDict([('custom_interfaces', '/workspaces/isaac_ros-dev/install/custom_interfaces')])}
[0.005632] (my_action_server) JobQueued: {'identifier': 'my_action_server', 'dependencies': OrderedDict([('custom_interfaces', '/workspaces/isaac_ros-dev/install/custom_interfaces')])}
[0.005816] (custom_interfaces) JobStarted: {'identifier': 'custom_interfaces'}
[0.030047] (custom_interfaces) JobProgress: {'identifier': 'custom_interfaces', 'progress': 'cmake'}
[0.032386] (custom_interfaces) JobProgress: {'identifier': 'custom_interfaces', 'progress': 'build'}
[0.034489] (custom_interfaces) Command: {'cmd': ['/usr/bin/cmake', '--build', '/workspaces/isaac_ros-dev/build/custom_interfaces', '--', '-j6', '-l6'], 'cwd': '/workspaces/isaac_ros-dev/build/custom_interfaces', 'env': OrderedDict([('LIBRARY_PATH', '/usr/local/cuda/lib64/stubs'), ('PYTHONWARNINGS', 'ignore:::setuptools.command.install,ignore:::setuptools.command.easy_install,ignore:::pkg_resources,ignore:::setuptools.command.develop'), ('NV_LIBCUBLAS_VERSION', '12.6.1.4-1'), ('USER', 'stickykeys'), ('NV_CUDA_NSIGHT_COMPUTE_VERSION', '12.6.11-1'), ('HOSTNAME', 'stickykeys-desktop'), ('SHLVL', '1'), ('LD_LIBRARY_PATH', '/opt/ros/humble/opt/rviz_ogre_vendor/lib:/opt/ros/humble/lib/aarch64-linux-gnu:/opt/ros/humble/lib:/usr/lib/aarch64-linux-gnu/tegra/weston:/usr/lib/aarch64-linux-gnu/tegra-egl:/usr/local/cuda-12.6/targets/aarch64-linux/lib:/usr/lib/aarch64-linux-gnu/tegra:/opt/nvidia/vpi3/lib64:/usr/local/libcudss-linux-0.3.0.9_cuda12-archive/lib:/usr/local/nvidia/lib:/usr/local/nvidia/lib64:/usr/lib/aarch64-linux-gnu-host:/opt/tritonserver/lib'), ('HOME', '/home/admin'), ('HOST_USER_GID', '1000'), ('NV_LIBCUBLAS_DEV_VERSION', '12.6.1.4-1'), ('ROS_PYTHON_VERSION', '3'), ('NV_LIBNPP_PACKAGE', 'libnpp-12-6=12.3.1.54-1'), ('CUDA_VERSION', '12.6.11'), ('ROS_DISTRO', 'humble'), ('NV_LIBCUBLAS_PACKAGE_NAME', 'libcublas-12-6'), ('NVIDIA_REQUIRE_CUDA', 'cuda>=12.6'), ('_', '/usr/bin/colcon'), ('ROS_VERSION', '2'), ('NV_LIBCUSPARSE_VERSION', '12.5.3.3-1'), ('NVIDIA_DRIVER_CAPABILITIES', 'all'), ('NV_CUDA_LIB_VERSION', '12.6.11-1'), ('NV_NVML_DEV_VERSION', '12.6.68-1'), ('USERNAME', 'admin'), ('NV_LIBNPP_DEV_PACKAGE', 'libnpp-dev-12-6=12.3.1.54-1'), ('TERM', 'xterm'), ('ISAAC_ROS_WS', '/workspaces/isaac_ros-dev'), ('NV_CUDA_CUDART_VERSION', '12.6.68-1'), ('ROS_LOCALHOST_ONLY', '0'), ('PATH', '/opt/ros/humble/bin:/opt/ros/humble/vcstool/scripts:/usr/local/nvidia/bin:/usr/local/cuda/bin:/usr/src/tensorrt/bin:/usr/local/nvidia/bin:/usr/local/cuda/bin:/usr/local/sbin:/usr/local/bin:/usr/sbin:/usr/bin:/sbin:/bin'), ('NV_LIBCUBLAS_DEV_PACKAGE_NAME', 'libcublas-dev-12-6'), ('NV_LIBCUBLAS_PACKAGE', 'libcublas-12-6=12.6.1.4-1'), ('HOST_USER_UID', '1000'), ('NVARCH', 'arm64'), ('CUDSS_DIR', '/usr/local/libcudss-linux-0.3.0.9_cuda12-archive'), ('NV_LIBCUSPARSE_DEV_VERSION', '12.5.3.3-1'), ('DISPLAY', ':1'), ('NVIDIA_PRODUCT_NAME', 'CUDA'), ('LANG', 'en_US.UTF-8'), ('RMW_IMPLEMENTATION', 'rmw_fastrtps_cpp'), ('NV_CUDA_CUDART_DEV_VERSION', '12.6.68-1'), ('ROS_ROOT', '/opt/ros/humble'), ('SSH_AUTH_SOCK', '/ssh-agent'), ('AMENT_PREFIX_PATH', '/opt/ros/humble'), ('DEBIAN_FRONTEND', 'noninteractive'), ('SHELL', '/bin/bash'), ('TRT_INCLUDE_PATH', '/usr/include/aarch64-linux-gnu'), ('NV_LIBCUBLAS_DEV_PACKAGE', 'libcublas-dev-12-6=12.6.1.4-1'), ('NV_CUDA_NSIGHT_COMPUTE_DEV_PACKAGE', 'cuda-nsight-compute-12-6=12.6.11-1'), ('NVIDIA_REQUIRE_JETPACK_HOST_MOUNTS', 'base-only'), ('NV_NVTX_VERSION', '12.6.68-1'), ('NV_LIBNPP_VERSION', '12.3.1.54-1'), ('PWD', '/workspaces/isaac_ros-dev/build/custom_interfaces'), ('PYTHONPATH', '/opt/ros/humble/lib/python3.10/site-packages:/opt/ros/humble/local/lib/python3.10/dist-packages:/opt/ros/humble/vcstool:'), ('NVIDIA_VISIBLE_DEVICES', 'nvidia.com/gpu=all,nvidia.com/pva=all'), ('COLCON', '1'), ('NV_LIBNPP_DEV_VERSION', '12.3.1.54-1'), ('CMAKE_PREFIX_PATH', '/usr/local/libcudss-linux-0.3.0.9_cuda12-archive::/opt/ros/humble'), ('TRT_LIB_PATH', '/usr/lib/aarch64-linux-gnu')]), 'shell': False}
[0.097841] (-) TimerEvent: {}
[0.198755] (-) TimerEvent: {}
[0.216708] (custom_interfaces) StdoutLine: {'line': b'[ 10%] Built target custom_interfaces__rosidl_generator_c\n'}
[0.237130] (custom_interfaces) StdoutLine: {'line': b'[ 12%] Built target custom_interfaces__cpp\n'}
[0.281356] (custom_interfaces) StdoutLine: {'line': b'[ 12%] Built target ament_cmake_python_copy_custom_interfaces\n'}
[0.302244] (-) TimerEvent: {}
[0.302898] (custom_interfaces) StdoutLine: {'line': b'[ 23%] Built target custom_interfaces__rosidl_typesupport_c\n'}
[0.333496] (custom_interfaces) StdoutLine: {'line': b'[ 33%] Built target custom_interfaces__rosidl_typesupport_fastrtps_c\n'}
[0.353447] (custom_interfaces) StdoutLine: {'line': b'[ 43%] Built target custom_interfaces__rosidl_typesupport_fastrtps_cpp\n'}
[0.364336] (custom_interfaces) StdoutLine: {'line': b'[ 53%] Built target custom_interfaces__rosidl_typesupport_cpp\n'}
[0.396281] (custom_interfaces) StdoutLine: {'line': b'[ 64%] Built target custom_interfaces__rosidl_typesupport_introspection_cpp\n'}
[0.402943] (custom_interfaces) StdoutLine: {'line': b'[ 74%] Built target custom_interfaces__rosidl_typesupport_introspection_c\n'}
[0.403482] (-) TimerEvent: {}
[0.504234] (custom_interfaces) StdoutLine: {'line': b'[ 74%] Built target custom_interfaces\n'}
[0.504893] (-) TimerEvent: {}
[0.561126] (custom_interfaces) StdoutLine: {'line': b'[ 76%] Built target custom_interfaces__py\n'}
[0.605128] (-) TimerEvent: {}
[0.625674] (custom_interfaces) StdoutLine: {'line': b'[ 84%] Built target custom_interfaces__rosidl_generator_py\n'}
[0.705506] (-) TimerEvent: {}
[0.706620] (custom_interfaces) StdoutLine: {'line': b'[ 89%] Built target custom_interfaces__rosidl_typesupport_fastrtps_c__pyext\n'}
[0.759171] (custom_interfaces) StdoutLine: {'line': b'[ 94%] Built target custom_interfaces__rosidl_typesupport_introspection_c__pyext\n'}
[0.761339] (custom_interfaces) StdoutLine: {'line': b'[100%] Built target custom_interfaces__rosidl_typesupport_c__pyext\n'}
[0.805656] (-) TimerEvent: {}
[0.907374] (-) TimerEvent: {}
[1.008704] (-) TimerEvent: {}
[1.109891] (-) TimerEvent: {}
[1.212540] (-) TimerEvent: {}
[1.313550] (-) TimerEvent: {}
[1.414819] (-) TimerEvent: {}
[1.517675] (-) TimerEvent: {}
[1.567427] (custom_interfaces) StdoutLine: {'line': b'running egg_info\n'}
[1.616521] (custom_interfaces) StdoutLine: {'line': b'writing custom_interfaces.egg-info/PKG-INFO\n'}
[1.617764] (-) TimerEvent: {}
[1.618667] (custom_interfaces) StdoutLine: {'line': b'writing dependency_links to custom_interfaces.egg-info/dependency_links.txt\n'}
[1.619265] (custom_interfaces) StdoutLine: {'line': b'writing top-level names to custom_interfaces.egg-info/top_level.txt\n'}
[1.718829] (-) TimerEvent: {}
[1.819650] (-) TimerEvent: {}
[1.917421] (custom_interfaces) StderrLine: {'line': b"ERROR setuptools_scm._file_finders.git listing git files failed - pretending there aren't any\n"}
[1.919732] (-) TimerEvent: {}
[2.020476] (-) TimerEvent: {}
[2.121549] (-) TimerEvent: {}
[2.222268] (-) TimerEvent: {}
[2.244445] (custom_interfaces) StdoutLine: {'line': b"reading manifest file 'custom_interfaces.egg-info/SOURCES.txt'\n"}
[2.246470] (custom_interfaces) StdoutLine: {'line': b"writing manifest file 'custom_interfaces.egg-info/SOURCES.txt'\n"}
[2.322466] (-) TimerEvent: {}
[2.420021] (custom_interfaces) StdoutLine: {'line': b'[100%] Built target ament_cmake_python_build_custom_interfaces_egg\n'}
[2.422572] (-) TimerEvent: {}
[2.458337] (custom_interfaces) CommandEnded: {'returncode': 0}
[2.461848] (custom_interfaces) JobProgress: {'identifier': 'custom_interfaces', 'progress': 'install'}
[2.482454] (custom_interfaces) Command: {'cmd': ['/usr/bin/cmake', '--install', '/workspaces/isaac_ros-dev/build/custom_interfaces'], 'cwd': '/workspaces/isaac_ros-dev/build/custom_interfaces', 'env': OrderedDict([('LIBRARY_PATH', '/usr/local/cuda/lib64/stubs'), ('PYTHONWARNINGS', 'ignore:::setuptools.command.install,ignore:::setuptools.command.easy_install,ignore:::pkg_resources,ignore:::setuptools.command.develop'), ('NV_LIBCUBLAS_VERSION', '12.6.1.4-1'), ('USER', 'stickykeys'), ('NV_CUDA_NSIGHT_COMPUTE_VERSION', '12.6.11-1'), ('HOSTNAME', 'stickykeys-desktop'), ('SHLVL', '1'), ('LD_LIBRARY_PATH', '/opt/ros/humble/opt/rviz_ogre_vendor/lib:/opt/ros/humble/lib/aarch64-linux-gnu:/opt/ros/humble/lib:/usr/lib/aarch64-linux-gnu/tegra/weston:/usr/lib/aarch64-linux-gnu/tegra-egl:/usr/local/cuda-12.6/targets/aarch64-linux/lib:/usr/lib/aarch64-linux-gnu/tegra:/opt/nvidia/vpi3/lib64:/usr/local/libcudss-linux-0.3.0.9_cuda12-archive/lib:/usr/local/nvidia/lib:/usr/local/nvidia/lib64:/usr/lib/aarch64-linux-gnu-host:/opt/tritonserver/lib'), ('HOME', '/home/admin'), ('HOST_USER_GID', '1000'), ('NV_LIBCUBLAS_DEV_VERSION', '12.6.1.4-1'), ('ROS_PYTHON_VERSION', '3'), ('NV_LIBNPP_PACKAGE', 'libnpp-12-6=12.3.1.54-1'), ('CUDA_VERSION', '12.6.11'), ('ROS_DISTRO', 'humble'), ('NV_LIBCUBLAS_PACKAGE_NAME', 'libcublas-12-6'), ('NVIDIA_REQUIRE_CUDA', 'cuda>=12.6'), ('_', '/usr/bin/colcon'), ('ROS_VERSION', '2'), ('NV_LIBCUSPARSE_VERSION', '12.5.3.3-1'), ('NVIDIA_DRIVER_CAPABILITIES', 'all'), ('NV_CUDA_LIB_VERSION', '12.6.11-1'), ('NV_NVML_DEV_VERSION', '12.6.68-1'), ('USERNAME', 'admin'), ('NV_LIBNPP_DEV_PACKAGE', 'libnpp-dev-12-6=12.3.1.54-1'), ('TERM', 'xterm'), ('ISAAC_ROS_WS', '/workspaces/isaac_ros-dev'), ('NV_CUDA_CUDART_VERSION', '12.6.68-1'), ('ROS_LOCALHOST_ONLY', '0'), ('PATH', '/opt/ros/humble/bin:/opt/ros/humble/vcstool/scripts:/usr/local/nvidia/bin:/usr/local/cuda/bin:/usr/src/tensorrt/bin:/usr/local/nvidia/bin:/usr/local/cuda/bin:/usr/local/sbin:/usr/local/bin:/usr/sbin:/usr/bin:/sbin:/bin'), ('NV_LIBCUBLAS_DEV_PACKAGE_NAME', 'libcublas-dev-12-6'), ('NV_LIBCUBLAS_PACKAGE', 'libcublas-12-6=12.6.1.4-1'), ('HOST_USER_UID', '1000'), ('NVARCH', 'arm64'), ('CUDSS_DIR', '/usr/local/libcudss-linux-0.3.0.9_cuda12-archive'), ('NV_LIBCUSPARSE_DEV_VERSION', '12.5.3.3-1'), ('DISPLAY', ':1'), ('NVIDIA_PRODUCT_NAME', 'CUDA'), ('LANG', 'en_US.UTF-8'), ('RMW_IMPLEMENTATION', 'rmw_fastrtps_cpp'), ('NV_CUDA_CUDART_DEV_VERSION', '12.6.68-1'), ('ROS_ROOT', '/opt/ros/humble'), ('SSH_AUTH_SOCK', '/ssh-agent'), ('AMENT_PREFIX_PATH', '/opt/ros/humble'), ('DEBIAN_FRONTEND', 'noninteractive'), ('SHELL', '/bin/bash'), ('TRT_INCLUDE_PATH', '/usr/include/aarch64-linux-gnu'), ('NV_LIBCUBLAS_DEV_PACKAGE', 'libcublas-dev-12-6=12.6.1.4-1'), ('NV_CUDA_NSIGHT_COMPUTE_DEV_PACKAGE', 'cuda-nsight-compute-12-6=12.6.11-1'), ('NVIDIA_REQUIRE_JETPACK_HOST_MOUNTS', 'base-only'), ('NV_NVTX_VERSION', '12.6.68-1'), ('NV_LIBNPP_VERSION', '12.3.1.54-1'), ('PWD', '/workspaces/isaac_ros-dev/build/custom_interfaces'), ('PYTHONPATH', '/opt/ros/humble/lib/python3.10/site-packages:/opt/ros/humble/local/lib/python3.10/dist-packages:/opt/ros/humble/vcstool:'), ('NVIDIA_VISIBLE_DEVICES', 'nvidia.com/gpu=all,nvidia.com/pva=all'), ('COLCON', '1'), ('NV_LIBNPP_DEV_VERSION', '12.3.1.54-1'), ('CMAKE_PREFIX_PATH', '/usr/local/libcudss-linux-0.3.0.9_cuda12-archive::/opt/ros/humble'), ('TRT_LIB_PATH', '/usr/lib/aarch64-linux-gnu')]), 'shell': False}
[2.503643] (custom_interfaces) StdoutLine: {'line': b'-- Install configuration: ""\n'}
[2.504514] (custom_interfaces) StdoutLine: {'line': b'-- Up-to-date: /workspaces/isaac_ros-dev/install/custom_interfaces/share/ament_index/resource_index/rosidl_interfaces/custom_interfaces\n'}
[2.505590] (custom_interfaces) StdoutLine: {'line': b'-- Up-to-date: /workspaces/isaac_ros-dev/install/custom_interfaces/include/custom_interfaces/custom_interfaces\n'}
[2.505947] (custom_interfaces) StdoutLine: {'line': b'-- Up-to-date: /workspaces/isaac_ros-dev/install/custom_interfaces/include/custom_interfaces/custom_interfaces/msg\n'}
[2.506146] (custom_interfaces) StdoutLine: {'line': b'-- Up-to-date: /workspaces/isaac_ros-dev/install/custom_interfaces/include/custom_interfaces/custom_interfaces/msg/rosidl_generator_c__visibility_control.h\n'}
[2.506333] (custom_interfaces) StdoutLine: {'line': b'-- Up-to-date: /workspaces/isaac_ros-dev/install/custom_interfaces/include/custom_interfaces/custom_interfaces/action\n'}
[2.506505] (custom_interfaces) StdoutLine: {'line': b'-- Up-to-date: /workspaces/isaac_ros-dev/install/custom_interfaces/include/custom_interfaces/custom_interfaces/action/move.h\n'}
[2.506665] (custom_interfaces) StdoutLine: {'line': b'-- Up-to-date: /workspaces/isaac_ros-dev/install/custom_interfaces/include/custom_interfaces/custom_interfaces/action/detail\n'}
[2.506814] (custom_interfaces) StdoutLine: {'line': b'-- Up-to-date: /workspaces/isaac_ros-dev/install/custom_interfaces/include/custom_interfaces/custom_interfaces/action/detail/move__struct.h\n'}
[2.506967] (custom_interfaces) StdoutLine: {'line': b'-- Up-to-date: /workspaces/isaac_ros-dev/install/custom_interfaces/include/custom_interfaces/custom_interfaces/action/detail/move__functions.c\n'}
[2.507113] (custom_interfaces) StdoutLine: {'line': b'-- Up-to-date: /workspaces/isaac_ros-dev/install/custom_interfaces/include/custom_interfaces/custom_interfaces/action/detail/move__type_support.h\n'}
[2.507267] (custom_interfaces) StdoutLine: {'line': b'-- Up-to-date: /workspaces/isaac_ros-dev/install/custom_interfaces/include/custom_interfaces/custom_interfaces/action/detail/track_object__type_support.h\n'}
[2.507412] (custom_interfaces) StdoutLine: {'line': b'-- Up-to-date: /workspaces/isaac_ros-dev/install/custom_interfaces/include/custom_interfaces/custom_interfaces/action/detail/track_object__struct.h\n'}
[2.507552] (custom_interfaces) StdoutLine: {'line': b'-- Up-to-date: /workspaces/isaac_ros-dev/install/custom_interfaces/include/custom_interfaces/custom_interfaces/action/detail/move__functions.h\n'}
[2.507748] (custom_interfaces) StdoutLine: {'line': b'-- Up-to-date: /workspaces/isaac_ros-dev/install/custom_interfaces/include/custom_interfaces/custom_interfaces/action/detail/track_object__functions.h\n'}
[2.507898] (custom_interfaces) StdoutLine: {'line': b'-- Up-to-date: /workspaces/isaac_ros-dev/install/custom_interfaces/include/custom_interfaces/custom_interfaces/action/detail/track_object__functions.c\n'}
[2.508400] (custom_interfaces) StdoutLine: {'line': b'-- Up-to-date: /workspaces/isaac_ros-dev/install/custom_interfaces/include/custom_interfaces/custom_interfaces/action/track_object.h\n'}
[2.509075] (custom_interfaces) StdoutLine: {'line': b'-- Up-to-date: /workspaces/isaac_ros-dev/install/custom_interfaces/share/custom_interfaces/environment/library_path.sh\n'}
[2.509263] (custom_interfaces) StdoutLine: {'line': b'-- Up-to-date: /workspaces/isaac_ros-dev/install/custom_interfaces/share/custom_interfaces/environment/library_path.dsv\n'}
[2.509414] (custom_interfaces) StdoutLine: {'line': b'-- Up-to-date: /workspaces/isaac_ros-dev/install/custom_interfaces/lib/libcustom_interfaces__rosidl_generator_c.so\n'}
[2.509566] (custom_interfaces) StdoutLine: {'line': b'-- Up-to-date: /workspaces/isaac_ros-dev/install/custom_interfaces/include/custom_interfaces/custom_interfaces\n'}
[2.509755] (custom_interfaces) StdoutLine: {'line': b'-- Up-to-date: /workspaces/isaac_ros-dev/install/custom_interfaces/include/custom_interfaces/custom_interfaces/msg\n'}
[2.509951] (custom_interfaces) StdoutLine: {'line': b'-- Up-to-date: /workspaces/isaac_ros-dev/install/custom_interfaces/include/custom_interfaces/custom_interfaces/msg/rosidl_typesupport_fastrtps_c__visibility_control.h\n'}
[2.510100] (custom_interfaces) StdoutLine: {'line': b'-- Up-to-date: /workspaces/isaac_ros-dev/install/custom_interfaces/include/custom_interfaces/custom_interfaces/action\n'}
[2.510244] (custom_interfaces) StdoutLine: {'line': b'-- Up-to-date: /workspaces/isaac_ros-dev/install/custom_interfaces/include/custom_interfaces/custom_interfaces/action/detail\n'}
[2.510383] (custom_interfaces) StdoutLine: {'line': b'-- Up-to-date: /workspaces/isaac_ros-dev/install/custom_interfaces/include/custom_interfaces/custom_interfaces/action/detail/move__rosidl_typesupport_fastrtps_c.h\n'}
[2.510521] (custom_interfaces) StdoutLine: {'line': b'-- Up-to-date: /workspaces/isaac_ros-dev/install/custom_interfaces/include/custom_interfaces/custom_interfaces/action/detail/track_object__rosidl_typesupport_fastrtps_c.h\n'}
[2.510659] (custom_interfaces) StdoutLine: {'line': b'-- Up-to-date: /workspaces/isaac_ros-dev/install/custom_interfaces/lib/libcustom_interfaces__rosidl_typesupport_fastrtps_c.so\n'}
[2.510795] (custom_interfaces) StdoutLine: {'line': b'-- Up-to-date: /workspaces/isaac_ros-dev/install/custom_interfaces/include/custom_interfaces/custom_interfaces\n'}
[2.510930] (custom_interfaces) StdoutLine: {'line': b'-- Up-to-date: /workspaces/isaac_ros-dev/install/custom_interfaces/include/custom_interfaces/custom_interfaces/msg\n'}
[2.511063] (custom_interfaces) StdoutLine: {'line': b'-- Up-to-date: /workspaces/isaac_ros-dev/install/custom_interfaces/include/custom_interfaces/custom_interfaces/msg/rosidl_generator_cpp__visibility_control.hpp\n'}
[2.511198] (custom_interfaces) StdoutLine: {'line': b'-- Up-to-date: /workspaces/isaac_ros-dev/install/custom_interfaces/include/custom_interfaces/custom_interfaces/action\n'}
[2.511332] (custom_interfaces) StdoutLine: {'line': b'-- Up-to-date: /workspaces/isaac_ros-dev/install/custom_interfaces/include/custom_interfaces/custom_interfaces/action/track_object.hpp\n'}
[2.511471] (custom_interfaces) StdoutLine: {'line': b'-- Up-to-date: /workspaces/isaac_ros-dev/install/custom_interfaces/include/custom_interfaces/custom_interfaces/action/move.hpp\n'}
[2.511611] (custom_interfaces) StdoutLine: {'line': b'-- Up-to-date: /workspaces/isaac_ros-dev/install/custom_interfaces/include/custom_interfaces/custom_interfaces/action/detail\n'}
[2.511751] (custom_interfaces) StdoutLine: {'line': b'-- Up-to-date: /workspaces/isaac_ros-dev/install/custom_interfaces/include/custom_interfaces/custom_interfaces/action/detail/track_object__traits.hpp\n'}
[2.511890] (custom_interfaces) StdoutLine: {'line': b'-- Up-to-date: /workspaces/isaac_ros-dev/install/custom_interfaces/include/custom_interfaces/custom_interfaces/action/detail/move__struct.hpp\n'}
[2.512025] (custom_interfaces) StdoutLine: {'line': b'-- Up-to-date: /workspaces/isaac_ros-dev/install/custom_interfaces/include/custom_interfaces/custom_interfaces/action/detail/move__builder.hpp\n'}
[2.512158] (custom_interfaces) StdoutLine: {'line': b'-- Up-to-date: /workspaces/isaac_ros-dev/install/custom_interfaces/include/custom_interfaces/custom_interfaces/action/detail/move__traits.hpp\n'}
[2.512292] (custom_interfaces) StdoutLine: {'line': b'-- Up-to-date: /workspaces/isaac_ros-dev/install/custom_interfaces/include/custom_interfaces/custom_interfaces/action/detail/track_object__type_support.hpp\n'}
[2.512425] (custom_interfaces) StdoutLine: {'line': b'-- Up-to-date: /workspaces/isaac_ros-dev/install/custom_interfaces/include/custom_interfaces/custom_interfaces/action/detail/track_object__struct.hpp\n'}
[2.512559] (custom_interfaces) StdoutLine: {'line': b'-- Up-to-date: /workspaces/isaac_ros-dev/install/custom_interfaces/include/custom_interfaces/custom_interfaces/action/detail/move__type_support.hpp\n'}
[2.512722] (custom_interfaces) StdoutLine: {'line': b'-- Up-to-date: /workspaces/isaac_ros-dev/install/custom_interfaces/include/custom_interfaces/custom_interfaces/action/detail/track_object__builder.hpp\n'}
[2.513319] (custom_interfaces) StdoutLine: {'line': b'-- Up-to-date: /workspaces/isaac_ros-dev/install/custom_interfaces/include/custom_interfaces/custom_interfaces\n'}
[2.513533] (custom_interfaces) StdoutLine: {'line': b'-- Up-to-date: /workspaces/isaac_ros-dev/install/custom_interfaces/include/custom_interfaces/custom_interfaces/msg\n'}
[2.513691] (custom_interfaces) StdoutLine: {'line': b'-- Up-to-date: /workspaces/isaac_ros-dev/install/custom_interfaces/include/custom_interfaces/custom_interfaces/msg/rosidl_typesupport_fastrtps_cpp__visibility_control.h\n'}
[2.513848] (custom_interfaces) StdoutLine: {'line': b'-- Up-to-date: /workspaces/isaac_ros-dev/install/custom_interfaces/include/custom_interfaces/custom_interfaces/action\n'}
[2.514001] (custom_interfaces) StdoutLine: {'line': b'-- Up-to-date: /workspaces/isaac_ros-dev/install/custom_interfaces/include/custom_interfaces/custom_interfaces/action/detail\n'}
[2.515956] (custom_interfaces) StdoutLine: {'line': b'-- Up-to-date: /workspaces/isaac_ros-dev/install/custom_interfaces/include/custom_interfaces/custom_interfaces/action/detail/track_object__rosidl_typesupport_fastrtps_cpp.hpp\n'}
[2.516226] (custom_interfaces) StdoutLine: {'line': b'-- Up-to-date: /workspaces/isaac_ros-dev/install/custom_interfaces/include/custom_interfaces/custom_interfaces/action/detail/move__rosidl_typesupport_fastrtps_cpp.hpp\n'}
[2.516396] (custom_interfaces) StdoutLine: {'line': b'-- Up-to-date: /workspaces/isaac_ros-dev/install/custom_interfaces/include/custom_interfaces/custom_interfaces/action/detail/dds_fastrtps\n'}
[2.516605] (custom_interfaces) StdoutLine: {'line': b'-- Up-to-date: /workspaces/isaac_ros-dev/install/custom_interfaces/lib/libcustom_interfaces__rosidl_typesupport_fastrtps_cpp.so\n'}
[2.516758] (custom_interfaces) StdoutLine: {'line': b'-- Up-to-date: /workspaces/isaac_ros-dev/install/custom_interfaces/include/custom_interfaces/custom_interfaces\n'}
[2.516951] (custom_interfaces) StdoutLine: {'line': b'-- Up-to-date: /workspaces/isaac_ros-dev/install/custom_interfaces/include/custom_interfaces/custom_interfaces/msg\n'}
[2.517099] (custom_interfaces) StdoutLine: {'line': b'-- Up-to-date: /workspaces/isaac_ros-dev/install/custom_interfaces/include/custom_interfaces/custom_interfaces/msg/rosidl_typesupport_introspection_c__visibility_control.h\n'}
[2.517242] (custom_interfaces) StdoutLine: {'line': b'-- Up-to-date: /workspaces/isaac_ros-dev/install/custom_interfaces/include/custom_interfaces/custom_interfaces/action\n'}
[2.517379] (custom_interfaces) StdoutLine: {'line': b'-- Up-to-date: /workspaces/isaac_ros-dev/install/custom_interfaces/include/custom_interfaces/custom_interfaces/action/detail\n'}
[2.517516] (custom_interfaces) StdoutLine: {'line': b'-- Up-to-date: /workspaces/isaac_ros-dev/install/custom_interfaces/include/custom_interfaces/custom_interfaces/action/detail/move__rosidl_typesupport_introspection_c.h\n'}
[2.517657] (custom_interfaces) StdoutLine: {'line': b'-- Up-to-date: /workspaces/isaac_ros-dev/install/custom_interfaces/include/custom_interfaces/custom_interfaces/action/detail/track_object__type_support.c\n'}
[2.517797] (custom_interfaces) StdoutLine: {'line': b'-- Up-to-date: /workspaces/isaac_ros-dev/install/custom_interfaces/include/custom_interfaces/custom_interfaces/action/detail/track_object__rosidl_typesupport_introspection_c.h\n'}
[2.517933] (custom_interfaces) StdoutLine: {'line': b'-- Up-to-date: /workspaces/isaac_ros-dev/install/custom_interfaces/include/custom_interfaces/custom_interfaces/action/detail/move__type_support.c\n'}
[2.518071] (custom_interfaces) StdoutLine: {'line': b'-- Up-to-date: /workspaces/isaac_ros-dev/install/custom_interfaces/lib/libcustom_interfaces__rosidl_typesupport_introspection_c.so\n'}
[2.518207] (custom_interfaces) StdoutLine: {'line': b'-- Up-to-date: /workspaces/isaac_ros-dev/install/custom_interfaces/lib/libcustom_interfaces__rosidl_typesupport_c.so\n'}
[2.518340] (custom_interfaces) StdoutLine: {'line': b'-- Up-to-date: /workspaces/isaac_ros-dev/install/custom_interfaces/include/custom_interfaces/custom_interfaces\n'}
[2.518508] (custom_interfaces) StdoutLine: {'line': b'-- Up-to-date: /workspaces/isaac_ros-dev/install/custom_interfaces/include/custom_interfaces/custom_interfaces/action\n'}
[2.518641] (custom_interfaces) StdoutLine: {'line': b'-- Up-to-date: /workspaces/isaac_ros-dev/install/custom_interfaces/include/custom_interfaces/custom_interfaces/action/detail\n'}
[2.518776] (custom_interfaces) StdoutLine: {'line': b'-- Up-to-date: /workspaces/isaac_ros-dev/install/custom_interfaces/include/custom_interfaces/custom_interfaces/action/detail/move__type_support.cpp\n'}
[2.518911] (custom_interfaces) StdoutLine: {'line': b'-- Up-to-date: /workspaces/isaac_ros-dev/install/custom_interfaces/include/custom_interfaces/custom_interfaces/action/detail/track_object__type_support.cpp\n'}
[2.519044] (custom_interfaces) StdoutLine: {'line': b'-- Up-to-date: /workspaces/isaac_ros-dev/install/custom_interfaces/include/custom_interfaces/custom_interfaces/action/detail/track_object__rosidl_typesupport_introspection_cpp.hpp\n'}
[2.519179] (custom_interfaces) StdoutLine: {'line': b'-- Up-to-date: /workspaces/isaac_ros-dev/install/custom_interfaces/include/custom_interfaces/custom_interfaces/action/detail/move__rosidl_typesupport_introspection_cpp.hpp\n'}
[2.519333] (custom_interfaces) StdoutLine: {'line': b'-- Up-to-date: /workspaces/isaac_ros-dev/install/custom_interfaces/lib/libcustom_interfaces__rosidl_typesupport_introspection_cpp.so\n'}
[2.519473] (custom_interfaces) StdoutLine: {'line': b'-- Up-to-date: /workspaces/isaac_ros-dev/install/custom_interfaces/lib/libcustom_interfaces__rosidl_typesupport_cpp.so\n'}
[2.519608] (custom_interfaces) StdoutLine: {'line': b'-- Up-to-date: /workspaces/isaac_ros-dev/install/custom_interfaces/share/custom_interfaces/environment/pythonpath.sh\n'}
[2.520589] (custom_interfaces) StdoutLine: {'line': b'-- Up-to-date: /workspaces/isaac_ros-dev/install/custom_interfaces/share/custom_interfaces/environment/pythonpath.dsv\n'}
[2.521757] (custom_interfaces) StdoutLine: {'line': b'-- Up-to-date: /workspaces/isaac_ros-dev/install/custom_interfaces/local/lib/python3.10/dist-packages/custom_interfaces-0.0.0-py3.10.egg-info\n'}
[2.522150] (custom_interfaces) StdoutLine: {'line': b'-- Installing: /workspaces/isaac_ros-dev/install/custom_interfaces/local/lib/python3.10/dist-packages/custom_interfaces-0.0.0-py3.10.egg-info/dependency_links.txt\n'}
[2.522419] (custom_interfaces) StdoutLine: {'line': b'-- Installing: /workspaces/isaac_ros-dev/install/custom_interfaces/local/lib/python3.10/dist-packages/custom_interfaces-0.0.0-py3.10.egg-info/SOURCES.txt\n'}
[2.522703] (-) TimerEvent: {}
[2.523216] (custom_interfaces) StdoutLine: {'line': b'-- Installing: /workspaces/isaac_ros-dev/install/custom_interfaces/local/lib/python3.10/dist-packages/custom_interfaces-0.0.0-py3.10.egg-info/top_level.txt\n'}
[2.523428] (custom_interfaces) StdoutLine: {'line': b'-- Installing: /workspaces/isaac_ros-dev/install/custom_interfaces/local/lib/python3.10/dist-packages/custom_interfaces-0.0.0-py3.10.egg-info/PKG-INFO\n'}
[2.523595] (custom_interfaces) StdoutLine: {'line': b'-- Up-to-date: /workspaces/isaac_ros-dev/install/custom_interfaces/local/lib/python3.10/dist-packages/custom_interfaces\n'}
[2.523799] (custom_interfaces) StdoutLine: {'line': b'-- Up-to-date: /workspaces/isaac_ros-dev/install/custom_interfaces/local/lib/python3.10/dist-packages/custom_interfaces/_custom_interfaces_s.ep.rosidl_typesupport_introspection_c.c\n'}
[2.523977] (custom_interfaces) StdoutLine: {'line': b'-- Up-to-date: /workspaces/isaac_ros-dev/install/custom_interfaces/local/lib/python3.10/dist-packages/custom_interfaces/custom_interfaces_s__rosidl_typesupport_c.cpython-310-aarch64-linux-gnu.so\n'}
[2.524298] (custom_interfaces) StdoutLine: {'line': b'-- Up-to-date: /workspaces/isaac_ros-dev/install/custom_interfaces/local/lib/python3.10/dist-packages/custom_interfaces/action\n'}
[2.524468] (custom_interfaces) StdoutLine: {'line': b'-- Up-to-date: /workspaces/isaac_ros-dev/install/custom_interfaces/local/lib/python3.10/dist-packages/custom_interfaces/action/_move.py\n'}
[2.524644] (custom_interfaces) StdoutLine: {'line': b'-- Up-to-date: /workspaces/isaac_ros-dev/install/custom_interfaces/local/lib/python3.10/dist-packages/custom_interfaces/action/_track_object.py\n'}
[2.524794] (custom_interfaces) StdoutLine: {'line': b'-- Up-to-date: /workspaces/isaac_ros-dev/install/custom_interfaces/local/lib/python3.10/dist-packages/custom_interfaces/action/_move_s.c\n'}
[2.524961] (custom_interfaces) StdoutLine: {'line': b'-- Up-to-date: /workspaces/isaac_ros-dev/install/custom_interfaces/local/lib/python3.10/dist-packages/custom_interfaces/action/_track_object_s.c\n'}
[2.525103] (custom_interfaces) StdoutLine: {'line': b'-- Up-to-date: /workspaces/isaac_ros-dev/install/custom_interfaces/local/lib/python3.10/dist-packages/custom_interfaces/action/__init__.py\n'}
[2.525241] (custom_interfaces) StdoutLine: {'line': b'-- Up-to-date: /workspaces/isaac_ros-dev/install/custom_interfaces/local/lib/python3.10/dist-packages/custom_interfaces/custom_interfaces_s__rosidl_typesupport_introspection_c.cpython-310-aarch64-linux-gnu.so\n'}
[2.525382] (custom_interfaces) StdoutLine: {'line': b'-- Up-to-date: /workspaces/isaac_ros-dev/install/custom_interfaces/local/lib/python3.10/dist-packages/custom_interfaces/_custom_interfaces_s.ep.rosidl_typesupport_c.c\n'}
[2.525522] (custom_interfaces) StdoutLine: {'line': b'-- Up-to-date: /workspaces/isaac_ros-dev/install/custom_interfaces/local/lib/python3.10/dist-packages/custom_interfaces/_custom_interfaces_s.ep.rosidl_typesupport_fastrtps_c.c\n'}
[2.525663] (custom_interfaces) StdoutLine: {'line': b'-- Up-to-date: /workspaces/isaac_ros-dev/install/custom_interfaces/local/lib/python3.10/dist-packages/custom_interfaces/custom_interfaces_s__rosidl_typesupport_fastrtps_c.cpython-310-aarch64-linux-gnu.so\n'}
[2.525806] (custom_interfaces) StdoutLine: {'line': b'-- Up-to-date: /workspaces/isaac_ros-dev/install/custom_interfaces/local/lib/python3.10/dist-packages/custom_interfaces/libcustom_interfaces__rosidl_generator_py.so\n'}
[2.525945] (custom_interfaces) StdoutLine: {'line': b'-- Up-to-date: /workspaces/isaac_ros-dev/install/custom_interfaces/local/lib/python3.10/dist-packages/custom_interfaces/__init__.py\n'}
[2.622907] (-) TimerEvent: {}
[2.623676] (custom_interfaces) StdoutLine: {'line': b"Listing '/workspaces/isaac_ros-dev/install/custom_interfaces/local/lib/python3.10/dist-packages/custom_interfaces'...\n"}
[2.624188] (custom_interfaces) StdoutLine: {'line': b"Listing '/workspaces/isaac_ros-dev/install/custom_interfaces/local/lib/python3.10/dist-packages/custom_interfaces/action'...\n"}
[2.640629] (custom_interfaces) StdoutLine: {'line': b'-- Up-to-date: /workspaces/isaac_ros-dev/install/custom_interfaces/local/lib/python3.10/dist-packages/custom_interfaces/custom_interfaces_s__rosidl_typesupport_fastrtps_c.cpython-310-aarch64-linux-gnu.so\n'}
[2.641829] (custom_interfaces) StdoutLine: {'line': b'-- Up-to-date: /workspaces/isaac_ros-dev/install/custom_interfaces/local/lib/python3.10/dist-packages/custom_interfaces/custom_interfaces_s__rosidl_typesupport_introspection_c.cpython-310-aarch64-linux-gnu.so\n'}
[2.643463] (custom_interfaces) StdoutLine: {'line': b'-- Up-to-date: /workspaces/isaac_ros-dev/install/custom_interfaces/local/lib/python3.10/dist-packages/custom_interfaces/custom_interfaces_s__rosidl_typesupport_c.cpython-310-aarch64-linux-gnu.so\n'}
[2.644086] (custom_interfaces) StdoutLine: {'line': b'-- Up-to-date: /workspaces/isaac_ros-dev/install/custom_interfaces/lib/libcustom_interfaces__rosidl_generator_py.so\n'}
[2.644414] (custom_interfaces) StdoutLine: {'line': b'-- Up-to-date: /workspaces/isaac_ros-dev/install/custom_interfaces/share/custom_interfaces/action/Move.idl\n'}
[2.644920] (custom_interfaces) StdoutLine: {'line': b'-- Up-to-date: /workspaces/isaac_ros-dev/install/custom_interfaces/share/custom_interfaces/action/TrackObject.idl\n'}
[2.645536] (custom_interfaces) StdoutLine: {'line': b'-- Up-to-date: /workspaces/isaac_ros-dev/install/custom_interfaces/share/custom_interfaces/action/Move.action\n'}
[2.645936] (custom_interfaces) StdoutLine: {'line': b'-- Up-to-date: /workspaces/isaac_ros-dev/install/custom_interfaces/share/custom_interfaces/action/TrackObject.action\n'}
[2.646222] (custom_interfaces) StdoutLine: {'line': b'-- Up-to-date: /workspaces/isaac_ros-dev/install/custom_interfaces/share/ament_index/resource_index/package_run_dependencies/custom_interfaces\n'}
[2.646388] (custom_interfaces) StdoutLine: {'line': b'-- Up-to-date: /workspaces/isaac_ros-dev/install/custom_interfaces/share/ament_index/resource_index/parent_prefix_path/custom_interfaces\n'}
[2.646556] (custom_interfaces) StdoutLine: {'line': b'-- Up-to-date: /workspaces/isaac_ros-dev/install/custom_interfaces/share/custom_interfaces/environment/ament_prefix_path.sh\n'}
[2.646746] (custom_interfaces) StdoutLine: {'line': b'-- Up-to-date: /workspaces/isaac_ros-dev/install/custom_interfaces/share/custom_interfaces/environment/ament_prefix_path.dsv\n'}
[2.647129] (custom_interfaces) StdoutLine: {'line': b'-- Up-to-date: /workspaces/isaac_ros-dev/install/custom_interfaces/share/custom_interfaces/environment/path.sh\n'}
[2.647293] (custom_interfaces) StdoutLine: {'line': b'-- Up-to-date: /workspaces/isaac_ros-dev/install/custom_interfaces/share/custom_interfaces/environment/path.dsv\n'}
[2.647450] (custom_interfaces) StdoutLine: {'line': b'-- Up-to-date: /workspaces/isaac_ros-dev/install/custom_interfaces/share/custom_interfaces/local_setup.bash\n'}
[2.647594] (custom_interfaces) StdoutLine: {'line': b'-- Up-to-date: /workspaces/isaac_ros-dev/install/custom_interfaces/share/custom_interfaces/local_setup.sh\n'}
[2.649130] (custom_interfaces) StdoutLine: {'line': b'-- Up-to-date: /workspaces/isaac_ros-dev/install/custom_interfaces/share/custom_interfaces/local_setup.zsh\n'}
[2.649514] (custom_interfaces) StdoutLine: {'line': b'-- Up-to-date: /workspaces/isaac_ros-dev/install/custom_interfaces/share/custom_interfaces/local_setup.dsv\n'}
[2.650004] (custom_interfaces) StdoutLine: {'line': b'-- Installing: /workspaces/isaac_ros-dev/install/custom_interfaces/share/custom_interfaces/package.dsv\n'}
[2.650278] (custom_interfaces) StdoutLine: {'line': b'-- Up-to-date: /workspaces/isaac_ros-dev/install/custom_interfaces/share/ament_index/resource_index/packages/custom_interfaces\n'}
[2.650601] (custom_interfaces) StdoutLine: {'line': b'-- Up-to-date: /workspaces/isaac_ros-dev/install/custom_interfaces/share/custom_interfaces/cmake/export_custom_interfaces__rosidl_generator_cExport.cmake\n'}
[2.651166] (custom_interfaces) StdoutLine: {'line': b'-- Up-to-date: /workspaces/isaac_ros-dev/install/custom_interfaces/share/custom_interfaces/cmake/export_custom_interfaces__rosidl_generator_cExport-noconfig.cmake\n'}
[2.651416] (custom_interfaces) StdoutLine: {'line': b'-- Up-to-date: /workspaces/isaac_ros-dev/install/custom_interfaces/share/custom_interfaces/cmake/export_custom_interfaces__rosidl_typesupport_fastrtps_cExport.cmake\n'}
[2.651896] (custom_interfaces) StdoutLine: {'line': b'-- Up-to-date: /workspaces/isaac_ros-dev/install/custom_interfaces/share/custom_interfaces/cmake/export_custom_interfaces__rosidl_typesupport_fastrtps_cExport-noconfig.cmake\n'}
[2.652660] (custom_interfaces) StdoutLine: {'line': b'-- Up-to-date: /workspaces/isaac_ros-dev/install/custom_interfaces/share/custom_interfaces/cmake/export_custom_interfaces__rosidl_generator_cppExport.cmake\n'}
[2.652975] (custom_interfaces) StdoutLine: {'line': b'-- Up-to-date: /workspaces/isaac_ros-dev/install/custom_interfaces/share/custom_interfaces/cmake/export_custom_interfaces__rosidl_typesupport_fastrtps_cppExport.cmake\n'}
[2.653159] (custom_interfaces) StdoutLine: {'line': b'-- Up-to-date: /workspaces/isaac_ros-dev/install/custom_interfaces/share/custom_interfaces/cmake/export_custom_interfaces__rosidl_typesupport_fastrtps_cppExport-noconfig.cmake\n'}
[2.653356] (custom_interfaces) StdoutLine: {'line': b'-- Up-to-date: /workspaces/isaac_ros-dev/install/custom_interfaces/share/custom_interfaces/cmake/custom_interfaces__rosidl_typesupport_introspection_cExport.cmake\n'}
[2.653532] (custom_interfaces) StdoutLine: {'line': b'-- Up-to-date: /workspaces/isaac_ros-dev/install/custom_interfaces/share/custom_interfaces/cmake/custom_interfaces__rosidl_typesupport_introspection_cExport-noconfig.cmake\n'}
[2.653686] (custom_interfaces) StdoutLine: {'line': b'-- Up-to-date: /workspaces/isaac_ros-dev/install/custom_interfaces/share/custom_interfaces/cmake/custom_interfaces__rosidl_typesupport_cExport.cmake\n'}
[2.653903] (custom_interfaces) StdoutLine: {'line': b'-- Up-to-date: /workspaces/isaac_ros-dev/install/custom_interfaces/share/custom_interfaces/cmake/custom_interfaces__rosidl_typesupport_cExport-noconfig.cmake\n'}
[2.654099] (custom_interfaces) StdoutLine: {'line': b'-- Up-to-date: /workspaces/isaac_ros-dev/install/custom_interfaces/share/custom_interfaces/cmake/custom_interfaces__rosidl_typesupport_introspection_cppExport.cmake\n'}
[2.654797] (custom_interfaces) StdoutLine: {'line': b'-- Up-to-date: /workspaces/isaac_ros-dev/install/custom_interfaces/share/custom_interfaces/cmake/custom_interfaces__rosidl_typesupport_introspection_cppExport-noconfig.cmake\n'}
[2.655124] (custom_interfaces) StdoutLine: {'line': b'-- Up-to-date: /workspaces/isaac_ros-dev/install/custom_interfaces/share/custom_interfaces/cmake/custom_interfaces__rosidl_typesupport_cppExport.cmake\n'}
[2.655296] (custom_interfaces) StdoutLine: {'line': b'-- Up-to-date: /workspaces/isaac_ros-dev/install/custom_interfaces/share/custom_interfaces/cmake/custom_interfaces__rosidl_typesupport_cppExport-noconfig.cmake\n'}
[2.655466] (custom_interfaces) StdoutLine: {'line': b'-- Up-to-date: /workspaces/isaac_ros-dev/install/custom_interfaces/share/custom_interfaces/cmake/export_custom_interfaces__rosidl_generator_pyExport.cmake\n'}
[2.655610] (custom_interfaces) StdoutLine: {'line': b'-- Up-to-date: /workspaces/isaac_ros-dev/install/custom_interfaces/share/custom_interfaces/cmake/export_custom_interfaces__rosidl_generator_pyExport-noconfig.cmake\n'}
[2.655756] (custom_interfaces) StdoutLine: {'line': b'-- Up-to-date: /workspaces/isaac_ros-dev/install/custom_interfaces/share/custom_interfaces/cmake/rosidl_cmake-extras.cmake\n'}
[2.655899] (custom_interfaces) StdoutLine: {'line': b'-- Up-to-date: /workspaces/isaac_ros-dev/install/custom_interfaces/share/custom_interfaces/cmake/ament_cmake_export_dependencies-extras.cmake\n'}
[2.656158] (custom_interfaces) StdoutLine: {'line': b'-- Up-to-date: /workspaces/isaac_ros-dev/install/custom_interfaces/share/custom_interfaces/cmake/ament_cmake_export_include_directories-extras.cmake\n'}
[2.656402] (custom_interfaces) StdoutLine: {'line': b'-- Up-to-date: /workspaces/isaac_ros-dev/install/custom_interfaces/share/custom_interfaces/cmake/ament_cmake_export_libraries-extras.cmake\n'}
[2.656559] (custom_interfaces) StdoutLine: {'line': b'-- Up-to-date: /workspaces/isaac_ros-dev/install/custom_interfaces/share/custom_interfaces/cmake/ament_cmake_export_targets-extras.cmake\n'}
[2.656705] (custom_interfaces) StdoutLine: {'line': b'-- Up-to-date: /workspaces/isaac_ros-dev/install/custom_interfaces/share/custom_interfaces/cmake/rosidl_cmake_export_typesupport_targets-extras.cmake\n'}
[2.658101] (custom_interfaces) StdoutLine: {'line': b'-- Up-to-date: /workspaces/isaac_ros-dev/install/custom_interfaces/share/custom_interfaces/cmake/rosidl_cmake_export_typesupport_libraries-extras.cmake\n'}
[2.658320] (custom_interfaces) StdoutLine: {'line': b'-- Up-to-date: /workspaces/isaac_ros-dev/install/custom_interfaces/share/custom_interfaces/cmake/custom_interfacesConfig.cmake\n'}
[2.658493] (custom_interfaces) StdoutLine: {'line': b'-- Up-to-date: /workspaces/isaac_ros-dev/install/custom_interfaces/share/custom_interfaces/cmake/custom_interfacesConfig-version.cmake\n'}
[2.658653] (custom_interfaces) StdoutLine: {'line': b'-- Up-to-date: /workspaces/isaac_ros-dev/install/custom_interfaces/share/custom_interfaces/package.xml\n'}
[2.665628] (custom_interfaces) CommandEnded: {'returncode': 0}
[2.723071] (-) TimerEvent: {}
[2.725296] (custom_interfaces) JobEnded: {'identifier': 'custom_interfaces', 'rc': 0}
[2.728293] (my_action_client) JobStarted: {'identifier': 'my_action_client'}
[2.753341] (my_action_server) JobStarted: {'identifier': 'my_action_server'}
[2.762286] (my_action_client) JobProgress: {'identifier': 'my_action_client', 'progress': 'cmake'}
[2.766997] (my_action_client) JobProgress: {'identifier': 'my_action_client', 'progress': 'build'}
[2.767955] (my_action_client) Command: {'cmd': ['/usr/bin/cmake', '--build', '/workspaces/isaac_ros-dev/build/my_action_client', '--', '-j6', '-l6'], 'cwd': '/workspaces/isaac_ros-dev/build/my_action_client', 'env': OrderedDict([('LIBRARY_PATH', '/usr/local/cuda/lib64/stubs'), ('PYTHONWARNINGS', 'ignore:::setuptools.command.install,ignore:::setuptools.command.easy_install,ignore:::pkg_resources,ignore:::setuptools.command.develop'), ('NV_LIBCUBLAS_VERSION', '12.6.1.4-1'), ('USER', 'stickykeys'), ('NV_CUDA_NSIGHT_COMPUTE_VERSION', '12.6.11-1'), ('HOSTNAME', 'stickykeys-desktop'), ('SHLVL', '1'), ('LD_LIBRARY_PATH', '/workspaces/isaac_ros-dev/install/custom_interfaces/lib:/opt/ros/humble/opt/rviz_ogre_vendor/lib:/opt/ros/humble/lib/aarch64-linux-gnu:/opt/ros/humble/lib:/usr/lib/aarch64-linux-gnu/tegra/weston:/usr/lib/aarch64-linux-gnu/tegra-egl:/usr/local/cuda-12.6/targets/aarch64-linux/lib:/usr/lib/aarch64-linux-gnu/tegra:/opt/nvidia/vpi3/lib64:/usr/local/libcudss-linux-0.3.0.9_cuda12-archive/lib:/usr/local/nvidia/lib:/usr/local/nvidia/lib64:/usr/lib/aarch64-linux-gnu-host:/opt/tritonserver/lib'), ('HOME', '/home/admin'), ('HOST_USER_GID', '1000'), ('NV_LIBCUBLAS_DEV_VERSION', '12.6.1.4-1'), ('ROS_PYTHON_VERSION', '3'), ('NV_LIBNPP_PACKAGE', 'libnpp-12-6=12.3.1.54-1'), ('CUDA_VERSION', '12.6.11'), ('ROS_DISTRO', 'humble'), ('NV_LIBCUBLAS_PACKAGE_NAME', 'libcublas-12-6'), ('NVIDIA_REQUIRE_CUDA', 'cuda>=12.6'), ('_', '/usr/bin/colcon'), ('ROS_VERSION', '2'), ('NV_LIBCUSPARSE_VERSION', '12.5.3.3-1'), ('NVIDIA_DRIVER_CAPABILITIES', 'all'), ('NV_CUDA_LIB_VERSION', '12.6.11-1'), ('NV_NVML_DEV_VERSION', '12.6.68-1'), ('USERNAME', 'admin'), ('NV_LIBNPP_DEV_PACKAGE', 'libnpp-dev-12-6=12.3.1.54-1'), ('TERM', 'xterm'), ('ISAAC_ROS_WS', '/workspaces/isaac_ros-dev'), ('NV_CUDA_CUDART_VERSION', '12.6.68-1'), ('ROS_LOCALHOST_ONLY', '0'), ('PATH', '/opt/ros/humble/bin:/opt/ros/humble/vcstool/scripts:/usr/local/nvidia/bin:/usr/local/cuda/bin:/usr/src/tensorrt/bin:/usr/local/nvidia/bin:/usr/local/cuda/bin:/usr/local/sbin:/usr/local/bin:/usr/sbin:/usr/bin:/sbin:/bin'), ('NV_LIBCUBLAS_DEV_PACKAGE_NAME', 'libcublas-dev-12-6'), ('NV_LIBCUBLAS_PACKAGE', 'libcublas-12-6=12.6.1.4-1'), ('HOST_USER_UID', '1000'), ('NVARCH', 'arm64'), ('CUDSS_DIR', '/usr/local/libcudss-linux-0.3.0.9_cuda12-archive'), ('NV_LIBCUSPARSE_DEV_VERSION', '12.5.3.3-1'), ('DISPLAY', ':1'), ('NVIDIA_PRODUCT_NAME', 'CUDA'), ('LANG', 'en_US.UTF-8'), ('RMW_IMPLEMENTATION', 'rmw_fastrtps_cpp'), ('NV_CUDA_CUDART_DEV_VERSION', '12.6.68-1'), ('ROS_ROOT', '/opt/ros/humble'), ('SSH_AUTH_SOCK', '/ssh-agent'), ('AMENT_PREFIX_PATH', '/workspaces/isaac_ros-dev/install/custom_interfaces:/opt/ros/humble'), ('DEBIAN_FRONTEND', 'noninteractive'), ('SHELL', '/bin/bash'), ('TRT_INCLUDE_PATH', '/usr/include/aarch64-linux-gnu'), ('NV_LIBCUBLAS_DEV_PACKAGE', 'libcublas-dev-12-6=12.6.1.4-1'), ('NV_CUDA_NSIGHT_COMPUTE_DEV_PACKAGE', 'cuda-nsight-compute-12-6=12.6.11-1'), ('NVIDIA_REQUIRE_JETPACK_HOST_MOUNTS', 'base-only'), ('NV_NVTX_VERSION', '12.6.68-1'), ('NV_LIBNPP_VERSION', '12.3.1.54-1'), ('PWD', '/workspaces/isaac_ros-dev/build/my_action_client'), ('PYTHONPATH', '/workspaces/isaac_ros-dev/install/custom_interfaces/local/lib/python3.10/dist-packages:/opt/ros/humble/lib/python3.10/site-packages:/opt/ros/humble/local/lib/python3.10/dist-packages:/opt/ros/humble/vcstool:'), ('NVIDIA_VISIBLE_DEVICES', 'nvidia.com/gpu=all,nvidia.com/pva=all'), ('COLCON', '1'), ('NV_LIBNPP_DEV_VERSION', '12.3.1.54-1'), ('CMAKE_PREFIX_PATH', '/workspaces/isaac_ros-dev/install/custom_interfaces:/usr/local/libcudss-linux-0.3.0.9_cuda12-archive:/opt/ros/humble'), ('TRT_LIB_PATH', '/usr/lib/aarch64-linux-gnu')]), 'shell': False}
[2.801678] (my_action_server) JobProgress: {'identifier': 'my_action_server', 'progress': 'cmake'}
[2.808358] (my_action_server) JobProgress: {'identifier': 'my_action_server', 'progress': 'build'}
[2.811511] (my_action_server) Command: {'cmd': ['/usr/bin/cmake', '--build', '/workspaces/isaac_ros-dev/build/my_action_server', '--', '-j6', '-l6'], 'cwd': '/workspaces/isaac_ros-dev/build/my_action_server', 'env': OrderedDict([('LIBRARY_PATH', '/usr/local/cuda/lib64/stubs'), ('PYTHONWARNINGS', 'ignore:::setuptools.command.install,ignore:::setuptools.command.easy_install,ignore:::pkg_resources,ignore:::setuptools.command.develop'), ('NV_LIBCUBLAS_VERSION', '12.6.1.4-1'), ('USER', 'stickykeys'), ('NV_CUDA_NSIGHT_COMPUTE_VERSION', '12.6.11-1'), ('HOSTNAME', 'stickykeys-desktop'), ('SHLVL', '1'), ('LD_LIBRARY_PATH', '/workspaces/isaac_ros-dev/install/custom_interfaces/lib:/opt/ros/humble/opt/rviz_ogre_vendor/lib:/opt/ros/humble/lib/aarch64-linux-gnu:/opt/ros/humble/lib:/usr/lib/aarch64-linux-gnu/tegra/weston:/usr/lib/aarch64-linux-gnu/tegra-egl:/usr/local/cuda-12.6/targets/aarch64-linux/lib:/usr/lib/aarch64-linux-gnu/tegra:/opt/nvidia/vpi3/lib64:/usr/local/libcudss-linux-0.3.0.9_cuda12-archive/lib:/usr/local/nvidia/lib:/usr/local/nvidia/lib64:/usr/lib/aarch64-linux-gnu-host:/opt/tritonserver/lib'), ('HOME', '/home/admin'), ('HOST_USER_GID', '1000'), ('NV_LIBCUBLAS_DEV_VERSION', '12.6.1.4-1'), ('ROS_PYTHON_VERSION', '3'), ('NV_LIBNPP_PACKAGE', 'libnpp-12-6=12.3.1.54-1'), ('CUDA_VERSION', '12.6.11'), ('ROS_DISTRO', 'humble'), ('NV_LIBCUBLAS_PACKAGE_NAME', 'libcublas-12-6'), ('NVIDIA_REQUIRE_CUDA', 'cuda>=12.6'), ('_', '/usr/bin/colcon'), ('ROS_VERSION', '2'), ('NV_LIBCUSPARSE_VERSION', '12.5.3.3-1'), ('NVIDIA_DRIVER_CAPABILITIES', 'all'), ('NV_CUDA_LIB_VERSION', '12.6.11-1'), ('NV_NVML_DEV_VERSION', '12.6.68-1'), ('USERNAME', 'admin'), ('NV_LIBNPP_DEV_PACKAGE', 'libnpp-dev-12-6=12.3.1.54-1'), ('TERM', 'xterm'), ('ISAAC_ROS_WS', '/workspaces/isaac_ros-dev'), ('NV_CUDA_CUDART_VERSION', '12.6.68-1'), ('ROS_LOCALHOST_ONLY', '0'), ('PATH', '/opt/ros/humble/bin:/opt/ros/humble/vcstool/scripts:/usr/local/nvidia/bin:/usr/local/cuda/bin:/usr/src/tensorrt/bin:/usr/local/nvidia/bin:/usr/local/cuda/bin:/usr/local/sbin:/usr/local/bin:/usr/sbin:/usr/bin:/sbin:/bin'), ('NV_LIBCUBLAS_DEV_PACKAGE_NAME', 'libcublas-dev-12-6'), ('NV_LIBCUBLAS_PACKAGE', 'libcublas-12-6=12.6.1.4-1'), ('HOST_USER_UID', '1000'), ('NVARCH', 'arm64'), ('CUDSS_DIR', '/usr/local/libcudss-linux-0.3.0.9_cuda12-archive'), ('NV_LIBCUSPARSE_DEV_VERSION', '12.5.3.3-1'), ('DISPLAY', ':1'), ('NVIDIA_PRODUCT_NAME', 'CUDA'), ('LANG', 'en_US.UTF-8'), ('RMW_IMPLEMENTATION', 'rmw_fastrtps_cpp'), ('NV_CUDA_CUDART_DEV_VERSION', '12.6.68-1'), ('ROS_ROOT', '/opt/ros/humble'), ('SSH_AUTH_SOCK', '/ssh-agent'), ('AMENT_PREFIX_PATH', '/workspaces/isaac_ros-dev/install/custom_interfaces:/opt/ros/humble'), ('DEBIAN_FRONTEND', 'noninteractive'), ('SHELL', '/bin/bash'), ('TRT_INCLUDE_PATH', '/usr/include/aarch64-linux-gnu'), ('NV_LIBCUBLAS_DEV_PACKAGE', 'libcublas-dev-12-6=12.6.1.4-1'), ('NV_CUDA_NSIGHT_COMPUTE_DEV_PACKAGE', 'cuda-nsight-compute-12-6=12.6.11-1'), ('NVIDIA_REQUIRE_JETPACK_HOST_MOUNTS', 'base-only'), ('NV_NVTX_VERSION', '12.6.68-1'), ('NV_LIBNPP_VERSION', '12.3.1.54-1'), ('PWD', '/workspaces/isaac_ros-dev/build/my_action_server'), ('PYTHONPATH', '/workspaces/isaac_ros-dev/install/custom_interfaces/local/lib/python3.10/dist-packages:/opt/ros/humble/lib/python3.10/site-packages:/opt/ros/humble/local/lib/python3.10/dist-packages:/opt/ros/humble/vcstool:'), ('NVIDIA_VISIBLE_DEVICES', 'nvidia.com/gpu=all,nvidia.com/pva=all'), ('COLCON', '1'), ('NV_LIBNPP_DEV_VERSION', '12.3.1.54-1'), ('CMAKE_PREFIX_PATH', '/workspaces/isaac_ros-dev/install/custom_interfaces:/usr/local/libcudss-linux-0.3.0.9_cuda12-archive:/opt/ros/humble'), ('TRT_LIB_PATH', '/usr/lib/aarch64-linux-gnu')]), 'shell': False}
[2.823262] (-) TimerEvent: {}
[2.896101] (my_action_server) StdoutLine: {'line': b'-- Found ament_cmake: 1.3.11 (/opt/ros/humble/share/ament_cmake/cmake)\n'}
[2.923417] (-) TimerEvent: {}
[2.970182] (my_action_client) StdoutLine: {'line': b'[100%] Built target action_client\n'}
[3.004187] (my_action_client) CommandEnded: {'returncode': 0}
[3.006521] (my_action_client) JobProgress: {'identifier': 'my_action_client', 'progress': 'install'}
[3.009069] (my_action_client) Command: {'cmd': ['/usr/bin/cmake', '--install', '/workspaces/isaac_ros-dev/build/my_action_client'], 'cwd': '/workspaces/isaac_ros-dev/build/my_action_client', 'env': OrderedDict([('LIBRARY_PATH', '/usr/local/cuda/lib64/stubs'), ('PYTHONWARNINGS', 'ignore:::setuptools.command.install,ignore:::setuptools.command.easy_install,ignore:::pkg_resources,ignore:::setuptools.command.develop'), ('NV_LIBCUBLAS_VERSION', '12.6.1.4-1'), ('USER', 'stickykeys'), ('NV_CUDA_NSIGHT_COMPUTE_VERSION', '12.6.11-1'), ('HOSTNAME', 'stickykeys-desktop'), ('SHLVL', '1'), ('LD_LIBRARY_PATH', '/workspaces/isaac_ros-dev/install/custom_interfaces/lib:/opt/ros/humble/opt/rviz_ogre_vendor/lib:/opt/ros/humble/lib/aarch64-linux-gnu:/opt/ros/humble/lib:/usr/lib/aarch64-linux-gnu/tegra/weston:/usr/lib/aarch64-linux-gnu/tegra-egl:/usr/local/cuda-12.6/targets/aarch64-linux/lib:/usr/lib/aarch64-linux-gnu/tegra:/opt/nvidia/vpi3/lib64:/usr/local/libcudss-linux-0.3.0.9_cuda12-archive/lib:/usr/local/nvidia/lib:/usr/local/nvidia/lib64:/usr/lib/aarch64-linux-gnu-host:/opt/tritonserver/lib'), ('HOME', '/home/admin'), ('HOST_USER_GID', '1000'), ('NV_LIBCUBLAS_DEV_VERSION', '12.6.1.4-1'), ('ROS_PYTHON_VERSION', '3'), ('NV_LIBNPP_PACKAGE', 'libnpp-12-6=12.3.1.54-1'), ('CUDA_VERSION', '12.6.11'), ('ROS_DISTRO', 'humble'), ('NV_LIBCUBLAS_PACKAGE_NAME', 'libcublas-12-6'), ('NVIDIA_REQUIRE_CUDA', 'cuda>=12.6'), ('_', '/usr/bin/colcon'), ('ROS_VERSION', '2'), ('NV_LIBCUSPARSE_VERSION', '12.5.3.3-1'), ('NVIDIA_DRIVER_CAPABILITIES', 'all'), ('NV_CUDA_LIB_VERSION', '12.6.11-1'), ('NV_NVML_DEV_VERSION', '12.6.68-1'), ('USERNAME', 'admin'), ('NV_LIBNPP_DEV_PACKAGE', 'libnpp-dev-12-6=12.3.1.54-1'), ('TERM', 'xterm'), ('ISAAC_ROS_WS', '/workspaces/isaac_ros-dev'), ('NV_CUDA_CUDART_VERSION', '12.6.68-1'), ('ROS_LOCALHOST_ONLY', '0'), ('PATH', '/opt/ros/humble/bin:/opt/ros/humble/vcstool/scripts:/usr/local/nvidia/bin:/usr/local/cuda/bin:/usr/src/tensorrt/bin:/usr/local/nvidia/bin:/usr/local/cuda/bin:/usr/local/sbin:/usr/local/bin:/usr/sbin:/usr/bin:/sbin:/bin'), ('NV_LIBCUBLAS_DEV_PACKAGE_NAME', 'libcublas-dev-12-6'), ('NV_LIBCUBLAS_PACKAGE', 'libcublas-12-6=12.6.1.4-1'), ('HOST_USER_UID', '1000'), ('NVARCH', 'arm64'), ('CUDSS_DIR', '/usr/local/libcudss-linux-0.3.0.9_cuda12-archive'), ('NV_LIBCUSPARSE_DEV_VERSION', '12.5.3.3-1'), ('DISPLAY', ':1'), ('NVIDIA_PRODUCT_NAME', 'CUDA'), ('LANG', 'en_US.UTF-8'), ('RMW_IMPLEMENTATION', 'rmw_fastrtps_cpp'), ('NV_CUDA_CUDART_DEV_VERSION', '12.6.68-1'), ('ROS_ROOT', '/opt/ros/humble'), ('SSH_AUTH_SOCK', '/ssh-agent'), ('AMENT_PREFIX_PATH', '/workspaces/isaac_ros-dev/install/custom_interfaces:/opt/ros/humble'), ('DEBIAN_FRONTEND', 'noninteractive'), ('SHELL', '/bin/bash'), ('TRT_INCLUDE_PATH', '/usr/include/aarch64-linux-gnu'), ('NV_LIBCUBLAS_DEV_PACKAGE', 'libcublas-dev-12-6=12.6.1.4-1'), ('NV_CUDA_NSIGHT_COMPUTE_DEV_PACKAGE', 'cuda-nsight-compute-12-6=12.6.11-1'), ('NVIDIA_REQUIRE_JETPACK_HOST_MOUNTS', 'base-only'), ('NV_NVTX_VERSION', '12.6.68-1'), ('NV_LIBNPP_VERSION', '12.3.1.54-1'), ('PWD', '/workspaces/isaac_ros-dev/build/my_action_client'), ('PYTHONPATH', '/workspaces/isaac_ros-dev/install/custom_interfaces/local/lib/python3.10/dist-packages:/opt/ros/humble/lib/python3.10/site-packages:/opt/ros/humble/local/lib/python3.10/dist-packages:/opt/ros/humble/vcstool:'), ('NVIDIA_VISIBLE_DEVICES', 'nvidia.com/gpu=all,nvidia.com/pva=all'), ('COLCON', '1'), ('NV_LIBNPP_DEV_VERSION', '12.3.1.54-1'), ('CMAKE_PREFIX_PATH', '/workspaces/isaac_ros-dev/install/custom_interfaces:/usr/local/libcudss-linux-0.3.0.9_cuda12-archive:/opt/ros/humble'), ('TRT_LIB_PATH', '/usr/lib/aarch64-linux-gnu')]), 'shell': False}
[3.023571] (-) TimerEvent: {}
[3.040348] (my_action_client) StdoutLine: {'line': b'-- Install configuration: ""\n'}
[3.042390] (my_action_client) StdoutLine: {'line': b'-- Up-to-date: /workspaces/isaac_ros-dev/install/my_action_client/lib/my_action_client/action_client\n'}
[3.043882] (my_action_client) StdoutLine: {'line': b'-- Up-to-date: /workspaces/isaac_ros-dev/install/my_action_client/share/my_action_client//launch\n'}
[3.044866] (my_action_client) StdoutLine: {'line': b'-- Up-to-date: /workspaces/isaac_ros-dev/install/my_action_client/share/my_action_client//launch/client_launch.py\n'}
[3.045851] (my_action_client) StdoutLine: {'line': b'-- Up-to-date: /workspaces/isaac_ros-dev/install/my_action_client/share/ament_index/resource_index/package_run_dependencies/my_action_client\n'}
[3.046522] (my_action_client) StdoutLine: {'line': b'-- Up-to-date: /workspaces/isaac_ros-dev/install/my_action_client/share/ament_index/resource_index/parent_prefix_path/my_action_client\n'}
[3.047341] (my_action_client) StdoutLine: {'line': b'-- Up-to-date: /workspaces/isaac_ros-dev/install/my_action_client/share/my_action_client/environment/ament_prefix_path.sh\n'}
[3.047841] (my_action_client) StdoutLine: {'line': b'-- Up-to-date: /workspaces/isaac_ros-dev/install/my_action_client/share/my_action_client/environment/ament_prefix_path.dsv\n'}
[3.048634] (my_action_client) StdoutLine: {'line': b'-- Up-to-date: /workspaces/isaac_ros-dev/install/my_action_client/share/my_action_client/environment/path.sh\n'}
[3.049285] (my_action_client) StdoutLine: {'line': b'-- Up-to-date: /workspaces/isaac_ros-dev/install/my_action_client/share/my_action_client/environment/path.dsv\n'}
[3.049813] (my_action_client) StdoutLine: {'line': b'-- Up-to-date: /workspaces/isaac_ros-dev/install/my_action_client/share/my_action_client/local_setup.bash\n'}
[3.050312] (my_action_client) StdoutLine: {'line': b'-- Up-to-date: /workspaces/isaac_ros-dev/install/my_action_client/share/my_action_client/local_setup.sh\n'}
[3.050875] (my_action_client) StdoutLine: {'line': b'-- Up-to-date: /workspaces/isaac_ros-dev/install/my_action_client/share/my_action_client/local_setup.zsh\n'}
[3.051364] (my_action_client) StdoutLine: {'line': b'-- Up-to-date: /workspaces/isaac_ros-dev/install/my_action_client/share/my_action_client/local_setup.dsv\n'}
[3.051868] (my_action_client) StdoutLine: {'line': b'-- Installing: /workspaces/isaac_ros-dev/install/my_action_client/share/my_action_client/package.dsv\n'}
[3.053023] (my_action_client) StdoutLine: {'line': b'-- Up-to-date: /workspaces/isaac_ros-dev/install/my_action_client/share/ament_index/resource_index/packages/my_action_client\n'}
[3.053903] (my_action_client) StdoutLine: {'line': b'-- Up-to-date: /workspaces/isaac_ros-dev/install/my_action_client/share/my_action_client/cmake/my_action_clientConfig.cmake\n'}
[3.054151] (my_action_client) StdoutLine: {'line': b'-- Up-to-date: /workspaces/isaac_ros-dev/install/my_action_client/share/my_action_client/cmake/my_action_clientConfig-version.cmake\n'}
[3.054321] (my_action_client) StdoutLine: {'line': b'-- Up-to-date: /workspaces/isaac_ros-dev/install/my_action_client/share/my_action_client/package.xml\n'}
[3.065718] (my_action_client) CommandEnded: {'returncode': 0}
[3.116186] (my_action_client) JobEnded: {'identifier': 'my_action_client', 'rc': 0}
[3.127548] (-) TimerEvent: {}
[3.228246] (-) TimerEvent: {}
[3.248577] (my_action_server) StdoutLine: {'line': b'-- Found rclcpp: 16.0.12 (/opt/ros/humble/share/rclcpp/cmake)\n'}
[3.322951] (my_action_server) StdoutLine: {'line': b'-- Found rosidl_generator_c: 3.1.6 (/opt/ros/humble/share/rosidl_generator_c/cmake)\n'}
[3.328427] (-) TimerEvent: {}
[3.329304] (my_action_server) StdoutLine: {'line': b'-- Found rosidl_adapter: 3.1.6 (/opt/ros/humble/share/rosidl_adapter/cmake)\n'}
[3.344902] (my_action_server) StdoutLine: {'line': b'-- Found rosidl_generator_cpp: 3.1.6 (/opt/ros/humble/share/rosidl_generator_cpp/cmake)\n'}
[3.366749] (my_action_server) StdoutLine: {'line': b'-- Using all available rosidl_typesupport_c: rosidl_typesupport_fastrtps_c;rosidl_typesupport_introspection_c\n'}
[3.395480] (my_action_server) StdoutLine: {'line': b'-- Using all available rosidl_typesupport_cpp: rosidl_typesupport_fastrtps_cpp;rosidl_typesupport_introspection_cpp\n'}
[3.429178] (-) TimerEvent: {}
[3.468533] (my_action_server) StdoutLine: {'line': b'-- Found rmw_implementation_cmake: 6.1.2 (/opt/ros/humble/share/rmw_implementation_cmake/cmake)\n'}
[3.473027] (my_action_server) StdoutLine: {'line': b'-- Found rmw_fastrtps_cpp: 6.2.7 (/opt/ros/humble/share/rmw_fastrtps_cpp/cmake)\n'}
[3.529354] (-) TimerEvent: {}
[3.630102] (-) TimerEvent: {}
[3.731272] (-) TimerEvent: {}
[3.813296] (my_action_server) StdoutLine: {'line': b"-- Using RMW implementation 'rmw_fastrtps_cpp' as default\n"}
[3.831453] (-) TimerEvent: {}
[3.925445] (my_action_server) StdoutLine: {'line': b'-- Found rclcpp_action: 16.0.12 (/opt/ros/humble/share/rclcpp_action/cmake)\n'}
[3.931634] (-) TimerEvent: {}
[3.993199] (my_action_server) StdoutLine: {'line': b'-- Found custom_interfaces: 0.0.0 (/workspaces/isaac_ros-dev/install/custom_interfaces/share/custom_interfaces/cmake)\n'}
[4.031819] (-) TimerEvent: {}
[4.058991] (my_action_server) StdoutLine: {'line': b'-- Found vision_msgs: 4.1.1 (/opt/ros/humble/share/vision_msgs/cmake)\n'}
[4.093321] (my_action_server) StdoutLine: {'line': b'-- Found sensor_msgs: 4.8.0 (/opt/ros/humble/share/sensor_msgs/cmake)\n'}
[4.129499] (my_action_server) StdoutLine: {'line': b'-- Found serial_driver: 1.2.0 (/opt/ros/humble/share/serial_driver/cmake)\n'}
[4.131896] (-) TimerEvent: {}
[4.165768] (my_action_server) StdoutLine: {'line': b'-- Found asio_cmake_module: 1.2.0 (/opt/ros/humble/share/asio_cmake_module/cmake)\n'}
[4.232483] (-) TimerEvent: {}
[4.263735] (my_action_server) StdoutLine: {'line': b'-- Found ament_lint_auto: 0.12.12 (/opt/ros/humble/share/ament_lint_auto/cmake)\n'}
[4.332659] (-) TimerEvent: {}
[4.433558] (-) TimerEvent: {}
[4.490098] (my_action_server) StdoutLine: {'line': b"-- Added test 'cppcheck' to perform static code analysis on C / C++ code\n"}
[4.491827] (my_action_server) StdoutLine: {'line': b'-- Configured cppcheck include dirs: \n'}
[4.492126] (my_action_server) StdoutLine: {'line': b'-- Configured cppcheck exclude dirs and/or files: \n'}
[4.493518] (my_action_server) StdoutLine: {'line': b"-- Added test 'flake8' to check Python code syntax and style conventions\n"}
[4.495208] (my_action_server) StdoutLine: {'line': b"-- Added test 'lint_cmake' to check CMake code style\n"}
[4.496372] (my_action_server) StdoutLine: {'line': b"-- Added test 'pep257' to check Python code against some of the docstring style conventions in PEP 257\n"}
[4.498344] (my_action_server) StdoutLine: {'line': b"-- Added test 'uncrustify' to check C / C++ code style\n"}
[4.498677] (my_action_server) StdoutLine: {'line': b'-- Configured uncrustify additional arguments: \n'}
[4.499547] (my_action_server) StdoutLine: {'line': b"-- Added test 'xmllint' to check XML markup files\n"}
[4.502275] (my_action_server) StdoutLine: {'line': b'-- Configuring done\n'}
[4.533742] (-) TimerEvent: {}
[4.634447] (-) TimerEvent: {}
[4.640334] (my_action_server) StdoutLine: {'line': b'-- Generating done\n'}
[4.663973] (my_action_server) StdoutLine: {'line': b'-- Build files have been written to: /workspaces/isaac_ros-dev/build/my_action_server\n'}
[4.734664] (-) TimerEvent: {}
[4.760022] (my_action_server) StdoutLine: {'line': b'\x1b[35m\x1b[1mConsolidate compiler generated dependencies of target action_server\x1b[0m\n'}
[4.783121] (my_action_server) StdoutLine: {'line': b'[ 25%] \x1b[32mBuilding CXX object CMakeFiles/waveshare_controller.dir/src/waveshare_controller.cpp.o\x1b[0m\n'}
[4.834851] (-) TimerEvent: {}
[4.865721] (my_action_server) StdoutLine: {'line': b'[ 50%] \x1b[32mBuilding CXX object CMakeFiles/action_server.dir/src/action_server.cpp.o\x1b[0m\n'}
[4.935032] (-) TimerEvent: {}
[5.036651] (-) TimerEvent: {}
[5.138521] (-) TimerEvent: {}
[5.240783] (-) TimerEvent: {}
[5.341966] (-) TimerEvent: {}
[5.442998] (-) TimerEvent: {}
[5.544229] (-) TimerEvent: {}
[5.644998] (-) TimerEvent: {}
[5.745774] (-) TimerEvent: {}
[5.846510] (-) TimerEvent: {}
[5.947329] (-) TimerEvent: {}
[6.048320] (-) TimerEvent: {}
[6.149299] (-) TimerEvent: {}
[6.250071] (-) TimerEvent: {}
[6.350812] (-) TimerEvent: {}
[6.452539] (-) TimerEvent: {}
[6.557278] (-) TimerEvent: {}
[6.658038] (-) TimerEvent: {}
[6.759152] (-) TimerEvent: {}
[6.860196] (-) TimerEvent: {}
[6.961811] (-) TimerEvent: {}
[7.063502] (-) TimerEvent: {}
[7.164681] (-) TimerEvent: {}
[7.266019] (-) TimerEvent: {}
[7.367936] (-) TimerEvent: {}
[7.469693] (-) TimerEvent: {}
[7.572893] (-) TimerEvent: {}
[7.673829] (-) TimerEvent: {}
[7.776160] (-) TimerEvent: {}
[7.878463] (-) TimerEvent: {}
[7.979327] (-) TimerEvent: {}
[8.080108] (-) TimerEvent: {}
[8.180887] (-) TimerEvent: {}
[8.281548] (-) TimerEvent: {}
[8.382447] (-) TimerEvent: {}
[8.483205] (-) TimerEvent: {}
[8.584250] (-) TimerEvent: {}
[8.684992] (-) TimerEvent: {}
[8.785797] (-) TimerEvent: {}
[8.888804] (-) TimerEvent: {}
[8.991184] (-) TimerEvent: {}
[9.093894] (-) TimerEvent: {}
[9.196440] (-) TimerEvent: {}
[9.300341] (-) TimerEvent: {}
[9.402124] (-) TimerEvent: {}
[9.503090] (-) TimerEvent: {}
[9.603954] (-) TimerEvent: {}
[9.704697] (-) TimerEvent: {}
[9.805497] (-) TimerEvent: {}
[9.906287] (-) TimerEvent: {}
[10.007458] (-) TimerEvent: {}
[10.108535] (-) TimerEvent: {}
[10.209578] (-) TimerEvent: {}
[10.311116] (-) TimerEvent: {}
[10.412775] (-) TimerEvent: {}
[10.514921] (-) TimerEvent: {}
[10.616911] (-) TimerEvent: {}
[10.719029] (-) TimerEvent: {}
[10.819903] (-) TimerEvent: {}
[10.920868] (-) TimerEvent: {}
[11.021620] (-) TimerEvent: {}
[11.122369] (-) TimerEvent: {}
[11.223251] (-) TimerEvent: {}
[11.324152] (-) TimerEvent: {}
[11.425908] (-) TimerEvent: {}
[11.527206] (-) TimerEvent: {}
[11.628388] (-) TimerEvent: {}
[11.729606] (-) TimerEvent: {}
[11.831071] (-) TimerEvent: {}
[11.932006] (-) TimerEvent: {}
[12.033256] (-) TimerEvent: {}
[12.135323] (-) TimerEvent: {}
[12.236917] (-) TimerEvent: {}
[12.337929] (-) TimerEvent: {}
[12.439112] (-) TimerEvent: {}
[12.542433] (-) TimerEvent: {}
[12.653006] (-) TimerEvent: {}
[12.754555] (-) TimerEvent: {}
[12.803349] (my_action_server) StderrLine: {'line': b'\x1b[01m\x1b[K/workspaces/isaac_ros-dev/src/my_action_server/src/action_server.cpp:68:3:\x1b[m\x1b[K \x1b[01;31m\x1b[Kerror: \x1b[m\x1b[Kexpected \xe2\x80\x98\x1b[01m\x1b[K;\x1b[m\x1b[K\xe2\x80\x99 before \xe2\x80\x98\x1b[01m\x1b[Kconst\x1b[m\x1b[K\xe2\x80\x99\n'}
[12.808879] (my_action_server) StderrLine: {'line': b'   68 |   \x1b[01;31m\x1b[Kconst\x1b[m\x1b[K double MIN_LINEAR_SPEED = 0.05;  // m/s\n'}
[12.809453] (my_action_server) StderrLine: {'line': b'      |   \x1b[01;31m\x1b[K^~~~~\x1b[m\x1b[K\n'}
[12.858459] (-) TimerEvent: {}
[12.959320] (-) TimerEvent: {}
[13.002263] (my_action_server) StderrLine: {'line': b'\x1b[01m\x1b[K/workspaces/isaac_ros-dev/src/my_action_server/src/action_server.cpp:\x1b[m\x1b[K In member function \xe2\x80\x98\x1b[01m\x1b[Kvoid MyActionServer::control_callback()\x1b[m\x1b[K\xe2\x80\x99:\n'}
[13.003060] (my_action_server) StderrLine: {'line': b'\x1b[01m\x1b[K/workspaces/isaac_ros-dev/src/my_action_server/src/action_server.cpp:116:69:\x1b[m\x1b[K \x1b[01;31m\x1b[Kerror: \x1b[m\x1b[K\xe2\x80\x98\x1b[01m\x1b[KMIN_LINEAR_SPEED\x1b[m\x1b[K\xe2\x80\x99 was not declared in this scope; did you mean \xe2\x80\x98\x1b[01m\x1b[KMAX_LINEAR_SPEED\x1b[m\x1b[K\xe2\x80\x99?\n'}
[13.003376] (my_action_server) StderrLine: {'line': b'  116 |               twist_msg->linear.x = std::min(std::max(target_speed, \x1b[01;31m\x1b[KMIN_LINEAR_SPEED\x1b[m\x1b[K), MAX_LINEAR_SPEED);\n'}
[13.003623] (my_action_server) StderrLine: {'line': b'      |                                                                     \x1b[01;31m\x1b[K^~~~~~~~~~~~~~~~\x1b[m\x1b[K\n'}
[13.003922] (my_action_server) StderrLine: {'line': b'      |                                                                     \x1b[32m\x1b[KMAX_LINEAR_SPEED\x1b[m\x1b[K\n'}
[13.051672] (my_action_server) StderrLine: {'line': b'\x1b[01m\x1b[K/workspaces/isaac_ros-dev/src/my_action_server/src/action_server.cpp:\x1b[m\x1b[K In member function \xe2\x80\x98\x1b[01m\x1b[Kbool MyActionServer::is_valid_object(const string&)\x1b[m\x1b[K\xe2\x80\x99:\n'}
[13.052568] (my_action_server) StderrLine: {'line': b'\x1b[01m\x1b[K/workspaces/isaac_ros-dev/src/my_action_server/src/action_server.cpp:356:44:\x1b[m\x1b[K \x1b[01;35m\x1b[Kwarning: \x1b[m\x1b[Kunused parameter \xe2\x80\x98\x1b[01m\x1b[Kobject_name\x1b[m\x1b[K\xe2\x80\x99 [\x1b[01;35m\x1b[K-Wunused-parameter\x1b[m\x1b[K]\n'}
[13.052849] (my_action_server) StderrLine: {'line': b'  356 |   bool is_valid_object(\x1b[01;35m\x1b[Kconst std::string & object_name\x1b[m\x1b[K)\n'}
[13.053033] (my_action_server) StderrLine: {'line': b'      |                        \x1b[01;35m\x1b[K~~~~~~~~~~~~~~~~~~~~^~~~~~~~~~~\x1b[m\x1b[K\n'}
[13.059518] (-) TimerEvent: {}
[13.160411] (-) TimerEvent: {}
[13.261121] (-) TimerEvent: {}
[13.361871] (-) TimerEvent: {}
[13.462882] (-) TimerEvent: {}
[13.563916] (-) TimerEvent: {}
[13.664749] (-) TimerEvent: {}
[13.765623] (-) TimerEvent: {}
[13.866696] (-) TimerEvent: {}
[13.967530] (-) TimerEvent: {}
[14.068386] (-) TimerEvent: {}
[14.169368] (-) TimerEvent: {}
[14.270177] (-) TimerEvent: {}
[14.370958] (-) TimerEvent: {}
[14.471926] (-) TimerEvent: {}
[14.572699] (-) TimerEvent: {}
[14.673725] (-) TimerEvent: {}
[14.774525] (-) TimerEvent: {}
[14.875400] (-) TimerEvent: {}
[14.976297] (-) TimerEvent: {}
[15.077310] (-) TimerEvent: {}
[15.178126] (-) TimerEvent: {}
[15.278932] (-) TimerEvent: {}
[15.379689] (-) TimerEvent: {}
[15.480470] (-) TimerEvent: {}
[15.581319] (-) TimerEvent: {}
[15.682097] (-) TimerEvent: {}
[15.709282] (my_action_server) StderrLine: {'line': b'\x1b[01m\x1b[K/workspaces/isaac_ros-dev/src/my_action_server/src/waveshare_controller.cpp:\x1b[m\x1b[K In constructor \xe2\x80\x98\x1b[01m\x1b[KWaveshareController::WaveshareController()\x1b[m\x1b[K\xe2\x80\x99:\n'}
[15.709942] (my_action_server) StderrLine: {'line': b'\x1b[01m\x1b[K/workspaces/isaac_ros-dev/src/my_action_server/src/waveshare_controller.cpp:19:24:\x1b[m\x1b[K \x1b[01;31m\x1b[Kerror: \x1b[m\x1b[Kno matching function for call to \xe2\x80\x98\x1b[01m\x1b[Kdrivers::serial_driver::SerialPortConfig::SerialPortConfig()\x1b[m\x1b[K\xe2\x80\x99\n'}
[15.710225] (my_action_server) StderrLine: {'line': b'   19 |       SerialPortConfig \x1b[01;31m\x1b[Kconfig\x1b[m\x1b[K;\n'}
[15.710399] (my_action_server) StderrLine: {'line': b'      |                        \x1b[01;31m\x1b[K^~~~~~\x1b[m\x1b[K\n'}
[15.710558] (my_action_server) StderrLine: {'line': b'In file included from \x1b[01m\x1b[K/opt/ros/humble/include/serial_driver/serial_driver.hpp:22\x1b[m\x1b[K,\n'}
[15.710714] (my_action_server) StderrLine: {'line': b'                 from \x1b[01m\x1b[K/workspaces/isaac_ros-dev/src/my_action_server/src/waveshare_controller.cpp:3\x1b[m\x1b[K:\n'}
[15.710868] (my_action_server) StderrLine: {'line': b'\x1b[01m\x1b[K/opt/ros/humble/include/serial_driver/serial_port.hpp:61:3:\x1b[m\x1b[K \x1b[01;36m\x1b[Knote: \x1b[m\x1b[Kcandidate: \xe2\x80\x98\x1b[01m\x1b[Kdrivers::serial_driver::SerialPortConfig::SerialPortConfig(uint32_t, drivers::serial_driver::FlowControl, drivers::serial_driver::Parity, drivers::serial_driver::StopBits)\x1b[m\x1b[K\xe2\x80\x99\n'}
[15.711033] (my_action_server) StderrLine: {'line': b'   61 |   \x1b[01;36m\x1b[KSerialPortConfig\x1b[m\x1b[K(\n'}
[15.711179] (my_action_server) StderrLine: {'line': b'      |   \x1b[01;36m\x1b[K^~~~~~~~~~~~~~~~\x1b[m\x1b[K\n'}
[15.711862] (my_action_server) StderrLine: {'line': b'\x1b[01m\x1b[K/opt/ros/humble/include/serial_driver/serial_port.hpp:61:3:\x1b[m\x1b[K \x1b[01;36m\x1b[Knote: \x1b[m\x1b[K  candidate expects 4 arguments, 0 provided\n'}
[15.712132] (my_action_server) StderrLine: {'line': b'\x1b[01m\x1b[K/opt/ros/humble/include/serial_driver/serial_port.hpp:57:7:\x1b[m\x1b[K \x1b[01;36m\x1b[Knote: \x1b[m\x1b[Kcandidate: \xe2\x80\x98\x1b[01m\x1b[Kconstexpr drivers::serial_driver::SerialPortConfig::SerialPortConfig(const drivers::serial_driver::SerialPortConfig&)\x1b[m\x1b[K\xe2\x80\x99\n'}
[15.712314] (my_action_server) StderrLine: {'line': b'   57 | class \x1b[01;36m\x1b[KSerialPortConfig\x1b[m\x1b[K\n'}
[15.712475] (my_action_server) StderrLine: {'line': b'      |       \x1b[01;36m\x1b[K^~~~~~~~~~~~~~~~\x1b[m\x1b[K\n'}
[15.712626] (my_action_server) StderrLine: {'line': b'\x1b[01m\x1b[K/opt/ros/humble/include/serial_driver/serial_port.hpp:57:7:\x1b[m\x1b[K \x1b[01;36m\x1b[Knote: \x1b[m\x1b[K  candidate expects 1 argument, 0 provided\n'}
[15.713938] (my_action_server) StderrLine: {'line': b'\x1b[01m\x1b[K/opt/ros/humble/include/serial_driver/serial_port.hpp:57:7:\x1b[m\x1b[K \x1b[01;36m\x1b[Knote: \x1b[m\x1b[Kcandidate: \xe2\x80\x98\x1b[01m\x1b[Kconstexpr drivers::serial_driver::SerialPortConfig::SerialPortConfig(drivers::serial_driver::SerialPortConfig&&)\x1b[m\x1b[K\xe2\x80\x99\n'}
[15.714112] (my_action_server) StderrLine: {'line': b'\x1b[01m\x1b[K/opt/ros/humble/include/serial_driver/serial_port.hpp:57:7:\x1b[m\x1b[K \x1b[01;36m\x1b[Knote: \x1b[m\x1b[K  candidate expects 1 argument, 0 provided\n'}
[15.714265] (my_action_server) StderrLine: {'line': b'\x1b[01m\x1b[K/workspaces/isaac_ros-dev/src/my_action_server/src/waveshare_controller.cpp:20:14:\x1b[m\x1b[K \x1b[01;31m\x1b[Kerror: \x1b[m\x1b[K\xe2\x80\x98\x1b[01m\x1b[Kclass drivers::serial_driver::SerialPortConfig\x1b[m\x1b[K\xe2\x80\x99 has no member named \xe2\x80\x98\x1b[01m\x1b[Kdevice\x1b[m\x1b[K\xe2\x80\x99\n'}
[15.714421] (my_action_server) StderrLine: {'line': b'   20 |       config.\x1b[01;31m\x1b[Kdevice\x1b[m\x1b[K = "/dev/ttyUSB0";\n'}
[15.714565] (my_action_server) StderrLine: {'line': b'      |              \x1b[01;31m\x1b[K^~~~~~\x1b[m\x1b[K\n'}
[15.714704] (my_action_server) StderrLine: {'line': b'\x1b[01m\x1b[K/workspaces/isaac_ros-dev/src/my_action_server/src/waveshare_controller.cpp:21:14:\x1b[m\x1b[K \x1b[01;31m\x1b[Kerror: \x1b[m\x1b[K\xe2\x80\x98\x1b[01m\x1b[Kclass drivers::serial_driver::SerialPortConfig\x1b[m\x1b[K\xe2\x80\x99 has no member named \xe2\x80\x98\x1b[01m\x1b[Kbaud_rate\x1b[m\x1b[K\xe2\x80\x99; did you mean \xe2\x80\x98\x1b[01m\x1b[Kuint32_t drivers::serial_driver::SerialPortConfig::m_baud_rate\x1b[m\x1b[K\xe2\x80\x99? (accessible via \xe2\x80\x98\x1b[01m\x1b[Kuint32_t drivers::serial_driver::SerialPortConfig::get_baud_rate() const\x1b[m\x1b[K\xe2\x80\x99)\n'}
[15.714901] (my_action_server) StderrLine: {'line': b'   21 |       config.\x1b[01;31m\x1b[Kbaud_rate\x1b[m\x1b[K = 115200;\n'}
[15.715047] (my_action_server) StderrLine: {'line': b'      |              \x1b[01;31m\x1b[K^~~~~~~~~\x1b[m\x1b[K\n'}
[15.715189] (my_action_server) StderrLine: {'line': b'      |              \x1b[32m\x1b[Kget_baud_rate()\x1b[m\x1b[K\n'}
[15.715351] (my_action_server) StderrLine: {'line': b'\x1b[01m\x1b[K/workspaces/isaac_ros-dev/src/my_action_server/src/waveshare_controller.cpp:22:14:\x1b[m\x1b[K \x1b[01;31m\x1b[Kerror: \x1b[m\x1b[K\xe2\x80\x98\x1b[01m\x1b[Kclass drivers::serial_driver::SerialPortConfig\x1b[m\x1b[K\xe2\x80\x99 has no member named \xe2\x80\x98\x1b[01m\x1b[Kflow_control\x1b[m\x1b[K\xe2\x80\x99; did you mean \xe2\x80\x98\x1b[01m\x1b[Kdrivers::serial_driver::FlowControl drivers::serial_driver::SerialPortConfig::m_flow_control\x1b[m\x1b[K\xe2\x80\x99? (accessible via \xe2\x80\x98\x1b[01m\x1b[Kdrivers::serial_driver::FlowControl drivers::serial_driver::SerialPortConfig::get_flow_control() const\x1b[m\x1b[K\xe2\x80\x99)\n'}
[15.715510] (my_action_server) StderrLine: {'line': b'   22 |       config.\x1b[01;31m\x1b[Kflow_control\x1b[m\x1b[K = FlowControl::NONE;\n'}
[15.715650] (my_action_server) StderrLine: {'line': b'      |              \x1b[01;31m\x1b[K^~~~~~~~~~~~\x1b[m\x1b[K\n'}
[15.715787] (my_action_server) StderrLine: {'line': b'      |              \x1b[32m\x1b[Kget_flow_control()\x1b[m\x1b[K\n'}
[15.715925] (my_action_server) StderrLine: {'line': b'\x1b[01m\x1b[K/workspaces/isaac_ros-dev/src/my_action_server/src/waveshare_controller.cpp:23:14:\x1b[m\x1b[K \x1b[01;31m\x1b[Kerror: \x1b[m\x1b[K\xe2\x80\x98\x1b[01m\x1b[Kclass drivers::serial_driver::SerialPortConfig\x1b[m\x1b[K\xe2\x80\x99 has no member named \xe2\x80\x98\x1b[01m\x1b[Kparity\x1b[m\x1b[K\xe2\x80\x99; did you mean \xe2\x80\x98\x1b[01m\x1b[Kdrivers::serial_driver::Parity drivers::serial_driver::SerialPortConfig::m_parity\x1b[m\x1b[K\xe2\x80\x99? (accessible via \xe2\x80\x98\x1b[01m\x1b[Kdrivers::serial_driver::Parity drivers::serial_driver::SerialPortConfig::get_parity() const\x1b[m\x1b[K\xe2\x80\x99)\n'}
[15.716093] (my_action_server) StderrLine: {'line': b'   23 |       config.\x1b[01;31m\x1b[Kparity\x1b[m\x1b[K = Parity::NONE;\n'}
[15.716250] (my_action_server) StderrLine: {'line': b'      |              \x1b[01;31m\x1b[K^~~~~~\x1b[m\x1b[K\n'}
[15.716390] (my_action_server) StderrLine: {'line': b'      |              \x1b[32m\x1b[Kget_parity()\x1b[m\x1b[K\n'}
[15.716525] (my_action_server) StderrLine: {'line': b'\x1b[01m\x1b[K/workspaces/isaac_ros-dev/src/my_action_server/src/waveshare_controller.cpp:24:14:\x1b[m\x1b[K \x1b[01;31m\x1b[Kerror: \x1b[m\x1b[K\xe2\x80\x98\x1b[01m\x1b[Kclass drivers::serial_driver::SerialPortConfig\x1b[m\x1b[K\xe2\x80\x99 has no member named \xe2\x80\x98\x1b[01m\x1b[Kstop_bits\x1b[m\x1b[K\xe2\x80\x99; did you mean \xe2\x80\x98\x1b[01m\x1b[Kdrivers::serial_driver::StopBits drivers::serial_driver::SerialPortConfig::m_stop_bits\x1b[m\x1b[K\xe2\x80\x99? (accessible via \xe2\x80\x98\x1b[01m\x1b[Kdrivers::serial_driver::StopBits drivers::serial_driver::SerialPortConfig::get_stop_bits() const\x1b[m\x1b[K\xe2\x80\x99)\n'}
[15.716674] (my_action_server) StderrLine: {'line': b'   24 |       config.\x1b[01;31m\x1b[Kstop_bits\x1b[m\x1b[K = StopBits::ONE;\n'}
[15.717730] (my_action_server) StderrLine: {'line': b'      |              \x1b[01;31m\x1b[K^~~~~~~~~\x1b[m\x1b[K\n'}
[15.719248] (my_action_server) StderrLine: {'line': b'      |              \x1b[32m\x1b[Kget_stop_bits()\x1b[m\x1b[K\n'}
[15.723750] (my_action_server) StderrLine: {'line': b'\x1b[01m\x1b[K/workspaces/isaac_ros-dev/src/my_action_server/src/waveshare_controller.cpp:26:30:\x1b[m\x1b[K \x1b[01;31m\x1b[Kerror: \x1b[m\x1b[Kno matching function for call to \xe2\x80\x98\x1b[01m\x1b[Kdrivers::serial_driver::SerialDriver::init_port(drivers::serial_driver::SerialPortConfig&)\x1b[m\x1b[K\xe2\x80\x99\n'}
[15.724246] (my_action_server) StderrLine: {'line': b'   26 |       \x1b[01;31m\x1b[Kserial_port_->init_port(config)\x1b[m\x1b[K;\n'}
[15.724449] (my_action_server) StderrLine: {'line': b'      |       \x1b[01;31m\x1b[K~~~~~~~~~~~~~~~~~~~~~~~^~~~~~~~\x1b[m\x1b[K\n'}
[15.724612] (my_action_server) StderrLine: {'line': b'In file included from \x1b[01m\x1b[K/workspaces/isaac_ros-dev/src/my_action_server/src/waveshare_controller.cpp:3\x1b[m\x1b[K:\n'}
[15.724770] (my_action_server) StderrLine: {'line': b'\x1b[01m\x1b[K/opt/ros/humble/include/serial_driver/serial_driver.hpp:34:8:\x1b[m\x1b[K \x1b[01;36m\x1b[Knote: \x1b[m\x1b[Kcandidate: \xe2\x80\x98\x1b[01m\x1b[Kvoid drivers::serial_driver::SerialDriver::init_port(const string&, const drivers::serial_driver::SerialPortConfig&)\x1b[m\x1b[K\xe2\x80\x99\n'}
[15.724972] (my_action_server) StderrLine: {'line': b'   34 |   void \x1b[01;36m\x1b[Kinit_port\x1b[m\x1b[K(const std::string & device_name, const SerialPortConfig & config);\n'}
[15.725130] (my_action_server) StderrLine: {'line': b'      |        \x1b[01;36m\x1b[K^~~~~~~~~\x1b[m\x1b[K\n'}
[15.725279] (my_action_server) StderrLine: {'line': b'\x1b[01m\x1b[K/opt/ros/humble/include/serial_driver/serial_driver.hpp:34:8:\x1b[m\x1b[K \x1b[01;36m\x1b[Knote: \x1b[m\x1b[K  candidate expects 2 arguments, 1 provided\n'}
[15.740052] (my_action_server) StderrLine: {'line': b'\x1b[01m\x1b[K/workspaces/isaac_ros-dev/src/my_action_server/src/waveshare_controller.cpp:\x1b[m\x1b[K In destructor \xe2\x80\x98\x1b[01m\x1b[Kvirtual WaveshareController::~WaveshareController()\x1b[m\x1b[K\xe2\x80\x99:\n'}
[15.740583] (my_action_server) StderrLine: {'line': b'\x1b[01m\x1b[K/workspaces/isaac_ros-dev/src/my_action_server/src/waveshare_controller.cpp:46:21:\x1b[m\x1b[K \x1b[01;31m\x1b[Kerror: \x1b[m\x1b[K\xe2\x80\x98\x1b[01m\x1b[Kclass drivers::serial_driver::SerialDriver\x1b[m\x1b[K\xe2\x80\x99 has no member named \xe2\x80\x98\x1b[01m\x1b[Kclose\x1b[m\x1b[K\xe2\x80\x99\n'}
[15.740776] (my_action_server) StderrLine: {'line': b'   46 |       serial_port_->\x1b[01;31m\x1b[Kclose\x1b[m\x1b[K();\n'}
[15.741705] (my_action_server) StderrLine: {'line': b'      |                     \x1b[01;31m\x1b[K^~~~~\x1b[m\x1b[K\n'}
[15.759237] (my_action_server) StderrLine: {'line': b'\x1b[01m\x1b[K/workspaces/isaac_ros-dev/src/my_action_server/src/waveshare_controller.cpp:\x1b[m\x1b[K In member function \xe2\x80\x98\x1b[01m\x1b[Kvoid WaveshareController::send_command(double, double)\x1b[m\x1b[K\xe2\x80\x99:\n'}
[15.759944] (my_action_server) StderrLine: {'line': b'\x1b[01m\x1b[K/workspaces/isaac_ros-dev/src/my_action_server/src/waveshare_controller.cpp:65:21:\x1b[m\x1b[K \x1b[01;31m\x1b[Kerror: \x1b[m\x1b[K\xe2\x80\x98\x1b[01m\x1b[Kclass drivers::serial_driver::SerialDriver\x1b[m\x1b[K\xe2\x80\x99 has no member named \xe2\x80\x98\x1b[01m\x1b[Ksend\x1b[m\x1b[K\xe2\x80\x99\n'}
[15.760160] (my_action_server) StderrLine: {'line': b'   65 |       serial_port_->\x1b[01;31m\x1b[Ksend\x1b[m\x1b[K(cmd_str);\n'}
[15.760328] (my_action_server) StderrLine: {'line': b'      |                     \x1b[01;31m\x1b[K^~~~\x1b[m\x1b[K\n'}
[15.782224] (-) TimerEvent: {}
[15.883018] (-) TimerEvent: {}
[15.990882] (-) TimerEvent: {}
[16.091648] (-) TimerEvent: {}
[16.192541] (-) TimerEvent: {}
[16.201144] (my_action_server) StderrLine: {'line': b'In file included from \x1b[01m\x1b[K/usr/include/c++/11/memory:76\x1b[m\x1b[K,\n'}
[16.202042] (my_action_server) StderrLine: {'line': b'                 from \x1b[01m\x1b[K/opt/ros/humble/include/rclcpp/rclcpp/rclcpp.hpp:153\x1b[m\x1b[K,\n'}
[16.202277] (my_action_server) StderrLine: {'line': b'                 from \x1b[01m\x1b[K/workspaces/isaac_ros-dev/src/my_action_server/src/waveshare_controller.cpp:1\x1b[m\x1b[K:\n'}
[16.202826] (my_action_server) StderrLine: {'line': b'/usr/include/c++/11/bits/unique_ptr.h: In instantiation of \xe2\x80\x98\x1b[01m\x1b[Ktypename std::_MakeUniq<_Tp>::__single_object std::make_unique(_Args&& ...) [with _Tp = drivers::serial_driver::SerialDriver; _Args = {WaveshareController&}; typename std::_MakeUniq<_Tp>::__single_object = std::unique_ptr<drivers::serial_driver::SerialDriver>]\x1b[m\x1b[K\xe2\x80\x99:\n'}
[16.203065] (my_action_server) StderrLine: {'line': b'\x1b[01m\x1b[K/workspaces/isaac_ros-dev/src/my_action_server/src/waveshare_controller.cpp:18:52:\x1b[m\x1b[K   required from here\n'}
[16.203239] (my_action_server) StderrLine: {'line': b'\x1b[01m\x1b[K/usr/include/c++/11/bits/unique_ptr.h:962:30:\x1b[m\x1b[K \x1b[01;31m\x1b[Kerror: \x1b[m\x1b[Kno matching function for call to \xe2\x80\x98\x1b[01m\x1b[Kdrivers::serial_driver::SerialDriver::SerialDriver(WaveshareController&)\x1b[m\x1b[K\xe2\x80\x99\n'}
[16.203404] (my_action_server) StderrLine: {'line': b'  962 |     { return unique_ptr<_Tp>(\x1b[01;31m\x1b[Knew _Tp(std::forward<_Args>(__args)...)\x1b[m\x1b[K); }\n'}
[16.203556] (my_action_server) StderrLine: {'line': b'      |                              \x1b[01;31m\x1b[K^~~~~~~~~~~~~~~~~~~~~~~~~~~~~~~~~~~~~~~\x1b[m\x1b[K\n'}
[16.203699] (my_action_server) StderrLine: {'line': b'In file included from \x1b[01m\x1b[K/workspaces/isaac_ros-dev/src/my_action_server/src/waveshare_controller.cpp:3\x1b[m\x1b[K:\n'}
[16.203889] (my_action_server) StderrLine: {'line': b'\x1b[01m\x1b[K/opt/ros/humble/include/serial_driver/serial_driver.hpp:32:12:\x1b[m\x1b[K \x1b[01;36m\x1b[Knote: \x1b[m\x1b[Kcandidate: \xe2\x80\x98\x1b[01m\x1b[Kdrivers::serial_driver::SerialDriver::SerialDriver(const drivers::common::IoContext&)\x1b[m\x1b[K\xe2\x80\x99\n'}
[16.204039] (my_action_server) StderrLine: {'line': b'   32 |   explicit \x1b[01;36m\x1b[KSerialDriver\x1b[m\x1b[K(const IoContext & ctx);\n'}
[16.204180] (my_action_server) StderrLine: {'line': b'      |            \x1b[01;36m\x1b[K^~~~~~~~~~~~\x1b[m\x1b[K\n'}
[16.204320] (my_action_server) StderrLine: {'line': b'\x1b[01m\x1b[K/opt/ros/humble/include/serial_driver/serial_driver.hpp:32:43:\x1b[m\x1b[K \x1b[01;36m\x1b[Knote: \x1b[m\x1b[K  no known conversion for argument 1 from \xe2\x80\x98\x1b[01m\x1b[KWaveshareController\x1b[m\x1b[K\xe2\x80\x99 to \xe2\x80\x98\x1b[01m\x1b[Kconst drivers::common::IoContext&\x1b[m\x1b[K\xe2\x80\x99\n'}
[16.204468] (my_action_server) StderrLine: {'line': b'   32 |   explicit SerialDriver(\x1b[01;36m\x1b[Kconst IoContext & ctx\x1b[m\x1b[K);\n'}
[16.204634] (my_action_server) StderrLine: {'line': b'      |                         \x1b[01;36m\x1b[K~~~~~~~~~~~~~~~~~~^~~\x1b[m\x1b[K\n'}
[16.204774] (my_action_server) StderrLine: {'line': b'\x1b[01m\x1b[K/opt/ros/humble/include/serial_driver/serial_driver.hpp:29:7:\x1b[m\x1b[K \x1b[01;36m\x1b[Knote: \x1b[m\x1b[Kcandidate: \xe2\x80\x98\x1b[01m\x1b[Kdrivers::serial_driver::SerialDriver::SerialDriver(const drivers::serial_driver::SerialDriver&)\x1b[m\x1b[K\xe2\x80\x99\n'}
[16.204957] (my_action_server) StderrLine: {'line': b'   29 | class \x1b[01;36m\x1b[KSerialDriver\x1b[m\x1b[K\n'}
[16.205118] (my_action_server) StderrLine: {'line': b'      |       \x1b[01;36m\x1b[K^~~~~~~~~~~~\x1b[m\x1b[K\n'}
[16.205263] (my_action_server) StderrLine: {'line': b'\x1b[01m\x1b[K/opt/ros/humble/include/serial_driver/serial_driver.hpp:29:7:\x1b[m\x1b[K \x1b[01;36m\x1b[Knote: \x1b[m\x1b[K  no known conversion for argument 1 from \xe2\x80\x98\x1b[01m\x1b[KWaveshareController\x1b[m\x1b[K\xe2\x80\x99 to \xe2\x80\x98\x1b[01m\x1b[Kconst drivers::serial_driver::SerialDriver&\x1b[m\x1b[K\xe2\x80\x99\n'}
[16.205409] (my_action_server) StderrLine: {'line': b'\x1b[01m\x1b[K/opt/ros/humble/include/serial_driver/serial_driver.hpp:29:7:\x1b[m\x1b[K \x1b[01;36m\x1b[Knote: \x1b[m\x1b[Kcandidate: \xe2\x80\x98\x1b[01m\x1b[Kdrivers::serial_driver::SerialDriver::SerialDriver(drivers::serial_driver::SerialDriver&&)\x1b[m\x1b[K\xe2\x80\x99\n'}
[16.205549] (my_action_server) StderrLine: {'line': b'\x1b[01m\x1b[K/opt/ros/humble/include/serial_driver/serial_driver.hpp:29:7:\x1b[m\x1b[K \x1b[01;36m\x1b[Knote: \x1b[m\x1b[K  no known conversion for argument 1 from \xe2\x80\x98\x1b[01m\x1b[KWaveshareController\x1b[m\x1b[K\xe2\x80\x99 to \xe2\x80\x98\x1b[01m\x1b[Kdrivers::serial_driver::SerialDriver&&\x1b[m\x1b[K\xe2\x80\x99\n'}
[16.292721] (-) TimerEvent: {}
[16.393799] (-) TimerEvent: {}
[16.494569] (-) TimerEvent: {}
[16.595355] (-) TimerEvent: {}
[16.696417] (-) TimerEvent: {}
[16.797595] (-) TimerEvent: {}
[16.898332] (-) TimerEvent: {}
[16.999800] (-) TimerEvent: {}
[17.100938] (-) TimerEvent: {}
[17.202035] (-) TimerEvent: {}
[17.303151] (-) TimerEvent: {}
[17.404247] (-) TimerEvent: {}
[17.506968] (-) TimerEvent: {}
[17.607920] (-) TimerEvent: {}
[17.708708] (-) TimerEvent: {}
[17.809548] (-) TimerEvent: {}
[17.910417] (-) TimerEvent: {}
[18.011284] (-) TimerEvent: {}
[18.112030] (-) TimerEvent: {}
[18.212896] (-) TimerEvent: {}
[18.313639] (-) TimerEvent: {}
[18.414372] (-) TimerEvent: {}
[18.515207] (-) TimerEvent: {}
[18.617249] (-) TimerEvent: {}
[18.718118] (-) TimerEvent: {}
[18.819518] (-) TimerEvent: {}
[18.920785] (-) TimerEvent: {}
[19.021546] (-) TimerEvent: {}
[19.122299] (-) TimerEvent: {}
[19.223039] (-) TimerEvent: {}
[19.323749] (-) TimerEvent: {}
[19.424546] (-) TimerEvent: {}
[19.525525] (-) TimerEvent: {}
[19.626282] (-) TimerEvent: {}
[19.727062] (-) TimerEvent: {}
[19.827865] (-) TimerEvent: {}
[19.928675] (-) TimerEvent: {}
[20.029474] (-) TimerEvent: {}
[20.130400] (-) TimerEvent: {}
[20.231169] (-) TimerEvent: {}
[20.331942] (-) TimerEvent: {}
[20.432776] (-) TimerEvent: {}
[20.534242] (-) TimerEvent: {}
[20.634987] (-) TimerEvent: {}
[20.735787] (-) TimerEvent: {}
[20.836693] (-) TimerEvent: {}
[20.937672] (-) TimerEvent: {}
[21.040123] (-) TimerEvent: {}
[21.143437] (-) TimerEvent: {}
[21.244349] (-) TimerEvent: {}
[21.345920] (-) TimerEvent: {}
[21.447908] (-) TimerEvent: {}
[21.548700] (-) TimerEvent: {}
[21.650520] (-) TimerEvent: {}
[21.751280] (-) TimerEvent: {}
[21.852014] (-) TimerEvent: {}
[21.954352] (-) TimerEvent: {}
[22.055115] (-) TimerEvent: {}
[22.156031] (-) TimerEvent: {}
[22.257070] (-) TimerEvent: {}
[22.357835] (-) TimerEvent: {}
[22.458592] (-) TimerEvent: {}
[22.559461] (-) TimerEvent: {}
[22.660374] (-) TimerEvent: {}
[22.761184] (-) TimerEvent: {}
[22.862577] (-) TimerEvent: {}
[22.964644] (-) TimerEvent: {}
[23.065473] (-) TimerEvent: {}
[23.100140] (my_action_server) StderrLine: {'line': b'gmake[2]: *** [CMakeFiles/action_server.dir/build.make:76: CMakeFiles/action_server.dir/src/action_server.cpp.o] Error 1\n'}
[23.101240] (my_action_server) StderrLine: {'line': b'gmake[1]: *** [CMakeFiles/Makefile2:139: CMakeFiles/action_server.dir/all] Error 2\n'}
[23.101663] (my_action_server) StderrLine: {'line': b'gmake[1]: *** Waiting for unfinished jobs....\n'}
[23.165686] (-) TimerEvent: {}
[23.266586] (-) TimerEvent: {}
[23.367422] (-) TimerEvent: {}
[23.468290] (-) TimerEvent: {}
[23.570852] (-) TimerEvent: {}
[23.672452] (-) TimerEvent: {}
[23.773402] (-) TimerEvent: {}
[23.874270] (-) TimerEvent: {}
[23.975367] (-) TimerEvent: {}
[24.076171] (-) TimerEvent: {}
[24.177274] (-) TimerEvent: {}
[24.278401] (-) TimerEvent: {}
[24.379818] (-) TimerEvent: {}
[24.480589] (-) TimerEvent: {}
[24.581460] (-) TimerEvent: {}
[24.683142] (-) TimerEvent: {}
[24.783987] (-) TimerEvent: {}
[24.798342] (my_action_server) StderrLine: {'line': b'gmake[2]: *** [CMakeFiles/waveshare_controller.dir/build.make:76: CMakeFiles/waveshare_controller.dir/src/waveshare_controller.cpp.o] Error 1\n'}
[24.799755] (my_action_server) StderrLine: {'line': b'gmake[1]: *** [CMakeFiles/Makefile2:165: CMakeFiles/waveshare_controller.dir/all] Error 2\n'}
[24.800133] (my_action_server) StderrLine: {'line': b'gmake: *** [Makefile:146: all] Error 2\n'}
[24.805424] (my_action_server) CommandEnded: {'returncode': 2}
[24.852262] (my_action_server) JobEnded: {'identifier': 'my_action_server', 'rc': 2}
[24.857296] (-) EventReactorShutdown: {}
