[0.030s] Invoking command in '/workspaces/isaac_ros-dev/build/custom_interfaces': CMAKE_PREFIX_PATH=${CMAKE_PREFIX_PATH}:/opt/ros/humble /usr/bin/cmake --build /workspaces/isaac_ros-dev/build/custom_interfaces -- -j6 -l6
[0.253s] [  2%] Built target custom_interfaces__cpp
[0.297s] [  2%] Built target ament_cmake_python_copy_custom_interfaces
[0.330s] [ 12%] Built target custom_interfaces__rosidl_generator_c
[0.365s] [ 23%] Built target custom_interfaces__rosidl_typesupport_introspection_cpp
[0.366s] [ 33%] Built target custom_interfaces__rosidl_typesupport_cpp
[0.395s] [ 43%] Built target custom_interfaces__rosidl_typesupport_fastrtps_cpp
[0.439s] [ 64%] Built target custom_interfaces__rosidl_typesupport_introspection_c
[0.439s] [ 64%] Built target custom_interfaces__rosidl_typesupport_fastrtps_c
[0.462s] [ 74%] Built target custom_interfaces__rosidl_typesupport_c
[0.521s] [ 74%] Built target custom_interfaces
[0.589s] [ 76%] Built target custom_interfaces__py
[0.691s] [ 84%] Built target custom_interfaces__rosidl_generator_py
[0.771s] [ 89%] Built target custom_interfaces__rosidl_typesupport_fastrtps_c__pyext
[0.784s] [ 94%] Built target custom_interfaces__rosidl_typesupport_introspection_c__pyext
[0.792s] [100%] Built target custom_interfaces__rosidl_typesupport_c__pyext
[1.496s] running egg_info
[1.549s] writing custom_interfaces.egg-info/PKG-INFO
[1.550s] writing dependency_links to custom_interfaces.egg-info/dependency_links.txt
[1.550s] writing top-level names to custom_interfaces.egg-info/top_level.txt
[1.871s] ERROR setuptools_scm._file_finders.git listing git files failed - pretending there aren't any
[2.253s] reading manifest file 'custom_interfaces.egg-info/SOURCES.txt'
[2.255s] writing manifest file 'custom_interfaces.egg-info/SOURCES.txt'
[2.434s] [100%] Built target ament_cmake_python_build_custom_interfaces_egg
[2.463s] Invoked command in '/workspaces/isaac_ros-dev/build/custom_interfaces' returned '0': CMAKE_PREFIX_PATH=${CMAKE_PREFIX_PATH}:/opt/ros/humble /usr/bin/cmake --build /workspaces/isaac_ros-dev/build/custom_interfaces -- -j6 -l6
[2.490s] Invoking command in '/workspaces/isaac_ros-dev/build/custom_interfaces': CMAKE_PREFIX_PATH=${CMAKE_PREFIX_PATH}:/opt/ros/humble /usr/bin/cmake --install /workspaces/isaac_ros-dev/build/custom_interfaces
[2.511s] -- Install configuration: ""
[2.512s] -- Up-to-date: /workspaces/isaac_ros-dev/install/custom_interfaces/share/ament_index/resource_index/rosidl_interfaces/custom_interfaces
[2.512s] -- Up-to-date: /workspaces/isaac_ros-dev/install/custom_interfaces/include/custom_interfaces/custom_interfaces
[2.512s] -- Up-to-date: /workspaces/isaac_ros-dev/install/custom_interfaces/include/custom_interfaces/custom_interfaces/msg
[2.513s] -- Up-to-date: /workspaces/isaac_ros-dev/install/custom_interfaces/include/custom_interfaces/custom_interfaces/msg/rosidl_generator_c__visibility_control.h
[2.513s] -- Up-to-date: /workspaces/isaac_ros-dev/install/custom_interfaces/include/custom_interfaces/custom_interfaces/action
[2.513s] -- Up-to-date: /workspaces/isaac_ros-dev/install/custom_interfaces/include/custom_interfaces/custom_interfaces/action/move.h
[2.513s] -- Up-to-date: /workspaces/isaac_ros-dev/install/custom_interfaces/include/custom_interfaces/custom_interfaces/action/detail
[2.514s] -- Up-to-date: /workspaces/isaac_ros-dev/install/custom_interfaces/include/custom_interfaces/custom_interfaces/action/detail/move__struct.h
[2.514s] -- Up-to-date: /workspaces/isaac_ros-dev/install/custom_interfaces/include/custom_interfaces/custom_interfaces/action/detail/move__functions.c
[2.514s] -- Up-to-date: /workspaces/isaac_ros-dev/install/custom_interfaces/include/custom_interfaces/custom_interfaces/action/detail/move__type_support.h
[2.514s] -- Up-to-date: /workspaces/isaac_ros-dev/install/custom_interfaces/include/custom_interfaces/custom_interfaces/action/detail/track_object__type_support.h
[2.514s] -- Up-to-date: /workspaces/isaac_ros-dev/install/custom_interfaces/include/custom_interfaces/custom_interfaces/action/detail/track_object__struct.h
[2.515s] -- Up-to-date: /workspaces/isaac_ros-dev/install/custom_interfaces/include/custom_interfaces/custom_interfaces/action/detail/move__functions.h
[2.515s] -- Up-to-date: /workspaces/isaac_ros-dev/install/custom_interfaces/include/custom_interfaces/custom_interfaces/action/detail/track_object__functions.h
[2.515s] -- Up-to-date: /workspaces/isaac_ros-dev/install/custom_interfaces/include/custom_interfaces/custom_interfaces/action/detail/track_object__functions.c
[2.515s] -- Up-to-date: /workspaces/isaac_ros-dev/install/custom_interfaces/include/custom_interfaces/custom_interfaces/action/track_object.h
[2.515s] -- Up-to-date: /workspaces/isaac_ros-dev/install/custom_interfaces/share/custom_interfaces/environment/library_path.sh
[2.515s] -- Up-to-date: /workspaces/isaac_ros-dev/install/custom_interfaces/share/custom_interfaces/environment/library_path.dsv
[2.515s] -- Up-to-date: /workspaces/isaac_ros-dev/install/custom_interfaces/lib/libcustom_interfaces__rosidl_generator_c.so
[2.516s] -- Up-to-date: /workspaces/isaac_ros-dev/install/custom_interfaces/include/custom_interfaces/custom_interfaces
[2.516s] -- Up-to-date: /workspaces/isaac_ros-dev/install/custom_interfaces/include/custom_interfaces/custom_interfaces/msg
[2.517s] -- Up-to-date: /workspaces/isaac_ros-dev/install/custom_interfaces/include/custom_interfaces/custom_interfaces/msg/rosidl_typesupport_fastrtps_c__visibility_control.h
[2.517s] -- Up-to-date: /workspaces/isaac_ros-dev/install/custom_interfaces/include/custom_interfaces/custom_interfaces/action
[2.517s] -- Up-to-date: /workspaces/isaac_ros-dev/install/custom_interfaces/include/custom_interfaces/custom_interfaces/action/detail
[2.517s] -- Up-to-date: /workspaces/isaac_ros-dev/install/custom_interfaces/include/custom_interfaces/custom_interfaces/action/detail/move__rosidl_typesupport_fastrtps_c.h
[2.517s] -- Up-to-date: /workspaces/isaac_ros-dev/install/custom_interfaces/include/custom_interfaces/custom_interfaces/action/detail/track_object__rosidl_typesupport_fastrtps_c.h
[2.518s] -- Up-to-date: /workspaces/isaac_ros-dev/install/custom_interfaces/lib/libcustom_interfaces__rosidl_typesupport_fastrtps_c.so
[2.518s] -- Up-to-date: /workspaces/isaac_ros-dev/install/custom_interfaces/include/custom_interfaces/custom_interfaces
[2.518s] -- Up-to-date: /workspaces/isaac_ros-dev/install/custom_interfaces/include/custom_interfaces/custom_interfaces/msg
[2.518s] -- Up-to-date: /workspaces/isaac_ros-dev/install/custom_interfaces/include/custom_interfaces/custom_interfaces/msg/rosidl_generator_cpp__visibility_control.hpp
[2.519s] -- Up-to-date: /workspaces/isaac_ros-dev/install/custom_interfaces/include/custom_interfaces/custom_interfaces/action
[2.519s] -- Up-to-date: /workspaces/isaac_ros-dev/install/custom_interfaces/include/custom_interfaces/custom_interfaces/action/track_object.hpp
[2.519s] -- Up-to-date: /workspaces/isaac_ros-dev/install/custom_interfaces/include/custom_interfaces/custom_interfaces/action/move.hpp
[2.520s] -- Up-to-date: /workspaces/isaac_ros-dev/install/custom_interfaces/include/custom_interfaces/custom_interfaces/action/detail
[2.520s] -- Up-to-date: /workspaces/isaac_ros-dev/install/custom_interfaces/include/custom_interfaces/custom_interfaces/action/detail/track_object__traits.hpp
[2.520s] -- Up-to-date: /workspaces/isaac_ros-dev/install/custom_interfaces/include/custom_interfaces/custom_interfaces/action/detail/move__struct.hpp
[2.520s] -- Up-to-date: /workspaces/isaac_ros-dev/install/custom_interfaces/include/custom_interfaces/custom_interfaces/action/detail/move__builder.hpp
[2.520s] -- Up-to-date: /workspaces/isaac_ros-dev/install/custom_interfaces/include/custom_interfaces/custom_interfaces/action/detail/move__traits.hpp
[2.520s] -- Up-to-date: /workspaces/isaac_ros-dev/install/custom_interfaces/include/custom_interfaces/custom_interfaces/action/detail/track_object__type_support.hpp
[2.521s] -- Up-to-date: /workspaces/isaac_ros-dev/install/custom_interfaces/include/custom_interfaces/custom_interfaces/action/detail/track_object__struct.hpp
[2.521s] -- Up-to-date: /workspaces/isaac_ros-dev/install/custom_interfaces/include/custom_interfaces/custom_interfaces/action/detail/move__type_support.hpp
[2.521s] -- Up-to-date: /workspaces/isaac_ros-dev/install/custom_interfaces/include/custom_interfaces/custom_interfaces/action/detail/track_object__builder.hpp
[2.521s] -- Up-to-date: /workspaces/isaac_ros-dev/install/custom_interfaces/include/custom_interfaces/custom_interfaces
[2.521s] -- Up-to-date: /workspaces/isaac_ros-dev/install/custom_interfaces/include/custom_interfaces/custom_interfaces/msg
[2.522s] -- Up-to-date: /workspaces/isaac_ros-dev/install/custom_interfaces/include/custom_interfaces/custom_interfaces/msg/rosidl_typesupport_fastrtps_cpp__visibility_control.h
[2.522s] -- Up-to-date: /workspaces/isaac_ros-dev/install/custom_interfaces/include/custom_interfaces/custom_interfaces/action
[2.522s] -- Up-to-date: /workspaces/isaac_ros-dev/install/custom_interfaces/include/custom_interfaces/custom_interfaces/action/detail
[2.522s] -- Up-to-date: /workspaces/isaac_ros-dev/install/custom_interfaces/include/custom_interfaces/custom_interfaces/action/detail/track_object__rosidl_typesupport_fastrtps_cpp.hpp
[2.522s] -- Up-to-date: /workspaces/isaac_ros-dev/install/custom_interfaces/include/custom_interfaces/custom_interfaces/action/detail/move__rosidl_typesupport_fastrtps_cpp.hpp
[2.523s] -- Up-to-date: /workspaces/isaac_ros-dev/install/custom_interfaces/include/custom_interfaces/custom_interfaces/action/detail/dds_fastrtps
[2.523s] -- Up-to-date: /workspaces/isaac_ros-dev/install/custom_interfaces/lib/libcustom_interfaces__rosidl_typesupport_fastrtps_cpp.so
[2.523s] -- Up-to-date: /workspaces/isaac_ros-dev/install/custom_interfaces/include/custom_interfaces/custom_interfaces
[2.523s] -- Up-to-date: /workspaces/isaac_ros-dev/install/custom_interfaces/include/custom_interfaces/custom_interfaces/msg
[2.523s] -- Up-to-date: /workspaces/isaac_ros-dev/install/custom_interfaces/include/custom_interfaces/custom_interfaces/msg/rosidl_typesupport_introspection_c__visibility_control.h
[2.524s] -- Up-to-date: /workspaces/isaac_ros-dev/install/custom_interfaces/include/custom_interfaces/custom_interfaces/action
[2.524s] -- Up-to-date: /workspaces/isaac_ros-dev/install/custom_interfaces/include/custom_interfaces/custom_interfaces/action/detail
[2.524s] -- Up-to-date: /workspaces/isaac_ros-dev/install/custom_interfaces/include/custom_interfaces/custom_interfaces/action/detail/move__rosidl_typesupport_introspection_c.h
[2.524s] -- Up-to-date: /workspaces/isaac_ros-dev/install/custom_interfaces/include/custom_interfaces/custom_interfaces/action/detail/track_object__type_support.c
[2.524s] -- Up-to-date: /workspaces/isaac_ros-dev/install/custom_interfaces/include/custom_interfaces/custom_interfaces/action/detail/track_object__rosidl_typesupport_introspection_c.h
[2.524s] -- Up-to-date: /workspaces/isaac_ros-dev/install/custom_interfaces/include/custom_interfaces/custom_interfaces/action/detail/move__type_support.c
[2.525s] -- Up-to-date: /workspaces/isaac_ros-dev/install/custom_interfaces/lib/libcustom_interfaces__rosidl_typesupport_introspection_c.so
[2.525s] -- Up-to-date: /workspaces/isaac_ros-dev/install/custom_interfaces/lib/libcustom_interfaces__rosidl_typesupport_c.so
[2.525s] -- Up-to-date: /workspaces/isaac_ros-dev/install/custom_interfaces/include/custom_interfaces/custom_interfaces
[2.525s] -- Up-to-date: /workspaces/isaac_ros-dev/install/custom_interfaces/include/custom_interfaces/custom_interfaces/action
[2.525s] -- Up-to-date: /workspaces/isaac_ros-dev/install/custom_interfaces/include/custom_interfaces/custom_interfaces/action/detail
[2.525s] -- Up-to-date: /workspaces/isaac_ros-dev/install/custom_interfaces/include/custom_interfaces/custom_interfaces/action/detail/move__type_support.cpp
[2.526s] -- Up-to-date: /workspaces/isaac_ros-dev/install/custom_interfaces/include/custom_interfaces/custom_interfaces/action/detail/track_object__type_support.cpp
[2.526s] -- Up-to-date: /workspaces/isaac_ros-dev/install/custom_interfaces/include/custom_interfaces/custom_interfaces/action/detail/track_object__rosidl_typesupport_introspection_cpp.hpp
[2.526s] -- Up-to-date: /workspaces/isaac_ros-dev/install/custom_interfaces/include/custom_interfaces/custom_interfaces/action/detail/move__rosidl_typesupport_introspection_cpp.hpp
[2.526s] -- Up-to-date: /workspaces/isaac_ros-dev/install/custom_interfaces/lib/libcustom_interfaces__rosidl_typesupport_introspection_cpp.so
[2.526s] -- Up-to-date: /workspaces/isaac_ros-dev/install/custom_interfaces/lib/libcustom_interfaces__rosidl_typesupport_cpp.so
[2.526s] -- Up-to-date: /workspaces/isaac_ros-dev/install/custom_interfaces/share/custom_interfaces/environment/pythonpath.sh
[2.527s] -- Up-to-date: /workspaces/isaac_ros-dev/install/custom_interfaces/share/custom_interfaces/environment/pythonpath.dsv
[2.527s] -- Up-to-date: /workspaces/isaac_ros-dev/install/custom_interfaces/local/lib/python3.10/dist-packages/custom_interfaces-0.0.0-py3.10.egg-info
[2.527s] -- Installing: /workspaces/isaac_ros-dev/install/custom_interfaces/local/lib/python3.10/dist-packages/custom_interfaces-0.0.0-py3.10.egg-info/dependency_links.txt
[2.527s] -- Installing: /workspaces/isaac_ros-dev/install/custom_interfaces/local/lib/python3.10/dist-packages/custom_interfaces-0.0.0-py3.10.egg-info/SOURCES.txt
[2.527s] -- Installing: /workspaces/isaac_ros-dev/install/custom_interfaces/local/lib/python3.10/dist-packages/custom_interfaces-0.0.0-py3.10.egg-info/top_level.txt
[2.528s] -- Installing: /workspaces/isaac_ros-dev/install/custom_interfaces/local/lib/python3.10/dist-packages/custom_interfaces-0.0.0-py3.10.egg-info/PKG-INFO
[2.528s] -- Up-to-date: /workspaces/isaac_ros-dev/install/custom_interfaces/local/lib/python3.10/dist-packages/custom_interfaces
[2.528s] -- Up-to-date: /workspaces/isaac_ros-dev/install/custom_interfaces/local/lib/python3.10/dist-packages/custom_interfaces/_custom_interfaces_s.ep.rosidl_typesupport_introspection_c.c
[2.529s] -- Up-to-date: /workspaces/isaac_ros-dev/install/custom_interfaces/local/lib/python3.10/dist-packages/custom_interfaces/custom_interfaces_s__rosidl_typesupport_c.cpython-310-aarch64-linux-gnu.so
[2.529s] -- Up-to-date: /workspaces/isaac_ros-dev/install/custom_interfaces/local/lib/python3.10/dist-packages/custom_interfaces/action
[2.529s] -- Up-to-date: /workspaces/isaac_ros-dev/install/custom_interfaces/local/lib/python3.10/dist-packages/custom_interfaces/action/_move.py
[2.529s] -- Up-to-date: /workspaces/isaac_ros-dev/install/custom_interfaces/local/lib/python3.10/dist-packages/custom_interfaces/action/_track_object.py
[2.529s] -- Up-to-date: /workspaces/isaac_ros-dev/install/custom_interfaces/local/lib/python3.10/dist-packages/custom_interfaces/action/_move_s.c
[2.529s] -- Up-to-date: /workspaces/isaac_ros-dev/install/custom_interfaces/local/lib/python3.10/dist-packages/custom_interfaces/action/_track_object_s.c
[2.530s] -- Up-to-date: /workspaces/isaac_ros-dev/install/custom_interfaces/local/lib/python3.10/dist-packages/custom_interfaces/action/__init__.py
[2.530s] -- Up-to-date: /workspaces/isaac_ros-dev/install/custom_interfaces/local/lib/python3.10/dist-packages/custom_interfaces/custom_interfaces_s__rosidl_typesupport_introspection_c.cpython-310-aarch64-linux-gnu.so
[2.530s] -- Up-to-date: /workspaces/isaac_ros-dev/install/custom_interfaces/local/lib/python3.10/dist-packages/custom_interfaces/_custom_interfaces_s.ep.rosidl_typesupport_c.c
[2.530s] -- Up-to-date: /workspaces/isaac_ros-dev/install/custom_interfaces/local/lib/python3.10/dist-packages/custom_interfaces/_custom_interfaces_s.ep.rosidl_typesupport_fastrtps_c.c
[2.530s] -- Up-to-date: /workspaces/isaac_ros-dev/install/custom_interfaces/local/lib/python3.10/dist-packages/custom_interfaces/custom_interfaces_s__rosidl_typesupport_fastrtps_c.cpython-310-aarch64-linux-gnu.so
[2.530s] -- Up-to-date: /workspaces/isaac_ros-dev/install/custom_interfaces/local/lib/python3.10/dist-packages/custom_interfaces/libcustom_interfaces__rosidl_generator_py.so
[2.530s] -- Up-to-date: /workspaces/isaac_ros-dev/install/custom_interfaces/local/lib/python3.10/dist-packages/custom_interfaces/__init__.py
[2.622s] Listing '/workspaces/isaac_ros-dev/install/custom_interfaces/local/lib/python3.10/dist-packages/custom_interfaces'...
[2.623s] Listing '/workspaces/isaac_ros-dev/install/custom_interfaces/local/lib/python3.10/dist-packages/custom_interfaces/action'...
[2.638s] -- Up-to-date: /workspaces/isaac_ros-dev/install/custom_interfaces/local/lib/python3.10/dist-packages/custom_interfaces/custom_interfaces_s__rosidl_typesupport_fastrtps_c.cpython-310-aarch64-linux-gnu.so
[2.640s] -- Up-to-date: /workspaces/isaac_ros-dev/install/custom_interfaces/local/lib/python3.10/dist-packages/custom_interfaces/custom_interfaces_s__rosidl_typesupport_introspection_c.cpython-310-aarch64-linux-gnu.so
[2.642s] -- Up-to-date: /workspaces/isaac_ros-dev/install/custom_interfaces/local/lib/python3.10/dist-packages/custom_interfaces/custom_interfaces_s__rosidl_typesupport_c.cpython-310-aarch64-linux-gnu.so
[2.643s] -- Up-to-date: /workspaces/isaac_ros-dev/install/custom_interfaces/lib/libcustom_interfaces__rosidl_generator_py.so
[2.644s] -- Up-to-date: /workspaces/isaac_ros-dev/install/custom_interfaces/share/custom_interfaces/action/Move.idl
[2.645s] -- Up-to-date: /workspaces/isaac_ros-dev/install/custom_interfaces/share/custom_interfaces/action/TrackObject.idl
[2.646s] -- Up-to-date: /workspaces/isaac_ros-dev/install/custom_interfaces/share/custom_interfaces/action/Move.action
[2.646s] -- Up-to-date: /workspaces/isaac_ros-dev/install/custom_interfaces/share/custom_interfaces/action/TrackObject.action
[2.646s] -- Up-to-date: /workspaces/isaac_ros-dev/install/custom_interfaces/share/ament_index/resource_index/package_run_dependencies/custom_interfaces
[2.647s] -- Up-to-date: /workspaces/isaac_ros-dev/install/custom_interfaces/share/ament_index/resource_index/parent_prefix_path/custom_interfaces
[2.648s] -- Up-to-date: /workspaces/isaac_ros-dev/install/custom_interfaces/share/custom_interfaces/environment/ament_prefix_path.sh
[2.649s] -- Up-to-date: /workspaces/isaac_ros-dev/install/custom_interfaces/share/custom_interfaces/environment/ament_prefix_path.dsv
[2.649s] -- Up-to-date: /workspaces/isaac_ros-dev/install/custom_interfaces/share/custom_interfaces/environment/path.sh
[2.650s] -- Up-to-date: /workspaces/isaac_ros-dev/install/custom_interfaces/share/custom_interfaces/environment/path.dsv
[2.651s] -- Up-to-date: /workspaces/isaac_ros-dev/install/custom_interfaces/share/custom_interfaces/local_setup.bash
[2.651s] -- Up-to-date: /workspaces/isaac_ros-dev/install/custom_interfaces/share/custom_interfaces/local_setup.sh
[2.652s] -- Up-to-date: /workspaces/isaac_ros-dev/install/custom_interfaces/share/custom_interfaces/local_setup.zsh
[2.653s] -- Up-to-date: /workspaces/isaac_ros-dev/install/custom_interfaces/share/custom_interfaces/local_setup.dsv
[2.653s] -- Installing: /workspaces/isaac_ros-dev/install/custom_interfaces/share/custom_interfaces/package.dsv
[2.654s] -- Up-to-date: /workspaces/isaac_ros-dev/install/custom_interfaces/share/ament_index/resource_index/packages/custom_interfaces
[2.656s] -- Up-to-date: /workspaces/isaac_ros-dev/install/custom_interfaces/share/custom_interfaces/cmake/export_custom_interfaces__rosidl_generator_cExport.cmake
[2.656s] -- Up-to-date: /workspaces/isaac_ros-dev/install/custom_interfaces/share/custom_interfaces/cmake/export_custom_interfaces__rosidl_generator_cExport-noconfig.cmake
[2.657s] -- Up-to-date: /workspaces/isaac_ros-dev/install/custom_interfaces/share/custom_interfaces/cmake/export_custom_interfaces__rosidl_typesupport_fastrtps_cExport.cmake
[2.657s] -- Up-to-date: /workspaces/isaac_ros-dev/install/custom_interfaces/share/custom_interfaces/cmake/export_custom_interfaces__rosidl_typesupport_fastrtps_cExport-noconfig.cmake
[2.657s] -- Up-to-date: /workspaces/isaac_ros-dev/install/custom_interfaces/share/custom_interfaces/cmake/export_custom_interfaces__rosidl_generator_cppExport.cmake
[2.658s] -- Up-to-date: /workspaces/isaac_ros-dev/install/custom_interfaces/share/custom_interfaces/cmake/export_custom_interfaces__rosidl_typesupport_fastrtps_cppExport.cmake
[2.658s] -- Up-to-date: /workspaces/isaac_ros-dev/install/custom_interfaces/share/custom_interfaces/cmake/export_custom_interfaces__rosidl_typesupport_fastrtps_cppExport-noconfig.cmake
[2.659s] -- Up-to-date: /workspaces/isaac_ros-dev/install/custom_interfaces/share/custom_interfaces/cmake/custom_interfaces__rosidl_typesupport_introspection_cExport.cmake
[2.659s] -- Up-to-date: /workspaces/isaac_ros-dev/install/custom_interfaces/share/custom_interfaces/cmake/custom_interfaces__rosidl_typesupport_introspection_cExport-noconfig.cmake
[2.659s] -- Up-to-date: /workspaces/isaac_ros-dev/install/custom_interfaces/share/custom_interfaces/cmake/custom_interfaces__rosidl_typesupport_cExport.cmake
[2.660s] -- Up-to-date: /workspaces/isaac_ros-dev/install/custom_interfaces/share/custom_interfaces/cmake/custom_interfaces__rosidl_typesupport_cExport-noconfig.cmake
[2.660s] -- Up-to-date: /workspaces/isaac_ros-dev/install/custom_interfaces/share/custom_interfaces/cmake/custom_interfaces__rosidl_typesupport_introspection_cppExport.cmake
[2.660s] -- Up-to-date: /workspaces/isaac_ros-dev/install/custom_interfaces/share/custom_interfaces/cmake/custom_interfaces__rosidl_typesupport_introspection_cppExport-noconfig.cmake
[2.660s] -- Up-to-date: /workspaces/isaac_ros-dev/install/custom_interfaces/share/custom_interfaces/cmake/custom_interfaces__rosidl_typesupport_cppExport.cmake
[2.661s] -- Up-to-date: /workspaces/isaac_ros-dev/install/custom_interfaces/share/custom_interfaces/cmake/custom_interfaces__rosidl_typesupport_cppExport-noconfig.cmake
[2.661s] -- Up-to-date: /workspaces/isaac_ros-dev/install/custom_interfaces/share/custom_interfaces/cmake/export_custom_interfaces__rosidl_generator_pyExport.cmake
[2.661s] -- Up-to-date: /workspaces/isaac_ros-dev/install/custom_interfaces/share/custom_interfaces/cmake/export_custom_interfaces__rosidl_generator_pyExport-noconfig.cmake
[2.661s] -- Up-to-date: /workspaces/isaac_ros-dev/install/custom_interfaces/share/custom_interfaces/cmake/rosidl_cmake-extras.cmake
[2.661s] -- Up-to-date: /workspaces/isaac_ros-dev/install/custom_interfaces/share/custom_interfaces/cmake/ament_cmake_export_dependencies-extras.cmake
[2.661s] -- Up-to-date: /workspaces/isaac_ros-dev/install/custom_interfaces/share/custom_interfaces/cmake/ament_cmake_export_include_directories-extras.cmake
[2.662s] -- Up-to-date: /workspaces/isaac_ros-dev/install/custom_interfaces/share/custom_interfaces/cmake/ament_cmake_export_libraries-extras.cmake
[2.662s] -- Up-to-date: /workspaces/isaac_ros-dev/install/custom_interfaces/share/custom_interfaces/cmake/ament_cmake_export_targets-extras.cmake
[2.662s] -- Up-to-date: /workspaces/isaac_ros-dev/install/custom_interfaces/share/custom_interfaces/cmake/rosidl_cmake_export_typesupport_targets-extras.cmake
[2.662s] -- Up-to-date: /workspaces/isaac_ros-dev/install/custom_interfaces/share/custom_interfaces/cmake/rosidl_cmake_export_typesupport_libraries-extras.cmake
[2.662s] -- Up-to-date: /workspaces/isaac_ros-dev/install/custom_interfaces/share/custom_interfaces/cmake/custom_interfacesConfig.cmake
[2.662s] -- Up-to-date: /workspaces/isaac_ros-dev/install/custom_interfaces/share/custom_interfaces/cmake/custom_interfacesConfig-version.cmake
[2.663s] -- Up-to-date: /workspaces/isaac_ros-dev/install/custom_interfaces/share/custom_interfaces/package.xml
[2.671s] Invoked command in '/workspaces/isaac_ros-dev/build/custom_interfaces' returned '0': CMAKE_PREFIX_PATH=${CMAKE_PREFIX_PATH}:/opt/ros/humble /usr/bin/cmake --install /workspaces/isaac_ros-dev/build/custom_interfaces
