[  6%] Built target custom_interfaces__cpp
[  6%] [32mBuilding C object CMakeFiles/custom_interfaces__rosidl_generator_c.dir/rosidl_generator_c/custom_interfaces/action/detail/move__functions.c.o[0m
[ 12%] [34m[1mGenerating C++ introspection for ROS interfaces[0m
[ 12%] [34m[1mGenerating C++ type support dispatch for ROS interfaces[0m
[ 12%] Built target ament_cmake_python_copy_custom_interfaces
[ 16%] [34m[1mGenerating C++ type support for eProsima Fast-RTPS[0m
In file included from [01m[K/workspaces/isaac_ros-dev/src/build/custom_interfaces/rosidl_generator_c/custom_interfaces/action/detail/move__functions.h:19[m[K,
                 from [01m[K/workspaces/isaac_ros-dev/src/build/custom_interfaces/rosidl_generator_c/custom_interfaces/action/detail/move__functions.c:4[m[K:
[01m[K/workspaces/isaac_ros-dev/src/build/custom_interfaces/rosidl_generator_c/custom_interfaces/action/detail/move__struct.h:22:10:[m[K [01;31m[Kfatal error: [m[Kgeometry_msgs/msg/detail/twist__struct.h: No such file or directory
   22 | #include [01;31m[K"geometry_msgs/msg/detail/twist__struct.h"[m[K
      |          [01;31m[K^~~~~~~~~~~~~~~~~~~~~~~~~~~~~~~~~~~~~~~~~~[m[K
compilation terminated.
gmake[2]: *** [CMakeFiles/custom_interfaces__rosidl_generator_c.dir/build.make:112: CMakeFiles/custom_interfaces__rosidl_generator_c.dir/rosidl_generator_c/custom_interfaces/action/detail/move__functions.c.o] Error 1
gmake[1]: *** [CMakeFiles/Makefile2:213: CMakeFiles/custom_interfaces__rosidl_generator_c.dir/all] Error 2
gmake[1]: *** Waiting for unfinished jobs....
[ 19%] [32mBuilding CXX object CMakeFiles/custom_interfaces__rosidl_typesupport_cpp.dir/rosidl_typesupport_cpp/custom_interfaces/action/move__type_support.cpp.o[0m
In file included from [01m[K/workspaces/isaac_ros-dev/src/build/custom_interfaces/rosidl_typesupport_cpp/custom_interfaces/action/move__type_support.cpp:7[m[K:
[01m[K/workspaces/isaac_ros-dev/src/build/custom_interfaces/rosidl_generator_cpp/custom_interfaces/action/detail/move__struct.hpp:20:10:[m[K [01;31m[Kfatal error: [m[Kgeometry_msgs/msg/detail/twist__struct.hpp: No such file or directory
   20 | #include [01;31m[K"geometry_msgs/msg/detail/twist__struct.hpp"[m[K
      |          [01;31m[K^~~~~~~~~~~~~~~~~~~~~~~~~~~~~~~~~~~~~~~~~~~~[m[K
compilation terminated.
[ 22%] [32mBuilding CXX object CMakeFiles/custom_interfaces__rosidl_typesupport_introspection_cpp.dir/rosidl_typesupport_introspection_cpp/custom_interfaces/action/detail/move__type_support.cpp.o[0m
gmake[2]: *** [CMakeFiles/custom_interfaces__rosidl_typesupport_cpp.dir/build.make:93: CMakeFiles/custom_interfaces__rosidl_typesupport_cpp.dir/rosidl_typesupport_cpp/custom_interfaces/action/move__type_support.cpp.o] Error 1
gmake[1]: *** [CMakeFiles/Makefile2:395: CMakeFiles/custom_interfaces__rosidl_typesupport_cpp.dir/all] Error 2
[ 25%] [32mBuilding CXX object CMakeFiles/custom_interfaces__rosidl_typesupport_fastrtps_cpp.dir/rosidl_typesupport_fastrtps_cpp/custom_interfaces/action/detail/dds_fastrtps/move__type_support.cpp.o[0m
In file included from [01m[K/workspaces/isaac_ros-dev/src/build/custom_interfaces/rosidl_typesupport_introspection_cpp/custom_interfaces/action/detail/move__type_support.cpp:12[m[K:
[01m[K/workspaces/isaac_ros-dev/src/build/custom_interfaces/rosidl_generator_cpp/custom_interfaces/action/detail/move__struct.hpp:20:10:[m[K [01;31m[Kfatal error: [m[Kgeometry_msgs/msg/detail/twist__struct.hpp: No such file or directory
   20 | #include [01;31m[K"geometry_msgs/msg/detail/twist__struct.hpp"[m[K
      |          [01;31m[K^~~~~~~~~~~~~~~~~~~~~~~~~~~~~~~~~~~~~~~~~~~~[m[K
compilation terminated.
gmake[2]: *** [CMakeFiles/custom_interfaces__rosidl_typesupport_introspection_cpp.dir/build.make:98: CMakeFiles/custom_interfaces__rosidl_typesupport_introspection_cpp.dir/rosidl_typesupport_introspection_cpp/custom_interfaces/action/detail/move__type_support.cpp.o] Error 1
gmake[1]: *** [CMakeFiles/Makefile2:369: CMakeFiles/custom_interfaces__rosidl_typesupport_introspection_cpp.dir/all] Error 2
running egg_info
In file included from [01m[K/workspaces/isaac_ros-dev/src/build/custom_interfaces/rosidl_typesupport_fastrtps_cpp/custom_interfaces/action/detail/move__rosidl_typesupport_fastrtps_cpp.hpp:11[m[K,
                 from [01m[K/workspaces/isaac_ros-dev/src/build/custom_interfaces/rosidl_typesupport_fastrtps_cpp/custom_interfaces/action/detail/dds_fastrtps/move__type_support.cpp:4[m[K:
[01m[K/workspaces/isaac_ros-dev/src/build/custom_interfaces/rosidl_generator_cpp/custom_interfaces/action/detail/move__struct.hpp:20:10:[m[K [01;31m[Kfatal error: [m[Kgeometry_msgs/msg/detail/twist__struct.hpp: No such file or directory
   20 | #include [01;31m[K"geometry_msgs/msg/detail/twist__struct.hpp"[m[K
      |          [01;31m[K^~~~~~~~~~~~~~~~~~~~~~~~~~~~~~~~~~~~~~~~~~~~[m[K
compilation terminated.
gmake[2]: *** [CMakeFiles/custom_interfaces__rosidl_typesupport_fastrtps_cpp.dir/build.make:98: CMakeFiles/custom_interfaces__rosidl_typesupport_fastrtps_cpp.dir/rosidl_typesupport_fastrtps_cpp/custom_interfaces/action/detail/dds_fastrtps/move__type_support.cpp.o] Error 1
gmake[1]: *** [CMakeFiles/Makefile2:291: CMakeFiles/custom_interfaces__rosidl_typesupport_fastrtps_cpp.dir/all] Error 2
writing custom_interfaces.egg-info/PKG-INFO
writing dependency_links to custom_interfaces.egg-info/dependency_links.txt
writing top-level names to custom_interfaces.egg-info/top_level.txt
ERROR setuptools_scm._file_finders.git listing git files failed - pretending there aren't any
reading manifest file 'custom_interfaces.egg-info/SOURCES.txt'
writing manifest file 'custom_interfaces.egg-info/SOURCES.txt'
[ 25%] Built target ament_cmake_python_build_custom_interfaces_egg
gmake: *** [Makefile:146: all] Error 2
