[0.025s] Invoking command in '/workspaces/isaac_ros-dev/build/custom_interfaces': CMAKE_PREFIX_PATH=${CMAKE_PREFIX_PATH}:/opt/ros/humble /usr/bin/cmake --build /workspaces/isaac_ros-dev/build/custom_interfaces -- -j6 -l6
[0.127s] [35m[1mConsolidate compiler generated dependencies of target custom_interfaces__rosidl_generator_c[0m
[0.152s] [  3%] Built target custom_interfaces__cpp
[0.163s] [ 12%] Built target custom_interfaces__rosidl_generator_c
[0.179s] [ 12%] Built target ament_cmake_python_copy_custom_interfaces
[0.181s] [35m[1mConsolidate compiler generated dependencies of target custom_interfaces__rosidl_typesupport_cpp[0m
[0.181s] [35m[1mConsolidate compiler generated dependencies of target custom_interfaces__rosidl_typesupport_fastrtps_cpp[0m
[0.193s] [35m[1mConsolidate compiler generated dependencies of target custom_interfaces__rosidl_typesupport_introspection_c[0m
[0.194s] [35m[1mConsolidate compiler generated dependencies of target custom_interfaces__rosidl_typesupport_introspection_cpp[0m
[0.194s] [35m[1mConsolidate compiler generated dependencies of target custom_interfaces__rosidl_typesupport_fastrtps_c[0m
[0.213s] [35m[1mConsolidate compiler generated dependencies of target custom_interfaces__rosidl_typesupport_c[0m
[0.236s] [ 22%] Built target custom_interfaces__rosidl_typesupport_cpp
[0.242s] [ 32%] Built target custom_interfaces__rosidl_typesupport_fastrtps_c
[0.244s] [ 41%] Built target custom_interfaces__rosidl_typesupport_fastrtps_cpp
[0.249s] [ 51%] Built target custom_interfaces__rosidl_typesupport_introspection_c
[0.259s] [ 61%] Built target custom_interfaces__rosidl_typesupport_introspection_cpp
[0.268s] [ 70%] Built target custom_interfaces__rosidl_typesupport_c
[0.324s] [ 70%] Built target custom_interfaces
[0.380s] [ 74%] Built target custom_interfaces__py
[0.405s] [35m[1mConsolidate compiler generated dependencies of target custom_interfaces__rosidl_generator_py[0m
[0.439s] [ 80%] Built target custom_interfaces__rosidl_generator_py
[0.467s] [35m[1mConsolidate compiler generated dependencies of target custom_interfaces__rosidl_typesupport_c__pyext[0m
[0.467s] [35m[1mConsolidate compiler generated dependencies of target custom_interfaces__rosidl_typesupport_fastrtps_c__pyext[0m
[0.469s] [35m[1mConsolidate compiler generated dependencies of target custom_interfaces__rosidl_typesupport_introspection_c__pyext[0m
[0.502s] [ 93%] Built target custom_interfaces__rosidl_typesupport_introspection_c__pyext
[0.502s] [ 93%] Built target custom_interfaces__rosidl_typesupport_fastrtps_c__pyext
[0.505s] [100%] Built target custom_interfaces__rosidl_typesupport_c__pyext
[1.328s] running egg_info
[1.379s] writing custom_interfaces.egg-info/PKG-INFO
[1.379s] writing dependency_links to custom_interfaces.egg-info/dependency_links.txt
[1.380s] writing top-level names to custom_interfaces.egg-info/top_level.txt
[1.670s] ERROR setuptools_scm._file_finders.git listing git files failed - pretending there aren't any
[1.993s] reading manifest file 'custom_interfaces.egg-info/SOURCES.txt'
[1.994s] writing manifest file 'custom_interfaces.egg-info/SOURCES.txt'
[2.144s] [100%] Built target ament_cmake_python_build_custom_interfaces_egg
[2.173s] Invoked command in '/workspaces/isaac_ros-dev/build/custom_interfaces' returned '0': CMAKE_PREFIX_PATH=${CMAKE_PREFIX_PATH}:/opt/ros/humble /usr/bin/cmake --build /workspaces/isaac_ros-dev/build/custom_interfaces -- -j6 -l6
[2.198s] Invoking command in '/workspaces/isaac_ros-dev/build/custom_interfaces': CMAKE_PREFIX_PATH=${CMAKE_PREFIX_PATH}:/opt/ros/humble /usr/bin/cmake --install /workspaces/isaac_ros-dev/build/custom_interfaces
[2.219s] -- Install configuration: ""
[2.219s] -- Up-to-date: /workspaces/isaac_ros-dev/install/custom_interfaces/share/ament_index/resource_index/rosidl_interfaces/custom_interfaces
[2.222s] -- Up-to-date: /workspaces/isaac_ros-dev/install/custom_interfaces/include/custom_interfaces/custom_interfaces
[2.222s] -- Up-to-date: /workspaces/isaac_ros-dev/install/custom_interfaces/include/custom_interfaces/custom_interfaces/msg
[2.222s] -- Up-to-date: /workspaces/isaac_ros-dev/install/custom_interfaces/include/custom_interfaces/custom_interfaces/msg/rosidl_generator_c__visibility_control.h
[2.223s] -- Up-to-date: /workspaces/isaac_ros-dev/install/custom_interfaces/include/custom_interfaces/custom_interfaces/action
[2.223s] -- Up-to-date: /workspaces/isaac_ros-dev/install/custom_interfaces/include/custom_interfaces/custom_interfaces/action/move.h
[2.223s] -- Up-to-date: /workspaces/isaac_ros-dev/install/custom_interfaces/include/custom_interfaces/custom_interfaces/action/detail
[2.224s] -- Up-to-date: /workspaces/isaac_ros-dev/install/custom_interfaces/include/custom_interfaces/custom_interfaces/action/detail/move__struct.h
[2.224s] -- Up-to-date: /workspaces/isaac_ros-dev/install/custom_interfaces/include/custom_interfaces/custom_interfaces/action/detail/move__functions.c
[2.224s] -- Up-to-date: /workspaces/isaac_ros-dev/install/custom_interfaces/include/custom_interfaces/custom_interfaces/action/detail/move__type_support.h
[2.224s] -- Up-to-date: /workspaces/isaac_ros-dev/install/custom_interfaces/include/custom_interfaces/custom_interfaces/action/detail/move__functions.h
[2.224s] -- Up-to-date: /workspaces/isaac_ros-dev/install/custom_interfaces/share/custom_interfaces/environment/library_path.sh
[2.225s] -- Up-to-date: /workspaces/isaac_ros-dev/install/custom_interfaces/share/custom_interfaces/environment/library_path.dsv
[2.225s] -- Up-to-date: /workspaces/isaac_ros-dev/install/custom_interfaces/lib/libcustom_interfaces__rosidl_generator_c.so
[2.225s] -- Up-to-date: /workspaces/isaac_ros-dev/install/custom_interfaces/include/custom_interfaces/custom_interfaces
[2.226s] -- Up-to-date: /workspaces/isaac_ros-dev/install/custom_interfaces/include/custom_interfaces/custom_interfaces/msg
[2.226s] -- Up-to-date: /workspaces/isaac_ros-dev/install/custom_interfaces/include/custom_interfaces/custom_interfaces/msg/rosidl_typesupport_fastrtps_c__visibility_control.h
[2.226s] -- Up-to-date: /workspaces/isaac_ros-dev/install/custom_interfaces/include/custom_interfaces/custom_interfaces/action
[2.226s] -- Up-to-date: /workspaces/isaac_ros-dev/install/custom_interfaces/include/custom_interfaces/custom_interfaces/action/detail
[2.226s] -- Up-to-date: /workspaces/isaac_ros-dev/install/custom_interfaces/include/custom_interfaces/custom_interfaces/action/detail/move__rosidl_typesupport_fastrtps_c.h
[2.229s] -- Up-to-date: /workspaces/isaac_ros-dev/install/custom_interfaces/lib/libcustom_interfaces__rosidl_typesupport_fastrtps_c.so
[2.229s] -- Up-to-date: /workspaces/isaac_ros-dev/install/custom_interfaces/include/custom_interfaces/custom_interfaces
[2.230s] -- Up-to-date: /workspaces/isaac_ros-dev/install/custom_interfaces/include/custom_interfaces/custom_interfaces/msg
[2.230s] -- Up-to-date: /workspaces/isaac_ros-dev/install/custom_interfaces/include/custom_interfaces/custom_interfaces/msg/rosidl_generator_cpp__visibility_control.hpp
[2.230s] -- Up-to-date: /workspaces/isaac_ros-dev/install/custom_interfaces/include/custom_interfaces/custom_interfaces/action
[2.230s] -- Up-to-date: /workspaces/isaac_ros-dev/install/custom_interfaces/include/custom_interfaces/custom_interfaces/action/move.hpp
[2.230s] -- Up-to-date: /workspaces/isaac_ros-dev/install/custom_interfaces/include/custom_interfaces/custom_interfaces/action/detail
[2.230s] -- Up-to-date: /workspaces/isaac_ros-dev/install/custom_interfaces/include/custom_interfaces/custom_interfaces/action/detail/move__struct.hpp
[2.231s] -- Up-to-date: /workspaces/isaac_ros-dev/install/custom_interfaces/include/custom_interfaces/custom_interfaces/action/detail/move__builder.hpp
[2.231s] -- Up-to-date: /workspaces/isaac_ros-dev/install/custom_interfaces/include/custom_interfaces/custom_interfaces/action/detail/move__traits.hpp
[2.231s] -- Up-to-date: /workspaces/isaac_ros-dev/install/custom_interfaces/include/custom_interfaces/custom_interfaces/action/detail/move__type_support.hpp
[2.231s] -- Up-to-date: /workspaces/isaac_ros-dev/install/custom_interfaces/include/custom_interfaces/custom_interfaces
[2.231s] -- Up-to-date: /workspaces/isaac_ros-dev/install/custom_interfaces/include/custom_interfaces/custom_interfaces/msg
[2.232s] -- Up-to-date: /workspaces/isaac_ros-dev/install/custom_interfaces/include/custom_interfaces/custom_interfaces/msg/rosidl_typesupport_fastrtps_cpp__visibility_control.h
[2.232s] -- Up-to-date: /workspaces/isaac_ros-dev/install/custom_interfaces/include/custom_interfaces/custom_interfaces/action
[2.232s] -- Up-to-date: /workspaces/isaac_ros-dev/install/custom_interfaces/include/custom_interfaces/custom_interfaces/action/detail
[2.232s] -- Up-to-date: /workspaces/isaac_ros-dev/install/custom_interfaces/include/custom_interfaces/custom_interfaces/action/detail/move__rosidl_typesupport_fastrtps_cpp.hpp
[2.232s] -- Up-to-date: /workspaces/isaac_ros-dev/install/custom_interfaces/include/custom_interfaces/custom_interfaces/action/detail/dds_fastrtps
[2.232s] -- Up-to-date: /workspaces/isaac_ros-dev/install/custom_interfaces/lib/libcustom_interfaces__rosidl_typesupport_fastrtps_cpp.so
[2.233s] -- Up-to-date: /workspaces/isaac_ros-dev/install/custom_interfaces/include/custom_interfaces/custom_interfaces
[2.233s] -- Up-to-date: /workspaces/isaac_ros-dev/install/custom_interfaces/include/custom_interfaces/custom_interfaces/msg
[2.233s] -- Up-to-date: /workspaces/isaac_ros-dev/install/custom_interfaces/include/custom_interfaces/custom_interfaces/msg/rosidl_typesupport_introspection_c__visibility_control.h
[2.233s] -- Up-to-date: /workspaces/isaac_ros-dev/install/custom_interfaces/include/custom_interfaces/custom_interfaces/action
[2.233s] -- Up-to-date: /workspaces/isaac_ros-dev/install/custom_interfaces/include/custom_interfaces/custom_interfaces/action/detail
[2.234s] -- Up-to-date: /workspaces/isaac_ros-dev/install/custom_interfaces/include/custom_interfaces/custom_interfaces/action/detail/move__rosidl_typesupport_introspection_c.h
[2.234s] -- Up-to-date: /workspaces/isaac_ros-dev/install/custom_interfaces/include/custom_interfaces/custom_interfaces/action/detail/move__type_support.c
[2.234s] -- Up-to-date: /workspaces/isaac_ros-dev/install/custom_interfaces/lib/libcustom_interfaces__rosidl_typesupport_introspection_c.so
[2.234s] -- Up-to-date: /workspaces/isaac_ros-dev/install/custom_interfaces/lib/libcustom_interfaces__rosidl_typesupport_c.so
[2.234s] -- Up-to-date: /workspaces/isaac_ros-dev/install/custom_interfaces/include/custom_interfaces/custom_interfaces
[2.235s] -- Up-to-date: /workspaces/isaac_ros-dev/install/custom_interfaces/include/custom_interfaces/custom_interfaces/action
[2.235s] -- Up-to-date: /workspaces/isaac_ros-dev/install/custom_interfaces/include/custom_interfaces/custom_interfaces/action/detail
[2.235s] -- Up-to-date: /workspaces/isaac_ros-dev/install/custom_interfaces/include/custom_interfaces/custom_interfaces/action/detail/move__type_support.cpp
[2.235s] -- Up-to-date: /workspaces/isaac_ros-dev/install/custom_interfaces/include/custom_interfaces/custom_interfaces/action/detail/move__rosidl_typesupport_introspection_cpp.hpp
[2.235s] -- Up-to-date: /workspaces/isaac_ros-dev/install/custom_interfaces/lib/libcustom_interfaces__rosidl_typesupport_introspection_cpp.so
[2.235s] -- Up-to-date: /workspaces/isaac_ros-dev/install/custom_interfaces/lib/libcustom_interfaces__rosidl_typesupport_cpp.so
[2.236s] -- Up-to-date: /workspaces/isaac_ros-dev/install/custom_interfaces/share/custom_interfaces/environment/pythonpath.sh
[2.236s] -- Up-to-date: /workspaces/isaac_ros-dev/install/custom_interfaces/share/custom_interfaces/environment/pythonpath.dsv
[2.236s] -- Up-to-date: /workspaces/isaac_ros-dev/install/custom_interfaces/local/lib/python3.10/dist-packages/custom_interfaces-0.0.0-py3.10.egg-info
[2.236s] -- Installing: /workspaces/isaac_ros-dev/install/custom_interfaces/local/lib/python3.10/dist-packages/custom_interfaces-0.0.0-py3.10.egg-info/dependency_links.txt
[2.236s] -- Installing: /workspaces/isaac_ros-dev/install/custom_interfaces/local/lib/python3.10/dist-packages/custom_interfaces-0.0.0-py3.10.egg-info/SOURCES.txt
[2.236s] -- Installing: /workspaces/isaac_ros-dev/install/custom_interfaces/local/lib/python3.10/dist-packages/custom_interfaces-0.0.0-py3.10.egg-info/top_level.txt
[2.237s] -- Installing: /workspaces/isaac_ros-dev/install/custom_interfaces/local/lib/python3.10/dist-packages/custom_interfaces-0.0.0-py3.10.egg-info/PKG-INFO
[2.237s] -- Up-to-date: /workspaces/isaac_ros-dev/install/custom_interfaces/local/lib/python3.10/dist-packages/custom_interfaces
[2.237s] -- Up-to-date: /workspaces/isaac_ros-dev/install/custom_interfaces/local/lib/python3.10/dist-packages/custom_interfaces/_custom_interfaces_s.ep.rosidl_typesupport_introspection_c.c
[2.237s] -- Up-to-date: /workspaces/isaac_ros-dev/install/custom_interfaces/local/lib/python3.10/dist-packages/custom_interfaces/custom_interfaces_s__rosidl_typesupport_c.cpython-310-aarch64-linux-gnu.so
[2.237s] -- Up-to-date: /workspaces/isaac_ros-dev/install/custom_interfaces/local/lib/python3.10/dist-packages/custom_interfaces/action
[2.237s] -- Up-to-date: /workspaces/isaac_ros-dev/install/custom_interfaces/local/lib/python3.10/dist-packages/custom_interfaces/action/_move.py
[2.238s] -- Up-to-date: /workspaces/isaac_ros-dev/install/custom_interfaces/local/lib/python3.10/dist-packages/custom_interfaces/action/_move_s.c
[2.238s] -- Up-to-date: /workspaces/isaac_ros-dev/install/custom_interfaces/local/lib/python3.10/dist-packages/custom_interfaces/action/__init__.py
[2.238s] -- Up-to-date: /workspaces/isaac_ros-dev/install/custom_interfaces/local/lib/python3.10/dist-packages/custom_interfaces/custom_interfaces_s__rosidl_typesupport_introspection_c.cpython-310-aarch64-linux-gnu.so
[2.238s] -- Up-to-date: /workspaces/isaac_ros-dev/install/custom_interfaces/local/lib/python3.10/dist-packages/custom_interfaces/_custom_interfaces_s.ep.rosidl_typesupport_c.c
[2.238s] -- Up-to-date: /workspaces/isaac_ros-dev/install/custom_interfaces/local/lib/python3.10/dist-packages/custom_interfaces/_custom_interfaces_s.ep.rosidl_typesupport_fastrtps_c.c
[2.239s] -- Up-to-date: /workspaces/isaac_ros-dev/install/custom_interfaces/local/lib/python3.10/dist-packages/custom_interfaces/custom_interfaces_s__rosidl_typesupport_fastrtps_c.cpython-310-aarch64-linux-gnu.so
[2.239s] -- Up-to-date: /workspaces/isaac_ros-dev/install/custom_interfaces/local/lib/python3.10/dist-packages/custom_interfaces/libcustom_interfaces__rosidl_generator_py.so
[2.239s] -- Up-to-date: /workspaces/isaac_ros-dev/install/custom_interfaces/local/lib/python3.10/dist-packages/custom_interfaces/__init__.py
[2.313s] Listing '/workspaces/isaac_ros-dev/install/custom_interfaces/local/lib/python3.10/dist-packages/custom_interfaces'...
[2.313s] Listing '/workspaces/isaac_ros-dev/install/custom_interfaces/local/lib/python3.10/dist-packages/custom_interfaces/action'...
[2.328s] -- Up-to-date: /workspaces/isaac_ros-dev/install/custom_interfaces/local/lib/python3.10/dist-packages/custom_interfaces/custom_interfaces_s__rosidl_typesupport_fastrtps_c.cpython-310-aarch64-linux-gnu.so
[2.329s] -- Up-to-date: /workspaces/isaac_ros-dev/install/custom_interfaces/local/lib/python3.10/dist-packages/custom_interfaces/custom_interfaces_s__rosidl_typesupport_introspection_c.cpython-310-aarch64-linux-gnu.so
[2.329s] -- Up-to-date: /workspaces/isaac_ros-dev/install/custom_interfaces/local/lib/python3.10/dist-packages/custom_interfaces/custom_interfaces_s__rosidl_typesupport_c.cpython-310-aarch64-linux-gnu.so
[2.329s] -- Up-to-date: /workspaces/isaac_ros-dev/install/custom_interfaces/lib/libcustom_interfaces__rosidl_generator_py.so
[2.331s] -- Up-to-date: /workspaces/isaac_ros-dev/install/custom_interfaces/share/custom_interfaces/action/Move.idl
[2.332s] -- Up-to-date: /workspaces/isaac_ros-dev/install/custom_interfaces/share/custom_interfaces/action/Move.action
[2.333s] -- Up-to-date: /workspaces/isaac_ros-dev/install/custom_interfaces/share/ament_index/resource_index/package_run_dependencies/custom_interfaces
[2.333s] -- Up-to-date: /workspaces/isaac_ros-dev/install/custom_interfaces/share/ament_index/resource_index/parent_prefix_path/custom_interfaces
[2.334s] -- Up-to-date: /workspaces/isaac_ros-dev/install/custom_interfaces/share/custom_interfaces/environment/ament_prefix_path.sh
[2.334s] -- Up-to-date: /workspaces/isaac_ros-dev/install/custom_interfaces/share/custom_interfaces/environment/ament_prefix_path.dsv
[2.336s] -- Up-to-date: /workspaces/isaac_ros-dev/install/custom_interfaces/share/custom_interfaces/environment/path.sh
[2.336s] -- Up-to-date: /workspaces/isaac_ros-dev/install/custom_interfaces/share/custom_interfaces/environment/path.dsv
[2.337s] -- Up-to-date: /workspaces/isaac_ros-dev/install/custom_interfaces/share/custom_interfaces/local_setup.bash
[2.337s] -- Up-to-date: /workspaces/isaac_ros-dev/install/custom_interfaces/share/custom_interfaces/local_setup.sh
[2.337s] -- Up-to-date: /workspaces/isaac_ros-dev/install/custom_interfaces/share/custom_interfaces/local_setup.zsh
[2.337s] -- Up-to-date: /workspaces/isaac_ros-dev/install/custom_interfaces/share/custom_interfaces/local_setup.dsv
[2.338s] -- Installing: /workspaces/isaac_ros-dev/install/custom_interfaces/share/custom_interfaces/package.dsv
[2.338s] -- Up-to-date: /workspaces/isaac_ros-dev/install/custom_interfaces/share/ament_index/resource_index/packages/custom_interfaces
[2.338s] -- Up-to-date: /workspaces/isaac_ros-dev/install/custom_interfaces/share/custom_interfaces/cmake/export_custom_interfaces__rosidl_generator_cExport.cmake
[2.338s] -- Up-to-date: /workspaces/isaac_ros-dev/install/custom_interfaces/share/custom_interfaces/cmake/export_custom_interfaces__rosidl_generator_cExport-noconfig.cmake
[2.339s] -- Up-to-date: /workspaces/isaac_ros-dev/install/custom_interfaces/share/custom_interfaces/cmake/export_custom_interfaces__rosidl_typesupport_fastrtps_cExport.cmake
[2.340s] -- Up-to-date: /workspaces/isaac_ros-dev/install/custom_interfaces/share/custom_interfaces/cmake/export_custom_interfaces__rosidl_typesupport_fastrtps_cExport-noconfig.cmake
[2.342s] -- Up-to-date: /workspaces/isaac_ros-dev/install/custom_interfaces/share/custom_interfaces/cmake/export_custom_interfaces__rosidl_generator_cppExport.cmake
[2.343s] -- Up-to-date: /workspaces/isaac_ros-dev/install/custom_interfaces/share/custom_interfaces/cmake/export_custom_interfaces__rosidl_typesupport_fastrtps_cppExport.cmake
[2.344s] -- Up-to-date: /workspaces/isaac_ros-dev/install/custom_interfaces/share/custom_interfaces/cmake/export_custom_interfaces__rosidl_typesupport_fastrtps_cppExport-noconfig.cmake
[2.345s] -- Up-to-date: /workspaces/isaac_ros-dev/install/custom_interfaces/share/custom_interfaces/cmake/custom_interfaces__rosidl_typesupport_introspection_cExport.cmake
[2.346s] -- Up-to-date: /workspaces/isaac_ros-dev/install/custom_interfaces/share/custom_interfaces/cmake/custom_interfaces__rosidl_typesupport_introspection_cExport-noconfig.cmake
[2.347s] -- Up-to-date: /workspaces/isaac_ros-dev/install/custom_interfaces/share/custom_interfaces/cmake/custom_interfaces__rosidl_typesupport_cExport.cmake
[2.348s] -- Up-to-date: /workspaces/isaac_ros-dev/install/custom_interfaces/share/custom_interfaces/cmake/custom_interfaces__rosidl_typesupport_cExport-noconfig.cmake
[2.348s] -- Up-to-date: /workspaces/isaac_ros-dev/install/custom_interfaces/share/custom_interfaces/cmake/custom_interfaces__rosidl_typesupport_introspection_cppExport.cmake
[2.349s] -- Up-to-date: /workspaces/isaac_ros-dev/install/custom_interfaces/share/custom_interfaces/cmake/custom_interfaces__rosidl_typesupport_introspection_cppExport-noconfig.cmake
[2.350s] -- Up-to-date: /workspaces/isaac_ros-dev/install/custom_interfaces/share/custom_interfaces/cmake/custom_interfaces__rosidl_typesupport_cppExport.cmake
[2.350s] -- Up-to-date: /workspaces/isaac_ros-dev/install/custom_interfaces/share/custom_interfaces/cmake/custom_interfaces__rosidl_typesupport_cppExport-noconfig.cmake
[2.351s] -- Up-to-date: /workspaces/isaac_ros-dev/install/custom_interfaces/share/custom_interfaces/cmake/export_custom_interfaces__rosidl_generator_pyExport.cmake
[2.351s] -- Up-to-date: /workspaces/isaac_ros-dev/install/custom_interfaces/share/custom_interfaces/cmake/export_custom_interfaces__rosidl_generator_pyExport-noconfig.cmake
[2.352s] -- Up-to-date: /workspaces/isaac_ros-dev/install/custom_interfaces/share/custom_interfaces/cmake/rosidl_cmake-extras.cmake
[2.353s] -- Up-to-date: /workspaces/isaac_ros-dev/install/custom_interfaces/share/custom_interfaces/cmake/ament_cmake_export_dependencies-extras.cmake
[2.353s] -- Up-to-date: /workspaces/isaac_ros-dev/install/custom_interfaces/share/custom_interfaces/cmake/ament_cmake_export_include_directories-extras.cmake
[2.354s] -- Up-to-date: /workspaces/isaac_ros-dev/install/custom_interfaces/share/custom_interfaces/cmake/ament_cmake_export_libraries-extras.cmake
[2.354s] -- Up-to-date: /workspaces/isaac_ros-dev/install/custom_interfaces/share/custom_interfaces/cmake/ament_cmake_export_targets-extras.cmake
[2.355s] -- Up-to-date: /workspaces/isaac_ros-dev/install/custom_interfaces/share/custom_interfaces/cmake/rosidl_cmake_export_typesupport_targets-extras.cmake
[2.355s] -- Up-to-date: /workspaces/isaac_ros-dev/install/custom_interfaces/share/custom_interfaces/cmake/rosidl_cmake_export_typesupport_libraries-extras.cmake
[2.356s] -- Up-to-date: /workspaces/isaac_ros-dev/install/custom_interfaces/share/custom_interfaces/cmake/custom_interfacesConfig.cmake
[2.356s] -- Up-to-date: /workspaces/isaac_ros-dev/install/custom_interfaces/share/custom_interfaces/cmake/custom_interfacesConfig-version.cmake
[2.357s] -- Up-to-date: /workspaces/isaac_ros-dev/install/custom_interfaces/share/custom_interfaces/package.xml
[2.358s] Invoked command in '/workspaces/isaac_ros-dev/build/custom_interfaces' returned '0': CMAKE_PREFIX_PATH=${CMAKE_PREFIX_PATH}:/opt/ros/humble /usr/bin/cmake --install /workspaces/isaac_ros-dev/build/custom_interfaces
