[0.000000] (-) TimerEvent: {}
[0.000827] (custom_interfaces) JobQueued: {'identifier': 'custom_interfaces', 'dependencies': OrderedDict()}
[0.001474] (custom_interfaces) JobStarted: {'identifier': 'custom_interfaces'}
[0.024161] (custom_interfaces) JobProgress: {'identifier': 'custom_interfaces', 'progress': 'cmake'}
[0.025766] (custom_interfaces) JobProgress: {'identifier': 'custom_interfaces', 'progress': 'build'}
[0.027405] (custom_interfaces) Command: {'cmd': ['/usr/bin/cmake', '--build', '/workspaces/isaac_ros-dev/src/custom_interfaces/build/custom_interfaces', '--', '-j6', '-l6'], 'cwd': '/workspaces/isaac_ros-dev/src/custom_interfaces/build/custom_interfaces', 'env': OrderedDict([('LIBRARY_PATH', '/usr/local/cuda/lib64/stubs'), ('PYTHONWARNINGS', 'ignore:::setuptools.command.install,ignore:::setuptools.command.easy_install,ignore:::pkg_resources,ignore:::setuptools.command.develop'), ('NV_LIBCUBLAS_VERSION', '12.6.1.4-1'), ('USER', 'stickykeys'), ('NV_CUDA_NSIGHT_COMPUTE_VERSION', '12.6.11-1'), ('HOSTNAME', 'stickykeys-desktop'), ('SHLVL', '1'), ('LD_LIBRARY_PATH', '/opt/ros/humble/opt/rviz_ogre_vendor/lib:/opt/ros/humble/lib/aarch64-linux-gnu:/opt/ros/humble/lib:/usr/lib/aarch64-linux-gnu/tegra/weston:/usr/lib/aarch64-linux-gnu/tegra-egl:/usr/local/cuda-12.6/targets/aarch64-linux/lib:/usr/lib/aarch64-linux-gnu/tegra:/opt/nvidia/vpi3/lib64:/usr/local/libcudss-linux-0.3.0.9_cuda12-archive/lib:/usr/local/nvidia/lib:/usr/local/nvidia/lib64:/usr/lib/aarch64-linux-gnu-host:/opt/tritonserver/lib'), ('HOME', '/home/admin'), ('OLDPWD', '/workspaces/isaac_ros-dev/src/custom_interfaces/action'), ('HOST_USER_GID', '1000'), ('NV_LIBCUBLAS_DEV_VERSION', '12.6.1.4-1'), ('ROS_PYTHON_VERSION', '3'), ('NVIDIA_PVA_DEVICE', 'all'), ('NV_LIBNPP_PACKAGE', 'libnpp-12-6=12.3.1.54-1'), ('CUDA_VERSION', '12.6.11'), ('COLCON_PREFIX_PATH', '/workspaces/isaac_ros-dev/install'), ('ROS_DISTRO', 'humble'), ('NV_LIBCUBLAS_PACKAGE_NAME', 'libcublas-12-6'), ('NVIDIA_REQUIRE_CUDA', 'cuda>=12.6'), ('_', '/usr/bin/colcon'), ('ROS_VERSION', '2'), ('NV_LIBCUSPARSE_VERSION', '12.5.3.3-1'), ('NVIDIA_DRIVER_CAPABILITIES', 'all'), ('NV_CUDA_LIB_VERSION', '12.6.11-1'), ('NV_NVML_DEV_VERSION', '12.6.68-1'), ('USERNAME', 'admin'), ('NV_LIBNPP_DEV_PACKAGE', 'libnpp-dev-12-6=12.3.1.54-1'), ('TERM', 'xterm'), ('ISAAC_ROS_WS', '/workspaces/isaac_ros-dev'), ('NV_CUDA_CUDART_VERSION', '12.6.68-1'), ('ROS_LOCALHOST_ONLY', '0'), ('PATH', '/opt/ros/humble/bin:/opt/ros/humble/vcstool/scripts:/usr/local/nvidia/bin:/usr/local/cuda/bin:/usr/src/tensorrt/bin:/usr/local/nvidia/bin:/usr/local/cuda/bin:/usr/local/sbin:/usr/local/bin:/usr/sbin:/usr/bin:/sbin:/bin'), ('NV_LIBCUBLAS_DEV_PACKAGE_NAME', 'libcublas-dev-12-6'), ('NV_LIBCUBLAS_PACKAGE', 'libcublas-12-6=12.6.1.4-1'), ('HOST_USER_UID', '1000'), ('NVARCH', 'arm64'), ('CUDSS_DIR', '/usr/local/libcudss-linux-0.3.0.9_cuda12-archive'), ('NV_LIBCUSPARSE_DEV_VERSION', '12.5.3.3-1'), ('DISPLAY', ':1'), ('NVIDIA_PRODUCT_NAME', 'CUDA'), ('LANG', 'en_US.UTF-8'), ('RMW_IMPLEMENTATION', 'rmw_fastrtps_cpp'), ('NV_CUDA_CUDART_DEV_VERSION', '12.6.68-1'), ('ROS_ROOT', '/opt/ros/humble'), ('SSH_AUTH_SOCK', '/ssh-agent'), ('AMENT_PREFIX_PATH', '/opt/ros/humble'), ('DEBIAN_FRONTEND', 'noninteractive'), ('SHELL', '/bin/bash'), ('TRT_INCLUDE_PATH', '/usr/include/aarch64-linux-gnu'), ('NV_LIBCUBLAS_DEV_PACKAGE', 'libcublas-dev-12-6=12.6.1.4-1'), ('NV_CUDA_NSIGHT_COMPUTE_DEV_PACKAGE', 'cuda-nsight-compute-12-6=12.6.11-1'), ('NVIDIA_REQUIRE_JETPACK_HOST_MOUNTS', 'base-only'), ('NV_NVTX_VERSION', '12.6.68-1'), ('NV_LIBNPP_VERSION', '12.3.1.54-1'), ('PWD', '/workspaces/isaac_ros-dev/src/custom_interfaces/build/custom_interfaces'), ('PYTHONPATH', '/opt/ros/humble/lib/python3.10/site-packages:/opt/ros/humble/local/lib/python3.10/dist-packages:/opt/ros/humble/vcstool:'), ('NVIDIA_VISIBLE_DEVICES', 'void'), ('COLCON', '1'), ('NV_LIBNPP_DEV_VERSION', '12.3.1.54-1'), ('CMAKE_PREFIX_PATH', '/usr/local/libcudss-linux-0.3.0.9_cuda12-archive::/opt/ros/humble'), ('TRT_LIB_PATH', '/usr/lib/aarch64-linux-gnu')]), 'shell': False}
[0.093754] (custom_interfaces) StdoutLine: {'line': b'-- Found ament_cmake: 1.3.11 (/opt/ros/humble/share/ament_cmake/cmake)\n'}
[0.099203] (-) TimerEvent: {}
[0.199850] (-) TimerEvent: {}
[0.300662] (-) TimerEvent: {}
[0.401459] (-) TimerEvent: {}
[0.437854] (custom_interfaces) StdoutLine: {'line': b'-- Found rclcpp: 16.0.12 (/opt/ros/humble/share/rclcpp/cmake)\n'}
[0.501622] (-) TimerEvent: {}
[0.513435] (custom_interfaces) StdoutLine: {'line': b'-- Found rosidl_generator_c: 3.1.6 (/opt/ros/humble/share/rosidl_generator_c/cmake)\n'}
[0.519481] (custom_interfaces) StdoutLine: {'line': b'-- Found rosidl_adapter: 3.1.6 (/opt/ros/humble/share/rosidl_adapter/cmake)\n'}
[0.532873] (custom_interfaces) StdoutLine: {'line': b'-- Found rosidl_generator_cpp: 3.1.6 (/opt/ros/humble/share/rosidl_generator_cpp/cmake)\n'}
[0.554120] (custom_interfaces) StdoutLine: {'line': b'-- Using all available rosidl_typesupport_c: rosidl_typesupport_fastrtps_c;rosidl_typesupport_introspection_c\n'}
[0.583711] (custom_interfaces) StdoutLine: {'line': b'-- Using all available rosidl_typesupport_cpp: rosidl_typesupport_fastrtps_cpp;rosidl_typesupport_introspection_cpp\n'}
[0.601726] (-) TimerEvent: {}
[0.655838] (custom_interfaces) StdoutLine: {'line': b'-- Found rmw_implementation_cmake: 6.1.2 (/opt/ros/humble/share/rmw_implementation_cmake/cmake)\n'}
[0.658734] (custom_interfaces) StdoutLine: {'line': b'-- Found rmw_fastrtps_cpp: 6.2.7 (/opt/ros/humble/share/rmw_fastrtps_cpp/cmake)\n'}
[0.701954] (-) TimerEvent: {}
[0.802768] (-) TimerEvent: {}
[0.903484] (-) TimerEvent: {}
[0.979004] (custom_interfaces) StdoutLine: {'line': b"-- Using RMW implementation 'rmw_fastrtps_cpp' as default\n"}
[1.003616] (-) TimerEvent: {}
[1.088808] (custom_interfaces) StdoutLine: {'line': b'-- Found rosidl_default_generators: 1.2.0 (/opt/ros/humble/share/rosidl_default_generators/cmake)\n'}
[1.103708] (-) TimerEvent: {}
[1.204229] (-) TimerEvent: {}
[1.305090] (-) TimerEvent: {}
[1.405782] (-) TimerEvent: {}
[1.506638] (-) TimerEvent: {}
[1.607402] (-) TimerEvent: {}
[1.708144] (-) TimerEvent: {}
[1.808870] (-) TimerEvent: {}
[1.843745] (custom_interfaces) StdoutLine: {'line': b'-- Found ament_cmake_ros: 0.10.0 (/opt/ros/humble/share/ament_cmake_ros/cmake)\n'}
[1.909060] (-) TimerEvent: {}
[2.009741] (-) TimerEvent: {}
[2.110474] (-) TimerEvent: {}
[2.211192] (-) TimerEvent: {}
[2.311928] (-) TimerEvent: {}
[2.413607] (-) TimerEvent: {}
[2.514468] (-) TimerEvent: {}
[2.615343] (-) TimerEvent: {}
[2.716168] (-) TimerEvent: {}
[2.758440] (custom_interfaces) StdoutLine: {'line': b'-- Using all available rosidl_typesupport_c: rosidl_typesupport_fastrtps_c;rosidl_typesupport_introspection_c\n'}
[2.816338] (-) TimerEvent: {}
[2.917097] (-) TimerEvent: {}
[3.017914] (-) TimerEvent: {}
[3.099390] (custom_interfaces) StdoutLine: {'line': b'-- Using all available rosidl_typesupport_cpp: rosidl_typesupport_fastrtps_cpp;rosidl_typesupport_introspection_cpp\n'}
[3.118141] (-) TimerEvent: {}
[3.171337] (custom_interfaces) StdoutLine: {'line': b'-- Found python_cmake_module: 0.10.0 (/opt/ros/humble/share/python_cmake_module/cmake)\n'}
[3.218293] (-) TimerEvent: {}
[3.245006] (custom_interfaces) StdoutLine: {'line': b'-- Using PYTHON_EXECUTABLE: /usr/bin/python3\n'}
[3.245553] (custom_interfaces) StdoutLine: {'line': b'-- Using PYTHON_INCLUDE_DIRS: /usr/include/python3.10\n'}
[3.245750] (custom_interfaces) StdoutLine: {'line': b'-- Using PYTHON_LIBRARIES: /usr/lib/aarch64-linux-gnu/libpython3.10.so\n'}
[3.318467] (-) TimerEvent: {}
[3.419447] (-) TimerEvent: {}
[3.520079] (-) TimerEvent: {}
[3.594829] (custom_interfaces) StdoutLine: {'line': b'-- Using numpy include directory: /usr/local/lib/python3.10/dist-packages/numpy/core/include\n'}
[3.620319] (-) TimerEvent: {}
[3.624921] (custom_interfaces) StdoutLine: {'line': b'-- Found ament_lint_auto: 0.12.12 (/opt/ros/humble/share/ament_lint_auto/cmake)\n'}
[3.720494] (-) TimerEvent: {}
[3.731076] (custom_interfaces) StdoutLine: {'line': b"-- Added test 'cppcheck' to perform static code analysis on C / C++ code\n"}
[3.732849] (custom_interfaces) StdoutLine: {'line': b'-- Configured cppcheck include dirs: $<BUILD_INTERFACE:/workspaces/isaac_ros-dev/src/custom_interfaces/build/custom_interfaces/rosidl_generator_c>;$<BUILD_INTERFACE:/workspaces/isaac_ros-dev/src/custom_interfaces/build/custom_interfaces/rosidl_typesupport_fastrtps_c>;$<BUILD_INTERFACE:/workspaces/isaac_ros-dev/src/custom_interfaces/build/custom_interfaces/rosidl_generator_cpp>;$<BUILD_INTERFACE:/workspaces/isaac_ros-dev/src/custom_interfaces/build/custom_interfaces/rosidl_typesupport_fastrtps_cpp>;$<BUILD_INTERFACE:/workspaces/isaac_ros-dev/src/custom_interfaces/build/custom_interfaces/rosidl_typesupport_introspection_c>;$<BUILD_INTERFACE:/workspaces/isaac_ros-dev/src/custom_interfaces/build/custom_interfaces/rosidl_typesupport_introspection_cpp>;/workspaces/isaac_ros-dev/src/custom_interfaces/build/custom_interfaces/rosidl_generator_c;/workspaces/isaac_ros-dev/src/custom_interfaces/build/custom_interfaces/rosidl_generator_py\n'}
[3.733181] (custom_interfaces) StdoutLine: {'line': b'-- Configured cppcheck exclude dirs and/or files: \n'}
[3.744256] (custom_interfaces) StdoutLine: {'line': b"-- Added test 'flake8' to check Python code syntax and style conventions\n"}
[3.765677] (custom_interfaces) StdoutLine: {'line': b"-- Added test 'lint_cmake' to check CMake code style\n"}
[3.776935] (custom_interfaces) StdoutLine: {'line': b"-- Added test 'pep257' to check Python code against some of the docstring style conventions in PEP 257\n"}
[3.820682] (-) TimerEvent: {}
[3.857164] (custom_interfaces) StdoutLine: {'line': b"-- Added test 'uncrustify' to check C / C++ code style\n"}
[3.857680] (custom_interfaces) StdoutLine: {'line': b'-- Configured uncrustify additional arguments: \n'}
[3.868297] (custom_interfaces) StdoutLine: {'line': b"-- Added test 'xmllint' to check XML markup files\n"}
[3.872417] (custom_interfaces) StdoutLine: {'line': b'-- Configuring done\n'}
[3.920875] (-) TimerEvent: {}
[3.965127] (custom_interfaces) StdoutLine: {'line': b'-- Generating done\n'}
[3.995821] (custom_interfaces) StdoutLine: {'line': b'-- Build files have been written to: /workspaces/isaac_ros-dev/src/custom_interfaces/build/custom_interfaces\n'}
[4.021072] (-) TimerEvent: {}
[4.074299] (custom_interfaces) StdoutLine: {'line': b'[  3%] \x1b[34m\x1b[1mGenerating C code for ROS interfaces\x1b[0m\n'}
[4.122304] (-) TimerEvent: {}
[4.133770] (custom_interfaces) StdoutLine: {'line': b'[  3%] Built target ament_cmake_python_copy_custom_interfaces\n'}
[4.174221] (custom_interfaces) StdoutLine: {'line': b'[  6%] \x1b[34m\x1b[1mGenerating C++ code for ROS interfaces\x1b[0m\n'}
[4.222469] (-) TimerEvent: {}
[4.323117] (-) TimerEvent: {}
[4.423752] (-) TimerEvent: {}
[4.524386] (-) TimerEvent: {}
[4.625031] (-) TimerEvent: {}
[4.727368] (-) TimerEvent: {}
[4.828036] (-) TimerEvent: {}
[4.928653] (-) TimerEvent: {}
[5.029297] (-) TimerEvent: {}
[5.097998] (custom_interfaces) StdoutLine: {'line': b'\x1b[35m\x1b[1mConsolidate compiler generated dependencies of target custom_interfaces__rosidl_generator_c\x1b[0m\n'}
[5.129461] (-) TimerEvent: {}
[5.130019] (custom_interfaces) StdoutLine: {'line': b'[  9%] \x1b[32mBuilding C object CMakeFiles/custom_interfaces__rosidl_generator_c.dir/rosidl_generator_c/custom_interfaces/action/detail/move__functions.c.o\x1b[0m\n'}
[5.180843] (custom_interfaces) StderrLine: {'line': b'In file included from \x1b[01m\x1b[K/workspaces/isaac_ros-dev/src/custom_interfaces/build/custom_interfaces/rosidl_generator_c/custom_interfaces/action/detail/move__functions.h:19\x1b[m\x1b[K,\n'}
[5.181453] (custom_interfaces) StderrLine: {'line': b'                 from \x1b[01m\x1b[K/workspaces/isaac_ros-dev/src/custom_interfaces/build/custom_interfaces/rosidl_generator_c/custom_interfaces/action/detail/move__functions.c:4\x1b[m\x1b[K:\n'}
[5.181651] (custom_interfaces) StderrLine: {'line': b'\x1b[01m\x1b[K/workspaces/isaac_ros-dev/src/custom_interfaces/build/custom_interfaces/rosidl_generator_c/custom_interfaces/action/detail/move__struct.h:22:10:\x1b[m\x1b[K \x1b[01;31m\x1b[Kfatal error: \x1b[m\x1b[Kgeometry_msgs/msg/detail/twist__struct.h: No such file or directory\n'}
[5.181887] (custom_interfaces) StderrLine: {'line': b'   22 | #include \x1b[01;31m\x1b[K"geometry_msgs/msg/detail/twist__struct.h"\x1b[m\x1b[K\n'}
[5.182090] (custom_interfaces) StderrLine: {'line': b'      |          \x1b[01;31m\x1b[K^~~~~~~~~~~~~~~~~~~~~~~~~~~~~~~~~~~~~~~~~~\x1b[m\x1b[K\n'}
[5.182264] (custom_interfaces) StderrLine: {'line': b'compilation terminated.\n'}
[5.184766] (custom_interfaces) StderrLine: {'line': b'gmake[2]: *** [CMakeFiles/custom_interfaces__rosidl_generator_c.dir/build.make:112: CMakeFiles/custom_interfaces__rosidl_generator_c.dir/rosidl_generator_c/custom_interfaces/action/detail/move__functions.c.o] Error 1\n'}
[5.185555] (custom_interfaces) StderrLine: {'line': b'gmake[1]: *** [CMakeFiles/Makefile2:213: CMakeFiles/custom_interfaces__rosidl_generator_c.dir/all] Error 2\n'}
[5.185801] (custom_interfaces) StderrLine: {'line': b'gmake[1]: *** Waiting for unfinished jobs....\n'}
[5.204051] (custom_interfaces) StdoutLine: {'line': b'[  9%] Built target custom_interfaces__cpp\n'}
[5.221495] (custom_interfaces) StdoutLine: {'line': b'running egg_info\n'}
[5.229538] (-) TimerEvent: {}
[5.271757] (custom_interfaces) StdoutLine: {'line': b'writing custom_interfaces.egg-info/PKG-INFO\n'}
[5.272618] (custom_interfaces) StdoutLine: {'line': b'writing dependency_links to custom_interfaces.egg-info/dependency_links.txt\n'}
[5.273310] (custom_interfaces) StdoutLine: {'line': b'writing top-level names to custom_interfaces.egg-info/top_level.txt\n'}
[5.329706] (-) TimerEvent: {}
[5.430434] (-) TimerEvent: {}
[5.531250] (-) TimerEvent: {}
[5.564444] (custom_interfaces) StderrLine: {'line': b"ERROR setuptools_scm._file_finders.git listing git files failed - pretending there aren't any\n"}
[5.631396] (-) TimerEvent: {}
[5.732203] (-) TimerEvent: {}
[5.833015] (-) TimerEvent: {}
[5.858351] (custom_interfaces) StdoutLine: {'line': b"reading manifest file 'custom_interfaces.egg-info/SOURCES.txt'\n"}
[5.859997] (custom_interfaces) StdoutLine: {'line': b"writing manifest file 'custom_interfaces.egg-info/SOURCES.txt'\n"}
[5.933216] (-) TimerEvent: {}
[5.989010] (custom_interfaces) StdoutLine: {'line': b'[  9%] Built target ament_cmake_python_build_custom_interfaces_egg\n'}
[5.992404] (custom_interfaces) StderrLine: {'line': b'gmake: *** [Makefile:146: all] Error 2\n'}
[5.998722] (custom_interfaces) CommandEnded: {'returncode': 2}
[6.033427] (-) TimerEvent: {}
[6.050447] (custom_interfaces) JobEnded: {'identifier': 'custom_interfaces', 'rc': 2}
[6.061724] (-) EventReactorShutdown: {}
