[0.059s] Invoking command in '/workspaces/isaac_ros-dev/build/my_action_client': CMAKE_PREFIX_PATH=/workspaces/isaac_ros-dev/install/custom_interfaces:/workspaces/isaac_ros-dev/install/my_action_server:/workspaces/isaac_ros-dev/install/my_action_client:/usr/local/libcudss-linux-0.3.0.9_cuda12-archive:/opt/ros/humble /usr/bin/cmake --build /workspaces/isaac_ros-dev/build/my_action_client -- -j6 -l6
[0.272s] [100%] Built target action_client
[0.312s] Invoked command in '/workspaces/isaac_ros-dev/build/my_action_client' returned '0': CMAKE_PREFIX_PATH=/workspaces/isaac_ros-dev/install/custom_interfaces:/workspaces/isaac_ros-dev/install/my_action_server:/workspaces/isaac_ros-dev/install/my_action_client:/usr/local/libcudss-linux-0.3.0.9_cuda12-archive:/opt/ros/humble /usr/bin/cmake --build /workspaces/isaac_ros-dev/build/my_action_client -- -j6 -l6
[0.316s] Invoking command in '/workspaces/isaac_ros-dev/build/my_action_client': CMAKE_PREFIX_PATH=/workspaces/isaac_ros-dev/install/custom_interfaces:/workspaces/isaac_ros-dev/install/my_action_server:/workspaces/isaac_ros-dev/install/my_action_client:/usr/local/libcudss-linux-0.3.0.9_cuda12-archive:/opt/ros/humble /usr/bin/cmake --install /workspaces/isaac_ros-dev/build/my_action_client
[0.344s] -- Install configuration: ""
[0.345s] -- Up-to-date: /workspaces/isaac_ros-dev/install/my_action_client/lib/my_action_client/action_client
[0.353s] -- Up-to-date: /workspaces/isaac_ros-dev/install/my_action_client/share/my_action_client//launch
[0.355s] -- Up-to-date: /workspaces/isaac_ros-dev/install/my_action_client/share/my_action_client//launch/client_launch.py
[0.355s] -- Up-to-date: /workspaces/isaac_ros-dev/install/my_action_client/share/ament_index/resource_index/package_run_dependencies/my_action_client
[0.356s] -- Up-to-date: /workspaces/isaac_ros-dev/install/my_action_client/share/ament_index/resource_index/parent_prefix_path/my_action_client
[0.357s] -- Up-to-date: /workspaces/isaac_ros-dev/install/my_action_client/share/my_action_client/environment/ament_prefix_path.sh
[0.357s] -- Up-to-date: /workspaces/isaac_ros-dev/install/my_action_client/share/my_action_client/environment/ament_prefix_path.dsv
[0.357s] -- Up-to-date: /workspaces/isaac_ros-dev/install/my_action_client/share/my_action_client/environment/path.sh
[0.359s] -- Up-to-date: /workspaces/isaac_ros-dev/install/my_action_client/share/my_action_client/environment/path.dsv
[0.360s] -- Up-to-date: /workspaces/isaac_ros-dev/install/my_action_client/share/my_action_client/local_setup.bash
[0.360s] -- Up-to-date: /workspaces/isaac_ros-dev/install/my_action_client/share/my_action_client/local_setup.sh
[0.360s] -- Up-to-date: /workspaces/isaac_ros-dev/install/my_action_client/share/my_action_client/local_setup.zsh
[0.360s] -- Up-to-date: /workspaces/isaac_ros-dev/install/my_action_client/share/my_action_client/local_setup.dsv
[0.360s] -- Installing: /workspaces/isaac_ros-dev/install/my_action_client/share/my_action_client/package.dsv
[0.364s] -- Up-to-date: /workspaces/isaac_ros-dev/install/my_action_client/share/ament_index/resource_index/packages/my_action_client
[0.364s] -- Up-to-date: /workspaces/isaac_ros-dev/install/my_action_client/share/my_action_client/cmake/my_action_clientConfig.cmake
[0.364s] -- Up-to-date: /workspaces/isaac_ros-dev/install/my_action_client/share/my_action_client/cmake/my_action_clientConfig-version.cmake
[0.364s] -- Up-to-date: /workspaces/isaac_ros-dev/install/my_action_client/share/my_action_client/package.xml
[0.380s] Invoked command in '/workspaces/isaac_ros-dev/build/my_action_client' returned '0': CMAKE_PREFIX_PATH=/workspaces/isaac_ros-dev/install/custom_interfaces:/workspaces/isaac_ros-dev/install/my_action_server:/workspaces/isaac_ros-dev/install/my_action_client:/usr/local/libcudss-linux-0.3.0.9_cuda12-archive:/opt/ros/humble /usr/bin/cmake --install /workspaces/isaac_ros-dev/build/my_action_client
