[0.033s] Invoking command in '/workspaces/isaac_ros-dev/src/custom_interfaces/build/custom_interfaces': CMAKE_PREFIX_PATH=${CMAKE_PREFIX_PATH}:/opt/ros/humble /usr/bin/cmake --build /workspaces/isaac_ros-dev/src/custom_interfaces/build/custom_interfaces -- -j6 -l6
[0.093s] -- Found ament_cmake: 1.3.11 (/opt/ros/humble/share/ament_cmake/cmake)
[0.437s] -- Found rclcpp: 16.0.12 (/opt/ros/humble/share/rclcpp/cmake)
[0.512s] -- Found rosidl_generator_c: 3.1.6 (/opt/ros/humble/share/rosidl_generator_c/cmake)
[0.518s] -- Found rosidl_adapter: 3.1.6 (/opt/ros/humble/share/rosidl_adapter/cmake)
[0.531s] -- Found rosidl_generator_cpp: 3.1.6 (/opt/ros/humble/share/rosidl_generator_cpp/cmake)
[0.553s] -- Using all available rosidl_typesupport_c: rosidl_typesupport_fastrtps_c;rosidl_typesupport_introspection_c
[0.582s] -- Using all available rosidl_typesupport_cpp: rosidl_typesupport_fastrtps_cpp;rosidl_typesupport_introspection_cpp
[0.655s] -- Found rmw_implementation_cmake: 6.1.2 (/opt/ros/humble/share/rmw_implementation_cmake/cmake)
[0.657s] -- Found rmw_fastrtps_cpp: 6.2.7 (/opt/ros/humble/share/rmw_fastrtps_cpp/cmake)
[0.978s] -- Using RMW implementation 'rmw_fastrtps_cpp' as default
[1.087s] -- Found rosidl_default_generators: 1.2.0 (/opt/ros/humble/share/rosidl_default_generators/cmake)
[1.843s] -- Found ament_cmake_ros: 0.10.0 (/opt/ros/humble/share/ament_cmake_ros/cmake)
[2.757s] -- Using all available rosidl_typesupport_c: rosidl_typesupport_fastrtps_c;rosidl_typesupport_introspection_c
[3.098s] -- Using all available rosidl_typesupport_cpp: rosidl_typesupport_fastrtps_cpp;rosidl_typesupport_introspection_cpp
[3.170s] -- Found python_cmake_module: 0.10.0 (/opt/ros/humble/share/python_cmake_module/cmake)
[3.244s] -- Using PYTHON_EXECUTABLE: /usr/bin/python3
[3.244s] -- Using PYTHON_INCLUDE_DIRS: /usr/include/python3.10
[3.244s] -- Using PYTHON_LIBRARIES: /usr/lib/aarch64-linux-gnu/libpython3.10.so
[3.594s] -- Using numpy include directory: /usr/local/lib/python3.10/dist-packages/numpy/core/include
[3.624s] -- Found ament_lint_auto: 0.12.12 (/opt/ros/humble/share/ament_lint_auto/cmake)
[3.730s] -- Added test 'cppcheck' to perform static code analysis on C / C++ code
[3.731s] -- Configured cppcheck include dirs: $<BUILD_INTERFACE:/workspaces/isaac_ros-dev/src/custom_interfaces/build/custom_interfaces/rosidl_generator_c>;$<BUILD_INTERFACE:/workspaces/isaac_ros-dev/src/custom_interfaces/build/custom_interfaces/rosidl_typesupport_fastrtps_c>;$<BUILD_INTERFACE:/workspaces/isaac_ros-dev/src/custom_interfaces/build/custom_interfaces/rosidl_generator_cpp>;$<BUILD_INTERFACE:/workspaces/isaac_ros-dev/src/custom_interfaces/build/custom_interfaces/rosidl_typesupport_fastrtps_cpp>;$<BUILD_INTERFACE:/workspaces/isaac_ros-dev/src/custom_interfaces/build/custom_interfaces/rosidl_typesupport_introspection_c>;$<BUILD_INTERFACE:/workspaces/isaac_ros-dev/src/custom_interfaces/build/custom_interfaces/rosidl_typesupport_introspection_cpp>;/workspaces/isaac_ros-dev/src/custom_interfaces/build/custom_interfaces/rosidl_generator_c;/workspaces/isaac_ros-dev/src/custom_interfaces/build/custom_interfaces/rosidl_generator_py
[3.732s] -- Configured cppcheck exclude dirs and/or files: 
[3.743s] -- Added test 'flake8' to check Python code syntax and style conventions
[3.764s] -- Added test 'lint_cmake' to check CMake code style
[3.776s] -- Added test 'pep257' to check Python code against some of the docstring style conventions in PEP 257
[3.856s] -- Added test 'uncrustify' to check C / C++ code style
[3.856s] -- Configured uncrustify additional arguments: 
[3.867s] -- Added test 'xmllint' to check XML markup files
[3.871s] -- Configuring done
[3.964s] -- Generating done
[3.994s] -- Build files have been written to: /workspaces/isaac_ros-dev/src/custom_interfaces/build/custom_interfaces
[4.073s] [  3%] [34m[1mGenerating C code for ROS interfaces[0m
[4.133s] [  3%] Built target ament_cmake_python_copy_custom_interfaces
[4.173s] [  6%] [34m[1mGenerating C++ code for ROS interfaces[0m
[5.097s] [35m[1mConsolidate compiler generated dependencies of target custom_interfaces__rosidl_generator_c[0m
[5.129s] [  9%] [32mBuilding C object CMakeFiles/custom_interfaces__rosidl_generator_c.dir/rosidl_generator_c/custom_interfaces/action/detail/move__functions.c.o[0m
[5.180s] In file included from [01m[K/workspaces/isaac_ros-dev/src/custom_interfaces/build/custom_interfaces/rosidl_generator_c/custom_interfaces/action/detail/move__functions.h:19[m[K,
[5.180s]                  from [01m[K/workspaces/isaac_ros-dev/src/custom_interfaces/build/custom_interfaces/rosidl_generator_c/custom_interfaces/action/detail/move__functions.c:4[m[K:
[5.180s] [01m[K/workspaces/isaac_ros-dev/src/custom_interfaces/build/custom_interfaces/rosidl_generator_c/custom_interfaces/action/detail/move__struct.h:22:10:[m[K [01;31m[Kfatal error: [m[Kgeometry_msgs/msg/detail/twist__struct.h: No such file or directory
[5.180s]    22 | #include [01;31m[K"geometry_msgs/msg/detail/twist__struct.h"[m[K
[5.180s]       |          [01;31m[K^~~~~~~~~~~~~~~~~~~~~~~~~~~~~~~~~~~~~~~~~~[m[K
[5.181s] compilation terminated.
[5.183s] gmake[2]: *** [CMakeFiles/custom_interfaces__rosidl_generator_c.dir/build.make:112: CMakeFiles/custom_interfaces__rosidl_generator_c.dir/rosidl_generator_c/custom_interfaces/action/detail/move__functions.c.o] Error 1
[5.184s] gmake[1]: *** [CMakeFiles/Makefile2:213: CMakeFiles/custom_interfaces__rosidl_generator_c.dir/all] Error 2
[5.184s] gmake[1]: *** Waiting for unfinished jobs....
[5.203s] [  9%] Built target custom_interfaces__cpp
[5.220s] running egg_info
[5.270s] writing custom_interfaces.egg-info/PKG-INFO
[5.271s] writing dependency_links to custom_interfaces.egg-info/dependency_links.txt
[5.272s] writing top-level names to custom_interfaces.egg-info/top_level.txt
[5.563s] ERROR setuptools_scm._file_finders.git listing git files failed - pretending there aren't any
[5.857s] reading manifest file 'custom_interfaces.egg-info/SOURCES.txt'
[5.859s] writing manifest file 'custom_interfaces.egg-info/SOURCES.txt'
[5.988s] [  9%] Built target ament_cmake_python_build_custom_interfaces_egg
[5.991s] gmake: *** [Makefile:146: all] Error 2
[5.998s] Invoked command in '/workspaces/isaac_ros-dev/src/custom_interfaces/build/custom_interfaces' returned '2': CMAKE_PREFIX_PATH=${CMAKE_PREFIX_PATH}:/opt/ros/humble /usr/bin/cmake --build /workspaces/isaac_ros-dev/src/custom_interfaces/build/custom_interfaces -- -j6 -l6
