[0.036s] Invoking command in '/workspaces/isaac_ros-dev/build/custom_interfaces': CMAKE_PREFIX_PATH=${CMAKE_PREFIX_PATH}:/opt/ros/humble /usr/bin/cmake --build /workspaces/isaac_ros-dev/build/custom_interfaces -- -j6 -l6
[0.246s] [  2%] Built target custom_interfaces__cpp
[0.312s] [ 12%] Built target custom_interfaces__rosidl_generator_c
[0.339s] [ 23%] Built target custom_interfaces__rosidl_typesupport_introspection_cpp
[0.341s] [ 23%] Built target ament_cmake_python_copy_custom_interfaces
[0.375s] [ 33%] Built target custom_interfaces__rosidl_typesupport_cpp
[0.393s] [ 43%] Built target custom_interfaces__rosidl_typesupport_fastrtps_cpp
[0.430s] [ 53%] Built target custom_interfaces__rosidl_typesupport_fastrtps_c
[0.459s] [ 64%] Built target custom_interfaces__rosidl_typesupport_introspection_c
[0.475s] [ 74%] Built target custom_interfaces__rosidl_typesupport_c
[0.528s] [ 74%] Built target custom_interfaces
[0.598s] [ 76%] Built target custom_interfaces__py
[0.682s] [ 84%] Built target custom_interfaces__rosidl_generator_py
[0.766s] [ 89%] Built target custom_interfaces__rosidl_typesupport_fastrtps_c__pyext
[0.831s] [ 94%] Built target custom_interfaces__rosidl_typesupport_introspection_c__pyext
[0.845s] [100%] Built target custom_interfaces__rosidl_typesupport_c__pyext
[1.558s] running egg_info
[1.609s] writing custom_interfaces.egg-info/PKG-INFO
[1.610s] writing dependency_links to custom_interfaces.egg-info/dependency_links.txt
[1.611s] writing top-level names to custom_interfaces.egg-info/top_level.txt
[1.945s] ERROR setuptools_scm._file_finders.git listing git files failed - pretending there aren't any
[2.333s] reading manifest file 'custom_interfaces.egg-info/SOURCES.txt'
[2.335s] writing manifest file 'custom_interfaces.egg-info/SOURCES.txt'
[2.503s] [100%] Built target ament_cmake_python_build_custom_interfaces_egg
[2.546s] Invoked command in '/workspaces/isaac_ros-dev/build/custom_interfaces' returned '0': CMAKE_PREFIX_PATH=${CMAKE_PREFIX_PATH}:/opt/ros/humble /usr/bin/cmake --build /workspaces/isaac_ros-dev/build/custom_interfaces -- -j6 -l6
[2.576s] Invoking command in '/workspaces/isaac_ros-dev/build/custom_interfaces': CMAKE_PREFIX_PATH=${CMAKE_PREFIX_PATH}:/opt/ros/humble /usr/bin/cmake --install /workspaces/isaac_ros-dev/build/custom_interfaces
[2.596s] -- Install configuration: ""
[2.597s] -- Up-to-date: /workspaces/isaac_ros-dev/install/custom_interfaces/share/ament_index/resource_index/rosidl_interfaces/custom_interfaces
[2.597s] -- Up-to-date: /workspaces/isaac_ros-dev/install/custom_interfaces/include/custom_interfaces/custom_interfaces
[2.598s] -- Up-to-date: /workspaces/isaac_ros-dev/install/custom_interfaces/include/custom_interfaces/custom_interfaces/msg
[2.598s] -- Up-to-date: /workspaces/isaac_ros-dev/install/custom_interfaces/include/custom_interfaces/custom_interfaces/msg/rosidl_generator_c__visibility_control.h
[2.598s] -- Up-to-date: /workspaces/isaac_ros-dev/install/custom_interfaces/include/custom_interfaces/custom_interfaces/action
[2.598s] -- Up-to-date: /workspaces/isaac_ros-dev/install/custom_interfaces/include/custom_interfaces/custom_interfaces/action/move.h
[2.598s] -- Up-to-date: /workspaces/isaac_ros-dev/install/custom_interfaces/include/custom_interfaces/custom_interfaces/action/detail
[2.599s] -- Up-to-date: /workspaces/isaac_ros-dev/install/custom_interfaces/include/custom_interfaces/custom_interfaces/action/detail/move__struct.h
[2.599s] -- Up-to-date: /workspaces/isaac_ros-dev/install/custom_interfaces/include/custom_interfaces/custom_interfaces/action/detail/move__functions.c
[2.599s] -- Up-to-date: /workspaces/isaac_ros-dev/install/custom_interfaces/include/custom_interfaces/custom_interfaces/action/detail/move__type_support.h
[2.600s] -- Up-to-date: /workspaces/isaac_ros-dev/install/custom_interfaces/include/custom_interfaces/custom_interfaces/action/detail/track_object__type_support.h
[2.600s] -- Up-to-date: /workspaces/isaac_ros-dev/install/custom_interfaces/include/custom_interfaces/custom_interfaces/action/detail/track_object__struct.h
[2.600s] -- Up-to-date: /workspaces/isaac_ros-dev/install/custom_interfaces/include/custom_interfaces/custom_interfaces/action/detail/move__functions.h
[2.601s] -- Up-to-date: /workspaces/isaac_ros-dev/install/custom_interfaces/include/custom_interfaces/custom_interfaces/action/detail/track_object__functions.h
[2.601s] -- Up-to-date: /workspaces/isaac_ros-dev/install/custom_interfaces/include/custom_interfaces/custom_interfaces/action/detail/track_object__functions.c
[2.601s] -- Up-to-date: /workspaces/isaac_ros-dev/install/custom_interfaces/include/custom_interfaces/custom_interfaces/action/track_object.h
[2.601s] -- Up-to-date: /workspaces/isaac_ros-dev/install/custom_interfaces/share/custom_interfaces/environment/library_path.sh
[2.601s] -- Up-to-date: /workspaces/isaac_ros-dev/install/custom_interfaces/share/custom_interfaces/environment/library_path.dsv
[2.602s] -- Up-to-date: /workspaces/isaac_ros-dev/install/custom_interfaces/lib/libcustom_interfaces__rosidl_generator_c.so
[2.602s] -- Up-to-date: /workspaces/isaac_ros-dev/install/custom_interfaces/include/custom_interfaces/custom_interfaces
[2.605s] -- Up-to-date: /workspaces/isaac_ros-dev/install/custom_interfaces/include/custom_interfaces/custom_interfaces/msg
[2.605s] -- Up-to-date: /workspaces/isaac_ros-dev/install/custom_interfaces/include/custom_interfaces/custom_interfaces/msg/rosidl_typesupport_fastrtps_c__visibility_control.h
[2.605s] -- Up-to-date: /workspaces/isaac_ros-dev/install/custom_interfaces/include/custom_interfaces/custom_interfaces/action
[2.606s] -- Up-to-date: /workspaces/isaac_ros-dev/install/custom_interfaces/include/custom_interfaces/custom_interfaces/action/detail
[2.606s] -- Up-to-date: /workspaces/isaac_ros-dev/install/custom_interfaces/include/custom_interfaces/custom_interfaces/action/detail/move__rosidl_typesupport_fastrtps_c.h
[2.606s] -- Up-to-date: /workspaces/isaac_ros-dev/install/custom_interfaces/include/custom_interfaces/custom_interfaces/action/detail/track_object__rosidl_typesupport_fastrtps_c.h
[2.606s] -- Up-to-date: /workspaces/isaac_ros-dev/install/custom_interfaces/lib/libcustom_interfaces__rosidl_typesupport_fastrtps_c.so
[2.607s] -- Up-to-date: /workspaces/isaac_ros-dev/install/custom_interfaces/include/custom_interfaces/custom_interfaces
[2.608s] -- Up-to-date: /workspaces/isaac_ros-dev/install/custom_interfaces/include/custom_interfaces/custom_interfaces/msg
[2.609s] -- Up-to-date: /workspaces/isaac_ros-dev/install/custom_interfaces/include/custom_interfaces/custom_interfaces/msg/rosidl_generator_cpp__visibility_control.hpp
[2.609s] -- Up-to-date: /workspaces/isaac_ros-dev/install/custom_interfaces/include/custom_interfaces/custom_interfaces/action
[2.609s] -- Up-to-date: /workspaces/isaac_ros-dev/install/custom_interfaces/include/custom_interfaces/custom_interfaces/action/track_object.hpp
[2.609s] -- Up-to-date: /workspaces/isaac_ros-dev/install/custom_interfaces/include/custom_interfaces/custom_interfaces/action/move.hpp
[2.609s] -- Up-to-date: /workspaces/isaac_ros-dev/install/custom_interfaces/include/custom_interfaces/custom_interfaces/action/detail
[2.610s] -- Up-to-date: /workspaces/isaac_ros-dev/install/custom_interfaces/include/custom_interfaces/custom_interfaces/action/detail/track_object__traits.hpp
[2.610s] -- Up-to-date: /workspaces/isaac_ros-dev/install/custom_interfaces/include/custom_interfaces/custom_interfaces/action/detail/move__struct.hpp
[2.610s] -- Up-to-date: /workspaces/isaac_ros-dev/install/custom_interfaces/include/custom_interfaces/custom_interfaces/action/detail/move__builder.hpp
[2.610s] -- Up-to-date: /workspaces/isaac_ros-dev/install/custom_interfaces/include/custom_interfaces/custom_interfaces/action/detail/move__traits.hpp
[2.616s] -- Up-to-date: /workspaces/isaac_ros-dev/install/custom_interfaces/include/custom_interfaces/custom_interfaces/action/detail/track_object__type_support.hpp
[2.616s] -- Up-to-date: /workspaces/isaac_ros-dev/install/custom_interfaces/include/custom_interfaces/custom_interfaces/action/detail/track_object__struct.hpp
[2.616s] -- Up-to-date: /workspaces/isaac_ros-dev/install/custom_interfaces/include/custom_interfaces/custom_interfaces/action/detail/move__type_support.hpp
[2.616s] -- Up-to-date: /workspaces/isaac_ros-dev/install/custom_interfaces/include/custom_interfaces/custom_interfaces/action/detail/track_object__builder.hpp
[2.617s] -- Up-to-date: /workspaces/isaac_ros-dev/install/custom_interfaces/include/custom_interfaces/custom_interfaces
[2.617s] -- Up-to-date: /workspaces/isaac_ros-dev/install/custom_interfaces/include/custom_interfaces/custom_interfaces/msg
[2.618s] -- Up-to-date: /workspaces/isaac_ros-dev/install/custom_interfaces/include/custom_interfaces/custom_interfaces/msg/rosidl_typesupport_fastrtps_cpp__visibility_control.h
[2.618s] -- Up-to-date: /workspaces/isaac_ros-dev/install/custom_interfaces/include/custom_interfaces/custom_interfaces/action
[2.619s] -- Up-to-date: /workspaces/isaac_ros-dev/install/custom_interfaces/include/custom_interfaces/custom_interfaces/action/detail
[2.619s] -- Up-to-date: /workspaces/isaac_ros-dev/install/custom_interfaces/include/custom_interfaces/custom_interfaces/action/detail/track_object__rosidl_typesupport_fastrtps_cpp.hpp
[2.619s] -- Up-to-date: /workspaces/isaac_ros-dev/install/custom_interfaces/include/custom_interfaces/custom_interfaces/action/detail/move__rosidl_typesupport_fastrtps_cpp.hpp
[2.620s] -- Up-to-date: /workspaces/isaac_ros-dev/install/custom_interfaces/include/custom_interfaces/custom_interfaces/action/detail/dds_fastrtps
[2.620s] -- Up-to-date: /workspaces/isaac_ros-dev/install/custom_interfaces/lib/libcustom_interfaces__rosidl_typesupport_fastrtps_cpp.so
[2.620s] -- Up-to-date: /workspaces/isaac_ros-dev/install/custom_interfaces/include/custom_interfaces/custom_interfaces
[2.620s] -- Up-to-date: /workspaces/isaac_ros-dev/install/custom_interfaces/include/custom_interfaces/custom_interfaces/msg
[2.620s] -- Up-to-date: /workspaces/isaac_ros-dev/install/custom_interfaces/include/custom_interfaces/custom_interfaces/msg/rosidl_typesupport_introspection_c__visibility_control.h
[2.620s] -- Up-to-date: /workspaces/isaac_ros-dev/install/custom_interfaces/include/custom_interfaces/custom_interfaces/action
[2.622s] -- Up-to-date: /workspaces/isaac_ros-dev/install/custom_interfaces/include/custom_interfaces/custom_interfaces/action/detail
[2.622s] -- Up-to-date: /workspaces/isaac_ros-dev/install/custom_interfaces/include/custom_interfaces/custom_interfaces/action/detail/move__rosidl_typesupport_introspection_c.h
[2.622s] -- Up-to-date: /workspaces/isaac_ros-dev/install/custom_interfaces/include/custom_interfaces/custom_interfaces/action/detail/track_object__type_support.c
[2.622s] -- Up-to-date: /workspaces/isaac_ros-dev/install/custom_interfaces/include/custom_interfaces/custom_interfaces/action/detail/track_object__rosidl_typesupport_introspection_c.h
[2.622s] -- Up-to-date: /workspaces/isaac_ros-dev/install/custom_interfaces/include/custom_interfaces/custom_interfaces/action/detail/move__type_support.c
[2.623s] -- Up-to-date: /workspaces/isaac_ros-dev/install/custom_interfaces/lib/libcustom_interfaces__rosidl_typesupport_introspection_c.so
[2.623s] -- Up-to-date: /workspaces/isaac_ros-dev/install/custom_interfaces/lib/libcustom_interfaces__rosidl_typesupport_c.so
[2.623s] -- Up-to-date: /workspaces/isaac_ros-dev/install/custom_interfaces/include/custom_interfaces/custom_interfaces
[2.623s] -- Up-to-date: /workspaces/isaac_ros-dev/install/custom_interfaces/include/custom_interfaces/custom_interfaces/action
[2.623s] -- Up-to-date: /workspaces/isaac_ros-dev/install/custom_interfaces/include/custom_interfaces/custom_interfaces/action/detail
[2.623s] -- Up-to-date: /workspaces/isaac_ros-dev/install/custom_interfaces/include/custom_interfaces/custom_interfaces/action/detail/move__type_support.cpp
[2.623s] -- Up-to-date: /workspaces/isaac_ros-dev/install/custom_interfaces/include/custom_interfaces/custom_interfaces/action/detail/track_object__type_support.cpp
[2.624s] -- Up-to-date: /workspaces/isaac_ros-dev/install/custom_interfaces/include/custom_interfaces/custom_interfaces/action/detail/track_object__rosidl_typesupport_introspection_cpp.hpp
[2.625s] -- Up-to-date: /workspaces/isaac_ros-dev/install/custom_interfaces/include/custom_interfaces/custom_interfaces/action/detail/move__rosidl_typesupport_introspection_cpp.hpp
[2.625s] -- Up-to-date: /workspaces/isaac_ros-dev/install/custom_interfaces/lib/libcustom_interfaces__rosidl_typesupport_introspection_cpp.so
[2.625s] -- Up-to-date: /workspaces/isaac_ros-dev/install/custom_interfaces/lib/libcustom_interfaces__rosidl_typesupport_cpp.so
[2.625s] -- Up-to-date: /workspaces/isaac_ros-dev/install/custom_interfaces/share/custom_interfaces/environment/pythonpath.sh
[2.626s] -- Up-to-date: /workspaces/isaac_ros-dev/install/custom_interfaces/share/custom_interfaces/environment/pythonpath.dsv
[2.626s] -- Up-to-date: /workspaces/isaac_ros-dev/install/custom_interfaces/local/lib/python3.10/dist-packages/custom_interfaces-0.0.0-py3.10.egg-info
[2.626s] -- Installing: /workspaces/isaac_ros-dev/install/custom_interfaces/local/lib/python3.10/dist-packages/custom_interfaces-0.0.0-py3.10.egg-info/dependency_links.txt
[2.626s] -- Installing: /workspaces/isaac_ros-dev/install/custom_interfaces/local/lib/python3.10/dist-packages/custom_interfaces-0.0.0-py3.10.egg-info/SOURCES.txt
[2.626s] -- Installing: /workspaces/isaac_ros-dev/install/custom_interfaces/local/lib/python3.10/dist-packages/custom_interfaces-0.0.0-py3.10.egg-info/top_level.txt
[2.626s] -- Installing: /workspaces/isaac_ros-dev/install/custom_interfaces/local/lib/python3.10/dist-packages/custom_interfaces-0.0.0-py3.10.egg-info/PKG-INFO
[2.627s] -- Up-to-date: /workspaces/isaac_ros-dev/install/custom_interfaces/local/lib/python3.10/dist-packages/custom_interfaces
[2.627s] -- Up-to-date: /workspaces/isaac_ros-dev/install/custom_interfaces/local/lib/python3.10/dist-packages/custom_interfaces/_custom_interfaces_s.ep.rosidl_typesupport_introspection_c.c
[2.627s] -- Up-to-date: /workspaces/isaac_ros-dev/install/custom_interfaces/local/lib/python3.10/dist-packages/custom_interfaces/custom_interfaces_s__rosidl_typesupport_c.cpython-310-aarch64-linux-gnu.so
[2.627s] -- Up-to-date: /workspaces/isaac_ros-dev/install/custom_interfaces/local/lib/python3.10/dist-packages/custom_interfaces/action
[2.627s] -- Up-to-date: /workspaces/isaac_ros-dev/install/custom_interfaces/local/lib/python3.10/dist-packages/custom_interfaces/action/_move.py
[2.627s] -- Up-to-date: /workspaces/isaac_ros-dev/install/custom_interfaces/local/lib/python3.10/dist-packages/custom_interfaces/action/_track_object.py
[2.627s] -- Up-to-date: /workspaces/isaac_ros-dev/install/custom_interfaces/local/lib/python3.10/dist-packages/custom_interfaces/action/_move_s.c
[2.628s] -- Up-to-date: /workspaces/isaac_ros-dev/install/custom_interfaces/local/lib/python3.10/dist-packages/custom_interfaces/action/_track_object_s.c
[2.628s] -- Up-to-date: /workspaces/isaac_ros-dev/install/custom_interfaces/local/lib/python3.10/dist-packages/custom_interfaces/action/__init__.py
[2.628s] -- Up-to-date: /workspaces/isaac_ros-dev/install/custom_interfaces/local/lib/python3.10/dist-packages/custom_interfaces/custom_interfaces_s__rosidl_typesupport_introspection_c.cpython-310-aarch64-linux-gnu.so
[2.628s] -- Up-to-date: /workspaces/isaac_ros-dev/install/custom_interfaces/local/lib/python3.10/dist-packages/custom_interfaces/_custom_interfaces_s.ep.rosidl_typesupport_c.c
[2.628s] -- Up-to-date: /workspaces/isaac_ros-dev/install/custom_interfaces/local/lib/python3.10/dist-packages/custom_interfaces/_custom_interfaces_s.ep.rosidl_typesupport_fastrtps_c.c
[2.628s] -- Up-to-date: /workspaces/isaac_ros-dev/install/custom_interfaces/local/lib/python3.10/dist-packages/custom_interfaces/custom_interfaces_s__rosidl_typesupport_fastrtps_c.cpython-310-aarch64-linux-gnu.so
[2.628s] -- Up-to-date: /workspaces/isaac_ros-dev/install/custom_interfaces/local/lib/python3.10/dist-packages/custom_interfaces/libcustom_interfaces__rosidl_generator_py.so
[2.629s] -- Up-to-date: /workspaces/isaac_ros-dev/install/custom_interfaces/local/lib/python3.10/dist-packages/custom_interfaces/__init__.py
[2.708s] Listing '/workspaces/isaac_ros-dev/install/custom_interfaces/local/lib/python3.10/dist-packages/custom_interfaces'...
[2.709s] Listing '/workspaces/isaac_ros-dev/install/custom_interfaces/local/lib/python3.10/dist-packages/custom_interfaces/action'...
[2.727s] -- Up-to-date: /workspaces/isaac_ros-dev/install/custom_interfaces/local/lib/python3.10/dist-packages/custom_interfaces/custom_interfaces_s__rosidl_typesupport_fastrtps_c.cpython-310-aarch64-linux-gnu.so
[2.730s] -- Up-to-date: /workspaces/isaac_ros-dev/install/custom_interfaces/local/lib/python3.10/dist-packages/custom_interfaces/custom_interfaces_s__rosidl_typesupport_introspection_c.cpython-310-aarch64-linux-gnu.so
[2.732s] -- Up-to-date: /workspaces/isaac_ros-dev/install/custom_interfaces/local/lib/python3.10/dist-packages/custom_interfaces/custom_interfaces_s__rosidl_typesupport_c.cpython-310-aarch64-linux-gnu.so
[2.732s] -- Up-to-date: /workspaces/isaac_ros-dev/install/custom_interfaces/lib/libcustom_interfaces__rosidl_generator_py.so
[2.734s] -- Up-to-date: /workspaces/isaac_ros-dev/install/custom_interfaces/share/custom_interfaces/action/Move.idl
[2.734s] -- Up-to-date: /workspaces/isaac_ros-dev/install/custom_interfaces/share/custom_interfaces/action/TrackObject.idl
[2.735s] -- Up-to-date: /workspaces/isaac_ros-dev/install/custom_interfaces/share/custom_interfaces/action/Move.action
[2.735s] -- Up-to-date: /workspaces/isaac_ros-dev/install/custom_interfaces/share/custom_interfaces/action/TrackObject.action
[2.735s] -- Up-to-date: /workspaces/isaac_ros-dev/install/custom_interfaces/share/ament_index/resource_index/package_run_dependencies/custom_interfaces
[2.736s] -- Up-to-date: /workspaces/isaac_ros-dev/install/custom_interfaces/share/ament_index/resource_index/parent_prefix_path/custom_interfaces
[2.736s] -- Up-to-date: /workspaces/isaac_ros-dev/install/custom_interfaces/share/custom_interfaces/environment/ament_prefix_path.sh
[2.737s] -- Up-to-date: /workspaces/isaac_ros-dev/install/custom_interfaces/share/custom_interfaces/environment/ament_prefix_path.dsv
[2.738s] -- Up-to-date: /workspaces/isaac_ros-dev/install/custom_interfaces/share/custom_interfaces/environment/path.sh
[2.738s] -- Up-to-date: /workspaces/isaac_ros-dev/install/custom_interfaces/share/custom_interfaces/environment/path.dsv
[2.738s] -- Up-to-date: /workspaces/isaac_ros-dev/install/custom_interfaces/share/custom_interfaces/local_setup.bash
[2.738s] -- Up-to-date: /workspaces/isaac_ros-dev/install/custom_interfaces/share/custom_interfaces/local_setup.sh
[2.739s] -- Up-to-date: /workspaces/isaac_ros-dev/install/custom_interfaces/share/custom_interfaces/local_setup.zsh
[2.739s] -- Up-to-date: /workspaces/isaac_ros-dev/install/custom_interfaces/share/custom_interfaces/local_setup.dsv
[2.739s] -- Installing: /workspaces/isaac_ros-dev/install/custom_interfaces/share/custom_interfaces/package.dsv
[2.739s] -- Up-to-date: /workspaces/isaac_ros-dev/install/custom_interfaces/share/ament_index/resource_index/packages/custom_interfaces
[2.739s] -- Up-to-date: /workspaces/isaac_ros-dev/install/custom_interfaces/share/custom_interfaces/cmake/export_custom_interfaces__rosidl_generator_cExport.cmake
[2.739s] -- Up-to-date: /workspaces/isaac_ros-dev/install/custom_interfaces/share/custom_interfaces/cmake/export_custom_interfaces__rosidl_generator_cExport-noconfig.cmake
[2.740s] -- Up-to-date: /workspaces/isaac_ros-dev/install/custom_interfaces/share/custom_interfaces/cmake/export_custom_interfaces__rosidl_typesupport_fastrtps_cExport.cmake
[2.740s] -- Up-to-date: /workspaces/isaac_ros-dev/install/custom_interfaces/share/custom_interfaces/cmake/export_custom_interfaces__rosidl_typesupport_fastrtps_cExport-noconfig.cmake
[2.740s] -- Up-to-date: /workspaces/isaac_ros-dev/install/custom_interfaces/share/custom_interfaces/cmake/export_custom_interfaces__rosidl_generator_cppExport.cmake
[2.740s] -- Up-to-date: /workspaces/isaac_ros-dev/install/custom_interfaces/share/custom_interfaces/cmake/export_custom_interfaces__rosidl_typesupport_fastrtps_cppExport.cmake
[2.740s] -- Up-to-date: /workspaces/isaac_ros-dev/install/custom_interfaces/share/custom_interfaces/cmake/export_custom_interfaces__rosidl_typesupport_fastrtps_cppExport-noconfig.cmake
[2.740s] -- Up-to-date: /workspaces/isaac_ros-dev/install/custom_interfaces/share/custom_interfaces/cmake/custom_interfaces__rosidl_typesupport_introspection_cExport.cmake
[2.740s] -- Up-to-date: /workspaces/isaac_ros-dev/install/custom_interfaces/share/custom_interfaces/cmake/custom_interfaces__rosidl_typesupport_introspection_cExport-noconfig.cmake
[2.741s] -- Up-to-date: /workspaces/isaac_ros-dev/install/custom_interfaces/share/custom_interfaces/cmake/custom_interfaces__rosidl_typesupport_cExport.cmake
[2.741s] -- Up-to-date: /workspaces/isaac_ros-dev/install/custom_interfaces/share/custom_interfaces/cmake/custom_interfaces__rosidl_typesupport_cExport-noconfig.cmake
[2.741s] -- Up-to-date: /workspaces/isaac_ros-dev/install/custom_interfaces/share/custom_interfaces/cmake/custom_interfaces__rosidl_typesupport_introspection_cppExport.cmake
[2.741s] -- Up-to-date: /workspaces/isaac_ros-dev/install/custom_interfaces/share/custom_interfaces/cmake/custom_interfaces__rosidl_typesupport_introspection_cppExport-noconfig.cmake
[2.741s] -- Up-to-date: /workspaces/isaac_ros-dev/install/custom_interfaces/share/custom_interfaces/cmake/custom_interfaces__rosidl_typesupport_cppExport.cmake
[2.741s] -- Up-to-date: /workspaces/isaac_ros-dev/install/custom_interfaces/share/custom_interfaces/cmake/custom_interfaces__rosidl_typesupport_cppExport-noconfig.cmake
[2.741s] -- Up-to-date: /workspaces/isaac_ros-dev/install/custom_interfaces/share/custom_interfaces/cmake/export_custom_interfaces__rosidl_generator_pyExport.cmake
[2.742s] -- Up-to-date: /workspaces/isaac_ros-dev/install/custom_interfaces/share/custom_interfaces/cmake/export_custom_interfaces__rosidl_generator_pyExport-noconfig.cmake
[2.742s] -- Up-to-date: /workspaces/isaac_ros-dev/install/custom_interfaces/share/custom_interfaces/cmake/rosidl_cmake-extras.cmake
[2.742s] -- Up-to-date: /workspaces/isaac_ros-dev/install/custom_interfaces/share/custom_interfaces/cmake/ament_cmake_export_dependencies-extras.cmake
[2.742s] -- Up-to-date: /workspaces/isaac_ros-dev/install/custom_interfaces/share/custom_interfaces/cmake/ament_cmake_export_include_directories-extras.cmake
[2.742s] -- Up-to-date: /workspaces/isaac_ros-dev/install/custom_interfaces/share/custom_interfaces/cmake/ament_cmake_export_libraries-extras.cmake
[2.743s] -- Up-to-date: /workspaces/isaac_ros-dev/install/custom_interfaces/share/custom_interfaces/cmake/ament_cmake_export_targets-extras.cmake
[2.743s] -- Up-to-date: /workspaces/isaac_ros-dev/install/custom_interfaces/share/custom_interfaces/cmake/rosidl_cmake_export_typesupport_targets-extras.cmake
[2.743s] -- Up-to-date: /workspaces/isaac_ros-dev/install/custom_interfaces/share/custom_interfaces/cmake/rosidl_cmake_export_typesupport_libraries-extras.cmake
[2.743s] -- Up-to-date: /workspaces/isaac_ros-dev/install/custom_interfaces/share/custom_interfaces/cmake/custom_interfacesConfig.cmake
[2.743s] -- Up-to-date: /workspaces/isaac_ros-dev/install/custom_interfaces/share/custom_interfaces/cmake/custom_interfacesConfig-version.cmake
[2.743s] -- Up-to-date: /workspaces/isaac_ros-dev/install/custom_interfaces/share/custom_interfaces/package.xml
[2.748s] Invoked command in '/workspaces/isaac_ros-dev/build/custom_interfaces' returned '0': CMAKE_PREFIX_PATH=${CMAKE_PREFIX_PATH}:/opt/ros/humble /usr/bin/cmake --install /workspaces/isaac_ros-dev/build/custom_interfaces
