[0.028s] Invoking command in '/workspaces/isaac_ros-dev/build/my_action_client': AMENT_PREFIX_PATH=/workspaces/isaac_ros-dev/install/custom_interfaces:${AMENT_PREFIX_PATH} CMAKE_PREFIX_PATH=/workspaces/isaac_ros-dev/install/custom_interfaces:/usr/local/libcudss-linux-0.3.0.9_cuda12-archive:/opt/ros/humble LD_LIBRARY_PATH=/workspaces/isaac_ros-dev/install/custom_interfaces/lib:${LD_LIBRARY_PATH} PYTHONPATH=/workspaces/isaac_ros-dev/install/custom_interfaces/local/lib/python3.10/dist-packages:${PYTHONPATH} /usr/bin/cmake --build /workspaces/isaac_ros-dev/build/my_action_client -- -j6 -l6
[0.100s] -- Found ament_cmake: 1.3.11 (/opt/ros/humble/share/ament_cmake/cmake)
[0.479s] -- Found rclcpp: 16.0.12 (/opt/ros/humble/share/rclcpp/cmake)
[0.553s] -- Found rosidl_generator_c: 3.1.6 (/opt/ros/humble/share/rosidl_generator_c/cmake)
[0.560s] -- Found rosidl_adapter: 3.1.6 (/opt/ros/humble/share/rosidl_adapter/cmake)
[0.574s] -- Found rosidl_generator_cpp: 3.1.6 (/opt/ros/humble/share/rosidl_generator_cpp/cmake)
[0.596s] -- Using all available rosidl_typesupport_c: rosidl_typesupport_fastrtps_c;rosidl_typesupport_introspection_c
[0.626s] -- Using all available rosidl_typesupport_cpp: rosidl_typesupport_fastrtps_cpp;rosidl_typesupport_introspection_cpp
[0.701s] -- Found rmw_implementation_cmake: 6.1.2 (/opt/ros/humble/share/rmw_implementation_cmake/cmake)
[0.704s] -- Found rmw_fastrtps_cpp: 6.2.7 (/opt/ros/humble/share/rmw_fastrtps_cpp/cmake)
[1.045s] -- Using RMW implementation 'rmw_fastrtps_cpp' as default
[1.155s] -- Found rclcpp_action: 16.0.12 (/opt/ros/humble/share/rclcpp_action/cmake)
[1.225s] -- Found custom_interfaces: 0.0.0 (/workspaces/isaac_ros-dev/install/custom_interfaces/share/custom_interfaces/cmake)
[1.296s] -- Found ament_lint_auto: 0.12.12 (/opt/ros/humble/share/ament_lint_auto/cmake)
[1.501s] -- Added test 'cppcheck' to perform static code analysis on C / C++ code
[1.501s] -- Configured cppcheck include dirs: 
[1.501s] -- Configured cppcheck exclude dirs and/or files: 
[1.502s] -- Added test 'flake8' to check Python code syntax and style conventions
[1.502s] -- Added test 'lint_cmake' to check CMake code style
[1.505s] -- Added test 'pep257' to check Python code against some of the docstring style conventions in PEP 257
[1.506s] -- Added test 'uncrustify' to check C / C++ code style
[1.507s] -- Configured uncrustify additional arguments: 
[1.507s] -- Added test 'xmllint' to check XML markup files
[1.509s] -- Configuring done
[1.545s] -- Generating done
[1.556s] -- Build files have been written to: /workspaces/isaac_ros-dev/build/my_action_client
[1.635s] [35m[1mConsolidate compiler generated dependencies of target action_client_node[0m
[1.691s] [100%] Built target action_client_node
[1.721s] Invoked command in '/workspaces/isaac_ros-dev/build/my_action_client' returned '0': AMENT_PREFIX_PATH=/workspaces/isaac_ros-dev/install/custom_interfaces:${AMENT_PREFIX_PATH} CMAKE_PREFIX_PATH=/workspaces/isaac_ros-dev/install/custom_interfaces:/usr/local/libcudss-linux-0.3.0.9_cuda12-archive:/opt/ros/humble LD_LIBRARY_PATH=/workspaces/isaac_ros-dev/install/custom_interfaces/lib:${LD_LIBRARY_PATH} PYTHONPATH=/workspaces/isaac_ros-dev/install/custom_interfaces/local/lib/python3.10/dist-packages:${PYTHONPATH} /usr/bin/cmake --build /workspaces/isaac_ros-dev/build/my_action_client -- -j6 -l6
[1.726s] Invoking command in '/workspaces/isaac_ros-dev/build/my_action_client': AMENT_PREFIX_PATH=/workspaces/isaac_ros-dev/install/custom_interfaces:${AMENT_PREFIX_PATH} CMAKE_PREFIX_PATH=/workspaces/isaac_ros-dev/install/custom_interfaces:/usr/local/libcudss-linux-0.3.0.9_cuda12-archive:/opt/ros/humble LD_LIBRARY_PATH=/workspaces/isaac_ros-dev/install/custom_interfaces/lib:${LD_LIBRARY_PATH} PYTHONPATH=/workspaces/isaac_ros-dev/install/custom_interfaces/local/lib/python3.10/dist-packages:${PYTHONPATH} /usr/bin/cmake --install /workspaces/isaac_ros-dev/build/my_action_client
[1.748s] -- Install configuration: ""
[1.749s] -- Installing: /workspaces/isaac_ros-dev/install/my_action_client/lib/my_action_client/action_client_node
[1.750s] -- Set runtime path of "/workspaces/isaac_ros-dev/install/my_action_client/lib/my_action_client/action_client_node" to ""
[1.750s] -- Installing: /workspaces/isaac_ros-dev/install/my_action_client/share/my_action_client//launch
[1.751s] -- Installing: /workspaces/isaac_ros-dev/install/my_action_client/share/my_action_client//launch/client_launch.py
[1.751s] -- Installing: /workspaces/isaac_ros-dev/install/my_action_client/share/ament_index/resource_index/package_run_dependencies/my_action_client
[1.752s] -- Installing: /workspaces/isaac_ros-dev/install/my_action_client/share/ament_index/resource_index/parent_prefix_path/my_action_client
[1.755s] -- Installing: /workspaces/isaac_ros-dev/install/my_action_client/share/my_action_client/environment/ament_prefix_path.sh
[1.755s] -- Installing: /workspaces/isaac_ros-dev/install/my_action_client/share/my_action_client/environment/ament_prefix_path.dsv
[1.756s] -- Installing: /workspaces/isaac_ros-dev/install/my_action_client/share/my_action_client/environment/path.sh
[1.756s] -- Installing: /workspaces/isaac_ros-dev/install/my_action_client/share/my_action_client/environment/path.dsv
[1.756s] -- Installing: /workspaces/isaac_ros-dev/install/my_action_client/share/my_action_client/local_setup.bash
[1.761s] -- Installing: /workspaces/isaac_ros-dev/install/my_action_client/share/my_action_client/local_setup.sh
[1.762s] -- Installing: /workspaces/isaac_ros-dev/install/my_action_client/share/my_action_client/local_setup.zsh
[1.762s] -- Installing: /workspaces/isaac_ros-dev/install/my_action_client/share/my_action_client/local_setup.dsv
[1.765s] -- Installing: /workspaces/isaac_ros-dev/install/my_action_client/share/my_action_client/package.dsv
[1.765s] -- Installing: /workspaces/isaac_ros-dev/install/my_action_client/share/ament_index/resource_index/packages/my_action_client
[1.765s] -- Installing: /workspaces/isaac_ros-dev/install/my_action_client/share/my_action_client/cmake/my_action_clientConfig.cmake
[1.766s] -- Installing: /workspaces/isaac_ros-dev/install/my_action_client/share/my_action_client/cmake/my_action_clientConfig-version.cmake
[1.766s] -- Installing: /workspaces/isaac_ros-dev/install/my_action_client/share/my_action_client/package.xml
[1.772s] Invoked command in '/workspaces/isaac_ros-dev/build/my_action_client' returned '0': AMENT_PREFIX_PATH=/workspaces/isaac_ros-dev/install/custom_interfaces:${AMENT_PREFIX_PATH} CMAKE_PREFIX_PATH=/workspaces/isaac_ros-dev/install/custom_interfaces:/usr/local/libcudss-linux-0.3.0.9_cuda12-archive:/opt/ros/humble LD_LIBRARY_PATH=/workspaces/isaac_ros-dev/install/custom_interfaces/lib:${LD_LIBRARY_PATH} PYTHONPATH=/workspaces/isaac_ros-dev/install/custom_interfaces/local/lib/python3.10/dist-packages:${PYTHONPATH} /usr/bin/cmake --install /workspaces/isaac_ros-dev/build/my_action_client
