[0.048s] Invoking command in '/workspaces/isaac_ros-dev/build/my_action_server': AMENT_PREFIX_PATH=/workspaces/isaac_ros-dev/install/custom_interfaces:${AMENT_PREFIX_PATH} CMAKE_PREFIX_PATH=/workspaces/isaac_ros-dev/install/custom_interfaces:/usr/local/libcudss-linux-0.3.0.9_cuda12-archive:/opt/ros/humble LD_LIBRARY_PATH=/workspaces/isaac_ros-dev/install/custom_interfaces/lib:${LD_LIBRARY_PATH} PYTHONPATH=/workspaces/isaac_ros-dev/install/custom_interfaces/local/lib/python3.10/dist-packages:${PYTHONPATH} /usr/bin/cmake --build /workspaces/isaac_ros-dev/build/my_action_server -- -j6 -l6
[0.129s] -- Found ament_cmake: 1.3.11 (/opt/ros/humble/share/ament_cmake/cmake)
[0.524s] -- Found rclcpp: 16.0.12 (/opt/ros/humble/share/rclcpp/cmake)
[0.596s] -- Found rosidl_generator_c: 3.1.6 (/opt/ros/humble/share/rosidl_generator_c/cmake)
[0.602s] -- Found rosidl_adapter: 3.1.6 (/opt/ros/humble/share/rosidl_adapter/cmake)
[0.615s] -- Found rosidl_generator_cpp: 3.1.6 (/opt/ros/humble/share/rosidl_generator_cpp/cmake)
[0.636s] -- Using all available rosidl_typesupport_c: rosidl_typesupport_fastrtps_c;rosidl_typesupport_introspection_c
[0.664s] -- Using all available rosidl_typesupport_cpp: rosidl_typesupport_fastrtps_cpp;rosidl_typesupport_introspection_cpp
[0.739s] -- Found rmw_implementation_cmake: 6.1.2 (/opt/ros/humble/share/rmw_implementation_cmake/cmake)
[0.742s] -- Found rmw_fastrtps_cpp: 6.2.7 (/opt/ros/humble/share/rmw_fastrtps_cpp/cmake)
[1.125s] -- Using RMW implementation 'rmw_fastrtps_cpp' as default
[1.235s] -- Found rclcpp_action: 16.0.12 (/opt/ros/humble/share/rclcpp_action/cmake)
[1.302s] -- Found custom_interfaces: 0.0.0 (/workspaces/isaac_ros-dev/install/custom_interfaces/share/custom_interfaces/cmake)
[1.367s] -- Found vision_msgs: 4.1.1 (/opt/ros/humble/share/vision_msgs/cmake)
[1.401s] -- Found sensor_msgs: 4.8.0 (/opt/ros/humble/share/sensor_msgs/cmake)
[1.491s] [31mCMake Error at CMakeLists.txt:17 (find_package):
[1.492s]   By not providing "Findserial.cmake" in CMAKE_MODULE_PATH this project has
[1.492s]   asked CMake to find a package configuration file provided by "serial", but
[1.492s]   CMake did not find one.
[1.492s] 
[1.492s]   Could not find a package configuration file provided by "serial" with any
[1.493s]   of the following names:
[1.493s] 
[1.493s]     serialConfig.cmake
[1.493s]     serial-config.cmake
[1.493s] 
[1.493s]   Add the installation prefix of "serial" to CMAKE_PREFIX_PATH or set
[1.494s]   "serial_DIR" to a directory containing one of the above files.  If "serial"
[1.494s]   provides a separate development package or SDK, be sure it has been
[1.494s]   installed.
[1.494s] 
[1.494s] [0m
[1.494s] -- Configuring incomplete, errors occurred!
[1.494s] See also "/workspaces/isaac_ros-dev/build/my_action_server/CMakeFiles/CMakeOutput.log".
[1.513s] gmake: *** [Makefile:308: cmake_check_build_system] Error 1
[1.520s] Invoked command in '/workspaces/isaac_ros-dev/build/my_action_server' returned '2': AMENT_PREFIX_PATH=/workspaces/isaac_ros-dev/install/custom_interfaces:${AMENT_PREFIX_PATH} CMAKE_PREFIX_PATH=/workspaces/isaac_ros-dev/install/custom_interfaces:/usr/local/libcudss-linux-0.3.0.9_cuda12-archive:/opt/ros/humble LD_LIBRARY_PATH=/workspaces/isaac_ros-dev/install/custom_interfaces/lib:${LD_LIBRARY_PATH} PYTHONPATH=/workspaces/isaac_ros-dev/install/custom_interfaces/local/lib/python3.10/dist-packages:${PYTHONPATH} /usr/bin/cmake --build /workspaces/isaac_ros-dev/build/my_action_server -- -j6 -l6
