[0.030s] Invoking command in '/workspaces/isaac_ros-dev/src/build/custom_interfaces': CMAKE_PREFIX_PATH=${CMAKE_PREFIX_PATH}:/opt/ros/humble /usr/bin/cmake /workspaces/isaac_ros-dev/src/custom_interfaces -DCMAKE_INSTALL_PREFIX=/workspaces/isaac_ros-dev/src/install/custom_interfaces
[0.059s] -- Found ament_cmake: 1.3.11 (/opt/ros/humble/share/ament_cmake/cmake)
[0.407s] -- Found rclcpp: 16.0.12 (/opt/ros/humble/share/rclcpp/cmake)
[0.490s] -- Found rosidl_generator_c: 3.1.6 (/opt/ros/humble/share/rosidl_generator_c/cmake)
[0.495s] -- Found rosidl_adapter: 3.1.6 (/opt/ros/humble/share/rosidl_adapter/cmake)
[0.508s] -- Found rosidl_generator_cpp: 3.1.6 (/opt/ros/humble/share/rosidl_generator_cpp/cmake)
[0.528s] -- Using all available rosidl_typesupport_c: rosidl_typesupport_fastrtps_c;rosidl_typesupport_introspection_c
[0.555s] -- Using all available rosidl_typesupport_cpp: rosidl_typesupport_fastrtps_cpp;rosidl_typesupport_introspection_cpp
[0.625s] -- Found rmw_implementation_cmake: 6.1.2 (/opt/ros/humble/share/rmw_implementation_cmake/cmake)
[0.627s] -- Found rmw_fastrtps_cpp: 6.2.7 (/opt/ros/humble/share/rmw_fastrtps_cpp/cmake)
[0.932s] -- Using RMW implementation 'rmw_fastrtps_cpp' as default
[1.041s] -- Found rosidl_default_generators: 1.2.0 (/opt/ros/humble/share/rosidl_default_generators/cmake)
[1.058s] [31mCMake Error at /opt/ros/humble/share/rosidl_cmake/cmake/rosidl_generate_interfaces.cmake:80 (message):
[1.058s]   rosidl_generate_interfaces() the passed absolute file '/action/Move.action'
[1.058s]   must be represented as an absolute base path separated by a colon from the
[1.059s]   relative path to the interface file
[1.059s] Call Stack (most recent call first):
[1.059s]   CMakeLists.txt:15 (rosidl_generate_interfaces)
[1.059s] 
[1.059s] [0m
[1.060s] -- Configuring incomplete, errors occurred!
[1.060s] See also "/workspaces/isaac_ros-dev/src/build/custom_interfaces/CMakeFiles/CMakeOutput.log".
[1.079s] Invoked command in '/workspaces/isaac_ros-dev/src/build/custom_interfaces' returned '1': CMAKE_PREFIX_PATH=${CMAKE_PREFIX_PATH}:/opt/ros/humble /usr/bin/cmake /workspaces/isaac_ros-dev/src/custom_interfaces -DCMAKE_INSTALL_PREFIX=/workspaces/isaac_ros-dev/src/install/custom_interfaces
