[0.000000] (-) TimerEvent: {}
[0.001119] (custom_interfaces) JobQueued: {'identifier': 'custom_interfaces', 'dependencies': OrderedDict()}
[0.001475] (custom_interfaces) JobStarted: {'identifier': 'custom_interfaces'}
[0.023367] (custom_interfaces) JobProgress: {'identifier': 'custom_interfaces', 'progress': 'cmake'}
[0.024998] (custom_interfaces) JobProgress: {'identifier': 'custom_interfaces', 'progress': 'build'}
[0.026491] (custom_interfaces) Command: {'cmd': ['/usr/bin/cmake', '--build', '/workspaces/isaac_ros-dev/src/custom_interfaces/build/custom_interfaces', '--', '-j6', '-l6'], 'cwd': '/workspaces/isaac_ros-dev/src/custom_interfaces/build/custom_interfaces', 'env': OrderedDict([('LIBRARY_PATH', '/usr/local/cuda/lib64/stubs'), ('PYTHONWARNINGS', 'ignore:::setuptools.command.install,ignore:::setuptools.command.easy_install,ignore:::pkg_resources,ignore:::setuptools.command.develop'), ('NV_LIBCUBLAS_VERSION', '12.6.1.4-1'), ('USER', 'stickykeys'), ('NV_CUDA_NSIGHT_COMPUTE_VERSION', '12.6.11-1'), ('HOSTNAME', 'stickykeys-desktop'), ('SHLVL', '1'), ('LD_LIBRARY_PATH', '/opt/ros/humble/opt/rviz_ogre_vendor/lib:/opt/ros/humble/lib/aarch64-linux-gnu:/opt/ros/humble/lib:/usr/lib/aarch64-linux-gnu/tegra/weston:/usr/lib/aarch64-linux-gnu/tegra-egl:/usr/local/cuda-12.6/targets/aarch64-linux/lib:/usr/lib/aarch64-linux-gnu/tegra:/opt/nvidia/vpi3/lib64:/usr/local/libcudss-linux-0.3.0.9_cuda12-archive/lib:/usr/local/nvidia/lib:/usr/local/nvidia/lib64:/usr/lib/aarch64-linux-gnu-host:/opt/tritonserver/lib'), ('HOME', '/home/admin'), ('OLDPWD', '/workspaces/isaac_ros-dev/src/custom_interfaces/action'), ('HOST_USER_GID', '1000'), ('NV_LIBCUBLAS_DEV_VERSION', '12.6.1.4-1'), ('ROS_PYTHON_VERSION', '3'), ('NVIDIA_PVA_DEVICE', 'all'), ('NV_LIBNPP_PACKAGE', 'libnpp-12-6=12.3.1.54-1'), ('CUDA_VERSION', '12.6.11'), ('COLCON_PREFIX_PATH', '/workspaces/isaac_ros-dev/install'), ('ROS_DISTRO', 'humble'), ('NV_LIBCUBLAS_PACKAGE_NAME', 'libcublas-12-6'), ('NVIDIA_REQUIRE_CUDA', 'cuda>=12.6'), ('_', '/usr/bin/colcon'), ('ROS_VERSION', '2'), ('NV_LIBCUSPARSE_VERSION', '12.5.3.3-1'), ('NVIDIA_DRIVER_CAPABILITIES', 'all'), ('NV_CUDA_LIB_VERSION', '12.6.11-1'), ('NV_NVML_DEV_VERSION', '12.6.68-1'), ('USERNAME', 'admin'), ('NV_LIBNPP_DEV_PACKAGE', 'libnpp-dev-12-6=12.3.1.54-1'), ('TERM', 'xterm'), ('ISAAC_ROS_WS', '/workspaces/isaac_ros-dev'), ('NV_CUDA_CUDART_VERSION', '12.6.68-1'), ('ROS_LOCALHOST_ONLY', '0'), ('PATH', '/opt/ros/humble/bin:/opt/ros/humble/vcstool/scripts:/usr/local/nvidia/bin:/usr/local/cuda/bin:/usr/src/tensorrt/bin:/usr/local/nvidia/bin:/usr/local/cuda/bin:/usr/local/sbin:/usr/local/bin:/usr/sbin:/usr/bin:/sbin:/bin'), ('NV_LIBCUBLAS_DEV_PACKAGE_NAME', 'libcublas-dev-12-6'), ('NV_LIBCUBLAS_PACKAGE', 'libcublas-12-6=12.6.1.4-1'), ('HOST_USER_UID', '1000'), ('NVARCH', 'arm64'), ('CUDSS_DIR', '/usr/local/libcudss-linux-0.3.0.9_cuda12-archive'), ('NV_LIBCUSPARSE_DEV_VERSION', '12.5.3.3-1'), ('DISPLAY', ':1'), ('NVIDIA_PRODUCT_NAME', 'CUDA'), ('LANG', 'en_US.UTF-8'), ('RMW_IMPLEMENTATION', 'rmw_fastrtps_cpp'), ('NV_CUDA_CUDART_DEV_VERSION', '12.6.68-1'), ('ROS_ROOT', '/opt/ros/humble'), ('SSH_AUTH_SOCK', '/ssh-agent'), ('AMENT_PREFIX_PATH', '/opt/ros/humble'), ('DEBIAN_FRONTEND', 'noninteractive'), ('SHELL', '/bin/bash'), ('TRT_INCLUDE_PATH', '/usr/include/aarch64-linux-gnu'), ('NV_LIBCUBLAS_DEV_PACKAGE', 'libcublas-dev-12-6=12.6.1.4-1'), ('NV_CUDA_NSIGHT_COMPUTE_DEV_PACKAGE', 'cuda-nsight-compute-12-6=12.6.11-1'), ('NVIDIA_REQUIRE_JETPACK_HOST_MOUNTS', 'base-only'), ('NV_NVTX_VERSION', '12.6.68-1'), ('NV_LIBNPP_VERSION', '12.3.1.54-1'), ('PWD', '/workspaces/isaac_ros-dev/src/custom_interfaces/build/custom_interfaces'), ('PYTHONPATH', '/opt/ros/humble/lib/python3.10/site-packages:/opt/ros/humble/local/lib/python3.10/dist-packages:/opt/ros/humble/vcstool:'), ('NVIDIA_VISIBLE_DEVICES', 'void'), ('COLCON', '1'), ('NV_LIBNPP_DEV_VERSION', '12.3.1.54-1'), ('CMAKE_PREFIX_PATH', '/usr/local/libcudss-linux-0.3.0.9_cuda12-archive::/opt/ros/humble'), ('TRT_LIB_PATH', '/usr/lib/aarch64-linux-gnu')]), 'shell': False}
[0.094019] (custom_interfaces) StdoutLine: {'line': b'-- Found ament_cmake: 1.3.11 (/opt/ros/humble/share/ament_cmake/cmake)\n'}
[0.099044] (-) TimerEvent: {}
[0.199670] (-) TimerEvent: {}
[0.300475] (-) TimerEvent: {}
[0.401269] (-) TimerEvent: {}
[0.445311] (custom_interfaces) StdoutLine: {'line': b'-- Found rclcpp: 16.0.12 (/opt/ros/humble/share/rclcpp/cmake)\n'}
[0.501430] (-) TimerEvent: {}
[0.523081] (custom_interfaces) StdoutLine: {'line': b'-- Found rosidl_generator_c: 3.1.6 (/opt/ros/humble/share/rosidl_generator_c/cmake)\n'}
[0.528613] (custom_interfaces) StdoutLine: {'line': b'-- Found rosidl_adapter: 3.1.6 (/opt/ros/humble/share/rosidl_adapter/cmake)\n'}
[0.541565] (custom_interfaces) StdoutLine: {'line': b'-- Found rosidl_generator_cpp: 3.1.6 (/opt/ros/humble/share/rosidl_generator_cpp/cmake)\n'}
[0.562411] (custom_interfaces) StdoutLine: {'line': b'-- Using all available rosidl_typesupport_c: rosidl_typesupport_fastrtps_c;rosidl_typesupport_introspection_c\n'}
[0.588764] (custom_interfaces) StdoutLine: {'line': b'-- Using all available rosidl_typesupport_cpp: rosidl_typesupport_fastrtps_cpp;rosidl_typesupport_introspection_cpp\n'}
[0.601541] (-) TimerEvent: {}
[0.660647] (custom_interfaces) StdoutLine: {'line': b'-- Found rmw_implementation_cmake: 6.1.2 (/opt/ros/humble/share/rmw_implementation_cmake/cmake)\n'}
[0.663472] (custom_interfaces) StdoutLine: {'line': b'-- Found rmw_fastrtps_cpp: 6.2.7 (/opt/ros/humble/share/rmw_fastrtps_cpp/cmake)\n'}
[0.701744] (-) TimerEvent: {}
[0.802489] (-) TimerEvent: {}
[0.903352] (-) TimerEvent: {}
[0.967875] (custom_interfaces) StdoutLine: {'line': b"-- Using RMW implementation 'rmw_fastrtps_cpp' as default\n"}
[1.003464] (-) TimerEvent: {}
[1.074832] (custom_interfaces) StdoutLine: {'line': b'-- Found rosidl_default_generators: 1.2.0 (/opt/ros/humble/share/rosidl_default_generators/cmake)\n'}
[1.103615] (-) TimerEvent: {}
[1.204318] (-) TimerEvent: {}
[1.305162] (-) TimerEvent: {}
[1.406180] (-) TimerEvent: {}
[1.506976] (-) TimerEvent: {}
[1.608211] (-) TimerEvent: {}
[1.709014] (-) TimerEvent: {}
[1.800521] (custom_interfaces) StdoutLine: {'line': b'-- Found ament_cmake_ros: 0.10.0 (/opt/ros/humble/share/ament_cmake_ros/cmake)\n'}
[1.809112] (-) TimerEvent: {}
[1.909735] (-) TimerEvent: {}
[2.010540] (-) TimerEvent: {}
[2.111378] (-) TimerEvent: {}
[2.212229] (-) TimerEvent: {}
[2.313074] (-) TimerEvent: {}
[2.413870] (-) TimerEvent: {}
[2.514664] (-) TimerEvent: {}
[2.615441] (-) TimerEvent: {}
[2.709342] (custom_interfaces) StdoutLine: {'line': b'-- Using all available rosidl_typesupport_c: rosidl_typesupport_fastrtps_c;rosidl_typesupport_introspection_c\n'}
[2.715550] (-) TimerEvent: {}
[2.816187] (-) TimerEvent: {}
[2.917496] (-) TimerEvent: {}
[3.018309] (-) TimerEvent: {}
[3.072553] (custom_interfaces) StdoutLine: {'line': b'-- Using all available rosidl_typesupport_cpp: rosidl_typesupport_fastrtps_cpp;rosidl_typesupport_introspection_cpp\n'}
[3.118431] (-) TimerEvent: {}
[3.147323] (custom_interfaces) StdoutLine: {'line': b'-- Found python_cmake_module: 0.10.0 (/opt/ros/humble/share/python_cmake_module/cmake)\n'}
[3.216686] (custom_interfaces) StdoutLine: {'line': b'-- Using PYTHON_EXECUTABLE: /usr/bin/python3\n'}
[3.217443] (custom_interfaces) StdoutLine: {'line': b'-- Using PYTHON_INCLUDE_DIRS: /usr/include/python3.10\n'}
[3.217754] (custom_interfaces) StdoutLine: {'line': b'-- Using PYTHON_LIBRARIES: /usr/lib/aarch64-linux-gnu/libpython3.10.so\n'}
[3.218536] (-) TimerEvent: {}
[3.319065] (-) TimerEvent: {}
[3.419698] (-) TimerEvent: {}
[3.520696] (-) TimerEvent: {}
[3.547419] (custom_interfaces) StdoutLine: {'line': b'-- Using numpy include directory: /usr/local/lib/python3.10/dist-packages/numpy/core/include\n'}
[3.579618] (custom_interfaces) StdoutLine: {'line': b'-- Found ament_lint_auto: 0.12.12 (/opt/ros/humble/share/ament_lint_auto/cmake)\n'}
[3.620892] (-) TimerEvent: {}
[3.667044] (custom_interfaces) StdoutLine: {'line': b"-- Added test 'cppcheck' to perform static code analysis on C / C++ code\n"}
[3.668809] (custom_interfaces) StdoutLine: {'line': b'-- Configured cppcheck include dirs: $<BUILD_INTERFACE:/workspaces/isaac_ros-dev/src/custom_interfaces/build/custom_interfaces/rosidl_generator_c>;$<BUILD_INTERFACE:/workspaces/isaac_ros-dev/src/custom_interfaces/build/custom_interfaces/rosidl_typesupport_fastrtps_c>;$<BUILD_INTERFACE:/workspaces/isaac_ros-dev/src/custom_interfaces/build/custom_interfaces/rosidl_generator_cpp>;$<BUILD_INTERFACE:/workspaces/isaac_ros-dev/src/custom_interfaces/build/custom_interfaces/rosidl_typesupport_fastrtps_cpp>;$<BUILD_INTERFACE:/workspaces/isaac_ros-dev/src/custom_interfaces/build/custom_interfaces/rosidl_typesupport_introspection_c>;$<BUILD_INTERFACE:/workspaces/isaac_ros-dev/src/custom_interfaces/build/custom_interfaces/rosidl_typesupport_introspection_cpp>;/workspaces/isaac_ros-dev/src/custom_interfaces/build/custom_interfaces/rosidl_generator_c;/workspaces/isaac_ros-dev/src/custom_interfaces/build/custom_interfaces/rosidl_generator_py\n'}
[3.669188] (custom_interfaces) StdoutLine: {'line': b'-- Configured cppcheck exclude dirs and/or files: \n'}
[3.677005] (custom_interfaces) StdoutLine: {'line': b"-- Added test 'flake8' to check Python code syntax and style conventions\n"}
[3.690693] (custom_interfaces) StdoutLine: {'line': b"-- Added test 'lint_cmake' to check CMake code style\n"}
[3.698170] (custom_interfaces) StdoutLine: {'line': b"-- Added test 'pep257' to check Python code against some of the docstring style conventions in PEP 257\n"}
[3.720995] (-) TimerEvent: {}
[3.751380] (custom_interfaces) StdoutLine: {'line': b"-- Added test 'uncrustify' to check C / C++ code style\n"}
[3.751925] (custom_interfaces) StdoutLine: {'line': b'-- Configured uncrustify additional arguments: \n'}
[3.759726] (custom_interfaces) StdoutLine: {'line': b"-- Added test 'xmllint' to check XML markup files\n"}
[3.764074] (custom_interfaces) StdoutLine: {'line': b'-- Configuring done\n'}
[3.821209] (-) TimerEvent: {}
[3.849009] (custom_interfaces) StdoutLine: {'line': b'-- Generating done\n'}
[3.879896] (custom_interfaces) StdoutLine: {'line': b'-- Build files have been written to: /workspaces/isaac_ros-dev/src/custom_interfaces/build/custom_interfaces\n'}
[3.921428] (-) TimerEvent: {}
[3.981065] (custom_interfaces) StdoutLine: {'line': b'[  3%] Built target custom_interfaces__cpp\n'}
[3.987485] (custom_interfaces) StdoutLine: {'line': b'[  6%] \x1b[32mBuilding C object CMakeFiles/custom_interfaces__rosidl_generator_c.dir/rosidl_generator_c/custom_interfaces/action/detail/move__functions.c.o\x1b[0m\n'}
[4.007147] (custom_interfaces) StdoutLine: {'line': b'[  6%] Built target ament_cmake_python_copy_custom_interfaces\n'}
[4.021605] (-) TimerEvent: {}
[4.033237] (custom_interfaces) StderrLine: {'line': b'In file included from \x1b[01m\x1b[K/workspaces/isaac_ros-dev/src/custom_interfaces/build/custom_interfaces/rosidl_generator_c/custom_interfaces/action/detail/move__functions.h:19\x1b[m\x1b[K,\n'}
[4.034940] (custom_interfaces) StderrLine: {'line': b'                 from \x1b[01m\x1b[K/workspaces/isaac_ros-dev/src/custom_interfaces/build/custom_interfaces/rosidl_generator_c/custom_interfaces/action/detail/move__functions.c:4\x1b[m\x1b[K:\n'}
[4.036292] (custom_interfaces) StderrLine: {'line': b'\x1b[01m\x1b[K/workspaces/isaac_ros-dev/src/custom_interfaces/build/custom_interfaces/rosidl_generator_c/custom_interfaces/action/detail/move__struct.h:22:10:\x1b[m\x1b[K \x1b[01;31m\x1b[Kfatal error: \x1b[m\x1b[Kgeometry_msgs/msg/detail/twist__struct.h: No such file or directory\n'}
[4.037633] (custom_interfaces) StderrLine: {'line': b'   22 | #include \x1b[01;31m\x1b[K"geometry_msgs/msg/detail/twist__struct.h"\x1b[m\x1b[K\n'}
[4.038825] (custom_interfaces) StderrLine: {'line': b'      |          \x1b[01;31m\x1b[K^~~~~~~~~~~~~~~~~~~~~~~~~~~~~~~~~~~~~~~~~~\x1b[m\x1b[K\n'}
[4.040051] (custom_interfaces) StderrLine: {'line': b'compilation terminated.\n'}
[4.049527] (custom_interfaces) StdoutLine: {'line': b'[  9%] \x1b[32mBuilding CXX object CMakeFiles/custom_interfaces__rosidl_typesupport_cpp.dir/rosidl_typesupport_cpp/custom_interfaces/action/move__type_support.cpp.o\x1b[0m\n'}
[4.051674] (custom_interfaces) StdoutLine: {'line': b'[ 12%] \x1b[32mBuilding CXX object CMakeFiles/custom_interfaces__rosidl_typesupport_fastrtps_cpp.dir/rosidl_typesupport_fastrtps_cpp/custom_interfaces/action/detail/dds_fastrtps/move__type_support.cpp.o\x1b[0m\n'}
[4.055301] (custom_interfaces) StderrLine: {'line': b'gmake[2]: *** [CMakeFiles/custom_interfaces__rosidl_generator_c.dir/build.make:112: CMakeFiles/custom_interfaces__rosidl_generator_c.dir/rosidl_generator_c/custom_interfaces/action/detail/move__functions.c.o] Error 1\n'}
[4.055751] (custom_interfaces) StderrLine: {'line': b'gmake[1]: *** [CMakeFiles/Makefile2:213: CMakeFiles/custom_interfaces__rosidl_generator_c.dir/all] Error 2\n'}
[4.055941] (custom_interfaces) StderrLine: {'line': b'gmake[1]: *** Waiting for unfinished jobs....\n'}
[4.074884] (custom_interfaces) StdoutLine: {'line': b'[ 16%] \x1b[32mBuilding CXX object CMakeFiles/custom_interfaces__rosidl_typesupport_introspection_cpp.dir/rosidl_typesupport_introspection_cpp/custom_interfaces/action/detail/move__type_support.cpp.o\x1b[0m\n'}
[4.121772] (-) TimerEvent: {}
[4.219930] (custom_interfaces) StderrLine: {'line': b'In file included from \x1b[01m\x1b[K/workspaces/isaac_ros-dev/src/custom_interfaces/build/custom_interfaces/rosidl_typesupport_fastrtps_cpp/custom_interfaces/action/detail/move__rosidl_typesupport_fastrtps_cpp.hpp:11\x1b[m\x1b[K,\n'}
[4.220467] (custom_interfaces) StderrLine: {'line': b'                 from \x1b[01m\x1b[K/workspaces/isaac_ros-dev/src/custom_interfaces/build/custom_interfaces/rosidl_typesupport_fastrtps_cpp/custom_interfaces/action/detail/dds_fastrtps/move__type_support.cpp:4\x1b[m\x1b[K:\n'}
[4.220678] (custom_interfaces) StderrLine: {'line': b'\x1b[01m\x1b[K/workspaces/isaac_ros-dev/src/custom_interfaces/build/custom_interfaces/rosidl_generator_cpp/custom_interfaces/action/detail/move__struct.hpp:20:10:\x1b[m\x1b[K \x1b[01;31m\x1b[Kfatal error: \x1b[m\x1b[Kgeometry_msgs/msg/detail/twist__struct.hpp: No such file or directory\n'}
[4.220871] (custom_interfaces) StderrLine: {'line': b'   20 | #include \x1b[01;31m\x1b[K"geometry_msgs/msg/detail/twist__struct.hpp"\x1b[m\x1b[K\n'}
[4.221085] (custom_interfaces) StderrLine: {'line': b'      |          \x1b[01;31m\x1b[K^~~~~~~~~~~~~~~~~~~~~~~~~~~~~~~~~~~~~~~~~~~~\x1b[m\x1b[K\n'}
[4.222707] (custom_interfaces) StderrLine: {'line': b'compilation terminated.\n'}
[4.222933] (-) TimerEvent: {}
[4.224464] (custom_interfaces) StderrLine: {'line': b'gmake[2]: *** [CMakeFiles/custom_interfaces__rosidl_typesupport_fastrtps_cpp.dir/build.make:98: CMakeFiles/custom_interfaces__rosidl_typesupport_fastrtps_cpp.dir/rosidl_typesupport_fastrtps_cpp/custom_interfaces/action/detail/dds_fastrtps/move__type_support.cpp.o] Error 1\n'}
[4.224814] (custom_interfaces) StderrLine: {'line': b'In file included from \x1b[01m\x1b[K/workspaces/isaac_ros-dev/src/custom_interfaces/build/custom_interfaces/rosidl_typesupport_cpp/custom_interfaces/action/move__type_support.cpp:7\x1b[m\x1b[K:\n'}
[4.225007] (custom_interfaces) StderrLine: {'line': b'\x1b[01m\x1b[K/workspaces/isaac_ros-dev/src/custom_interfaces/build/custom_interfaces/rosidl_generator_cpp/custom_interfaces/action/detail/move__struct.hpp:20:10:\x1b[m\x1b[K \x1b[01;31m\x1b[Kfatal error: \x1b[m\x1b[Kgeometry_msgs/msg/detail/twist__struct.hpp: No such file or directory\n'}
[4.225237] (custom_interfaces) StderrLine: {'line': b'   20 | #include \x1b[01;31m\x1b[K"geometry_msgs/msg/detail/twist__struct.hpp"\x1b[m\x1b[K\n'}
[4.225396] (custom_interfaces) StderrLine: {'line': b'      |          \x1b[01;31m\x1b[K^~~~~~~~~~~~~~~~~~~~~~~~~~~~~~~~~~~~~~~~~~~~\x1b[m\x1b[K\n'}
[4.225543] (custom_interfaces) StderrLine: {'line': b'compilation terminated.\n'}
[4.225683] (custom_interfaces) StderrLine: {'line': b'gmake[1]: *** [CMakeFiles/Makefile2:291: CMakeFiles/custom_interfaces__rosidl_typesupport_fastrtps_cpp.dir/all] Error 2\n'}
[4.227028] (custom_interfaces) StderrLine: {'line': b'gmake[2]: *** [CMakeFiles/custom_interfaces__rosidl_typesupport_cpp.dir/build.make:93: CMakeFiles/custom_interfaces__rosidl_typesupport_cpp.dir/rosidl_typesupport_cpp/custom_interfaces/action/move__type_support.cpp.o] Error 1\n'}
[4.227822] (custom_interfaces) StderrLine: {'line': b'gmake[1]: *** [CMakeFiles/Makefile2:395: CMakeFiles/custom_interfaces__rosidl_typesupport_cpp.dir/all] Error 2\n'}
[4.254850] (custom_interfaces) StderrLine: {'line': b'In file included from \x1b[01m\x1b[K/workspaces/isaac_ros-dev/src/custom_interfaces/build/custom_interfaces/rosidl_typesupport_introspection_cpp/custom_interfaces/action/detail/move__type_support.cpp:12\x1b[m\x1b[K:\n'}
[4.255521] (custom_interfaces) StderrLine: {'line': b'\x1b[01m\x1b[K/workspaces/isaac_ros-dev/src/custom_interfaces/build/custom_interfaces/rosidl_generator_cpp/custom_interfaces/action/detail/move__struct.hpp:20:10:\x1b[m\x1b[K \x1b[01;31m\x1b[Kfatal error: \x1b[m\x1b[Kgeometry_msgs/msg/detail/twist__struct.hpp: No such file or directory\n'}
[4.255845] (custom_interfaces) StderrLine: {'line': b'   20 | #include \x1b[01;31m\x1b[K"geometry_msgs/msg/detail/twist__struct.hpp"\x1b[m\x1b[K\n'}
[4.256126] (custom_interfaces) StderrLine: {'line': b'      |          \x1b[01;31m\x1b[K^~~~~~~~~~~~~~~~~~~~~~~~~~~~~~~~~~~~~~~~~~~~\x1b[m\x1b[K\n'}
[4.256561] (custom_interfaces) StderrLine: {'line': b'compilation terminated.\n'}
[4.262162] (custom_interfaces) StderrLine: {'line': b'gmake[2]: *** [CMakeFiles/custom_interfaces__rosidl_typesupport_introspection_cpp.dir/build.make:98: CMakeFiles/custom_interfaces__rosidl_typesupport_introspection_cpp.dir/rosidl_typesupport_introspection_cpp/custom_interfaces/action/detail/move__type_support.cpp.o] Error 1\n'}
[4.262812] (custom_interfaces) StderrLine: {'line': b'gmake[1]: *** [CMakeFiles/Makefile2:369: CMakeFiles/custom_interfaces__rosidl_typesupport_introspection_cpp.dir/all] Error 2\n'}
[4.323159] (-) TimerEvent: {}
[4.424030] (-) TimerEvent: {}
[4.524825] (-) TimerEvent: {}
[4.625654] (-) TimerEvent: {}
[4.726455] (-) TimerEvent: {}
[4.827242] (-) TimerEvent: {}
[4.928023] (-) TimerEvent: {}
[5.028815] (-) TimerEvent: {}
[5.055983] (custom_interfaces) StdoutLine: {'line': b'running egg_info\n'}
[5.106984] (custom_interfaces) StdoutLine: {'line': b'writing custom_interfaces.egg-info/PKG-INFO\n'}
[5.107813] (custom_interfaces) StdoutLine: {'line': b'writing dependency_links to custom_interfaces.egg-info/dependency_links.txt\n'}
[5.108432] (custom_interfaces) StdoutLine: {'line': b'writing top-level names to custom_interfaces.egg-info/top_level.txt\n'}
[5.128977] (-) TimerEvent: {}
[5.229770] (-) TimerEvent: {}
[5.330601] (-) TimerEvent: {}
[5.397981] (custom_interfaces) StderrLine: {'line': b"ERROR setuptools_scm._file_finders.git listing git files failed - pretending there aren't any\n"}
[5.430760] (-) TimerEvent: {}
[5.531465] (-) TimerEvent: {}
[5.632160] (-) TimerEvent: {}
[5.692839] (custom_interfaces) StdoutLine: {'line': b"reading manifest file 'custom_interfaces.egg-info/SOURCES.txt'\n"}
[5.694543] (custom_interfaces) StdoutLine: {'line': b"writing manifest file 'custom_interfaces.egg-info/SOURCES.txt'\n"}
[5.732316] (-) TimerEvent: {}
[5.833114] (-) TimerEvent: {}
[5.844916] (custom_interfaces) StdoutLine: {'line': b'[ 16%] Built target ament_cmake_python_build_custom_interfaces_egg\n'}
[5.848977] (custom_interfaces) StderrLine: {'line': b'gmake: *** [Makefile:146: all] Error 2\n'}
[5.855307] (custom_interfaces) CommandEnded: {'returncode': 2}
[5.884269] (custom_interfaces) JobEnded: {'identifier': 'custom_interfaces', 'rc': 2}
[5.895734] (-) EventReactorShutdown: {}
