[0.055s] Invoking command in '/workspaces/isaac_ros-dev/build/my_action_server': CMAKE_PREFIX_PATH=/workspaces/isaac_ros-dev/install/custom_interfaces:/workspaces/isaac_ros-dev/install/my_action_server:/workspaces/isaac_ros-dev/install/my_action_client:/usr/local/libcudss-linux-0.3.0.9_cuda12-archive:/opt/ros/humble /usr/bin/cmake --build /workspaces/isaac_ros-dev/build/my_action_server -- -j6 -l6
[0.214s] [35m[1mConsolidate compiler generated dependencies of target action_server[0m
[0.303s] [ 50%] [32mBuilding CXX object CMakeFiles/action_server.dir/src/action_server.cpp.o[0m
[7.717s] [01m[K/workspaces/isaac_ros-dev/src/my_action_server/src/action_server.cpp:[m[K In member function ‘[01m[Kvoid MyActionServer::execute(std::shared_ptr<rclcpp_action::ServerGoalHandle<custom_interfaces::action::TrackObject> >)[m[K’:
[7.717s] [01m[K/workspaces/isaac_ros-dev/src/my_action_server/src/action_server.cpp:189:23:[m[K [01;35m[Kwarning: [m[Kunused variable ‘[01m[Kavg_depth_cm[m[K’ [[01;35m[K-Wunused-variable[m[K]
[7.718s]   189 |                   int [01;35m[Kavg_depth_cm[m[K = total_depth / valid_pixels;
[7.718s]       |                       [01;35m[K^~~~~~~~~~~~[m[K
[7.723s] [01m[K/workspaces/isaac_ros-dev/src/my_action_server/src/action_server.cpp:156:24:[m[K [01;35m[Kwarning: [m[Kunused variable ‘[01m[Kbbox_x[m[K’ [[01;35m[K-Wunused-variable[m[K]
[7.723s]   156 |                 double [01;35m[Kbbox_x[m[K = center_x - bbox_width/2;
[7.724s]       |                        [01;35m[K^~~~~~[m[K
[7.724s] [01m[K/workspaces/isaac_ros-dev/src/my_action_server/src/action_server.cpp:157:24:[m[K [01;35m[Kwarning: [m[Kunused variable ‘[01m[Kbbox_y[m[K’ [[01;35m[K-Wunused-variable[m[K]
[7.724s]   157 |                 double [01;35m[Kbbox_y[m[K = center_y - bbox_height/2;
[7.724s]       |                        [01;35m[K^~~~~~[m[K
[7.734s] [01m[K/workspaces/isaac_ros-dev/src/my_action_server/src/action_server.cpp:[m[K In member function ‘[01m[Kbool MyActionServer::is_valid_object(const string&)[m[K’:
[7.734s] [01m[K/workspaces/isaac_ros-dev/src/my_action_server/src/action_server.cpp:253:44:[m[K [01;35m[Kwarning: [m[Kunused parameter ‘[01m[Kobject_name[m[K’ [[01;35m[K-Wunused-parameter[m[K]
[7.734s]   253 |   bool is_valid_object([01;35m[Kconst std::string & object_name[m[K)
[7.735s]       |                        [01;35m[K~~~~~~~~~~~~~~~~~~~~^~~~~~~~~~~[m[K
[32.193s] [100%] [32m[1mLinking CXX executable action_server[0m
[34.212s] [100%] Built target action_server
[34.245s] Invoked command in '/workspaces/isaac_ros-dev/build/my_action_server' returned '0': CMAKE_PREFIX_PATH=/workspaces/isaac_ros-dev/install/custom_interfaces:/workspaces/isaac_ros-dev/install/my_action_server:/workspaces/isaac_ros-dev/install/my_action_client:/usr/local/libcudss-linux-0.3.0.9_cuda12-archive:/opt/ros/humble /usr/bin/cmake --build /workspaces/isaac_ros-dev/build/my_action_server -- -j6 -l6
[34.251s] Invoking command in '/workspaces/isaac_ros-dev/build/my_action_server': CMAKE_PREFIX_PATH=/workspaces/isaac_ros-dev/install/custom_interfaces:/workspaces/isaac_ros-dev/install/my_action_server:/workspaces/isaac_ros-dev/install/my_action_client:/usr/local/libcudss-linux-0.3.0.9_cuda12-archive:/opt/ros/humble /usr/bin/cmake --install /workspaces/isaac_ros-dev/build/my_action_server
[34.277s] -- Install configuration: ""
[34.277s] -- Installing: /workspaces/isaac_ros-dev/install/my_action_server/lib/my_action_server/action_server
[34.297s] -- Set runtime path of "/workspaces/isaac_ros-dev/install/my_action_server/lib/my_action_server/action_server" to ""
[34.298s] -- Up-to-date: /workspaces/isaac_ros-dev/install/my_action_server/share/my_action_server//launch
[34.298s] -- Up-to-date: /workspaces/isaac_ros-dev/install/my_action_server/share/my_action_server//launch/server_launch.py
[34.298s] -- Up-to-date: /workspaces/isaac_ros-dev/install/my_action_server/share/ament_index/resource_index/package_run_dependencies/my_action_server
[34.299s] -- Up-to-date: /workspaces/isaac_ros-dev/install/my_action_server/share/ament_index/resource_index/parent_prefix_path/my_action_server
[34.301s] -- Up-to-date: /workspaces/isaac_ros-dev/install/my_action_server/share/my_action_server/environment/ament_prefix_path.sh
[34.301s] -- Up-to-date: /workspaces/isaac_ros-dev/install/my_action_server/share/my_action_server/environment/ament_prefix_path.dsv
[34.302s] -- Up-to-date: /workspaces/isaac_ros-dev/install/my_action_server/share/my_action_server/environment/path.sh
[34.302s] -- Up-to-date: /workspaces/isaac_ros-dev/install/my_action_server/share/my_action_server/environment/path.dsv
[34.302s] -- Up-to-date: /workspaces/isaac_ros-dev/install/my_action_server/share/my_action_server/local_setup.bash
[34.302s] -- Up-to-date: /workspaces/isaac_ros-dev/install/my_action_server/share/my_action_server/local_setup.sh
[34.303s] -- Up-to-date: /workspaces/isaac_ros-dev/install/my_action_server/share/my_action_server/local_setup.zsh
[34.303s] -- Up-to-date: /workspaces/isaac_ros-dev/install/my_action_server/share/my_action_server/local_setup.dsv
[34.303s] -- Installing: /workspaces/isaac_ros-dev/install/my_action_server/share/my_action_server/package.dsv
[34.303s] -- Up-to-date: /workspaces/isaac_ros-dev/install/my_action_server/share/ament_index/resource_index/packages/my_action_server
[34.303s] -- Up-to-date: /workspaces/isaac_ros-dev/install/my_action_server/share/my_action_server/cmake/my_action_serverConfig.cmake
[34.303s] -- Up-to-date: /workspaces/isaac_ros-dev/install/my_action_server/share/my_action_server/cmake/my_action_serverConfig-version.cmake
[34.304s] -- Up-to-date: /workspaces/isaac_ros-dev/install/my_action_server/share/my_action_server/package.xml
[34.307s] Invoked command in '/workspaces/isaac_ros-dev/build/my_action_server' returned '0': CMAKE_PREFIX_PATH=/workspaces/isaac_ros-dev/install/custom_interfaces:/workspaces/isaac_ros-dev/install/my_action_server:/workspaces/isaac_ros-dev/install/my_action_client:/usr/local/libcudss-linux-0.3.0.9_cuda12-archive:/opt/ros/humble /usr/bin/cmake --install /workspaces/isaac_ros-dev/build/my_action_server
