[0.039s] Invoking command in '/workspaces/isaac_ros-dev/build/my_action_server': CMAKE_PREFIX_PATH=/workspaces/isaac_ros-dev/install/custom_interfaces:/workspaces/isaac_ros-dev/install/my_action_server:/workspaces/isaac_ros-dev/install/my_action_client:/usr/local/libcudss-linux-0.3.0.9_cuda12-archive:/opt/ros/humble /usr/bin/cmake --build /workspaces/isaac_ros-dev/build/my_action_server -- -j6 -l6
[0.206s] [35m[1mConsolidate compiler generated dependencies of target action_server[0m
[0.291s] [ 50%] [32mBuilding CXX object CMakeFiles/action_server.dir/src/action_server.cpp.o[0m
[8.176s] [01m[K/workspaces/isaac_ros-dev/src/my_action_server/src/action_server.cpp:[m[K In member function ‘[01m[Kvoid MyActionServer::execute(std::shared_ptr<rclcpp_action::ServerGoalHandle<custom_interfaces::action::TrackObject> >)[m[K’:
[8.176s] [01m[K/workspaces/isaac_ros-dev/src/my_action_server/src/action_server.cpp:188:23:[m[K [01;35m[Kwarning: [m[Kunused variable ‘[01m[Kavg_depth_cm[m[K’ [[01;35m[K-Wunused-variable[m[K]
[8.176s]   188 |                   int [01;35m[Kavg_depth_cm[m[K = total_depth / valid_pixels;
[8.177s]       |                       [01;35m[K^~~~~~~~~~~~[m[K
[8.181s] [01m[K/workspaces/isaac_ros-dev/src/my_action_server/src/action_server.cpp:157:24:[m[K [01;35m[Kwarning: [m[Kunused variable ‘[01m[Kbbox_x[m[K’ [[01;35m[K-Wunused-variable[m[K]
[8.181s]   157 |                 double [01;35m[Kbbox_x[m[K = center_x - bbox_width/2;
[8.181s]       |                        [01;35m[K^~~~~~[m[K
[8.184s] [01m[K/workspaces/isaac_ros-dev/src/my_action_server/src/action_server.cpp:158:24:[m[K [01;35m[Kwarning: [m[Kunused variable ‘[01m[Kbbox_y[m[K’ [[01;35m[K-Wunused-variable[m[K]
[8.184s]   158 |                 double [01;35m[Kbbox_y[m[K = center_y - bbox_height/2;
[8.184s]       |                        [01;35m[K^~~~~~[m[K
[8.194s] [01m[K/workspaces/isaac_ros-dev/src/my_action_server/src/action_server.cpp:[m[K In member function ‘[01m[Kbool MyActionServer::is_valid_object(const string&)[m[K’:
[8.194s] [01m[K/workspaces/isaac_ros-dev/src/my_action_server/src/action_server.cpp:252:44:[m[K [01;35m[Kwarning: [m[Kunused parameter ‘[01m[Kobject_name[m[K’ [[01;35m[K-Wunused-parameter[m[K]
[8.194s]   252 |   bool is_valid_object([01;35m[Kconst std::string & object_name[m[K)
[8.195s]       |                        [01;35m[K~~~~~~~~~~~~~~~~~~~~^~~~~~~~~~~[m[K
[33.358s] [100%] [32m[1mLinking CXX executable action_server[0m
[35.241s] [100%] Built target action_server
[35.279s] Invoked command in '/workspaces/isaac_ros-dev/build/my_action_server' returned '0': CMAKE_PREFIX_PATH=/workspaces/isaac_ros-dev/install/custom_interfaces:/workspaces/isaac_ros-dev/install/my_action_server:/workspaces/isaac_ros-dev/install/my_action_client:/usr/local/libcudss-linux-0.3.0.9_cuda12-archive:/opt/ros/humble /usr/bin/cmake --build /workspaces/isaac_ros-dev/build/my_action_server -- -j6 -l6
[35.286s] Invoking command in '/workspaces/isaac_ros-dev/build/my_action_server': CMAKE_PREFIX_PATH=/workspaces/isaac_ros-dev/install/custom_interfaces:/workspaces/isaac_ros-dev/install/my_action_server:/workspaces/isaac_ros-dev/install/my_action_client:/usr/local/libcudss-linux-0.3.0.9_cuda12-archive:/opt/ros/humble /usr/bin/cmake --install /workspaces/isaac_ros-dev/build/my_action_server
[35.309s] -- Install configuration: ""
[35.310s] -- Installing: /workspaces/isaac_ros-dev/install/my_action_server/lib/my_action_server/action_server
[35.330s] -- Set runtime path of "/workspaces/isaac_ros-dev/install/my_action_server/lib/my_action_server/action_server" to ""
[35.330s] -- Up-to-date: /workspaces/isaac_ros-dev/install/my_action_server/share/my_action_server//launch
[35.330s] -- Up-to-date: /workspaces/isaac_ros-dev/install/my_action_server/share/my_action_server//launch/server_launch.py
[35.331s] -- Up-to-date: /workspaces/isaac_ros-dev/install/my_action_server/share/ament_index/resource_index/package_run_dependencies/my_action_server
[35.331s] -- Up-to-date: /workspaces/isaac_ros-dev/install/my_action_server/share/ament_index/resource_index/parent_prefix_path/my_action_server
[35.331s] -- Up-to-date: /workspaces/isaac_ros-dev/install/my_action_server/share/my_action_server/environment/ament_prefix_path.sh
[35.331s] -- Up-to-date: /workspaces/isaac_ros-dev/install/my_action_server/share/my_action_server/environment/ament_prefix_path.dsv
[35.332s] -- Up-to-date: /workspaces/isaac_ros-dev/install/my_action_server/share/my_action_server/environment/path.sh
[35.332s] -- Up-to-date: /workspaces/isaac_ros-dev/install/my_action_server/share/my_action_server/environment/path.dsv
[35.332s] -- Up-to-date: /workspaces/isaac_ros-dev/install/my_action_server/share/my_action_server/local_setup.bash
[35.332s] -- Up-to-date: /workspaces/isaac_ros-dev/install/my_action_server/share/my_action_server/local_setup.sh
[35.332s] -- Up-to-date: /workspaces/isaac_ros-dev/install/my_action_server/share/my_action_server/local_setup.zsh
[35.332s] -- Up-to-date: /workspaces/isaac_ros-dev/install/my_action_server/share/my_action_server/local_setup.dsv
[35.333s] -- Installing: /workspaces/isaac_ros-dev/install/my_action_server/share/my_action_server/package.dsv
[35.333s] -- Up-to-date: /workspaces/isaac_ros-dev/install/my_action_server/share/ament_index/resource_index/packages/my_action_server
[35.333s] -- Up-to-date: /workspaces/isaac_ros-dev/install/my_action_server/share/my_action_server/cmake/my_action_serverConfig.cmake
[35.333s] -- Up-to-date: /workspaces/isaac_ros-dev/install/my_action_server/share/my_action_server/cmake/my_action_serverConfig-version.cmake
[35.333s] -- Up-to-date: /workspaces/isaac_ros-dev/install/my_action_server/share/my_action_server/package.xml
[35.338s] Invoked command in '/workspaces/isaac_ros-dev/build/my_action_server' returned '0': CMAKE_PREFIX_PATH=/workspaces/isaac_ros-dev/install/custom_interfaces:/workspaces/isaac_ros-dev/install/my_action_server:/workspaces/isaac_ros-dev/install/my_action_client:/usr/local/libcudss-linux-0.3.0.9_cuda12-archive:/opt/ros/humble /usr/bin/cmake --install /workspaces/isaac_ros-dev/build/my_action_server
