[0.040s] Invoking command in '/workspaces/isaac_ros-dev/src/build/my_action_client': AMENT_PREFIX_PATH=/workspaces/isaac_ros-dev/src/install/custom_interfaces:${AMENT_PREFIX_PATH} CMAKE_PREFIX_PATH=/workspaces/isaac_ros-dev/src/install/custom_interfaces:/workspaces/isaac_ros-dev/install/custom_interfaces:/usr/local/libcudss-linux-0.3.0.9_cuda12-archive:/opt/ros/humble LD_LIBRARY_PATH=/workspaces/isaac_ros-dev/src/install/custom_interfaces/lib:${LD_LIBRARY_PATH} PYTHONPATH=/workspaces/isaac_ros-dev/src/install/custom_interfaces/local/lib/python3.10/dist-packages:${PYTHONPATH} /usr/bin/cmake /workspaces/isaac_ros-dev/src/my_action_client -DCMAKE_INSTALL_PREFIX=/workspaces/isaac_ros-dev/src/install/my_action_client
[0.220s] -- The C compiler identification is GNU 11.4.0
[0.364s] -- The CXX compiler identification is GNU 11.4.0
[0.390s] -- Detecting C compiler ABI info
[0.611s] -- Detecting C compiler ABI info - done
[0.634s] -- Check for working C compiler: /usr/bin/cc - skipped
[0.635s] -- Detecting C compile features
[0.636s] -- Detecting C compile features - done
[0.646s] -- Detecting CXX compiler ABI info
[0.864s] -- Detecting CXX compiler ABI info - done
[0.882s] -- Check for working CXX compiler: /usr/bin/c++ - skipped
[0.882s] -- Detecting CXX compile features
[0.883s] -- Detecting CXX compile features - done
[0.897s] -- Found ament_cmake: 1.3.11 (/opt/ros/humble/share/ament_cmake/cmake)
[2.989s] -- Found Python3: /usr/bin/python3 (found version "3.10.12") found components: Interpreter 
[3.307s] -- Found rclcpp: 16.0.12 (/opt/ros/humble/share/rclcpp/cmake)
[3.467s] -- Found rosidl_generator_c: 3.1.6 (/opt/ros/humble/share/rosidl_generator_c/cmake)
[3.485s] -- Found rosidl_adapter: 3.1.6 (/opt/ros/humble/share/rosidl_adapter/cmake)
[3.512s] -- Found rosidl_generator_cpp: 3.1.6 (/opt/ros/humble/share/rosidl_generator_cpp/cmake)
[3.552s] -- Using all available rosidl_typesupport_c: rosidl_typesupport_fastrtps_c;rosidl_typesupport_introspection_c
[3.602s] -- Using all available rosidl_typesupport_cpp: rosidl_typesupport_fastrtps_cpp;rosidl_typesupport_introspection_cpp
[3.743s] -- Found rmw_implementation_cmake: 6.1.2 (/opt/ros/humble/share/rmw_implementation_cmake/cmake)
[3.754s] -- Found rmw_fastrtps_cpp: 6.2.7 (/opt/ros/humble/share/rmw_fastrtps_cpp/cmake)
[4.029s] -- Found OpenSSL: /usr/lib/aarch64-linux-gnu/libcrypto.so (found version "3.0.2")  
[4.118s] -- Found FastRTPS: /opt/ros/humble/include  
[4.256s] -- Using RMW implementation 'rmw_fastrtps_cpp' as default
[4.301s] -- Looking for pthread.h
[4.498s] -- Looking for pthread.h - found
[4.517s] -- Performing Test CMAKE_HAVE_LIBC_PTHREAD
[4.706s] -- Performing Test CMAKE_HAVE_LIBC_PTHREAD - Success
[4.708s] -- Found Threads: TRUE  
[4.864s] -- Found rclcpp_action: 16.0.12 (/opt/ros/humble/share/rclcpp_action/cmake)
[4.967s] -- Found custom_interfaces: 0.0.0 (/workspaces/isaac_ros-dev/src/install/custom_interfaces/share/custom_interfaces/cmake)
[5.054s] -- Found ament_lint_auto: 0.12.12 (/opt/ros/humble/share/ament_lint_auto/cmake)
[5.311s] -- Added test 'cppcheck' to perform static code analysis on C / C++ code
[5.311s] -- Configured cppcheck include dirs: 
[5.311s] -- Configured cppcheck exclude dirs and/or files: 
[5.313s] -- Added test 'flake8' to check Python code syntax and style conventions
[5.315s] -- Added test 'lint_cmake' to check CMake code style
[5.316s] -- Added test 'pep257' to check Python code against some of the docstring style conventions in PEP 257
[5.318s] -- Added test 'uncrustify' to check C / C++ code style
[5.318s] -- Configured uncrustify additional arguments: 
[5.319s] -- Added test 'xmllint' to check XML markup files
[5.324s] -- Configuring done
[5.357s] -- Generating done
[5.367s] -- Build files have been written to: /workspaces/isaac_ros-dev/src/build/my_action_client
[5.402s] Invoked command in '/workspaces/isaac_ros-dev/src/build/my_action_client' returned '0': AMENT_PREFIX_PATH=/workspaces/isaac_ros-dev/src/install/custom_interfaces:${AMENT_PREFIX_PATH} CMAKE_PREFIX_PATH=/workspaces/isaac_ros-dev/src/install/custom_interfaces:/workspaces/isaac_ros-dev/install/custom_interfaces:/usr/local/libcudss-linux-0.3.0.9_cuda12-archive:/opt/ros/humble LD_LIBRARY_PATH=/workspaces/isaac_ros-dev/src/install/custom_interfaces/lib:${LD_LIBRARY_PATH} PYTHONPATH=/workspaces/isaac_ros-dev/src/install/custom_interfaces/local/lib/python3.10/dist-packages:${PYTHONPATH} /usr/bin/cmake /workspaces/isaac_ros-dev/src/my_action_client -DCMAKE_INSTALL_PREFIX=/workspaces/isaac_ros-dev/src/install/my_action_client
[5.406s] Invoking command in '/workspaces/isaac_ros-dev/src/build/my_action_client': AMENT_PREFIX_PATH=/workspaces/isaac_ros-dev/src/install/custom_interfaces:${AMENT_PREFIX_PATH} CMAKE_PREFIX_PATH=/workspaces/isaac_ros-dev/src/install/custom_interfaces:/workspaces/isaac_ros-dev/install/custom_interfaces:/usr/local/libcudss-linux-0.3.0.9_cuda12-archive:/opt/ros/humble LD_LIBRARY_PATH=/workspaces/isaac_ros-dev/src/install/custom_interfaces/lib:${LD_LIBRARY_PATH} PYTHONPATH=/workspaces/isaac_ros-dev/src/install/custom_interfaces/local/lib/python3.10/dist-packages:${PYTHONPATH} /usr/bin/cmake --build /workspaces/isaac_ros-dev/src/build/my_action_client -- -j6 -l6
[5.618s] [ 50%] [32mBuilding CXX object CMakeFiles/action_client_node.dir/src/action_client.cpp.o[0m
[16.260s] [100%] [32m[1mLinking CXX executable action_client_node[0m
[16.756s] [100%] Built target action_client_node
