[0.044s] Invoking command in '/workspaces/isaac_ros-dev/build/my_action_client': CMAKE_PREFIX_PATH=${CMAKE_PREFIX_PATH}/opt/ros/humble /usr/bin/cmake /workspaces/isaac_ros-dev/src/my_action_client -DCMAKE_INSTALL_PREFIX=/workspaces/isaac_ros-dev/install/my_action_client
[0.330s] -- The C compiler identification is GNU 11.4.0
[0.889s] -- The CXX compiler identification is GNU 11.4.0
[0.915s] -- Detecting C compiler ABI info
[1.319s] -- Detecting C compiler ABI info - done
[1.358s] -- Check for working C compiler: /usr/bin/cc - skipped
[1.359s] -- Detecting C compile features
[1.362s] -- Detecting C compile features - done
[1.372s] -- Detecting CXX compiler ABI info
[1.944s] -- Detecting CXX compiler ABI info - done
[1.983s] -- Check for working CXX compiler: /usr/bin/c++ - skipped
[1.985s] -- Detecting CXX compile features
[1.986s] -- Detecting CXX compile features - done
[2.013s] -- Found ament_cmake: 1.3.11 (/opt/ros/humble/share/ament_cmake/cmake)
[5.747s] -- Found Python3: /usr/bin/python3 (found version "3.10.12") found components: Interpreter 
[6.327s] -- Found rclcpp: 16.0.12 (/opt/ros/humble/share/rclcpp/cmake)
[6.667s] -- Found rosidl_generator_c: 3.1.6 (/opt/ros/humble/share/rosidl_generator_c/cmake)
[6.701s] -- Found rosidl_adapter: 3.1.6 (/opt/ros/humble/share/rosidl_adapter/cmake)
[6.741s] -- Found rosidl_generator_cpp: 3.1.6 (/opt/ros/humble/share/rosidl_generator_cpp/cmake)
[6.791s] -- Using all available rosidl_typesupport_c: rosidl_typesupport_fastrtps_c;rosidl_typesupport_introspection_c
[6.850s] -- Using all available rosidl_typesupport_cpp: rosidl_typesupport_fastrtps_cpp;rosidl_typesupport_introspection_cpp
[7.029s] -- Found rmw_implementation_cmake: 6.1.2 (/opt/ros/humble/share/rmw_implementation_cmake/cmake)
[7.041s] -- Found rmw_fastrtps_cpp: 6.2.7 (/opt/ros/humble/share/rmw_fastrtps_cpp/cmake)
[7.393s] -- Found OpenSSL: /usr/lib/aarch64-linux-gnu/libcrypto.so (found version "3.0.2")  
[7.533s] -- Found FastRTPS: /opt/ros/humble/include  
[7.783s] -- Using RMW implementation 'rmw_fastrtps_cpp' as default
[7.822s] -- Looking for pthread.h
[8.063s] -- Looking for pthread.h - found
[8.066s] -- Performing Test CMAKE_HAVE_LIBC_PTHREAD
[8.286s] -- Performing Test CMAKE_HAVE_LIBC_PTHREAD - Success
[8.291s] -- Found Threads: TRUE  
[8.549s] -- Found rclcpp_action: 16.0.12 (/opt/ros/humble/share/rclcpp_action/cmake)
[8.805s] -- Found custom_interfaces: 0.0.0 (/workspaces/isaac_ros-dev/install/custom_interfaces/share/custom_interfaces/cmake)
[8.945s] -- Found ament_lint_auto: 0.12.12 (/opt/ros/humble/share/ament_lint_auto/cmake)
[9.219s] -- Added test 'cppcheck' to perform static code analysis on C / C++ code
[9.220s] -- Configured cppcheck include dirs: 
[9.220s] -- Configured cppcheck exclude dirs and/or files: 
[9.222s] -- Added test 'flake8' to check Python code syntax and style conventions
[9.222s] -- Added test 'lint_cmake' to check CMake code style
[9.223s] -- Added test 'pep257' to check Python code against some of the docstring style conventions in PEP 257
[9.227s] -- Added test 'uncrustify' to check C / C++ code style
[9.227s] -- Configured uncrustify additional arguments: 
[9.227s] -- Added test 'xmllint' to check XML markup files
[9.236s] -- Configuring done
[9.268s] -- Generating done
[9.284s] -- Build files have been written to: /workspaces/isaac_ros-dev/build/my_action_client
[9.318s] Invoked command in '/workspaces/isaac_ros-dev/build/my_action_client' returned '0': CMAKE_PREFIX_PATH=${CMAKE_PREFIX_PATH}/opt/ros/humble /usr/bin/cmake /workspaces/isaac_ros-dev/src/my_action_client -DCMAKE_INSTALL_PREFIX=/workspaces/isaac_ros-dev/install/my_action_client
[9.320s] Invoking command in '/workspaces/isaac_ros-dev/build/my_action_client': CMAKE_PREFIX_PATH=${CMAKE_PREFIX_PATH}/opt/ros/humble /usr/bin/cmake --build /workspaces/isaac_ros-dev/build/my_action_client -- -j6 -l6
[9.455s] [ 50%] [32mBuilding CXX object CMakeFiles/action_client_node.dir/src/action_client.cpp.o[0m
[23.989s] [100%] [32m[1mLinking CXX executable action_client_node[0m
[24.521s] [100%] Built target action_client_node
