[0.000000] (-) TimerEvent: {}
[0.001240] (-) JobUnselected: {'identifier': 'isaac_common'}
[0.001652] (-) JobUnselected: {'identifier': 'isaac_common_py'}
[0.002039] (-) JobUnselected: {'identifier': 'isaac_ros_apriltag_interfaces'}
[0.002299] (-) JobUnselected: {'identifier': 'isaac_ros_bi3d_interfaces'}
[0.002402] (-) JobUnselected: {'identifier': 'isaac_ros_common'}
[0.002455] (-) JobUnselected: {'identifier': 'isaac_ros_launch_utils'}
[0.002580] (-) JobUnselected: {'identifier': 'isaac_ros_nitros_bridge_interfaces'}
[0.002665] (-) JobUnselected: {'identifier': 'isaac_ros_nova_interfaces'}
[0.002841] (-) JobUnselected: {'identifier': 'isaac_ros_pointcloud_interfaces'}
[0.003853] (-) JobUnselected: {'identifier': 'isaac_ros_r2b_galileo'}
[0.003953] (-) JobUnselected: {'identifier': 'isaac_ros_rosbag_utils'}
[0.004085] (-) JobUnselected: {'identifier': 'isaac_ros_tensor_list_interfaces'}
[0.004157] (-) JobUnselected: {'identifier': 'isaac_ros_test'}
[0.004220] (-) JobUnselected: {'identifier': 'isaac_ros_test_cmake'}
[0.004277] (custom_interfaces) JobQueued: {'identifier': 'custom_interfaces', 'dependencies': OrderedDict()}
[0.004337] (my_action_client) JobQueued: {'identifier': 'my_action_client', 'dependencies': OrderedDict([('custom_interfaces', '/workspaces/isaac_ros-dev/install/custom_interfaces')])}
[0.004400] (my_action_server) JobQueued: {'identifier': 'my_action_server', 'dependencies': OrderedDict([('custom_interfaces', '/workspaces/isaac_ros-dev/install/custom_interfaces')])}
[0.005464] (custom_interfaces) JobStarted: {'identifier': 'custom_interfaces'}
[0.028057] (custom_interfaces) JobProgress: {'identifier': 'custom_interfaces', 'progress': 'cmake'}
[0.034882] (custom_interfaces) JobEnded: {'identifier': 'custom_interfaces', 'rc': 0}
[0.041997] (my_action_client) JobSkipped: {'identifier': 'my_action_client'}
[0.042171] (my_action_server) JobSkipped: {'identifier': 'my_action_server'}
[0.042237] (-) EventReactorShutdown: {}
