[0.062s] Invoking command in '/workspaces/isaac_ros-dev/build/my_action_server': AMENT_PREFIX_PATH=/workspaces/isaac_ros-dev/install/custom_interfaces:${AMENT_PREFIX_PATH} CMAKE_PREFIX_PATH=/workspaces/isaac_ros-dev/install/custom_interfaces:/usr/local/libcudss-linux-0.3.0.9_cuda12-archive:/opt/ros/humble LD_LIBRARY_PATH=/workspaces/isaac_ros-dev/install/custom_interfaces/lib:${LD_LIBRARY_PATH} PYTHONPATH=/workspaces/isaac_ros-dev/install/custom_interfaces/local/lib/python3.10/dist-packages:${PYTHONPATH} /usr/bin/cmake --build /workspaces/isaac_ros-dev/build/my_action_server -- -j6 -l6
[0.143s] -- Found ament_cmake: 1.3.11 (/opt/ros/humble/share/ament_cmake/cmake)
[0.495s] -- Found rclcpp: 16.0.12 (/opt/ros/humble/share/rclcpp/cmake)
[0.570s] -- Found rosidl_generator_c: 3.1.6 (/opt/ros/humble/share/rosidl_generator_c/cmake)
[0.576s] -- Found rosidl_adapter: 3.1.6 (/opt/ros/humble/share/rosidl_adapter/cmake)
[0.592s] -- Found rosidl_generator_cpp: 3.1.6 (/opt/ros/humble/share/rosidl_generator_cpp/cmake)
[0.613s] -- Using all available rosidl_typesupport_c: rosidl_typesupport_fastrtps_c;rosidl_typesupport_introspection_c
[0.642s] -- Using all available rosidl_typesupport_cpp: rosidl_typesupport_fastrtps_cpp;rosidl_typesupport_introspection_cpp
[0.715s] -- Found rmw_implementation_cmake: 6.1.2 (/opt/ros/humble/share/rmw_implementation_cmake/cmake)
[0.720s] -- Found rmw_fastrtps_cpp: 6.2.7 (/opt/ros/humble/share/rmw_fastrtps_cpp/cmake)
[1.060s] -- Using RMW implementation 'rmw_fastrtps_cpp' as default
[1.172s] -- Found rclcpp_action: 16.0.12 (/opt/ros/humble/share/rclcpp_action/cmake)
[1.241s] -- Found custom_interfaces: 0.0.0 (/workspaces/isaac_ros-dev/install/custom_interfaces/share/custom_interfaces/cmake)
[1.306s] -- Found vision_msgs: 4.1.1 (/opt/ros/humble/share/vision_msgs/cmake)
[1.340s] -- Found sensor_msgs: 4.8.0 (/opt/ros/humble/share/sensor_msgs/cmake)
[1.376s] -- Found serial_driver: 1.2.0 (/opt/ros/humble/share/serial_driver/cmake)
[1.413s] -- Found asio_cmake_module: 1.2.0 (/opt/ros/humble/share/asio_cmake_module/cmake)
[1.511s] -- Found ament_lint_auto: 0.12.12 (/opt/ros/humble/share/ament_lint_auto/cmake)
[1.737s] -- Added test 'cppcheck' to perform static code analysis on C / C++ code
[1.738s] -- Configured cppcheck include dirs: 
[1.739s] -- Configured cppcheck exclude dirs and/or files: 
[1.740s] -- Added test 'flake8' to check Python code syntax and style conventions
[1.742s] -- Added test 'lint_cmake' to check CMake code style
[1.743s] -- Added test 'pep257' to check Python code against some of the docstring style conventions in PEP 257
[1.745s] -- Added test 'uncrustify' to check C / C++ code style
[1.745s] -- Configured uncrustify additional arguments: 
[1.746s] -- Added test 'xmllint' to check XML markup files
[1.749s] -- Configuring done
[1.887s] -- Generating done
[1.911s] -- Build files have been written to: /workspaces/isaac_ros-dev/build/my_action_server
[2.007s] [35m[1mConsolidate compiler generated dependencies of target action_server[0m
[2.030s] [ 25%] [32mBuilding CXX object CMakeFiles/waveshare_controller.dir/src/waveshare_controller.cpp.o[0m
[2.112s] [ 50%] [32mBuilding CXX object CMakeFiles/action_server.dir/src/action_server.cpp.o[0m
[10.050s] [01m[K/workspaces/isaac_ros-dev/src/my_action_server/src/action_server.cpp:68:3:[m[K [01;31m[Kerror: [m[Kexpected ‘[01m[K;[m[K’ before ‘[01m[Kconst[m[K’
[10.056s]    68 |   [01;31m[Kconst[m[K double MIN_LINEAR_SPEED = 0.05;  // m/s
[10.056s]       |   [01;31m[K^~~~~[m[K
[10.249s] [01m[K/workspaces/isaac_ros-dev/src/my_action_server/src/action_server.cpp:[m[K In member function ‘[01m[Kvoid MyActionServer::control_callback()[m[K’:
[10.250s] [01m[K/workspaces/isaac_ros-dev/src/my_action_server/src/action_server.cpp:116:69:[m[K [01;31m[Kerror: [m[K‘[01m[KMIN_LINEAR_SPEED[m[K’ was not declared in this scope; did you mean ‘[01m[KMAX_LINEAR_SPEED[m[K’?
[10.250s]   116 |               twist_msg->linear.x = std::min(std::max(target_speed, [01;31m[KMIN_LINEAR_SPEED[m[K), MAX_LINEAR_SPEED);
[10.250s]       |                                                                     [01;31m[K^~~~~~~~~~~~~~~~[m[K
[10.250s]       |                                                                     [32m[KMAX_LINEAR_SPEED[m[K
[10.299s] [01m[K/workspaces/isaac_ros-dev/src/my_action_server/src/action_server.cpp:[m[K In member function ‘[01m[Kbool MyActionServer::is_valid_object(const string&)[m[K’:
[10.299s] [01m[K/workspaces/isaac_ros-dev/src/my_action_server/src/action_server.cpp:356:44:[m[K [01;35m[Kwarning: [m[Kunused parameter ‘[01m[Kobject_name[m[K’ [[01;35m[K-Wunused-parameter[m[K]
[10.299s]   356 |   bool is_valid_object([01;35m[Kconst std::string & object_name[m[K)
[10.299s]       |                        [01;35m[K~~~~~~~~~~~~~~~~~~~~^~~~~~~~~~~[m[K
[12.956s] [01m[K/workspaces/isaac_ros-dev/src/my_action_server/src/waveshare_controller.cpp:[m[K In constructor ‘[01m[KWaveshareController::WaveshareController()[m[K’:
[12.956s] [01m[K/workspaces/isaac_ros-dev/src/my_action_server/src/waveshare_controller.cpp:19:24:[m[K [01;31m[Kerror: [m[Kno matching function for call to ‘[01m[Kdrivers::serial_driver::SerialPortConfig::SerialPortConfig()[m[K’
[12.957s]    19 |       SerialPortConfig [01;31m[Kconfig[m[K;
[12.957s]       |                        [01;31m[K^~~~~~[m[K
[12.957s] In file included from [01m[K/opt/ros/humble/include/serial_driver/serial_driver.hpp:22[m[K,
[12.957s]                  from [01m[K/workspaces/isaac_ros-dev/src/my_action_server/src/waveshare_controller.cpp:3[m[K:
[12.957s] [01m[K/opt/ros/humble/include/serial_driver/serial_port.hpp:61:3:[m[K [01;36m[Knote: [m[Kcandidate: ‘[01m[Kdrivers::serial_driver::SerialPortConfig::SerialPortConfig(uint32_t, drivers::serial_driver::FlowControl, drivers::serial_driver::Parity, drivers::serial_driver::StopBits)[m[K’
[12.957s]    61 |   [01;36m[KSerialPortConfig[m[K(
[12.958s]       |   [01;36m[K^~~~~~~~~~~~~~~~[m[K
[12.958s] [01m[K/opt/ros/humble/include/serial_driver/serial_port.hpp:61:3:[m[K [01;36m[Knote: [m[K  candidate expects 4 arguments, 0 provided
[12.959s] [01m[K/opt/ros/humble/include/serial_driver/serial_port.hpp:57:7:[m[K [01;36m[Knote: [m[Kcandidate: ‘[01m[Kconstexpr drivers::serial_driver::SerialPortConfig::SerialPortConfig(const drivers::serial_driver::SerialPortConfig&)[m[K’
[12.959s]    57 | class [01;36m[KSerialPortConfig[m[K
[12.959s]       |       [01;36m[K^~~~~~~~~~~~~~~~[m[K
[12.960s] [01m[K/opt/ros/humble/include/serial_driver/serial_port.hpp:57:7:[m[K [01;36m[Knote: [m[K  candidate expects 1 argument, 0 provided
[12.960s] [01m[K/opt/ros/humble/include/serial_driver/serial_port.hpp:57:7:[m[K [01;36m[Knote: [m[Kcandidate: ‘[01m[Kconstexpr drivers::serial_driver::SerialPortConfig::SerialPortConfig(drivers::serial_driver::SerialPortConfig&&)[m[K’
[12.961s] [01m[K/opt/ros/humble/include/serial_driver/serial_port.hpp:57:7:[m[K [01;36m[Knote: [m[K  candidate expects 1 argument, 0 provided
[12.961s] [01m[K/workspaces/isaac_ros-dev/src/my_action_server/src/waveshare_controller.cpp:20:14:[m[K [01;31m[Kerror: [m[K‘[01m[Kclass drivers::serial_driver::SerialPortConfig[m[K’ has no member named ‘[01m[Kdevice[m[K’
[12.961s]    20 |       config.[01;31m[Kdevice[m[K = "/dev/ttyUSB0";
[12.961s]       |              [01;31m[K^~~~~~[m[K
[12.961s] [01m[K/workspaces/isaac_ros-dev/src/my_action_server/src/waveshare_controller.cpp:21:14:[m[K [01;31m[Kerror: [m[K‘[01m[Kclass drivers::serial_driver::SerialPortConfig[m[K’ has no member named ‘[01m[Kbaud_rate[m[K’; did you mean ‘[01m[Kuint32_t drivers::serial_driver::SerialPortConfig::m_baud_rate[m[K’? (accessible via ‘[01m[Kuint32_t drivers::serial_driver::SerialPortConfig::get_baud_rate() const[m[K’)
[12.961s]    21 |       config.[01;31m[Kbaud_rate[m[K = 115200;
[12.961s]       |              [01;31m[K^~~~~~~~~[m[K
[12.962s]       |              [32m[Kget_baud_rate()[m[K
[12.962s] [01m[K/workspaces/isaac_ros-dev/src/my_action_server/src/waveshare_controller.cpp:22:14:[m[K [01;31m[Kerror: [m[K‘[01m[Kclass drivers::serial_driver::SerialPortConfig[m[K’ has no member named ‘[01m[Kflow_control[m[K’; did you mean ‘[01m[Kdrivers::serial_driver::FlowControl drivers::serial_driver::SerialPortConfig::m_flow_control[m[K’? (accessible via ‘[01m[Kdrivers::serial_driver::FlowControl drivers::serial_driver::SerialPortConfig::get_flow_control() const[m[K’)
[12.962s]    22 |       config.[01;31m[Kflow_control[m[K = FlowControl::NONE;
[12.962s]       |              [01;31m[K^~~~~~~~~~~~[m[K
[12.962s]       |              [32m[Kget_flow_control()[m[K
[12.962s] [01m[K/workspaces/isaac_ros-dev/src/my_action_server/src/waveshare_controller.cpp:23:14:[m[K [01;31m[Kerror: [m[K‘[01m[Kclass drivers::serial_driver::SerialPortConfig[m[K’ has no member named ‘[01m[Kparity[m[K’; did you mean ‘[01m[Kdrivers::serial_driver::Parity drivers::serial_driver::SerialPortConfig::m_parity[m[K’? (accessible via ‘[01m[Kdrivers::serial_driver::Parity drivers::serial_driver::SerialPortConfig::get_parity() const[m[K’)
[12.963s]    23 |       config.[01;31m[Kparity[m[K = Parity::NONE;
[12.963s]       |              [01;31m[K^~~~~~[m[K
[12.963s]       |              [32m[Kget_parity()[m[K
[12.963s] [01m[K/workspaces/isaac_ros-dev/src/my_action_server/src/waveshare_controller.cpp:24:14:[m[K [01;31m[Kerror: [m[K‘[01m[Kclass drivers::serial_driver::SerialPortConfig[m[K’ has no member named ‘[01m[Kstop_bits[m[K’; did you mean ‘[01m[Kdrivers::serial_driver::StopBits drivers::serial_driver::SerialPortConfig::m_stop_bits[m[K’? (accessible via ‘[01m[Kdrivers::serial_driver::StopBits drivers::serial_driver::SerialPortConfig::get_stop_bits() const[m[K’)
[12.963s]    24 |       config.[01;31m[Kstop_bits[m[K = StopBits::ONE;
[12.965s]       |              [01;31m[K^~~~~~~~~[m[K
[12.966s]       |              [32m[Kget_stop_bits()[m[K
[12.970s] [01m[K/workspaces/isaac_ros-dev/src/my_action_server/src/waveshare_controller.cpp:26:30:[m[K [01;31m[Kerror: [m[Kno matching function for call to ‘[01m[Kdrivers::serial_driver::SerialDriver::init_port(drivers::serial_driver::SerialPortConfig&)[m[K’
[12.971s]    26 |       [01;31m[Kserial_port_->init_port(config)[m[K;
[12.971s]       |       [01;31m[K~~~~~~~~~~~~~~~~~~~~~~~^~~~~~~~[m[K
[12.971s] In file included from [01m[K/workspaces/isaac_ros-dev/src/my_action_server/src/waveshare_controller.cpp:3[m[K:
[12.971s] [01m[K/opt/ros/humble/include/serial_driver/serial_driver.hpp:34:8:[m[K [01;36m[Knote: [m[Kcandidate: ‘[01m[Kvoid drivers::serial_driver::SerialDriver::init_port(const string&, const drivers::serial_driver::SerialPortConfig&)[m[K’
[12.971s]    34 |   void [01;36m[Kinit_port[m[K(const std::string & device_name, const SerialPortConfig & config);
[12.972s]       |        [01;36m[K^~~~~~~~~[m[K
[12.972s] [01m[K/opt/ros/humble/include/serial_driver/serial_driver.hpp:34:8:[m[K [01;36m[Knote: [m[K  candidate expects 2 arguments, 1 provided
[12.987s] [01m[K/workspaces/isaac_ros-dev/src/my_action_server/src/waveshare_controller.cpp:[m[K In destructor ‘[01m[Kvirtual WaveshareController::~WaveshareController()[m[K’:
[12.987s] [01m[K/workspaces/isaac_ros-dev/src/my_action_server/src/waveshare_controller.cpp:46:21:[m[K [01;31m[Kerror: [m[K‘[01m[Kclass drivers::serial_driver::SerialDriver[m[K’ has no member named ‘[01m[Kclose[m[K’
[12.988s]    46 |       serial_port_->[01;31m[Kclose[m[K();
[12.988s]       |                     [01;31m[K^~~~~[m[K
[13.006s] [01m[K/workspaces/isaac_ros-dev/src/my_action_server/src/waveshare_controller.cpp:[m[K In member function ‘[01m[Kvoid WaveshareController::send_command(double, double)[m[K’:
[13.006s] [01m[K/workspaces/isaac_ros-dev/src/my_action_server/src/waveshare_controller.cpp:65:21:[m[K [01;31m[Kerror: [m[K‘[01m[Kclass drivers::serial_driver::SerialDriver[m[K’ has no member named ‘[01m[Ksend[m[K’
[13.007s]    65 |       serial_port_->[01;31m[Ksend[m[K(cmd_str);
[13.007s]       |                     [01;31m[K^~~~[m[K
[13.448s] In file included from [01m[K/usr/include/c++/11/memory:76[m[K,
[13.449s]                  from [01m[K/opt/ros/humble/include/rclcpp/rclcpp/rclcpp.hpp:153[m[K,
[13.449s]                  from [01m[K/workspaces/isaac_ros-dev/src/my_action_server/src/waveshare_controller.cpp:1[m[K:
[13.449s] /usr/include/c++/11/bits/unique_ptr.h: In instantiation of ‘[01m[Ktypename std::_MakeUniq<_Tp>::__single_object std::make_unique(_Args&& ...) [with _Tp = drivers::serial_driver::SerialDriver; _Args = {WaveshareController&}; typename std::_MakeUniq<_Tp>::__single_object = std::unique_ptr<drivers::serial_driver::SerialDriver>][m[K’:
[13.449s] [01m[K/workspaces/isaac_ros-dev/src/my_action_server/src/waveshare_controller.cpp:18:52:[m[K   required from here
[13.450s] [01m[K/usr/include/c++/11/bits/unique_ptr.h:962:30:[m[K [01;31m[Kerror: [m[Kno matching function for call to ‘[01m[Kdrivers::serial_driver::SerialDriver::SerialDriver(WaveshareController&)[m[K’
[13.450s]   962 |     { return unique_ptr<_Tp>([01;31m[Knew _Tp(std::forward<_Args>(__args)...)[m[K); }
[13.450s]       |                              [01;31m[K^~~~~~~~~~~~~~~~~~~~~~~~~~~~~~~~~~~~~~~[m[K
[13.450s] In file included from [01m[K/workspaces/isaac_ros-dev/src/my_action_server/src/waveshare_controller.cpp:3[m[K:
[13.450s] [01m[K/opt/ros/humble/include/serial_driver/serial_driver.hpp:32:12:[m[K [01;36m[Knote: [m[Kcandidate: ‘[01m[Kdrivers::serial_driver::SerialDriver::SerialDriver(const drivers::common::IoContext&)[m[K’
[13.450s]    32 |   explicit [01;36m[KSerialDriver[m[K(const IoContext & ctx);
[13.451s]       |            [01;36m[K^~~~~~~~~~~~[m[K
[13.451s] [01m[K/opt/ros/humble/include/serial_driver/serial_driver.hpp:32:43:[m[K [01;36m[Knote: [m[K  no known conversion for argument 1 from ‘[01m[KWaveshareController[m[K’ to ‘[01m[Kconst drivers::common::IoContext&[m[K’
[13.451s]    32 |   explicit SerialDriver([01;36m[Kconst IoContext & ctx[m[K);
[13.451s]       |                         [01;36m[K~~~~~~~~~~~~~~~~~~^~~[m[K
[13.451s] [01m[K/opt/ros/humble/include/serial_driver/serial_driver.hpp:29:7:[m[K [01;36m[Knote: [m[Kcandidate: ‘[01m[Kdrivers::serial_driver::SerialDriver::SerialDriver(const drivers::serial_driver::SerialDriver&)[m[K’
[13.451s]    29 | class [01;36m[KSerialDriver[m[K
[13.452s]       |       [01;36m[K^~~~~~~~~~~~[m[K
[13.452s] [01m[K/opt/ros/humble/include/serial_driver/serial_driver.hpp:29:7:[m[K [01;36m[Knote: [m[K  no known conversion for argument 1 from ‘[01m[KWaveshareController[m[K’ to ‘[01m[Kconst drivers::serial_driver::SerialDriver&[m[K’
[13.452s] [01m[K/opt/ros/humble/include/serial_driver/serial_driver.hpp:29:7:[m[K [01;36m[Knote: [m[Kcandidate: ‘[01m[Kdrivers::serial_driver::SerialDriver::SerialDriver(drivers::serial_driver::SerialDriver&&)[m[K’
[13.452s] [01m[K/opt/ros/humble/include/serial_driver/serial_driver.hpp:29:7:[m[K [01;36m[Knote: [m[K  no known conversion for argument 1 from ‘[01m[KWaveshareController[m[K’ to ‘[01m[Kdrivers::serial_driver::SerialDriver&&[m[K’
[20.347s] gmake[2]: *** [CMakeFiles/action_server.dir/build.make:76: CMakeFiles/action_server.dir/src/action_server.cpp.o] Error 1
[20.348s] gmake[1]: *** [CMakeFiles/Makefile2:139: CMakeFiles/action_server.dir/all] Error 2
[20.348s] gmake[1]: *** Waiting for unfinished jobs....
[22.045s] gmake[2]: *** [CMakeFiles/waveshare_controller.dir/build.make:76: CMakeFiles/waveshare_controller.dir/src/waveshare_controller.cpp.o] Error 1
[22.046s] gmake[1]: *** [CMakeFiles/Makefile2:165: CMakeFiles/waveshare_controller.dir/all] Error 2
[22.047s] gmake: *** [Makefile:146: all] Error 2
[22.052s] Invoked command in '/workspaces/isaac_ros-dev/build/my_action_server' returned '2': AMENT_PREFIX_PATH=/workspaces/isaac_ros-dev/install/custom_interfaces:${AMENT_PREFIX_PATH} CMAKE_PREFIX_PATH=/workspaces/isaac_ros-dev/install/custom_interfaces:/usr/local/libcudss-linux-0.3.0.9_cuda12-archive:/opt/ros/humble LD_LIBRARY_PATH=/workspaces/isaac_ros-dev/install/custom_interfaces/lib:${LD_LIBRARY_PATH} PYTHONPATH=/workspaces/isaac_ros-dev/install/custom_interfaces/local/lib/python3.10/dist-packages:${PYTHONPATH} /usr/bin/cmake --build /workspaces/isaac_ros-dev/build/my_action_server -- -j6 -l6
