In file included from [01m[K/opt/ros/humble/include/rclcpp/rclcpp/logging.hpp:24[m[K,
                 from [01m[K/opt/ros/humble/include/rclcpp/rclcpp/client.hpp:40[m[K,
                 from [01m[K/opt/ros/humble/include/rclcpp/rclcpp/callback_group.hpp:24[m[K,
                 from [01m[K/opt/ros/humble/include/rclcpp/rclcpp/any_executable.hpp:20[m[K,
                 from [01m[K/opt/ros/humble/include/rclcpp/rclcpp/memory_strategy.hpp:25[m[K,
                 from [01m[K/opt/ros/humble/include/rclcpp/rclcpp/memory_strategies.hpp:18[m[K,
                 from [01m[K/opt/ros/humble/include/rclcpp/rclcpp/executor_options.hpp:20[m[K,
                 from [01m[K/opt/ros/humble/include/rclcpp/rclcpp/executor.hpp:37[m[K,
                 from [01m[K/opt/ros/humble/include/rclcpp/rclcpp/executors/multi_threaded_executor.hpp:25[m[K,
                 from [01m[K/opt/ros/humble/include/rclcpp/rclcpp/executors.hpp:21[m[K,
                 from [01m[K/opt/ros/humble/include/rclcpp/rclcpp/rclcpp.hpp:155[m[K,
                 from [01m[K/workspaces/isaac_ros-dev/src/my_action_server/src/action_server.cpp:5[m[K:
[01m[K/workspaces/isaac_ros-dev/src/my_action_server/src/action_server.cpp:[m[K In member function ‘[01m[Kvoid MyActionServer::execute(std::shared_ptr<rclcpp_action::ServerGoalHandle<custom_interfaces::action::TrackObject> >)[m[K’:
[01m[K/workspaces/isaac_ros-dev/src/my_action_server/src/action_server.cpp:134:49:[m[K [01;35m[Kwarning: [m[Kformat ‘[01m[K%f[m[K’ expects argument of type ‘[01m[Kdouble[m[K’, but argument 5 has type ‘[01m[Ksensor_msgs::msg::Image_<std::allocator<void> >::_width_type[m[K’ {aka ‘[01m[Kunsigned int[m[K’} [[01;35m[K-Wformat=[m[K]
  134 |                 RCLCPP_INFO(this->get_logger(), [01;35m[K"%f"[m[K, [32m[Klast_depth_image_->width[m[K);
      |                                                 [01;35m[K^~~~[m[K  [32m[K~~~~~~~~~~~~~~~~~~~~~~~~[m[K
      |                                                                          [32m[K|[m[K
      |                                                                          [32m[Ksensor_msgs::msg::Image_<std::allocator<void> >::_width_type {aka unsigned int}[m[K
[01m[K/workspaces/isaac_ros-dev/src/my_action_server/src/action_server.cpp:134:51:[m[K [01;36m[Knote: [m[Kformat string is defined here
  134 |                 RCLCPP_INFO(this->get_logger(), "[01;36m[K%f[m[K", last_depth_image_->width);
      |                                                  [01;36m[K~^[m[K
      |                                                   [01;36m[K|[m[K
      |                                                   [01;36m[Kdouble[m[K
      |                                                  [32m[K%d[m[K
[01m[K/workspaces/isaac_ros-dev/src/my_action_server/src/action_server.cpp:[m[K In member function ‘[01m[Kbool MyActionServer::is_valid_object(const string&)[m[K’:
[01m[K/workspaces/isaac_ros-dev/src/my_action_server/src/action_server.cpp:211:44:[m[K [01;35m[Kwarning: [m[Kunused parameter ‘[01m[Kobject_name[m[K’ [[01;35m[K-Wunused-parameter[m[K]
  211 |   bool is_valid_object([01;35m[Kconst std::string & object_name[m[K)
      |                        [01;35m[K~~~~~~~~~~~~~~~~~~~~^~~~~~~~~~~[m[K
