[0.026s] Invoking command in '/workspaces/isaac_ros-dev/src/custom_interfaces/build/custom_interfaces': CMAKE_PREFIX_PATH=${CMAKE_PREFIX_PATH}:/opt/ros/humble /usr/bin/cmake --build /workspaces/isaac_ros-dev/src/custom_interfaces/build/custom_interfaces -- -j6 -l6
[0.105s] -- Found ament_cmake: 1.3.11 (/opt/ros/humble/share/ament_cmake/cmake)
[0.437s] -- Found rclcpp: 16.0.12 (/opt/ros/humble/share/rclcpp/cmake)
[0.513s] -- Found rosidl_generator_c: 3.1.6 (/opt/ros/humble/share/rosidl_generator_c/cmake)
[0.519s] -- Found rosidl_adapter: 3.1.6 (/opt/ros/humble/share/rosidl_adapter/cmake)
[0.532s] -- Found rosidl_generator_cpp: 3.1.6 (/opt/ros/humble/share/rosidl_generator_cpp/cmake)
[0.553s] -- Using all available rosidl_typesupport_c: rosidl_typesupport_fastrtps_c;rosidl_typesupport_introspection_c
[0.580s] -- Using all available rosidl_typesupport_cpp: rosidl_typesupport_fastrtps_cpp;rosidl_typesupport_introspection_cpp
[0.651s] -- Found rmw_implementation_cmake: 6.1.2 (/opt/ros/humble/share/rmw_implementation_cmake/cmake)
[0.653s] -- Found rmw_fastrtps_cpp: 6.2.7 (/opt/ros/humble/share/rmw_fastrtps_cpp/cmake)
[0.961s] -- Using RMW implementation 'rmw_fastrtps_cpp' as default
[1.068s] -- Found rosidl_default_generators: 1.2.0 (/opt/ros/humble/share/rosidl_default_generators/cmake)
[1.813s] -- Found ament_cmake_ros: 0.10.0 (/opt/ros/humble/share/ament_cmake_ros/cmake)
[2.685s] -- Using all available rosidl_typesupport_c: rosidl_typesupport_fastrtps_c;rosidl_typesupport_introspection_c
[3.037s] -- Using all available rosidl_typesupport_cpp: rosidl_typesupport_fastrtps_cpp;rosidl_typesupport_introspection_cpp
[3.104s] -- Found python_cmake_module: 0.10.0 (/opt/ros/humble/share/python_cmake_module/cmake)
[3.179s] -- Using PYTHON_EXECUTABLE: /usr/bin/python3
[3.179s] -- Using PYTHON_INCLUDE_DIRS: /usr/include/python3.10
[3.180s] -- Using PYTHON_LIBRARIES: /usr/lib/aarch64-linux-gnu/libpython3.10.so
[3.534s] -- Using numpy include directory: /usr/local/lib/python3.10/dist-packages/numpy/core/include
[3.555s] -- Found ament_lint_auto: 0.12.12 (/opt/ros/humble/share/ament_lint_auto/cmake)
[3.636s] -- Added test 'cppcheck' to perform static code analysis on C / C++ code
[3.638s] -- Configured cppcheck include dirs: $<BUILD_INTERFACE:/workspaces/isaac_ros-dev/src/custom_interfaces/build/custom_interfaces/rosidl_generator_c>;$<BUILD_INTERFACE:/workspaces/isaac_ros-dev/src/custom_interfaces/build/custom_interfaces/rosidl_typesupport_fastrtps_c>;$<BUILD_INTERFACE:/workspaces/isaac_ros-dev/src/custom_interfaces/build/custom_interfaces/rosidl_generator_cpp>;$<BUILD_INTERFACE:/workspaces/isaac_ros-dev/src/custom_interfaces/build/custom_interfaces/rosidl_typesupport_fastrtps_cpp>;$<BUILD_INTERFACE:/workspaces/isaac_ros-dev/src/custom_interfaces/build/custom_interfaces/rosidl_typesupport_introspection_c>;$<BUILD_INTERFACE:/workspaces/isaac_ros-dev/src/custom_interfaces/build/custom_interfaces/rosidl_typesupport_introspection_cpp>;/workspaces/isaac_ros-dev/src/custom_interfaces/build/custom_interfaces/rosidl_generator_c;/workspaces/isaac_ros-dev/src/custom_interfaces/build/custom_interfaces/rosidl_generator_py
[3.638s] -- Configured cppcheck exclude dirs and/or files: 
[3.648s] -- Added test 'flake8' to check Python code syntax and style conventions
[3.664s] -- Added test 'lint_cmake' to check CMake code style
[3.672s] -- Added test 'pep257' to check Python code against some of the docstring style conventions in PEP 257
[3.730s] -- Added test 'uncrustify' to check C / C++ code style
[3.730s] -- Configured uncrustify additional arguments: 
[3.738s] -- Added test 'xmllint' to check XML markup files
[3.743s] -- Configuring done
[3.836s] -- Generating done
[3.868s] -- Build files have been written to: /workspaces/isaac_ros-dev/src/custom_interfaces/build/custom_interfaces
[3.947s] [  3%] [34m[1mGenerating C code for ROS interfaces[0m
[3.977s] [  6%] [34m[1mGenerating C++ code for ROS interfaces[0m
[3.996s] [  6%] Built target ament_cmake_python_copy_custom_interfaces
[4.967s] [  9%] [32mBuilding C object CMakeFiles/custom_interfaces__rosidl_generator_c.dir/rosidl_generator_c/custom_interfaces/action/detail/move__functions.c.o[0m
[5.073s] [  9%] Built target custom_interfaces__cpp
[5.080s] running egg_info
[5.128s] [ 12%] [34m[1mGenerating C++ type support for eProsima Fast-RTPS[0m
[5.136s] [ 16%] [34m[1mGenerating C++ type support dispatch for ROS interfaces[0m
[5.143s] [ 19%] [34m[1mGenerating C++ introspection for ROS interfaces[0m
[5.145s] writing custom_interfaces.egg-info/PKG-INFO
[5.146s] writing dependency_links to custom_interfaces.egg-info/dependency_links.txt
[5.146s] writing top-level names to custom_interfaces.egg-info/top_level.txt
[5.527s] ERROR setuptools_scm._file_finders.git listing git files failed - pretending there aren't any
[5.606s] [ 22%] [32m[1mLinking C shared library libcustom_interfaces__rosidl_generator_c.so[0m
[5.726s] [ 22%] Built target custom_interfaces__rosidl_generator_c
[5.800s] [ 25%] [34m[1mGenerating C introspection for ROS interfaces[0m
[5.807s] [ 29%] [34m[1mGenerating C type support for eProsima Fast-RTPS[0m
[5.890s] reading manifest file 'custom_interfaces.egg-info/SOURCES.txt'
[5.892s] writing manifest file 'custom_interfaces.egg-info/SOURCES.txt'
[6.021s] [ 32%] [32mBuilding CXX object CMakeFiles/custom_interfaces__rosidl_typesupport_cpp.dir/rosidl_typesupport_cpp/custom_interfaces/action/move__type_support.cpp.o[0m
[6.117s] [ 32%] Built target ament_cmake_python_build_custom_interfaces_egg
[6.156s] [ 35%] [34m[1mGenerating C type support dispatch for ROS interfaces[0m
[6.237s] [ 38%] [32mBuilding CXX object CMakeFiles/custom_interfaces__rosidl_typesupport_fastrtps_cpp.dir/rosidl_typesupport_fastrtps_cpp/custom_interfaces/action/detail/dds_fastrtps/move__type_support.cpp.o[0m
[6.313s] [ 41%] [32mBuilding CXX object CMakeFiles/custom_interfaces__rosidl_typesupport_introspection_cpp.dir/rosidl_typesupport_introspection_cpp/custom_interfaces/action/detail/move__type_support.cpp.o[0m
[6.949s] [ 45%] [32mBuilding C object CMakeFiles/custom_interfaces__rosidl_typesupport_introspection_c.dir/rosidl_typesupport_introspection_c/custom_interfaces/action/detail/move__type_support.c.o[0m
[6.980s] [ 48%] [32mBuilding CXX object CMakeFiles/custom_interfaces__rosidl_typesupport_fastrtps_c.dir/rosidl_typesupport_fastrtps_c/custom_interfaces/action/detail/move__type_support_c.cpp.o[0m
[6.980s] [ 51%] [32mBuilding CXX object CMakeFiles/custom_interfaces__rosidl_typesupport_c.dir/rosidl_typesupport_c/custom_interfaces/action/move__type_support.cpp.o[0m
[7.101s] [ 54%] [32m[1mLinking C shared library libcustom_interfaces__rosidl_typesupport_introspection_c.so[0m
[7.184s] [ 58%] [32m[1mLinking CXX shared library libcustom_interfaces__rosidl_typesupport_c.so[0m
[7.234s] [ 58%] Built target custom_interfaces__rosidl_typesupport_introspection_c
[7.377s] [ 58%] Built target custom_interfaces__rosidl_typesupport_c
[7.622s] [ 61%] [32m[1mLinking CXX shared library libcustom_interfaces__rosidl_typesupport_cpp.so[0m
[7.741s] [ 61%] Built target custom_interfaces__rosidl_typesupport_cpp
[8.039s] [ 64%] [32m[1mLinking CXX shared library libcustom_interfaces__rosidl_typesupport_fastrtps_cpp.so[0m
[8.094s] [ 67%] [32m[1mLinking CXX shared library libcustom_interfaces__rosidl_typesupport_introspection_cpp.so[0m
[8.101s] [ 70%] [32m[1mLinking CXX shared library libcustom_interfaces__rosidl_typesupport_fastrtps_c.so[0m
[8.218s] [ 70%] Built target custom_interfaces__rosidl_typesupport_fastrtps_cpp
[8.262s] [ 70%] Built target custom_interfaces__rosidl_typesupport_introspection_cpp
[8.280s] [ 70%] Built target custom_interfaces__rosidl_typesupport_fastrtps_c
[8.333s] [ 70%] Built target custom_interfaces
[8.380s] [ 74%] [34m[1mGenerating Python code for ROS interfaces[0m
[9.953s] [ 74%] Built target custom_interfaces__py
[10.006s] [ 77%] [32mBuilding C object CMakeFiles/custom_interfaces__rosidl_generator_py.dir/rosidl_generator_py/custom_interfaces/action/_move_s.c.o[0m
[10.403s] [ 80%] [32m[1mLinking C shared library rosidl_generator_py/custom_interfaces/libcustom_interfaces__rosidl_generator_py.so[0m
[10.497s] [ 80%] Built target custom_interfaces__rosidl_generator_py
[10.552s] [ 83%] [32mBuilding C object CMakeFiles/custom_interfaces__rosidl_typesupport_introspection_c__pyext.dir/rosidl_generator_py/custom_interfaces/_custom_interfaces_s.ep.rosidl_typesupport_introspection_c.c.o[0m
[10.554s] [ 87%] [32mBuilding C object CMakeFiles/custom_interfaces__rosidl_typesupport_fastrtps_c__pyext.dir/rosidl_generator_py/custom_interfaces/_custom_interfaces_s.ep.rosidl_typesupport_fastrtps_c.c.o[0m
[10.554s] [ 90%] [32mBuilding C object CMakeFiles/custom_interfaces__rosidl_typesupport_c__pyext.dir/rosidl_generator_py/custom_interfaces/_custom_interfaces_s.ep.rosidl_typesupport_c.c.o[0m
[10.854s] [100%] [32m[1mLinking C shared library rosidl_generator_py/custom_interfaces/custom_interfaces_s__rosidl_typesupport_c.cpython-310-aarch64-linux-gnu.so[0m
[10.855s] [100%] [32m[1mLinking C shared library rosidl_generator_py/custom_interfaces/custom_interfaces_s__rosidl_typesupport_fastrtps_c.cpython-310-aarch64-linux-gnu.so[0m
[10.855s] [100%] [32m[1mLinking C shared library rosidl_generator_py/custom_interfaces/custom_interfaces_s__rosidl_typesupport_introspection_c.cpython-310-aarch64-linux-gnu.so[0m
[10.953s] [100%] Built target custom_interfaces__rosidl_typesupport_introspection_c__pyext
[10.953s] [100%] Built target custom_interfaces__rosidl_typesupport_c__pyext
[10.955s] [100%] Built target custom_interfaces__rosidl_typesupport_fastrtps_c__pyext
[10.989s] Invoked command in '/workspaces/isaac_ros-dev/src/custom_interfaces/build/custom_interfaces' returned '0': CMAKE_PREFIX_PATH=${CMAKE_PREFIX_PATH}:/opt/ros/humble /usr/bin/cmake --build /workspaces/isaac_ros-dev/src/custom_interfaces/build/custom_interfaces -- -j6 -l6
[11.016s] Invoking command in '/workspaces/isaac_ros-dev/src/custom_interfaces/build/custom_interfaces': CMAKE_PREFIX_PATH=${CMAKE_PREFIX_PATH}:/opt/ros/humble /usr/bin/cmake --install /workspaces/isaac_ros-dev/src/custom_interfaces/build/custom_interfaces
[11.034s] -- Install configuration: ""
[11.035s] -- Installing: /workspaces/isaac_ros-dev/src/custom_interfaces/install/custom_interfaces/share/ament_index/resource_index/rosidl_interfaces/custom_interfaces
[11.035s] -- Installing: /workspaces/isaac_ros-dev/src/custom_interfaces/install/custom_interfaces/include/custom_interfaces/custom_interfaces
[11.035s] -- Installing: /workspaces/isaac_ros-dev/src/custom_interfaces/install/custom_interfaces/include/custom_interfaces/custom_interfaces/msg
[11.036s] -- Installing: /workspaces/isaac_ros-dev/src/custom_interfaces/install/custom_interfaces/include/custom_interfaces/custom_interfaces/msg/rosidl_generator_c__visibility_control.h
[11.036s] -- Installing: /workspaces/isaac_ros-dev/src/custom_interfaces/install/custom_interfaces/include/custom_interfaces/custom_interfaces/action
[11.036s] -- Installing: /workspaces/isaac_ros-dev/src/custom_interfaces/install/custom_interfaces/include/custom_interfaces/custom_interfaces/action/move.h
[11.037s] -- Installing: /workspaces/isaac_ros-dev/src/custom_interfaces/install/custom_interfaces/include/custom_interfaces/custom_interfaces/action/detail
[11.037s] -- Installing: /workspaces/isaac_ros-dev/src/custom_interfaces/install/custom_interfaces/include/custom_interfaces/custom_interfaces/action/detail/move__struct.h
[11.037s] -- Installing: /workspaces/isaac_ros-dev/src/custom_interfaces/install/custom_interfaces/include/custom_interfaces/custom_interfaces/action/detail/move__functions.c
[11.037s] -- Installing: /workspaces/isaac_ros-dev/src/custom_interfaces/install/custom_interfaces/include/custom_interfaces/custom_interfaces/action/detail/move__type_support.h
[11.038s] -- Installing: /workspaces/isaac_ros-dev/src/custom_interfaces/install/custom_interfaces/include/custom_interfaces/custom_interfaces/action/detail/move__functions.h
[11.038s] -- Installing: /workspaces/isaac_ros-dev/src/custom_interfaces/install/custom_interfaces/share/custom_interfaces/environment/library_path.sh
[11.038s] -- Installing: /workspaces/isaac_ros-dev/src/custom_interfaces/install/custom_interfaces/share/custom_interfaces/environment/library_path.dsv
[11.039s] -- Installing: /workspaces/isaac_ros-dev/src/custom_interfaces/install/custom_interfaces/lib/libcustom_interfaces__rosidl_generator_c.so
[11.040s] -- Set runtime path of "/workspaces/isaac_ros-dev/src/custom_interfaces/install/custom_interfaces/lib/libcustom_interfaces__rosidl_generator_c.so" to ""
[11.040s] -- Up-to-date: /workspaces/isaac_ros-dev/src/custom_interfaces/install/custom_interfaces/include/custom_interfaces/custom_interfaces
[11.040s] -- Up-to-date: /workspaces/isaac_ros-dev/src/custom_interfaces/install/custom_interfaces/include/custom_interfaces/custom_interfaces/msg
[11.041s] -- Installing: /workspaces/isaac_ros-dev/src/custom_interfaces/install/custom_interfaces/include/custom_interfaces/custom_interfaces/msg/rosidl_typesupport_fastrtps_c__visibility_control.h
[11.041s] -- Up-to-date: /workspaces/isaac_ros-dev/src/custom_interfaces/install/custom_interfaces/include/custom_interfaces/custom_interfaces/action
[11.041s] -- Up-to-date: /workspaces/isaac_ros-dev/src/custom_interfaces/install/custom_interfaces/include/custom_interfaces/custom_interfaces/action/detail
[11.041s] -- Installing: /workspaces/isaac_ros-dev/src/custom_interfaces/install/custom_interfaces/include/custom_interfaces/custom_interfaces/action/detail/move__rosidl_typesupport_fastrtps_c.h
[11.042s] -- Installing: /workspaces/isaac_ros-dev/src/custom_interfaces/install/custom_interfaces/lib/libcustom_interfaces__rosidl_typesupport_fastrtps_c.so
[11.042s] -- Set runtime path of "/workspaces/isaac_ros-dev/src/custom_interfaces/install/custom_interfaces/lib/libcustom_interfaces__rosidl_typesupport_fastrtps_c.so" to ""
[11.042s] -- Up-to-date: /workspaces/isaac_ros-dev/src/custom_interfaces/install/custom_interfaces/include/custom_interfaces/custom_interfaces
[11.042s] -- Up-to-date: /workspaces/isaac_ros-dev/src/custom_interfaces/install/custom_interfaces/include/custom_interfaces/custom_interfaces/msg
[11.043s] -- Installing: /workspaces/isaac_ros-dev/src/custom_interfaces/install/custom_interfaces/include/custom_interfaces/custom_interfaces/msg/rosidl_generator_cpp__visibility_control.hpp
[11.043s] -- Up-to-date: /workspaces/isaac_ros-dev/src/custom_interfaces/install/custom_interfaces/include/custom_interfaces/custom_interfaces/action
[11.043s] -- Installing: /workspaces/isaac_ros-dev/src/custom_interfaces/install/custom_interfaces/include/custom_interfaces/custom_interfaces/action/move.hpp
[11.043s] -- Up-to-date: /workspaces/isaac_ros-dev/src/custom_interfaces/install/custom_interfaces/include/custom_interfaces/custom_interfaces/action/detail
[11.044s] -- Installing: /workspaces/isaac_ros-dev/src/custom_interfaces/install/custom_interfaces/include/custom_interfaces/custom_interfaces/action/detail/move__struct.hpp
[11.044s] -- Installing: /workspaces/isaac_ros-dev/src/custom_interfaces/install/custom_interfaces/include/custom_interfaces/custom_interfaces/action/detail/move__builder.hpp
[11.044s] -- Installing: /workspaces/isaac_ros-dev/src/custom_interfaces/install/custom_interfaces/include/custom_interfaces/custom_interfaces/action/detail/move__traits.hpp
[11.045s] -- Installing: /workspaces/isaac_ros-dev/src/custom_interfaces/install/custom_interfaces/include/custom_interfaces/custom_interfaces/action/detail/move__type_support.hpp
[11.045s] -- Up-to-date: /workspaces/isaac_ros-dev/src/custom_interfaces/install/custom_interfaces/include/custom_interfaces/custom_interfaces
[11.045s] -- Up-to-date: /workspaces/isaac_ros-dev/src/custom_interfaces/install/custom_interfaces/include/custom_interfaces/custom_interfaces/msg
[11.045s] -- Installing: /workspaces/isaac_ros-dev/src/custom_interfaces/install/custom_interfaces/include/custom_interfaces/custom_interfaces/msg/rosidl_typesupport_fastrtps_cpp__visibility_control.h
[11.045s] -- Up-to-date: /workspaces/isaac_ros-dev/src/custom_interfaces/install/custom_interfaces/include/custom_interfaces/custom_interfaces/action
[11.046s] -- Up-to-date: /workspaces/isaac_ros-dev/src/custom_interfaces/install/custom_interfaces/include/custom_interfaces/custom_interfaces/action/detail
[11.046s] -- Installing: /workspaces/isaac_ros-dev/src/custom_interfaces/install/custom_interfaces/include/custom_interfaces/custom_interfaces/action/detail/move__rosidl_typesupport_fastrtps_cpp.hpp
[11.046s] -- Installing: /workspaces/isaac_ros-dev/src/custom_interfaces/install/custom_interfaces/include/custom_interfaces/custom_interfaces/action/detail/dds_fastrtps
[11.046s] -- Installing: /workspaces/isaac_ros-dev/src/custom_interfaces/install/custom_interfaces/lib/libcustom_interfaces__rosidl_typesupport_fastrtps_cpp.so
[11.047s] -- Set runtime path of "/workspaces/isaac_ros-dev/src/custom_interfaces/install/custom_interfaces/lib/libcustom_interfaces__rosidl_typesupport_fastrtps_cpp.so" to ""
[11.047s] -- Up-to-date: /workspaces/isaac_ros-dev/src/custom_interfaces/install/custom_interfaces/include/custom_interfaces/custom_interfaces
[11.047s] -- Up-to-date: /workspaces/isaac_ros-dev/src/custom_interfaces/install/custom_interfaces/include/custom_interfaces/custom_interfaces/msg
[11.047s] -- Installing: /workspaces/isaac_ros-dev/src/custom_interfaces/install/custom_interfaces/include/custom_interfaces/custom_interfaces/msg/rosidl_typesupport_introspection_c__visibility_control.h
[11.048s] -- Up-to-date: /workspaces/isaac_ros-dev/src/custom_interfaces/install/custom_interfaces/include/custom_interfaces/custom_interfaces/action
[11.048s] -- Up-to-date: /workspaces/isaac_ros-dev/src/custom_interfaces/install/custom_interfaces/include/custom_interfaces/custom_interfaces/action/detail
[11.048s] -- Installing: /workspaces/isaac_ros-dev/src/custom_interfaces/install/custom_interfaces/include/custom_interfaces/custom_interfaces/action/detail/move__rosidl_typesupport_introspection_c.h
[11.048s] -- Installing: /workspaces/isaac_ros-dev/src/custom_interfaces/install/custom_interfaces/include/custom_interfaces/custom_interfaces/action/detail/move__type_support.c
[11.049s] -- Installing: /workspaces/isaac_ros-dev/src/custom_interfaces/install/custom_interfaces/lib/libcustom_interfaces__rosidl_typesupport_introspection_c.so
[11.049s] -- Set runtime path of "/workspaces/isaac_ros-dev/src/custom_interfaces/install/custom_interfaces/lib/libcustom_interfaces__rosidl_typesupport_introspection_c.so" to ""
[11.049s] -- Installing: /workspaces/isaac_ros-dev/src/custom_interfaces/install/custom_interfaces/lib/libcustom_interfaces__rosidl_typesupport_c.so
[11.049s] -- Set runtime path of "/workspaces/isaac_ros-dev/src/custom_interfaces/install/custom_interfaces/lib/libcustom_interfaces__rosidl_typesupport_c.so" to ""
[11.050s] -- Up-to-date: /workspaces/isaac_ros-dev/src/custom_interfaces/install/custom_interfaces/include/custom_interfaces/custom_interfaces
[11.050s] -- Up-to-date: /workspaces/isaac_ros-dev/src/custom_interfaces/install/custom_interfaces/include/custom_interfaces/custom_interfaces/action
[11.050s] -- Up-to-date: /workspaces/isaac_ros-dev/src/custom_interfaces/install/custom_interfaces/include/custom_interfaces/custom_interfaces/action/detail
[11.050s] -- Installing: /workspaces/isaac_ros-dev/src/custom_interfaces/install/custom_interfaces/include/custom_interfaces/custom_interfaces/action/detail/move__type_support.cpp
[11.050s] -- Installing: /workspaces/isaac_ros-dev/src/custom_interfaces/install/custom_interfaces/include/custom_interfaces/custom_interfaces/action/detail/move__rosidl_typesupport_introspection_cpp.hpp
[11.051s] -- Installing: /workspaces/isaac_ros-dev/src/custom_interfaces/install/custom_interfaces/lib/libcustom_interfaces__rosidl_typesupport_introspection_cpp.so
[11.051s] -- Set runtime path of "/workspaces/isaac_ros-dev/src/custom_interfaces/install/custom_interfaces/lib/libcustom_interfaces__rosidl_typesupport_introspection_cpp.so" to ""
[11.051s] -- Installing: /workspaces/isaac_ros-dev/src/custom_interfaces/install/custom_interfaces/lib/libcustom_interfaces__rosidl_typesupport_cpp.so
[11.052s] -- Set runtime path of "/workspaces/isaac_ros-dev/src/custom_interfaces/install/custom_interfaces/lib/libcustom_interfaces__rosidl_typesupport_cpp.so" to ""
[11.052s] -- Installing: /workspaces/isaac_ros-dev/src/custom_interfaces/install/custom_interfaces/share/custom_interfaces/environment/pythonpath.sh
[11.053s] -- Installing: /workspaces/isaac_ros-dev/src/custom_interfaces/install/custom_interfaces/share/custom_interfaces/environment/pythonpath.dsv
[11.053s] -- Installing: /workspaces/isaac_ros-dev/src/custom_interfaces/install/custom_interfaces/local/lib/python3.10/dist-packages/custom_interfaces-0.0.0-py3.10.egg-info
[11.053s] -- Installing: /workspaces/isaac_ros-dev/src/custom_interfaces/install/custom_interfaces/local/lib/python3.10/dist-packages/custom_interfaces-0.0.0-py3.10.egg-info/dependency_links.txt
[11.053s] -- Installing: /workspaces/isaac_ros-dev/src/custom_interfaces/install/custom_interfaces/local/lib/python3.10/dist-packages/custom_interfaces-0.0.0-py3.10.egg-info/SOURCES.txt
[11.054s] -- Installing: /workspaces/isaac_ros-dev/src/custom_interfaces/install/custom_interfaces/local/lib/python3.10/dist-packages/custom_interfaces-0.0.0-py3.10.egg-info/top_level.txt
[11.054s] -- Installing: /workspaces/isaac_ros-dev/src/custom_interfaces/install/custom_interfaces/local/lib/python3.10/dist-packages/custom_interfaces-0.0.0-py3.10.egg-info/PKG-INFO
[11.054s] -- Installing: /workspaces/isaac_ros-dev/src/custom_interfaces/install/custom_interfaces/local/lib/python3.10/dist-packages/custom_interfaces
[11.054s] -- Installing: /workspaces/isaac_ros-dev/src/custom_interfaces/install/custom_interfaces/local/lib/python3.10/dist-packages/custom_interfaces/_custom_interfaces_s.ep.rosidl_typesupport_introspection_c.c
[11.055s] -- Installing: /workspaces/isaac_ros-dev/src/custom_interfaces/install/custom_interfaces/local/lib/python3.10/dist-packages/custom_interfaces/custom_interfaces_s__rosidl_typesupport_c.cpython-310-aarch64-linux-gnu.so
[11.055s] -- Installing: /workspaces/isaac_ros-dev/src/custom_interfaces/install/custom_interfaces/local/lib/python3.10/dist-packages/custom_interfaces/action
[11.055s] -- Installing: /workspaces/isaac_ros-dev/src/custom_interfaces/install/custom_interfaces/local/lib/python3.10/dist-packages/custom_interfaces/action/_move.py
[11.056s] -- Installing: /workspaces/isaac_ros-dev/src/custom_interfaces/install/custom_interfaces/local/lib/python3.10/dist-packages/custom_interfaces/action/_move_s.c
[11.056s] -- Installing: /workspaces/isaac_ros-dev/src/custom_interfaces/install/custom_interfaces/local/lib/python3.10/dist-packages/custom_interfaces/action/__init__.py
[11.056s] -- Installing: /workspaces/isaac_ros-dev/src/custom_interfaces/install/custom_interfaces/local/lib/python3.10/dist-packages/custom_interfaces/custom_interfaces_s__rosidl_typesupport_introspection_c.cpython-310-aarch64-linux-gnu.so
[11.056s] -- Installing: /workspaces/isaac_ros-dev/src/custom_interfaces/install/custom_interfaces/local/lib/python3.10/dist-packages/custom_interfaces/_custom_interfaces_s.ep.rosidl_typesupport_c.c
[11.057s] -- Installing: /workspaces/isaac_ros-dev/src/custom_interfaces/install/custom_interfaces/local/lib/python3.10/dist-packages/custom_interfaces/_custom_interfaces_s.ep.rosidl_typesupport_fastrtps_c.c
[11.057s] -- Installing: /workspaces/isaac_ros-dev/src/custom_interfaces/install/custom_interfaces/local/lib/python3.10/dist-packages/custom_interfaces/custom_interfaces_s__rosidl_typesupport_fastrtps_c.cpython-310-aarch64-linux-gnu.so
[11.058s] -- Installing: /workspaces/isaac_ros-dev/src/custom_interfaces/install/custom_interfaces/local/lib/python3.10/dist-packages/custom_interfaces/libcustom_interfaces__rosidl_generator_py.so
[11.058s] -- Installing: /workspaces/isaac_ros-dev/src/custom_interfaces/install/custom_interfaces/local/lib/python3.10/dist-packages/custom_interfaces/__init__.py
[11.159s] Listing '/workspaces/isaac_ros-dev/src/custom_interfaces/install/custom_interfaces/local/lib/python3.10/dist-packages/custom_interfaces'...
[11.159s] Compiling '/workspaces/isaac_ros-dev/src/custom_interfaces/install/custom_interfaces/local/lib/python3.10/dist-packages/custom_interfaces/__init__.py'...
[11.160s] Listing '/workspaces/isaac_ros-dev/src/custom_interfaces/install/custom_interfaces/local/lib/python3.10/dist-packages/custom_interfaces/action'...
[11.160s] Compiling '/workspaces/isaac_ros-dev/src/custom_interfaces/install/custom_interfaces/local/lib/python3.10/dist-packages/custom_interfaces/action/__init__.py'...
[11.160s] Compiling '/workspaces/isaac_ros-dev/src/custom_interfaces/install/custom_interfaces/local/lib/python3.10/dist-packages/custom_interfaces/action/_move.py'...
[11.175s] -- Installing: /workspaces/isaac_ros-dev/src/custom_interfaces/install/custom_interfaces/local/lib/python3.10/dist-packages/custom_interfaces/custom_interfaces_s__rosidl_typesupport_fastrtps_c.cpython-310-aarch64-linux-gnu.so
[11.176s] -- Set runtime path of "/workspaces/isaac_ros-dev/src/custom_interfaces/install/custom_interfaces/local/lib/python3.10/dist-packages/custom_interfaces/custom_interfaces_s__rosidl_typesupport_fastrtps_c.cpython-310-aarch64-linux-gnu.so" to ""
[11.177s] -- Installing: /workspaces/isaac_ros-dev/src/custom_interfaces/install/custom_interfaces/local/lib/python3.10/dist-packages/custom_interfaces/custom_interfaces_s__rosidl_typesupport_introspection_c.cpython-310-aarch64-linux-gnu.so
[11.177s] -- Set runtime path of "/workspaces/isaac_ros-dev/src/custom_interfaces/install/custom_interfaces/local/lib/python3.10/dist-packages/custom_interfaces/custom_interfaces_s__rosidl_typesupport_introspection_c.cpython-310-aarch64-linux-gnu.so" to ""
[11.178s] -- Installing: /workspaces/isaac_ros-dev/src/custom_interfaces/install/custom_interfaces/local/lib/python3.10/dist-packages/custom_interfaces/custom_interfaces_s__rosidl_typesupport_c.cpython-310-aarch64-linux-gnu.so
[11.178s] -- Set runtime path of "/workspaces/isaac_ros-dev/src/custom_interfaces/install/custom_interfaces/local/lib/python3.10/dist-packages/custom_interfaces/custom_interfaces_s__rosidl_typesupport_c.cpython-310-aarch64-linux-gnu.so" to ""
[11.179s] -- Installing: /workspaces/isaac_ros-dev/src/custom_interfaces/install/custom_interfaces/lib/libcustom_interfaces__rosidl_generator_py.so
[11.179s] -- Set runtime path of "/workspaces/isaac_ros-dev/src/custom_interfaces/install/custom_interfaces/lib/libcustom_interfaces__rosidl_generator_py.so" to ""
[11.180s] -- Installing: /workspaces/isaac_ros-dev/src/custom_interfaces/install/custom_interfaces/share/custom_interfaces/action/Move.idl
[11.180s] -- Installing: /workspaces/isaac_ros-dev/src/custom_interfaces/install/custom_interfaces/share/custom_interfaces/action/Move.action
[11.181s] -- Installing: /workspaces/isaac_ros-dev/src/custom_interfaces/install/custom_interfaces/share/ament_index/resource_index/package_run_dependencies/custom_interfaces
[11.181s] -- Installing: /workspaces/isaac_ros-dev/src/custom_interfaces/install/custom_interfaces/share/ament_index/resource_index/parent_prefix_path/custom_interfaces
[11.181s] -- Installing: /workspaces/isaac_ros-dev/src/custom_interfaces/install/custom_interfaces/share/custom_interfaces/environment/ament_prefix_path.sh
[11.182s] -- Installing: /workspaces/isaac_ros-dev/src/custom_interfaces/install/custom_interfaces/share/custom_interfaces/environment/ament_prefix_path.dsv
[11.182s] -- Installing: /workspaces/isaac_ros-dev/src/custom_interfaces/install/custom_interfaces/share/custom_interfaces/environment/path.sh
[11.182s] -- Installing: /workspaces/isaac_ros-dev/src/custom_interfaces/install/custom_interfaces/share/custom_interfaces/environment/path.dsv
[11.183s] -- Installing: /workspaces/isaac_ros-dev/src/custom_interfaces/install/custom_interfaces/share/custom_interfaces/local_setup.bash
[11.183s] -- Installing: /workspaces/isaac_ros-dev/src/custom_interfaces/install/custom_interfaces/share/custom_interfaces/local_setup.sh
[11.184s] -- Installing: /workspaces/isaac_ros-dev/src/custom_interfaces/install/custom_interfaces/share/custom_interfaces/local_setup.zsh
[11.184s] -- Installing: /workspaces/isaac_ros-dev/src/custom_interfaces/install/custom_interfaces/share/custom_interfaces/local_setup.dsv
[11.185s] -- Installing: /workspaces/isaac_ros-dev/src/custom_interfaces/install/custom_interfaces/share/custom_interfaces/package.dsv
[11.186s] -- Installing: /workspaces/isaac_ros-dev/src/custom_interfaces/install/custom_interfaces/share/ament_index/resource_index/packages/custom_interfaces
[11.186s] -- Installing: /workspaces/isaac_ros-dev/src/custom_interfaces/install/custom_interfaces/share/custom_interfaces/cmake/export_custom_interfaces__rosidl_generator_cExport.cmake
[11.186s] -- Installing: /workspaces/isaac_ros-dev/src/custom_interfaces/install/custom_interfaces/share/custom_interfaces/cmake/export_custom_interfaces__rosidl_generator_cExport-noconfig.cmake
[11.187s] -- Installing: /workspaces/isaac_ros-dev/src/custom_interfaces/install/custom_interfaces/share/custom_interfaces/cmake/export_custom_interfaces__rosidl_typesupport_fastrtps_cExport.cmake
[11.187s] -- Installing: /workspaces/isaac_ros-dev/src/custom_interfaces/install/custom_interfaces/share/custom_interfaces/cmake/export_custom_interfaces__rosidl_typesupport_fastrtps_cExport-noconfig.cmake
[11.187s] -- Installing: /workspaces/isaac_ros-dev/src/custom_interfaces/install/custom_interfaces/share/custom_interfaces/cmake/export_custom_interfaces__rosidl_generator_cppExport.cmake
[11.188s] -- Installing: /workspaces/isaac_ros-dev/src/custom_interfaces/install/custom_interfaces/share/custom_interfaces/cmake/export_custom_interfaces__rosidl_typesupport_fastrtps_cppExport.cmake
[11.188s] -- Installing: /workspaces/isaac_ros-dev/src/custom_interfaces/install/custom_interfaces/share/custom_interfaces/cmake/export_custom_interfaces__rosidl_typesupport_fastrtps_cppExport-noconfig.cmake
[11.189s] -- Installing: /workspaces/isaac_ros-dev/src/custom_interfaces/install/custom_interfaces/share/custom_interfaces/cmake/custom_interfaces__rosidl_typesupport_introspection_cExport.cmake
[11.189s] -- Installing: /workspaces/isaac_ros-dev/src/custom_interfaces/install/custom_interfaces/share/custom_interfaces/cmake/custom_interfaces__rosidl_typesupport_introspection_cExport-noconfig.cmake
[11.189s] -- Installing: /workspaces/isaac_ros-dev/src/custom_interfaces/install/custom_interfaces/share/custom_interfaces/cmake/custom_interfaces__rosidl_typesupport_cExport.cmake
[11.190s] -- Installing: /workspaces/isaac_ros-dev/src/custom_interfaces/install/custom_interfaces/share/custom_interfaces/cmake/custom_interfaces__rosidl_typesupport_cExport-noconfig.cmake
[11.190s] -- Installing: /workspaces/isaac_ros-dev/src/custom_interfaces/install/custom_interfaces/share/custom_interfaces/cmake/custom_interfaces__rosidl_typesupport_introspection_cppExport.cmake
[11.190s] -- Installing: /workspaces/isaac_ros-dev/src/custom_interfaces/install/custom_interfaces/share/custom_interfaces/cmake/custom_interfaces__rosidl_typesupport_introspection_cppExport-noconfig.cmake
[11.191s] -- Installing: /workspaces/isaac_ros-dev/src/custom_interfaces/install/custom_interfaces/share/custom_interfaces/cmake/custom_interfaces__rosidl_typesupport_cppExport.cmake
[11.191s] -- Installing: /workspaces/isaac_ros-dev/src/custom_interfaces/install/custom_interfaces/share/custom_interfaces/cmake/custom_interfaces__rosidl_typesupport_cppExport-noconfig.cmake
[11.192s] -- Installing: /workspaces/isaac_ros-dev/src/custom_interfaces/install/custom_interfaces/share/custom_interfaces/cmake/export_custom_interfaces__rosidl_generator_pyExport.cmake
[11.193s] -- Installing: /workspaces/isaac_ros-dev/src/custom_interfaces/install/custom_interfaces/share/custom_interfaces/cmake/export_custom_interfaces__rosidl_generator_pyExport-noconfig.cmake
[11.194s] -- Installing: /workspaces/isaac_ros-dev/src/custom_interfaces/install/custom_interfaces/share/custom_interfaces/cmake/rosidl_cmake-extras.cmake
[11.194s] -- Installing: /workspaces/isaac_ros-dev/src/custom_interfaces/install/custom_interfaces/share/custom_interfaces/cmake/ament_cmake_export_dependencies-extras.cmake
[11.195s] -- Installing: /workspaces/isaac_ros-dev/src/custom_interfaces/install/custom_interfaces/share/custom_interfaces/cmake/ament_cmake_export_include_directories-extras.cmake
[11.195s] -- Installing: /workspaces/isaac_ros-dev/src/custom_interfaces/install/custom_interfaces/share/custom_interfaces/cmake/ament_cmake_export_libraries-extras.cmake
[11.196s] -- Installing: /workspaces/isaac_ros-dev/src/custom_interfaces/install/custom_interfaces/share/custom_interfaces/cmake/ament_cmake_export_targets-extras.cmake
[11.196s] -- Installing: /workspaces/isaac_ros-dev/src/custom_interfaces/install/custom_interfaces/share/custom_interfaces/cmake/rosidl_cmake_export_typesupport_targets-extras.cmake
[11.196s] -- Installing: /workspaces/isaac_ros-dev/src/custom_interfaces/install/custom_interfaces/share/custom_interfaces/cmake/rosidl_cmake_export_typesupport_libraries-extras.cmake
[11.196s] -- Installing: /workspaces/isaac_ros-dev/src/custom_interfaces/install/custom_interfaces/share/custom_interfaces/cmake/custom_interfacesConfig.cmake
[11.197s] -- Installing: /workspaces/isaac_ros-dev/src/custom_interfaces/install/custom_interfaces/share/custom_interfaces/cmake/custom_interfacesConfig-version.cmake
[11.197s] -- Installing: /workspaces/isaac_ros-dev/src/custom_interfaces/install/custom_interfaces/share/custom_interfaces/package.xml
[11.202s] Invoked command in '/workspaces/isaac_ros-dev/src/custom_interfaces/build/custom_interfaces' returned '0': CMAKE_PREFIX_PATH=${CMAKE_PREFIX_PATH}:/opt/ros/humble /usr/bin/cmake --install /workspaces/isaac_ros-dev/src/custom_interfaces/build/custom_interfaces
