[0.039s] Invoking command in '/workspaces/isaac_ros-dev/build/my_action_server': CMAKE_PREFIX_PATH=/workspaces/isaac_ros-dev/install/custom_interfaces:/workspaces/isaac_ros-dev/install/my_action_server:/workspaces/isaac_ros-dev/install/my_action_client:/usr/local/libcudss-linux-0.3.0.9_cuda12-archive:/opt/ros/humble /usr/bin/cmake --build /workspaces/isaac_ros-dev/build/my_action_server -- -j6 -l6
[0.108s] -- Found ament_cmake: 1.3.11 (/opt/ros/humble/share/ament_cmake/cmake)
[0.501s] -- Found rclcpp: 16.0.12 (/opt/ros/humble/share/rclcpp/cmake)
[0.602s] -- Found rosidl_generator_c: 3.1.6 (/opt/ros/humble/share/rosidl_generator_c/cmake)
[0.609s] -- Found rosidl_adapter: 3.1.6 (/opt/ros/humble/share/rosidl_adapter/cmake)
[0.625s] -- Found rosidl_generator_cpp: 3.1.6 (/opt/ros/humble/share/rosidl_generator_cpp/cmake)
[0.651s] -- Using all available rosidl_typesupport_c: rosidl_typesupport_fastrtps_c;rosidl_typesupport_introspection_c
[0.684s] -- Using all available rosidl_typesupport_cpp: rosidl_typesupport_fastrtps_cpp;rosidl_typesupport_introspection_cpp
[0.772s] -- Found rmw_implementation_cmake: 6.1.2 (/opt/ros/humble/share/rmw_implementation_cmake/cmake)
[0.777s] -- Found rmw_fastrtps_cpp: 6.2.7 (/opt/ros/humble/share/rmw_fastrtps_cpp/cmake)
[1.105s] -- Using RMW implementation 'rmw_fastrtps_cpp' as default
[1.231s] -- Found rclcpp_action: 16.0.12 (/opt/ros/humble/share/rclcpp_action/cmake)
[1.308s] -- Found custom_interfaces: 0.0.0 (/workspaces/isaac_ros-dev/install/custom_interfaces/share/custom_interfaces/cmake)
[1.382s] -- Found vision_msgs: 4.1.1 (/opt/ros/humble/share/vision_msgs/cmake)
[1.422s] -- Found sensor_msgs: 4.8.0 (/opt/ros/humble/share/sensor_msgs/cmake)
[1.506s] [31mCMake Error at CMakeLists.txt:17 (find_package):
[1.507s]   By not providing "Findserial.cmake" in CMAKE_MODULE_PATH this project has
[1.507s]   asked CMake to find a package configuration file provided by "serial", but
[1.507s]   CMake did not find one.
[1.507s] 
[1.507s]   Could not find a package configuration file provided by "serial" with any
[1.508s]   of the following names:
[1.508s] 
[1.508s]     serialConfig.cmake
[1.508s]     serial-config.cmake
[1.508s] 
[1.508s]   Add the installation prefix of "serial" to CMAKE_PREFIX_PATH or set
[1.508s]   "serial_DIR" to a directory containing one of the above files.  If "serial"
[1.509s]   provides a separate development package or SDK, be sure it has been
[1.509s]   installed.
[1.509s] 
[1.509s] [0m
[1.509s] -- Configuring incomplete, errors occurred!
[1.509s] See also "/workspaces/isaac_ros-dev/build/my_action_server/CMakeFiles/CMakeOutput.log".
[1.527s] gmake: *** [Makefile:267: cmake_check_build_system] Error 1
[1.534s] Invoked command in '/workspaces/isaac_ros-dev/build/my_action_server' returned '2': CMAKE_PREFIX_PATH=/workspaces/isaac_ros-dev/install/custom_interfaces:/workspaces/isaac_ros-dev/install/my_action_server:/workspaces/isaac_ros-dev/install/my_action_client:/usr/local/libcudss-linux-0.3.0.9_cuda12-archive:/opt/ros/humble /usr/bin/cmake --build /workspaces/isaac_ros-dev/build/my_action_server -- -j6 -l6
