[0.025s] Invoking command in '/workspaces/isaac_ros-dev/src/custom_interfaces/build/custom_interfaces': CMAKE_PREFIX_PATH=${CMAKE_PREFIX_PATH}:/opt/ros/humble /usr/bin/cmake /workspaces/isaac_ros-dev/src/custom_interfaces -DCMAKE_INSTALL_PREFIX=/workspaces/isaac_ros-dev/src/custom_interfaces/install/custom_interfaces
[0.057s] -- Found ament_cmake: 1.3.11 (/opt/ros/humble/share/ament_cmake/cmake)
[0.415s] -- Found rclcpp: 16.0.12 (/opt/ros/humble/share/rclcpp/cmake)
[0.485s] -- Found rosidl_generator_c: 3.1.6 (/opt/ros/humble/share/rosidl_generator_c/cmake)
[0.490s] -- Found rosidl_adapter: 3.1.6 (/opt/ros/humble/share/rosidl_adapter/cmake)
[0.503s] -- Found rosidl_generator_cpp: 3.1.6 (/opt/ros/humble/share/rosidl_generator_cpp/cmake)
[0.524s] -- Using all available rosidl_typesupport_c: rosidl_typesupport_fastrtps_c;rosidl_typesupport_introspection_c
[0.553s] -- Using all available rosidl_typesupport_cpp: rosidl_typesupport_fastrtps_cpp;rosidl_typesupport_introspection_cpp
[0.623s] -- Found rmw_implementation_cmake: 6.1.2 (/opt/ros/humble/share/rmw_implementation_cmake/cmake)
[0.626s] -- Found rmw_fastrtps_cpp: 6.2.7 (/opt/ros/humble/share/rmw_fastrtps_cpp/cmake)
[0.934s] -- Using RMW implementation 'rmw_fastrtps_cpp' as default
[1.041s] -- Found rosidl_default_generators: 1.2.0 (/opt/ros/humble/share/rosidl_default_generators/cmake)
[1.057s] [31mCMake Error at /opt/ros/humble/share/rosidl_cmake/cmake/rosidl_generate_interfaces.cmake:93 (message):
[1.057s]   rosidl_generate_interfaces() the passed file './action/Move.action' doesn't
[1.057s]   exist relative to the CMAKE_CURRENT_SOURCE_DIR
[1.057s]   '/workspaces/isaac_ros-dev/src/custom_interfaces'
[1.057s] Call Stack (most recent call first):
[1.058s]   CMakeLists.txt:15 (rosidl_generate_interfaces)
[1.058s] 
[1.058s] [0m
[1.058s] -- Configuring incomplete, errors occurred!
[1.058s] See also "/workspaces/isaac_ros-dev/src/custom_interfaces/build/custom_interfaces/CMakeFiles/CMakeOutput.log".
[1.077s] Invoked command in '/workspaces/isaac_ros-dev/src/custom_interfaces/build/custom_interfaces' returned '1': CMAKE_PREFIX_PATH=${CMAKE_PREFIX_PATH}:/opt/ros/humble /usr/bin/cmake /workspaces/isaac_ros-dev/src/custom_interfaces -DCMAKE_INSTALL_PREFIX=/workspaces/isaac_ros-dev/src/custom_interfaces/install/custom_interfaces
