[0.043s] Invoking command in '/workspaces/isaac_ros-dev/build/my_action_server': CMAKE_PREFIX_PATH=/workspaces/isaac_ros-dev/install/custom_interfaces:/workspaces/isaac_ros-dev/install/my_action_server:/workspaces/isaac_ros-dev/install/my_action_client:/usr/local/libcudss-linux-0.3.0.9_cuda12-archive:/opt/ros/humble /usr/bin/cmake --build /workspaces/isaac_ros-dev/build/my_action_server -- -j6 -l6
[0.149s] -- Found ament_cmake: 1.3.11 (/opt/ros/humble/share/ament_cmake/cmake)
[0.647s] -- Found rclcpp: 16.0.12 (/opt/ros/humble/share/rclcpp/cmake)
[0.790s] -- Found rosidl_generator_c: 3.1.6 (/opt/ros/humble/share/rosidl_generator_c/cmake)
[0.802s] -- Found rosidl_adapter: 3.1.6 (/opt/ros/humble/share/rosidl_adapter/cmake)
[0.824s] -- Found rosidl_generator_cpp: 3.1.6 (/opt/ros/humble/share/rosidl_generator_cpp/cmake)
[0.861s] -- Using all available rosidl_typesupport_c: rosidl_typesupport_fastrtps_c;rosidl_typesupport_introspection_c
[0.896s] -- Using all available rosidl_typesupport_cpp: rosidl_typesupport_fastrtps_cpp;rosidl_typesupport_introspection_cpp
[0.986s] -- Found rmw_implementation_cmake: 6.1.2 (/opt/ros/humble/share/rmw_implementation_cmake/cmake)
[0.994s] -- Found rmw_fastrtps_cpp: 6.2.7 (/opt/ros/humble/share/rmw_fastrtps_cpp/cmake)
[1.431s] -- Using RMW implementation 'rmw_fastrtps_cpp' as default
[1.565s] -- Found rclcpp_action: 16.0.12 (/opt/ros/humble/share/rclcpp_action/cmake)
[1.649s] -- Found custom_interfaces: 0.0.0 (/workspaces/isaac_ros-dev/install/custom_interfaces/share/custom_interfaces/cmake)
[1.722s] -- Found vision_msgs: 4.1.1 (/opt/ros/humble/share/vision_msgs/cmake)
[1.760s] -- Found ament_lint_auto: 0.12.12 (/opt/ros/humble/share/ament_lint_auto/cmake)
[1.993s] -- Added test 'cppcheck' to perform static code analysis on C / C++ code
[1.993s] -- Configured cppcheck include dirs: 
[1.995s] -- Configured cppcheck exclude dirs and/or files: 
[1.995s] -- Added test 'flake8' to check Python code syntax and style conventions
[1.997s] -- Added test 'lint_cmake' to check CMake code style
[1.998s] -- Added test 'pep257' to check Python code against some of the docstring style conventions in PEP 257
[2.000s] -- Added test 'uncrustify' to check C / C++ code style
[2.000s] -- Configured uncrustify additional arguments: 
[2.001s] -- Added test 'xmllint' to check XML markup files
[2.004s] -- Configuring done
[2.046s] -- Generating done
[2.057s] -- Build files have been written to: /workspaces/isaac_ros-dev/build/my_action_server
[2.136s] [35m[1mConsolidate compiler generated dependencies of target action_server[0m
[2.195s] [ 50%] [32mBuilding CXX object CMakeFiles/action_server.dir/src/action_server.cpp.o[0m
[3.242s] [01m[K/workspaces/isaac_ros-dev/src/my_action_server/src/action_server.cpp:9:10:[m[K [01;31m[Kfatal error: [m[Ksensor_msgs/msg/image.hpp: No such file or directory
[3.242s]     9 | #include [01;31m[K"sensor_msgs/msg/image.hpp"[m[K
[3.243s]       |          [01;31m[K^~~~~~~~~~~~~~~~~~~~~~~~~~~[m[K
[3.243s] compilation terminated.
[3.248s] gmake[2]: *** [CMakeFiles/action_server.dir/build.make:76: CMakeFiles/action_server.dir/src/action_server.cpp.o] Error 1
[3.248s] gmake[1]: *** [CMakeFiles/Makefile2:137: CMakeFiles/action_server.dir/all] Error 2
[3.249s] gmake: *** [Makefile:146: all] Error 2
[3.257s] Invoked command in '/workspaces/isaac_ros-dev/build/my_action_server' returned '2': CMAKE_PREFIX_PATH=/workspaces/isaac_ros-dev/install/custom_interfaces:/workspaces/isaac_ros-dev/install/my_action_server:/workspaces/isaac_ros-dev/install/my_action_client:/usr/local/libcudss-linux-0.3.0.9_cuda12-archive:/opt/ros/humble /usr/bin/cmake --build /workspaces/isaac_ros-dev/build/my_action_server -- -j6 -l6
