[0.071s] Invoking command in '/workspaces/isaac_ros-dev/build/my_action_server': AMENT_PREFIX_PATH=/workspaces/isaac_ros-dev/install/custom_interfaces:${AMENT_PREFIX_PATH} CMAKE_PREFIX_PATH=/workspaces/isaac_ros-dev/install/custom_interfaces:/usr/local/libcudss-linux-0.3.0.9_cuda12-archive:/opt/ros/humble LD_LIBRARY_PATH=/workspaces/isaac_ros-dev/install/custom_interfaces/lib:${LD_LIBRARY_PATH} PYTHONPATH=/workspaces/isaac_ros-dev/install/custom_interfaces/local/lib/python3.10/dist-packages:${PYTHONPATH} /usr/bin/cmake --build /workspaces/isaac_ros-dev/build/my_action_server -- -j6 -l6
[0.198s] -- Found ament_cmake: 1.3.11 (/opt/ros/humble/share/ament_cmake/cmake)
[0.608s] -- Found rclcpp: 16.0.12 (/opt/ros/humble/share/rclcpp/cmake)
[0.705s] -- Found rosidl_generator_c: 3.1.6 (/opt/ros/humble/share/rosidl_generator_c/cmake)
[0.712s] -- Found rosidl_adapter: 3.1.6 (/opt/ros/humble/share/rosidl_adapter/cmake)
[0.733s] -- Found rosidl_generator_cpp: 3.1.6 (/opt/ros/humble/share/rosidl_generator_cpp/cmake)
[0.764s] -- Using all available rosidl_typesupport_c: rosidl_typesupport_fastrtps_c;rosidl_typesupport_introspection_c
[0.804s] -- Using all available rosidl_typesupport_cpp: rosidl_typesupport_fastrtps_cpp;rosidl_typesupport_introspection_cpp
[0.900s] -- Found rmw_implementation_cmake: 6.1.2 (/opt/ros/humble/share/rmw_implementation_cmake/cmake)
[0.904s] -- Found rmw_fastrtps_cpp: 6.2.7 (/opt/ros/humble/share/rmw_fastrtps_cpp/cmake)
[1.247s] -- Using RMW implementation 'rmw_fastrtps_cpp' as default
[1.389s] -- Found rclcpp_action: 16.0.12 (/opt/ros/humble/share/rclcpp_action/cmake)
[1.467s] -- Found custom_interfaces: 0.0.0 (/workspaces/isaac_ros-dev/install/custom_interfaces/share/custom_interfaces/cmake)
[1.536s] -- Found vision_msgs: 4.1.1 (/opt/ros/humble/share/vision_msgs/cmake)
[1.573s] -- Found sensor_msgs: 4.8.0 (/opt/ros/humble/share/sensor_msgs/cmake)
[1.615s] -- Found serial_driver: 1.2.0 (/opt/ros/humble/share/serial_driver/cmake)
[1.658s] -- Found asio_cmake_module: 1.2.0 (/opt/ros/humble/share/asio_cmake_module/cmake)
[1.782s] -- Found ament_lint_auto: 0.12.12 (/opt/ros/humble/share/ament_lint_auto/cmake)
[2.039s] [31mCMake Error at /opt/ros/humble/share/ament_cmake_target_dependencies/cmake/ament_target_dependencies.cmake:77 (message):
[2.039s]   ament_target_dependencies() the passed package name 'serial' was not found
[2.039s]   before
[2.039s] Call Stack (most recent call first):
[2.039s]   CMakeLists.txt:55 (ament_target_dependencies)
[2.040s] 
[2.040s] [0m
[2.040s] -- Configuring incomplete, errors occurred!
[2.040s] See also "/workspaces/isaac_ros-dev/build/my_action_server/CMakeFiles/CMakeOutput.log".
[2.065s] gmake: *** [Makefile:267: cmake_check_build_system] Error 1
[2.071s] Invoked command in '/workspaces/isaac_ros-dev/build/my_action_server' returned '2': AMENT_PREFIX_PATH=/workspaces/isaac_ros-dev/install/custom_interfaces:${AMENT_PREFIX_PATH} CMAKE_PREFIX_PATH=/workspaces/isaac_ros-dev/install/custom_interfaces:/usr/local/libcudss-linux-0.3.0.9_cuda12-archive:/opt/ros/humble LD_LIBRARY_PATH=/workspaces/isaac_ros-dev/install/custom_interfaces/lib:${LD_LIBRARY_PATH} PYTHONPATH=/workspaces/isaac_ros-dev/install/custom_interfaces/local/lib/python3.10/dist-packages:${PYTHONPATH} /usr/bin/cmake --build /workspaces/isaac_ros-dev/build/my_action_server -- -j6 -l6
