[0.296s] DEBUG:colcon:Command line arguments: ['/usr/bin/colcon', 'build', '--packages-select', 'topic_publisher_pkg']
[0.296s] DEBUG:colcon:Parsed command line arguments: Namespace(log_base=None, log_level=None, verb_name='build', build_base='build', install_base='install', merge_install=False, symlink_install=False, test_result_base=None, continue_on_error=False, executor='parallel', parallel_workers=6, event_handlers=None, ignore_user_meta=False, metas=['./colcon.meta'], base_paths=['.'], packages_ignore=None, packages_ignore_regex=None, paths=None, packages_up_to=None, packages_up_to_regex=None, packages_above=None, packages_above_and_dependencies=None, packages_above_depth=None, packages_select_by_dep=None, packages_skip_by_dep=None, packages_skip_up_to=None, packages_select_build_failed=False, packages_skip_build_finished=False, packages_select_test_failures=False, packages_skip_test_passed=False, packages_select=['topic_publisher_pkg'], packages_skip=None, packages_select_regex=None, packages_skip_regex=None, packages_start=None, packages_end=None, allow_overriding=[], cmake_args=None, cmake_target=None, cmake_target_skip_unavailable=False, cmake_clean_cache=False, cmake_clean_first=False, cmake_force_configure=False, ament_cmake_args=None, catkin_cmake_args=None, catkin_skip_building_tests=False, verb_parser=<colcon_defaults.argument_parser.defaults.DefaultArgumentsDecorator object at 0xffff96ecde40>, verb_extension=<colcon_core.verb.build.BuildVerb object at 0xffff97073490>, main=<bound method BuildVerb.main of <colcon_core.verb.build.BuildVerb object at 0xffff97073490>>)
[0.984s] Level 1:colcon.colcon_core.package_discovery:discover_packages(colcon_meta) check parameters
[0.984s] Level 1:colcon.colcon_core.package_discovery:discover_packages(recursive) check parameters
[0.985s] Level 1:colcon.colcon_core.package_discovery:discover_packages(ignore) check parameters
[0.985s] Level 1:colcon.colcon_core.package_discovery:discover_packages(path) check parameters
[0.985s] Level 1:colcon.colcon_core.package_discovery:discover_packages(colcon_meta) discover
[0.985s] Level 1:colcon.colcon_core.package_discovery:discover_packages(recursive) discover
[0.985s] INFO:colcon.colcon_core.package_discovery:Crawling recursively for packages in '/workspaces/isaac_ros-dev'
[0.985s] Level 1:colcon.colcon_core.package_identification:_identify(.) by extensions ['ignore', 'ignore_ament_install']
[0.986s] Level 1:colcon.colcon_core.package_identification:_identify(.) by extension 'ignore'
[0.986s] Level 1:colcon.colcon_core.package_identification:_identify(.) by extension 'ignore_ament_install'
[0.986s] Level 1:colcon.colcon_core.package_identification:_identify(.) by extensions ['colcon_pkg']
[0.986s] Level 1:colcon.colcon_core.package_identification:_identify(.) by extension 'colcon_pkg'
[0.986s] Level 1:colcon.colcon_core.package_identification:_identify(.) by extensions ['colcon_meta']
[0.986s] Level 1:colcon.colcon_core.package_identification:_identify(.) by extension 'colcon_meta'
[0.987s] Level 1:colcon.colcon_core.package_identification:_identify(.) by extensions ['ros']
[0.987s] Level 1:colcon.colcon_core.package_identification:_identify(.) by extension 'ros'
[1.022s] Level 1:colcon.colcon_core.package_identification:_identify(.) by extensions ['cmake', 'python']
[1.023s] Level 1:colcon.colcon_core.package_identification:_identify(.) by extension 'cmake'
[1.023s] Level 1:colcon.colcon_core.package_identification:_identify(.) by extension 'python'
[1.023s] Level 1:colcon.colcon_core.package_identification:_identify(.) by extensions ['python_setup_py']
[1.023s] Level 1:colcon.colcon_core.package_identification:_identify(.) by extension 'python_setup_py'
[1.023s] Level 1:colcon.colcon_core.package_identification:_identify(SortBot) by extensions ['ignore', 'ignore_ament_install']
[1.024s] Level 1:colcon.colcon_core.package_identification:_identify(SortBot) by extension 'ignore'
[1.024s] Level 1:colcon.colcon_core.package_identification:_identify(SortBot) by extension 'ignore_ament_install'
[1.024s] Level 1:colcon.colcon_core.package_identification:_identify(SortBot) by extensions ['colcon_pkg']
[1.024s] Level 1:colcon.colcon_core.package_identification:_identify(SortBot) by extension 'colcon_pkg'
[1.024s] Level 1:colcon.colcon_core.package_identification:_identify(SortBot) by extensions ['colcon_meta']
[1.024s] Level 1:colcon.colcon_core.package_identification:_identify(SortBot) by extension 'colcon_meta'
[1.024s] Level 1:colcon.colcon_core.package_identification:_identify(SortBot) by extensions ['ros']
[1.025s] Level 1:colcon.colcon_core.package_identification:_identify(SortBot) by extension 'ros'
[1.025s] Level 1:colcon.colcon_core.package_identification:_identify(SortBot) by extensions ['cmake', 'python']
[1.025s] Level 1:colcon.colcon_core.package_identification:_identify(SortBot) by extension 'cmake'
[1.025s] Level 1:colcon.colcon_core.package_identification:_identify(SortBot) by extension 'python'
[1.025s] Level 1:colcon.colcon_core.package_identification:_identify(SortBot) by extensions ['python_setup_py']
[1.025s] Level 1:colcon.colcon_core.package_identification:_identify(SortBot) by extension 'python_setup_py'
[1.025s] Level 1:colcon.colcon_core.package_identification:_identify(build) by extensions ['ignore', 'ignore_ament_install']
[1.026s] Level 1:colcon.colcon_core.package_identification:_identify(build) by extension 'ignore'
[1.026s] Level 1:colcon.colcon_core.package_identification:_identify(build) ignored
[1.026s] Level 1:colcon.colcon_core.package_identification:_identify(install) by extensions ['ignore', 'ignore_ament_install']
[1.026s] Level 1:colcon.colcon_core.package_identification:_identify(install) by extension 'ignore'
[1.026s] Level 1:colcon.colcon_core.package_identification:_identify(install) ignored
[1.027s] Level 1:colcon.colcon_core.package_identification:_identify(isaac_ros_assets) by extensions ['ignore', 'ignore_ament_install']
[1.027s] Level 1:colcon.colcon_core.package_identification:_identify(isaac_ros_assets) by extension 'ignore'
[1.027s] Level 1:colcon.colcon_core.package_identification:_identify(isaac_ros_assets) by extension 'ignore_ament_install'
[1.027s] Level 1:colcon.colcon_core.package_identification:_identify(isaac_ros_assets) by extensions ['colcon_pkg']
[1.027s] Level 1:colcon.colcon_core.package_identification:_identify(isaac_ros_assets) by extension 'colcon_pkg'
[1.027s] Level 1:colcon.colcon_core.package_identification:_identify(isaac_ros_assets) by extensions ['colcon_meta']
[1.027s] Level 1:colcon.colcon_core.package_identification:_identify(isaac_ros_assets) by extension 'colcon_meta'
[1.027s] Level 1:colcon.colcon_core.package_identification:_identify(isaac_ros_assets) by extensions ['ros']
[1.028s] Level 1:colcon.colcon_core.package_identification:_identify(isaac_ros_assets) by extension 'ros'
[1.028s] Level 1:colcon.colcon_core.package_identification:_identify(isaac_ros_assets) by extensions ['cmake', 'python']
[1.028s] Level 1:colcon.colcon_core.package_identification:_identify(isaac_ros_assets) by extension 'cmake'
[1.028s] Level 1:colcon.colcon_core.package_identification:_identify(isaac_ros_assets) by extension 'python'
[1.028s] Level 1:colcon.colcon_core.package_identification:_identify(isaac_ros_assets) by extensions ['python_setup_py']
[1.028s] Level 1:colcon.colcon_core.package_identification:_identify(isaac_ros_assets) by extension 'python_setup_py'
[1.028s] Level 1:colcon.colcon_core.package_identification:_identify(isaac_ros_assets/isaac_ros_yolov8) by extensions ['ignore', 'ignore_ament_install']
[1.029s] Level 1:colcon.colcon_core.package_identification:_identify(isaac_ros_assets/isaac_ros_yolov8) by extension 'ignore'
[1.029s] Level 1:colcon.colcon_core.package_identification:_identify(isaac_ros_assets/isaac_ros_yolov8) by extension 'ignore_ament_install'
[1.029s] Level 1:colcon.colcon_core.package_identification:_identify(isaac_ros_assets/isaac_ros_yolov8) by extensions ['colcon_pkg']
[1.029s] Level 1:colcon.colcon_core.package_identification:_identify(isaac_ros_assets/isaac_ros_yolov8) by extension 'colcon_pkg'
[1.029s] Level 1:colcon.colcon_core.package_identification:_identify(isaac_ros_assets/isaac_ros_yolov8) by extensions ['colcon_meta']
[1.029s] Level 1:colcon.colcon_core.package_identification:_identify(isaac_ros_assets/isaac_ros_yolov8) by extension 'colcon_meta'
[1.029s] Level 1:colcon.colcon_core.package_identification:_identify(isaac_ros_assets/isaac_ros_yolov8) by extensions ['ros']
[1.029s] Level 1:colcon.colcon_core.package_identification:_identify(isaac_ros_assets/isaac_ros_yolov8) by extension 'ros'
[1.030s] Level 1:colcon.colcon_core.package_identification:_identify(isaac_ros_assets/isaac_ros_yolov8) by extensions ['cmake', 'python']
[1.030s] Level 1:colcon.colcon_core.package_identification:_identify(isaac_ros_assets/isaac_ros_yolov8) by extension 'cmake'
[1.030s] Level 1:colcon.colcon_core.package_identification:_identify(isaac_ros_assets/isaac_ros_yolov8) by extension 'python'
[1.030s] Level 1:colcon.colcon_core.package_identification:_identify(isaac_ros_assets/isaac_ros_yolov8) by extensions ['python_setup_py']
[1.030s] Level 1:colcon.colcon_core.package_identification:_identify(isaac_ros_assets/isaac_ros_yolov8) by extension 'python_setup_py'
[1.030s] Level 1:colcon.colcon_core.package_identification:_identify(isaac_ros_assets/isaac_ros_yolov8/quickstart.bag) by extensions ['ignore', 'ignore_ament_install']
[1.030s] Level 1:colcon.colcon_core.package_identification:_identify(isaac_ros_assets/isaac_ros_yolov8/quickstart.bag) by extension 'ignore'
[1.030s] Level 1:colcon.colcon_core.package_identification:_identify(isaac_ros_assets/isaac_ros_yolov8/quickstart.bag) by extension 'ignore_ament_install'
[1.031s] Level 1:colcon.colcon_core.package_identification:_identify(isaac_ros_assets/isaac_ros_yolov8/quickstart.bag) by extensions ['colcon_pkg']
[1.031s] Level 1:colcon.colcon_core.package_identification:_identify(isaac_ros_assets/isaac_ros_yolov8/quickstart.bag) by extension 'colcon_pkg'
[1.031s] Level 1:colcon.colcon_core.package_identification:_identify(isaac_ros_assets/isaac_ros_yolov8/quickstart.bag) by extensions ['colcon_meta']
[1.031s] Level 1:colcon.colcon_core.package_identification:_identify(isaac_ros_assets/isaac_ros_yolov8/quickstart.bag) by extension 'colcon_meta'
[1.031s] Level 1:colcon.colcon_core.package_identification:_identify(isaac_ros_assets/isaac_ros_yolov8/quickstart.bag) by extensions ['ros']
[1.031s] Level 1:colcon.colcon_core.package_identification:_identify(isaac_ros_assets/isaac_ros_yolov8/quickstart.bag) by extension 'ros'
[1.031s] Level 1:colcon.colcon_core.package_identification:_identify(isaac_ros_assets/isaac_ros_yolov8/quickstart.bag) by extensions ['cmake', 'python']
[1.031s] Level 1:colcon.colcon_core.package_identification:_identify(isaac_ros_assets/isaac_ros_yolov8/quickstart.bag) by extension 'cmake'
[1.032s] Level 1:colcon.colcon_core.package_identification:_identify(isaac_ros_assets/isaac_ros_yolov8/quickstart.bag) by extension 'python'
[1.032s] Level 1:colcon.colcon_core.package_identification:_identify(isaac_ros_assets/isaac_ros_yolov8/quickstart.bag) by extensions ['python_setup_py']
[1.032s] Level 1:colcon.colcon_core.package_identification:_identify(isaac_ros_assets/isaac_ros_yolov8/quickstart.bag) by extension 'python_setup_py'
[1.032s] Level 1:colcon.colcon_core.package_identification:_identify(isaac_ros_assets/models) by extensions ['ignore', 'ignore_ament_install']
[1.032s] Level 1:colcon.colcon_core.package_identification:_identify(isaac_ros_assets/models) by extension 'ignore'
[1.032s] Level 1:colcon.colcon_core.package_identification:_identify(isaac_ros_assets/models) by extension 'ignore_ament_install'
[1.033s] Level 1:colcon.colcon_core.package_identification:_identify(isaac_ros_assets/models) by extensions ['colcon_pkg']
[1.033s] Level 1:colcon.colcon_core.package_identification:_identify(isaac_ros_assets/models) by extension 'colcon_pkg'
[1.033s] Level 1:colcon.colcon_core.package_identification:_identify(isaac_ros_assets/models) by extensions ['colcon_meta']
[1.033s] Level 1:colcon.colcon_core.package_identification:_identify(isaac_ros_assets/models) by extension 'colcon_meta'
[1.033s] Level 1:colcon.colcon_core.package_identification:_identify(isaac_ros_assets/models) by extensions ['ros']
[1.033s] Level 1:colcon.colcon_core.package_identification:_identify(isaac_ros_assets/models) by extension 'ros'
[1.033s] Level 1:colcon.colcon_core.package_identification:_identify(isaac_ros_assets/models) by extensions ['cmake', 'python']
[1.033s] Level 1:colcon.colcon_core.package_identification:_identify(isaac_ros_assets/models) by extension 'cmake'
[1.033s] Level 1:colcon.colcon_core.package_identification:_identify(isaac_ros_assets/models) by extension 'python'
[1.034s] Level 1:colcon.colcon_core.package_identification:_identify(isaac_ros_assets/models) by extensions ['python_setup_py']
[1.034s] Level 1:colcon.colcon_core.package_identification:_identify(isaac_ros_assets/models) by extension 'python_setup_py'
[1.034s] Level 1:colcon.colcon_core.package_identification:_identify(isaac_ros_assets/models/yolov8) by extensions ['ignore', 'ignore_ament_install']
[1.034s] Level 1:colcon.colcon_core.package_identification:_identify(isaac_ros_assets/models/yolov8) by extension 'ignore'
[1.034s] Level 1:colcon.colcon_core.package_identification:_identify(isaac_ros_assets/models/yolov8) by extension 'ignore_ament_install'
[1.034s] Level 1:colcon.colcon_core.package_identification:_identify(isaac_ros_assets/models/yolov8) by extensions ['colcon_pkg']
[1.035s] Level 1:colcon.colcon_core.package_identification:_identify(isaac_ros_assets/models/yolov8) by extension 'colcon_pkg'
[1.035s] Level 1:colcon.colcon_core.package_identification:_identify(isaac_ros_assets/models/yolov8) by extensions ['colcon_meta']
[1.035s] Level 1:colcon.colcon_core.package_identification:_identify(isaac_ros_assets/models/yolov8) by extension 'colcon_meta'
[1.035s] Level 1:colcon.colcon_core.package_identification:_identify(isaac_ros_assets/models/yolov8) by extensions ['ros']
[1.035s] Level 1:colcon.colcon_core.package_identification:_identify(isaac_ros_assets/models/yolov8) by extension 'ros'
[1.035s] Level 1:colcon.colcon_core.package_identification:_identify(isaac_ros_assets/models/yolov8) by extensions ['cmake', 'python']
[1.035s] Level 1:colcon.colcon_core.package_identification:_identify(isaac_ros_assets/models/yolov8) by extension 'cmake'
[1.035s] Level 1:colcon.colcon_core.package_identification:_identify(isaac_ros_assets/models/yolov8) by extension 'python'
[1.035s] Level 1:colcon.colcon_core.package_identification:_identify(isaac_ros_assets/models/yolov8) by extensions ['python_setup_py']
[1.035s] Level 1:colcon.colcon_core.package_identification:_identify(isaac_ros_assets/models/yolov8) by extension 'python_setup_py'
[1.036s] Level 1:colcon.colcon_core.package_identification:_identify(log) by extensions ['ignore', 'ignore_ament_install']
[1.036s] Level 1:colcon.colcon_core.package_identification:_identify(log) by extension 'ignore'
[1.036s] Level 1:colcon.colcon_core.package_identification:_identify(log) ignored
[1.036s] Level 1:colcon.colcon_core.package_identification:_identify(src) by extensions ['ignore', 'ignore_ament_install']
[1.036s] Level 1:colcon.colcon_core.package_identification:_identify(src) by extension 'ignore'
[1.037s] Level 1:colcon.colcon_core.package_identification:_identify(src) by extension 'ignore_ament_install'
[1.037s] Level 1:colcon.colcon_core.package_identification:_identify(src) by extensions ['colcon_pkg']
[1.037s] Level 1:colcon.colcon_core.package_identification:_identify(src) by extension 'colcon_pkg'
[1.037s] Level 1:colcon.colcon_core.package_identification:_identify(src) by extensions ['colcon_meta']
[1.037s] Level 1:colcon.colcon_core.package_identification:_identify(src) by extension 'colcon_meta'
[1.037s] Level 1:colcon.colcon_core.package_identification:_identify(src) by extensions ['ros']
[1.037s] Level 1:colcon.colcon_core.package_identification:_identify(src) by extension 'ros'
[1.037s] Level 1:colcon.colcon_core.package_identification:_identify(src) by extensions ['cmake', 'python']
[1.037s] Level 1:colcon.colcon_core.package_identification:_identify(src) by extension 'cmake'
[1.038s] Level 1:colcon.colcon_core.package_identification:_identify(src) by extension 'python'
[1.038s] Level 1:colcon.colcon_core.package_identification:_identify(src) by extensions ['python_setup_py']
[1.038s] Level 1:colcon.colcon_core.package_identification:_identify(src) by extension 'python_setup_py'
[1.038s] Level 1:colcon.colcon_core.package_identification:_identify(src/isaac_ros_common) by extensions ['ignore', 'ignore_ament_install']
[1.038s] Level 1:colcon.colcon_core.package_identification:_identify(src/isaac_ros_common) by extension 'ignore'
[1.038s] Level 1:colcon.colcon_core.package_identification:_identify(src/isaac_ros_common) by extension 'ignore_ament_install'
[1.039s] Level 1:colcon.colcon_core.package_identification:_identify(src/isaac_ros_common) by extensions ['colcon_pkg']
[1.039s] Level 1:colcon.colcon_core.package_identification:_identify(src/isaac_ros_common) by extension 'colcon_pkg'
[1.039s] Level 1:colcon.colcon_core.package_identification:_identify(src/isaac_ros_common) by extensions ['colcon_meta']
[1.039s] Level 1:colcon.colcon_core.package_identification:_identify(src/isaac_ros_common) by extension 'colcon_meta'
[1.039s] Level 1:colcon.colcon_core.package_identification:_identify(src/isaac_ros_common) by extensions ['ros']
[1.039s] Level 1:colcon.colcon_core.package_identification:_identify(src/isaac_ros_common) by extension 'ros'
[1.039s] Level 1:colcon.colcon_core.package_identification:_identify(src/isaac_ros_common) by extensions ['cmake', 'python']
[1.039s] Level 1:colcon.colcon_core.package_identification:_identify(src/isaac_ros_common) by extension 'cmake'
[1.039s] Level 1:colcon.colcon_core.package_identification:_identify(src/isaac_ros_common) by extension 'python'
[1.040s] Level 1:colcon.colcon_core.package_identification:_identify(src/isaac_ros_common) by extensions ['python_setup_py']
[1.040s] Level 1:colcon.colcon_core.package_identification:_identify(src/isaac_ros_common) by extension 'python_setup_py'
[1.040s] Level 1:colcon.colcon_core.package_identification:_identify(src/isaac_ros_common/docker) by extensions ['ignore', 'ignore_ament_install']
[1.040s] Level 1:colcon.colcon_core.package_identification:_identify(src/isaac_ros_common/docker) by extension 'ignore'
[1.040s] Level 1:colcon.colcon_core.package_identification:_identify(src/isaac_ros_common/docker) by extension 'ignore_ament_install'
[1.040s] Level 1:colcon.colcon_core.package_identification:_identify(src/isaac_ros_common/docker) by extensions ['colcon_pkg']
[1.040s] Level 1:colcon.colcon_core.package_identification:_identify(src/isaac_ros_common/docker) by extension 'colcon_pkg'
[1.041s] Level 1:colcon.colcon_core.package_identification:_identify(src/isaac_ros_common/docker) by extensions ['colcon_meta']
[1.041s] Level 1:colcon.colcon_core.package_identification:_identify(src/isaac_ros_common/docker) by extension 'colcon_meta'
[1.041s] Level 1:colcon.colcon_core.package_identification:_identify(src/isaac_ros_common/docker) by extensions ['ros']
[1.041s] Level 1:colcon.colcon_core.package_identification:_identify(src/isaac_ros_common/docker) by extension 'ros'
[1.041s] Level 1:colcon.colcon_core.package_identification:_identify(src/isaac_ros_common/docker) by extensions ['cmake', 'python']
[1.041s] Level 1:colcon.colcon_core.package_identification:_identify(src/isaac_ros_common/docker) by extension 'cmake'
[1.041s] Level 1:colcon.colcon_core.package_identification:_identify(src/isaac_ros_common/docker) by extension 'python'
[1.041s] Level 1:colcon.colcon_core.package_identification:_identify(src/isaac_ros_common/docker) by extensions ['python_setup_py']
[1.041s] Level 1:colcon.colcon_core.package_identification:_identify(src/isaac_ros_common/docker) by extension 'python_setup_py'
[1.042s] Level 1:colcon.colcon_core.package_identification:_identify(src/isaac_ros_common/docker/middleware_profiles) by extensions ['ignore', 'ignore_ament_install']
[1.042s] Level 1:colcon.colcon_core.package_identification:_identify(src/isaac_ros_common/docker/middleware_profiles) by extension 'ignore'
[1.042s] Level 1:colcon.colcon_core.package_identification:_identify(src/isaac_ros_common/docker/middleware_profiles) by extension 'ignore_ament_install'
[1.042s] Level 1:colcon.colcon_core.package_identification:_identify(src/isaac_ros_common/docker/middleware_profiles) by extensions ['colcon_pkg']
[1.042s] Level 1:colcon.colcon_core.package_identification:_identify(src/isaac_ros_common/docker/middleware_profiles) by extension 'colcon_pkg'
[1.042s] Level 1:colcon.colcon_core.package_identification:_identify(src/isaac_ros_common/docker/middleware_profiles) by extensions ['colcon_meta']
[1.042s] Level 1:colcon.colcon_core.package_identification:_identify(src/isaac_ros_common/docker/middleware_profiles) by extension 'colcon_meta'
[1.043s] Level 1:colcon.colcon_core.package_identification:_identify(src/isaac_ros_common/docker/middleware_profiles) by extensions ['ros']
[1.043s] Level 1:colcon.colcon_core.package_identification:_identify(src/isaac_ros_common/docker/middleware_profiles) by extension 'ros'
[1.043s] Level 1:colcon.colcon_core.package_identification:_identify(src/isaac_ros_common/docker/middleware_profiles) by extensions ['cmake', 'python']
[1.043s] Level 1:colcon.colcon_core.package_identification:_identify(src/isaac_ros_common/docker/middleware_profiles) by extension 'cmake'
[1.043s] Level 1:colcon.colcon_core.package_identification:_identify(src/isaac_ros_common/docker/middleware_profiles) by extension 'python'
[1.043s] Level 1:colcon.colcon_core.package_identification:_identify(src/isaac_ros_common/docker/middleware_profiles) by extensions ['python_setup_py']
[1.043s] Level 1:colcon.colcon_core.package_identification:_identify(src/isaac_ros_common/docker/middleware_profiles) by extension 'python_setup_py'
[1.043s] Level 1:colcon.colcon_core.package_identification:_identify(src/isaac_ros_common/docker/patches) by extensions ['ignore', 'ignore_ament_install']
[1.044s] Level 1:colcon.colcon_core.package_identification:_identify(src/isaac_ros_common/docker/patches) by extension 'ignore'
[1.044s] Level 1:colcon.colcon_core.package_identification:_identify(src/isaac_ros_common/docker/patches) by extension 'ignore_ament_install'
[1.044s] Level 1:colcon.colcon_core.package_identification:_identify(src/isaac_ros_common/docker/patches) by extensions ['colcon_pkg']
[1.044s] Level 1:colcon.colcon_core.package_identification:_identify(src/isaac_ros_common/docker/patches) by extension 'colcon_pkg'
[1.044s] Level 1:colcon.colcon_core.package_identification:_identify(src/isaac_ros_common/docker/patches) by extensions ['colcon_meta']
[1.044s] Level 1:colcon.colcon_core.package_identification:_identify(src/isaac_ros_common/docker/patches) by extension 'colcon_meta'
[1.044s] Level 1:colcon.colcon_core.package_identification:_identify(src/isaac_ros_common/docker/patches) by extensions ['ros']
[1.044s] Level 1:colcon.colcon_core.package_identification:_identify(src/isaac_ros_common/docker/patches) by extension 'ros'
[1.044s] Level 1:colcon.colcon_core.package_identification:_identify(src/isaac_ros_common/docker/patches) by extensions ['cmake', 'python']
[1.045s] Level 1:colcon.colcon_core.package_identification:_identify(src/isaac_ros_common/docker/patches) by extension 'cmake'
[1.045s] Level 1:colcon.colcon_core.package_identification:_identify(src/isaac_ros_common/docker/patches) by extension 'python'
[1.045s] Level 1:colcon.colcon_core.package_identification:_identify(src/isaac_ros_common/docker/patches) by extensions ['python_setup_py']
[1.045s] Level 1:colcon.colcon_core.package_identification:_identify(src/isaac_ros_common/docker/patches) by extension 'python_setup_py'
[1.045s] Level 1:colcon.colcon_core.package_identification:_identify(src/isaac_ros_common/docker/rosdep) by extensions ['ignore', 'ignore_ament_install']
[1.045s] Level 1:colcon.colcon_core.package_identification:_identify(src/isaac_ros_common/docker/rosdep) by extension 'ignore'
[1.045s] Level 1:colcon.colcon_core.package_identification:_identify(src/isaac_ros_common/docker/rosdep) by extension 'ignore_ament_install'
[1.045s] Level 1:colcon.colcon_core.package_identification:_identify(src/isaac_ros_common/docker/rosdep) by extensions ['colcon_pkg']
[1.046s] Level 1:colcon.colcon_core.package_identification:_identify(src/isaac_ros_common/docker/rosdep) by extension 'colcon_pkg'
[1.046s] Level 1:colcon.colcon_core.package_identification:_identify(src/isaac_ros_common/docker/rosdep) by extensions ['colcon_meta']
[1.046s] Level 1:colcon.colcon_core.package_identification:_identify(src/isaac_ros_common/docker/rosdep) by extension 'colcon_meta'
[1.046s] Level 1:colcon.colcon_core.package_identification:_identify(src/isaac_ros_common/docker/rosdep) by extensions ['ros']
[1.046s] Level 1:colcon.colcon_core.package_identification:_identify(src/isaac_ros_common/docker/rosdep) by extension 'ros'
[1.046s] Level 1:colcon.colcon_core.package_identification:_identify(src/isaac_ros_common/docker/rosdep) by extensions ['cmake', 'python']
[1.046s] Level 1:colcon.colcon_core.package_identification:_identify(src/isaac_ros_common/docker/rosdep) by extension 'cmake'
[1.046s] Level 1:colcon.colcon_core.package_identification:_identify(src/isaac_ros_common/docker/rosdep) by extension 'python'
[1.046s] Level 1:colcon.colcon_core.package_identification:_identify(src/isaac_ros_common/docker/rosdep) by extensions ['python_setup_py']
[1.047s] Level 1:colcon.colcon_core.package_identification:_identify(src/isaac_ros_common/docker/rosdep) by extension 'python_setup_py'
[1.047s] Level 1:colcon.colcon_core.package_identification:_identify(src/isaac_ros_common/docker/rosdep/ros-humble-cuda-python-placeholder) by extensions ['ignore', 'ignore_ament_install']
[1.047s] Level 1:colcon.colcon_core.package_identification:_identify(src/isaac_ros_common/docker/rosdep/ros-humble-cuda-python-placeholder) by extension 'ignore'
[1.047s] Level 1:colcon.colcon_core.package_identification:_identify(src/isaac_ros_common/docker/rosdep/ros-humble-cuda-python-placeholder) by extension 'ignore_ament_install'
[1.047s] Level 1:colcon.colcon_core.package_identification:_identify(src/isaac_ros_common/docker/rosdep/ros-humble-cuda-python-placeholder) by extensions ['colcon_pkg']
[1.047s] Level 1:colcon.colcon_core.package_identification:_identify(src/isaac_ros_common/docker/rosdep/ros-humble-cuda-python-placeholder) by extension 'colcon_pkg'
[1.047s] Level 1:colcon.colcon_core.package_identification:_identify(src/isaac_ros_common/docker/rosdep/ros-humble-cuda-python-placeholder) by extensions ['colcon_meta']
[1.048s] Level 1:colcon.colcon_core.package_identification:_identify(src/isaac_ros_common/docker/rosdep/ros-humble-cuda-python-placeholder) by extension 'colcon_meta'
[1.048s] Level 1:colcon.colcon_core.package_identification:_identify(src/isaac_ros_common/docker/rosdep/ros-humble-cuda-python-placeholder) by extensions ['ros']
[1.048s] Level 1:colcon.colcon_core.package_identification:_identify(src/isaac_ros_common/docker/rosdep/ros-humble-cuda-python-placeholder) by extension 'ros'
[1.048s] Level 1:colcon.colcon_core.package_identification:_identify(src/isaac_ros_common/docker/rosdep/ros-humble-cuda-python-placeholder) by extensions ['cmake', 'python']
[1.048s] Level 1:colcon.colcon_core.package_identification:_identify(src/isaac_ros_common/docker/rosdep/ros-humble-cuda-python-placeholder) by extension 'cmake'
[1.048s] Level 1:colcon.colcon_core.package_identification:_identify(src/isaac_ros_common/docker/rosdep/ros-humble-cuda-python-placeholder) by extension 'python'
[1.048s] Level 1:colcon.colcon_core.package_identification:_identify(src/isaac_ros_common/docker/rosdep/ros-humble-cuda-python-placeholder) by extensions ['python_setup_py']
[1.048s] Level 1:colcon.colcon_core.package_identification:_identify(src/isaac_ros_common/docker/rosdep/ros-humble-cuda-python-placeholder) by extension 'python_setup_py'
[1.049s] Level 1:colcon.colcon_core.package_identification:_identify(src/isaac_ros_common/docker/rosdep/ros-humble-cuda-python-placeholder/DEBIAN) by extensions ['ignore', 'ignore_ament_install']
[1.049s] Level 1:colcon.colcon_core.package_identification:_identify(src/isaac_ros_common/docker/rosdep/ros-humble-cuda-python-placeholder/DEBIAN) by extension 'ignore'
[1.049s] Level 1:colcon.colcon_core.package_identification:_identify(src/isaac_ros_common/docker/rosdep/ros-humble-cuda-python-placeholder/DEBIAN) by extension 'ignore_ament_install'
[1.049s] Level 1:colcon.colcon_core.package_identification:_identify(src/isaac_ros_common/docker/rosdep/ros-humble-cuda-python-placeholder/DEBIAN) by extensions ['colcon_pkg']
[1.049s] Level 1:colcon.colcon_core.package_identification:_identify(src/isaac_ros_common/docker/rosdep/ros-humble-cuda-python-placeholder/DEBIAN) by extension 'colcon_pkg'
[1.049s] Level 1:colcon.colcon_core.package_identification:_identify(src/isaac_ros_common/docker/rosdep/ros-humble-cuda-python-placeholder/DEBIAN) by extensions ['colcon_meta']
[1.049s] Level 1:colcon.colcon_core.package_identification:_identify(src/isaac_ros_common/docker/rosdep/ros-humble-cuda-python-placeholder/DEBIAN) by extension 'colcon_meta'
[1.050s] Level 1:colcon.colcon_core.package_identification:_identify(src/isaac_ros_common/docker/rosdep/ros-humble-cuda-python-placeholder/DEBIAN) by extensions ['ros']
[1.050s] Level 1:colcon.colcon_core.package_identification:_identify(src/isaac_ros_common/docker/rosdep/ros-humble-cuda-python-placeholder/DEBIAN) by extension 'ros'
[1.050s] Level 1:colcon.colcon_core.package_identification:_identify(src/isaac_ros_common/docker/rosdep/ros-humble-cuda-python-placeholder/DEBIAN) by extensions ['cmake', 'python']
[1.050s] Level 1:colcon.colcon_core.package_identification:_identify(src/isaac_ros_common/docker/rosdep/ros-humble-cuda-python-placeholder/DEBIAN) by extension 'cmake'
[1.050s] Level 1:colcon.colcon_core.package_identification:_identify(src/isaac_ros_common/docker/rosdep/ros-humble-cuda-python-placeholder/DEBIAN) by extension 'python'
[1.050s] Level 1:colcon.colcon_core.package_identification:_identify(src/isaac_ros_common/docker/rosdep/ros-humble-cuda-python-placeholder/DEBIAN) by extensions ['python_setup_py']
[1.050s] Level 1:colcon.colcon_core.package_identification:_identify(src/isaac_ros_common/docker/rosdep/ros-humble-cuda-python-placeholder/DEBIAN) by extension 'python_setup_py'
[1.051s] Level 1:colcon.colcon_core.package_identification:_identify(src/isaac_ros_common/docker/scripts) by extensions ['ignore', 'ignore_ament_install']
[1.051s] Level 1:colcon.colcon_core.package_identification:_identify(src/isaac_ros_common/docker/scripts) by extension 'ignore'
[1.051s] Level 1:colcon.colcon_core.package_identification:_identify(src/isaac_ros_common/docker/scripts) by extension 'ignore_ament_install'
[1.051s] Level 1:colcon.colcon_core.package_identification:_identify(src/isaac_ros_common/docker/scripts) by extensions ['colcon_pkg']
[1.051s] Level 1:colcon.colcon_core.package_identification:_identify(src/isaac_ros_common/docker/scripts) by extension 'colcon_pkg'
[1.051s] Level 1:colcon.colcon_core.package_identification:_identify(src/isaac_ros_common/docker/scripts) by extensions ['colcon_meta']
[1.051s] Level 1:colcon.colcon_core.package_identification:_identify(src/isaac_ros_common/docker/scripts) by extension 'colcon_meta'
[1.051s] Level 1:colcon.colcon_core.package_identification:_identify(src/isaac_ros_common/docker/scripts) by extensions ['ros']
[1.052s] Level 1:colcon.colcon_core.package_identification:_identify(src/isaac_ros_common/docker/scripts) by extension 'ros'
[1.052s] Level 1:colcon.colcon_core.package_identification:_identify(src/isaac_ros_common/docker/scripts) by extensions ['cmake', 'python']
[1.052s] Level 1:colcon.colcon_core.package_identification:_identify(src/isaac_ros_common/docker/scripts) by extension 'cmake'
[1.052s] Level 1:colcon.colcon_core.package_identification:_identify(src/isaac_ros_common/docker/scripts) by extension 'python'
[1.052s] Level 1:colcon.colcon_core.package_identification:_identify(src/isaac_ros_common/docker/scripts) by extensions ['python_setup_py']
[1.052s] Level 1:colcon.colcon_core.package_identification:_identify(src/isaac_ros_common/docker/scripts) by extension 'python_setup_py'
[1.052s] Level 1:colcon.colcon_core.package_identification:_identify(src/isaac_ros_common/docker/udev_rules) by extensions ['ignore', 'ignore_ament_install']
[1.053s] Level 1:colcon.colcon_core.package_identification:_identify(src/isaac_ros_common/docker/udev_rules) by extension 'ignore'
[1.053s] Level 1:colcon.colcon_core.package_identification:_identify(src/isaac_ros_common/docker/udev_rules) by extension 'ignore_ament_install'
[1.053s] Level 1:colcon.colcon_core.package_identification:_identify(src/isaac_ros_common/docker/udev_rules) by extensions ['colcon_pkg']
[1.053s] Level 1:colcon.colcon_core.package_identification:_identify(src/isaac_ros_common/docker/udev_rules) by extension 'colcon_pkg'
[1.053s] Level 1:colcon.colcon_core.package_identification:_identify(src/isaac_ros_common/docker/udev_rules) by extensions ['colcon_meta']
[1.053s] Level 1:colcon.colcon_core.package_identification:_identify(src/isaac_ros_common/docker/udev_rules) by extension 'colcon_meta'
[1.053s] Level 1:colcon.colcon_core.package_identification:_identify(src/isaac_ros_common/docker/udev_rules) by extensions ['ros']
[1.053s] Level 1:colcon.colcon_core.package_identification:_identify(src/isaac_ros_common/docker/udev_rules) by extension 'ros'
[1.053s] Level 1:colcon.colcon_core.package_identification:_identify(src/isaac_ros_common/docker/udev_rules) by extensions ['cmake', 'python']
[1.054s] Level 1:colcon.colcon_core.package_identification:_identify(src/isaac_ros_common/docker/udev_rules) by extension 'cmake'
[1.054s] Level 1:colcon.colcon_core.package_identification:_identify(src/isaac_ros_common/docker/udev_rules) by extension 'python'
[1.054s] Level 1:colcon.colcon_core.package_identification:_identify(src/isaac_ros_common/docker/udev_rules) by extensions ['python_setup_py']
[1.054s] Level 1:colcon.colcon_core.package_identification:_identify(src/isaac_ros_common/docker/udev_rules) by extension 'python_setup_py'
[1.054s] Level 1:colcon.colcon_core.package_identification:_identify(src/isaac_ros_common/isaac_common) by extensions ['ignore', 'ignore_ament_install']
[1.054s] Level 1:colcon.colcon_core.package_identification:_identify(src/isaac_ros_common/isaac_common) by extension 'ignore'
[1.054s] Level 1:colcon.colcon_core.package_identification:_identify(src/isaac_ros_common/isaac_common) by extension 'ignore_ament_install'
[1.055s] Level 1:colcon.colcon_core.package_identification:_identify(src/isaac_ros_common/isaac_common) by extensions ['colcon_pkg']
[1.055s] Level 1:colcon.colcon_core.package_identification:_identify(src/isaac_ros_common/isaac_common) by extension 'colcon_pkg'
[1.055s] Level 1:colcon.colcon_core.package_identification:_identify(src/isaac_ros_common/isaac_common) by extensions ['colcon_meta']
[1.055s] Level 1:colcon.colcon_core.package_identification:_identify(src/isaac_ros_common/isaac_common) by extension 'colcon_meta'
[1.055s] Level 1:colcon.colcon_core.package_identification:_identify(src/isaac_ros_common/isaac_common) by extensions ['ros']
[1.055s] Level 1:colcon.colcon_core.package_identification:_identify(src/isaac_ros_common/isaac_common) by extension 'ros'
[1.061s] DEBUG:colcon.colcon_core.package_identification:Package 'src/isaac_ros_common/isaac_common' with type 'ros.ament_cmake' and name 'isaac_common'
[1.062s] Level 1:colcon.colcon_core.package_identification:_identify(src/isaac_ros_common/isaac_common_py) by extensions ['ignore', 'ignore_ament_install']
[1.062s] Level 1:colcon.colcon_core.package_identification:_identify(src/isaac_ros_common/isaac_common_py) by extension 'ignore'
[1.062s] Level 1:colcon.colcon_core.package_identification:_identify(src/isaac_ros_common/isaac_common_py) by extension 'ignore_ament_install'
[1.062s] Level 1:colcon.colcon_core.package_identification:_identify(src/isaac_ros_common/isaac_common_py) by extensions ['colcon_pkg']
[1.063s] Level 1:colcon.colcon_core.package_identification:_identify(src/isaac_ros_common/isaac_common_py) by extension 'colcon_pkg'
[1.063s] Level 1:colcon.colcon_core.package_identification:_identify(src/isaac_ros_common/isaac_common_py) by extensions ['colcon_meta']
[1.063s] Level 1:colcon.colcon_core.package_identification:_identify(src/isaac_ros_common/isaac_common_py) by extension 'colcon_meta'
[1.063s] Level 1:colcon.colcon_core.package_identification:_identify(src/isaac_ros_common/isaac_common_py) by extensions ['ros']
[1.063s] Level 1:colcon.colcon_core.package_identification:_identify(src/isaac_ros_common/isaac_common_py) by extension 'ros'
[1.064s] DEBUG:colcon.colcon_core.package_identification:Package 'src/isaac_ros_common/isaac_common_py' with type 'ros.ament_python' and name 'isaac_common_py'
[1.065s] Level 1:colcon.colcon_core.package_identification:_identify(src/isaac_ros_common/isaac_ros_apriltag_interfaces) by extensions ['ignore', 'ignore_ament_install']
[1.065s] Level 1:colcon.colcon_core.package_identification:_identify(src/isaac_ros_common/isaac_ros_apriltag_interfaces) by extension 'ignore'
[1.065s] Level 1:colcon.colcon_core.package_identification:_identify(src/isaac_ros_common/isaac_ros_apriltag_interfaces) by extension 'ignore_ament_install'
[1.065s] Level 1:colcon.colcon_core.package_identification:_identify(src/isaac_ros_common/isaac_ros_apriltag_interfaces) by extensions ['colcon_pkg']
[1.066s] Level 1:colcon.colcon_core.package_identification:_identify(src/isaac_ros_common/isaac_ros_apriltag_interfaces) by extension 'colcon_pkg'
[1.066s] Level 1:colcon.colcon_core.package_identification:_identify(src/isaac_ros_common/isaac_ros_apriltag_interfaces) by extensions ['colcon_meta']
[1.066s] Level 1:colcon.colcon_core.package_identification:_identify(src/isaac_ros_common/isaac_ros_apriltag_interfaces) by extension 'colcon_meta'
[1.066s] Level 1:colcon.colcon_core.package_identification:_identify(src/isaac_ros_common/isaac_ros_apriltag_interfaces) by extensions ['ros']
[1.066s] Level 1:colcon.colcon_core.package_identification:_identify(src/isaac_ros_common/isaac_ros_apriltag_interfaces) by extension 'ros'
[1.068s] DEBUG:colcon.colcon_core.package_identification:Package 'src/isaac_ros_common/isaac_ros_apriltag_interfaces' with type 'ros.ament_cmake' and name 'isaac_ros_apriltag_interfaces'
[1.068s] Level 1:colcon.colcon_core.package_identification:_identify(src/isaac_ros_common/isaac_ros_bi3d_interfaces) by extensions ['ignore', 'ignore_ament_install']
[1.069s] Level 1:colcon.colcon_core.package_identification:_identify(src/isaac_ros_common/isaac_ros_bi3d_interfaces) by extension 'ignore'
[1.069s] Level 1:colcon.colcon_core.package_identification:_identify(src/isaac_ros_common/isaac_ros_bi3d_interfaces) by extension 'ignore_ament_install'
[1.069s] Level 1:colcon.colcon_core.package_identification:_identify(src/isaac_ros_common/isaac_ros_bi3d_interfaces) by extensions ['colcon_pkg']
[1.069s] Level 1:colcon.colcon_core.package_identification:_identify(src/isaac_ros_common/isaac_ros_bi3d_interfaces) by extension 'colcon_pkg'
[1.069s] Level 1:colcon.colcon_core.package_identification:_identify(src/isaac_ros_common/isaac_ros_bi3d_interfaces) by extensions ['colcon_meta']
[1.069s] Level 1:colcon.colcon_core.package_identification:_identify(src/isaac_ros_common/isaac_ros_bi3d_interfaces) by extension 'colcon_meta'
[1.069s] Level 1:colcon.colcon_core.package_identification:_identify(src/isaac_ros_common/isaac_ros_bi3d_interfaces) by extensions ['ros']
[1.069s] Level 1:colcon.colcon_core.package_identification:_identify(src/isaac_ros_common/isaac_ros_bi3d_interfaces) by extension 'ros'
[1.071s] DEBUG:colcon.colcon_core.package_identification:Package 'src/isaac_ros_common/isaac_ros_bi3d_interfaces' with type 'ros.ament_cmake' and name 'isaac_ros_bi3d_interfaces'
[1.071s] Level 1:colcon.colcon_core.package_identification:_identify(src/isaac_ros_common/isaac_ros_common) by extensions ['ignore', 'ignore_ament_install']
[1.072s] Level 1:colcon.colcon_core.package_identification:_identify(src/isaac_ros_common/isaac_ros_common) by extension 'ignore'
[1.072s] Level 1:colcon.colcon_core.package_identification:_identify(src/isaac_ros_common/isaac_ros_common) by extension 'ignore_ament_install'
[1.072s] Level 1:colcon.colcon_core.package_identification:_identify(src/isaac_ros_common/isaac_ros_common) by extensions ['colcon_pkg']
[1.072s] Level 1:colcon.colcon_core.package_identification:_identify(src/isaac_ros_common/isaac_ros_common) by extension 'colcon_pkg'
[1.072s] Level 1:colcon.colcon_core.package_identification:_identify(src/isaac_ros_common/isaac_ros_common) by extensions ['colcon_meta']
[1.072s] Level 1:colcon.colcon_core.package_identification:_identify(src/isaac_ros_common/isaac_ros_common) by extension 'colcon_meta'
[1.072s] Level 1:colcon.colcon_core.package_identification:_identify(src/isaac_ros_common/isaac_ros_common) by extensions ['ros']
[1.072s] Level 1:colcon.colcon_core.package_identification:_identify(src/isaac_ros_common/isaac_ros_common) by extension 'ros'
[1.074s] DEBUG:colcon.colcon_core.package_identification:Package 'src/isaac_ros_common/isaac_ros_common' with type 'ros.ament_cmake' and name 'isaac_ros_common'
[1.074s] Level 1:colcon.colcon_core.package_identification:_identify(src/isaac_ros_common/isaac_ros_launch_utils) by extensions ['ignore', 'ignore_ament_install']
[1.075s] Level 1:colcon.colcon_core.package_identification:_identify(src/isaac_ros_common/isaac_ros_launch_utils) by extension 'ignore'
[1.075s] Level 1:colcon.colcon_core.package_identification:_identify(src/isaac_ros_common/isaac_ros_launch_utils) by extension 'ignore_ament_install'
[1.075s] Level 1:colcon.colcon_core.package_identification:_identify(src/isaac_ros_common/isaac_ros_launch_utils) by extensions ['colcon_pkg']
[1.075s] Level 1:colcon.colcon_core.package_identification:_identify(src/isaac_ros_common/isaac_ros_launch_utils) by extension 'colcon_pkg'
[1.075s] Level 1:colcon.colcon_core.package_identification:_identify(src/isaac_ros_common/isaac_ros_launch_utils) by extensions ['colcon_meta']
[1.075s] Level 1:colcon.colcon_core.package_identification:_identify(src/isaac_ros_common/isaac_ros_launch_utils) by extension 'colcon_meta'
[1.075s] Level 1:colcon.colcon_core.package_identification:_identify(src/isaac_ros_common/isaac_ros_launch_utils) by extensions ['ros']
[1.076s] Level 1:colcon.colcon_core.package_identification:_identify(src/isaac_ros_common/isaac_ros_launch_utils) by extension 'ros'
[1.077s] DEBUG:colcon.colcon_core.package_identification:Package 'src/isaac_ros_common/isaac_ros_launch_utils' with type 'ros.ament_python' and name 'isaac_ros_launch_utils'
[1.077s] Level 1:colcon.colcon_core.package_identification:_identify(src/isaac_ros_common/isaac_ros_nitros_bridge_interfaces) by extensions ['ignore', 'ignore_ament_install']
[1.077s] Level 1:colcon.colcon_core.package_identification:_identify(src/isaac_ros_common/isaac_ros_nitros_bridge_interfaces) by extension 'ignore'
[1.077s] Level 1:colcon.colcon_core.package_identification:_identify(src/isaac_ros_common/isaac_ros_nitros_bridge_interfaces) by extension 'ignore_ament_install'
[1.077s] Level 1:colcon.colcon_core.package_identification:_identify(src/isaac_ros_common/isaac_ros_nitros_bridge_interfaces) by extensions ['colcon_pkg']
[1.077s] Level 1:colcon.colcon_core.package_identification:_identify(src/isaac_ros_common/isaac_ros_nitros_bridge_interfaces) by extension 'colcon_pkg'
[1.077s] Level 1:colcon.colcon_core.package_identification:_identify(src/isaac_ros_common/isaac_ros_nitros_bridge_interfaces) by extensions ['colcon_meta']
[1.078s] Level 1:colcon.colcon_core.package_identification:_identify(src/isaac_ros_common/isaac_ros_nitros_bridge_interfaces) by extension 'colcon_meta'
[1.078s] Level 1:colcon.colcon_core.package_identification:_identify(src/isaac_ros_common/isaac_ros_nitros_bridge_interfaces) by extensions ['ros']
[1.078s] Level 1:colcon.colcon_core.package_identification:_identify(src/isaac_ros_common/isaac_ros_nitros_bridge_interfaces) by extension 'ros'
[1.079s] DEBUG:colcon.colcon_core.package_identification:Package 'src/isaac_ros_common/isaac_ros_nitros_bridge_interfaces' with type 'ros.ament_cmake' and name 'isaac_ros_nitros_bridge_interfaces'
[1.080s] Level 1:colcon.colcon_core.package_identification:_identify(src/isaac_ros_common/isaac_ros_nova_interfaces) by extensions ['ignore', 'ignore_ament_install']
[1.080s] Level 1:colcon.colcon_core.package_identification:_identify(src/isaac_ros_common/isaac_ros_nova_interfaces) by extension 'ignore'
[1.080s] Level 1:colcon.colcon_core.package_identification:_identify(src/isaac_ros_common/isaac_ros_nova_interfaces) by extension 'ignore_ament_install'
[1.080s] Level 1:colcon.colcon_core.package_identification:_identify(src/isaac_ros_common/isaac_ros_nova_interfaces) by extensions ['colcon_pkg']
[1.080s] Level 1:colcon.colcon_core.package_identification:_identify(src/isaac_ros_common/isaac_ros_nova_interfaces) by extension 'colcon_pkg'
[1.081s] Level 1:colcon.colcon_core.package_identification:_identify(src/isaac_ros_common/isaac_ros_nova_interfaces) by extensions ['colcon_meta']
[1.081s] Level 1:colcon.colcon_core.package_identification:_identify(src/isaac_ros_common/isaac_ros_nova_interfaces) by extension 'colcon_meta'
[1.081s] Level 1:colcon.colcon_core.package_identification:_identify(src/isaac_ros_common/isaac_ros_nova_interfaces) by extensions ['ros']
[1.081s] Level 1:colcon.colcon_core.package_identification:_identify(src/isaac_ros_common/isaac_ros_nova_interfaces) by extension 'ros'
[1.082s] DEBUG:colcon.colcon_core.package_identification:Package 'src/isaac_ros_common/isaac_ros_nova_interfaces' with type 'ros.ament_cmake' and name 'isaac_ros_nova_interfaces'
[1.082s] Level 1:colcon.colcon_core.package_identification:_identify(src/isaac_ros_common/isaac_ros_pointcloud_interfaces) by extensions ['ignore', 'ignore_ament_install']
[1.083s] Level 1:colcon.colcon_core.package_identification:_identify(src/isaac_ros_common/isaac_ros_pointcloud_interfaces) by extension 'ignore'
[1.083s] Level 1:colcon.colcon_core.package_identification:_identify(src/isaac_ros_common/isaac_ros_pointcloud_interfaces) by extension 'ignore_ament_install'
[1.083s] Level 1:colcon.colcon_core.package_identification:_identify(src/isaac_ros_common/isaac_ros_pointcloud_interfaces) by extensions ['colcon_pkg']
[1.083s] Level 1:colcon.colcon_core.package_identification:_identify(src/isaac_ros_common/isaac_ros_pointcloud_interfaces) by extension 'colcon_pkg'
[1.083s] Level 1:colcon.colcon_core.package_identification:_identify(src/isaac_ros_common/isaac_ros_pointcloud_interfaces) by extensions ['colcon_meta']
[1.083s] Level 1:colcon.colcon_core.package_identification:_identify(src/isaac_ros_common/isaac_ros_pointcloud_interfaces) by extension 'colcon_meta'
[1.083s] Level 1:colcon.colcon_core.package_identification:_identify(src/isaac_ros_common/isaac_ros_pointcloud_interfaces) by extensions ['ros']
[1.083s] Level 1:colcon.colcon_core.package_identification:_identify(src/isaac_ros_common/isaac_ros_pointcloud_interfaces) by extension 'ros'
[1.085s] DEBUG:colcon.colcon_core.package_identification:Package 'src/isaac_ros_common/isaac_ros_pointcloud_interfaces' with type 'ros.ament_cmake' and name 'isaac_ros_pointcloud_interfaces'
[1.085s] Level 1:colcon.colcon_core.package_identification:_identify(src/isaac_ros_common/isaac_ros_r2b_galileo) by extensions ['ignore', 'ignore_ament_install']
[1.085s] Level 1:colcon.colcon_core.package_identification:_identify(src/isaac_ros_common/isaac_ros_r2b_galileo) by extension 'ignore'
[1.086s] Level 1:colcon.colcon_core.package_identification:_identify(src/isaac_ros_common/isaac_ros_r2b_galileo) by extension 'ignore_ament_install'
[1.086s] Level 1:colcon.colcon_core.package_identification:_identify(src/isaac_ros_common/isaac_ros_r2b_galileo) by extensions ['colcon_pkg']
[1.086s] Level 1:colcon.colcon_core.package_identification:_identify(src/isaac_ros_common/isaac_ros_r2b_galileo) by extension 'colcon_pkg'
[1.086s] Level 1:colcon.colcon_core.package_identification:_identify(src/isaac_ros_common/isaac_ros_r2b_galileo) by extensions ['colcon_meta']
[1.086s] Level 1:colcon.colcon_core.package_identification:_identify(src/isaac_ros_common/isaac_ros_r2b_galileo) by extension 'colcon_meta'
[1.086s] Level 1:colcon.colcon_core.package_identification:_identify(src/isaac_ros_common/isaac_ros_r2b_galileo) by extensions ['ros']
[1.086s] Level 1:colcon.colcon_core.package_identification:_identify(src/isaac_ros_common/isaac_ros_r2b_galileo) by extension 'ros'
[1.087s] DEBUG:colcon.colcon_core.package_identification:Package 'src/isaac_ros_common/isaac_ros_r2b_galileo' with type 'ros.ament_cmake' and name 'isaac_ros_r2b_galileo'
[1.088s] Level 1:colcon.colcon_core.package_identification:_identify(src/isaac_ros_common/isaac_ros_rosbag_utils) by extensions ['ignore', 'ignore_ament_install']
[1.088s] Level 1:colcon.colcon_core.package_identification:_identify(src/isaac_ros_common/isaac_ros_rosbag_utils) by extension 'ignore'
[1.088s] Level 1:colcon.colcon_core.package_identification:_identify(src/isaac_ros_common/isaac_ros_rosbag_utils) by extension 'ignore_ament_install'
[1.088s] Level 1:colcon.colcon_core.package_identification:_identify(src/isaac_ros_common/isaac_ros_rosbag_utils) by extensions ['colcon_pkg']
[1.088s] Level 1:colcon.colcon_core.package_identification:_identify(src/isaac_ros_common/isaac_ros_rosbag_utils) by extension 'colcon_pkg'
[1.088s] Level 1:colcon.colcon_core.package_identification:_identify(src/isaac_ros_common/isaac_ros_rosbag_utils) by extensions ['colcon_meta']
[1.088s] Level 1:colcon.colcon_core.package_identification:_identify(src/isaac_ros_common/isaac_ros_rosbag_utils) by extension 'colcon_meta'
[1.089s] Level 1:colcon.colcon_core.package_identification:_identify(src/isaac_ros_common/isaac_ros_rosbag_utils) by extensions ['ros']
[1.089s] Level 1:colcon.colcon_core.package_identification:_identify(src/isaac_ros_common/isaac_ros_rosbag_utils) by extension 'ros'
[1.090s] DEBUG:colcon.colcon_core.package_identification:Package 'src/isaac_ros_common/isaac_ros_rosbag_utils' with type 'ros.ament_python' and name 'isaac_ros_rosbag_utils'
[1.090s] Level 1:colcon.colcon_core.package_identification:_identify(src/isaac_ros_common/isaac_ros_tensor_list_interfaces) by extensions ['ignore', 'ignore_ament_install']
[1.090s] Level 1:colcon.colcon_core.package_identification:_identify(src/isaac_ros_common/isaac_ros_tensor_list_interfaces) by extension 'ignore'
[1.090s] Level 1:colcon.colcon_core.package_identification:_identify(src/isaac_ros_common/isaac_ros_tensor_list_interfaces) by extension 'ignore_ament_install'
[1.091s] Level 1:colcon.colcon_core.package_identification:_identify(src/isaac_ros_common/isaac_ros_tensor_list_interfaces) by extensions ['colcon_pkg']
[1.091s] Level 1:colcon.colcon_core.package_identification:_identify(src/isaac_ros_common/isaac_ros_tensor_list_interfaces) by extension 'colcon_pkg'
[1.091s] Level 1:colcon.colcon_core.package_identification:_identify(src/isaac_ros_common/isaac_ros_tensor_list_interfaces) by extensions ['colcon_meta']
[1.091s] Level 1:colcon.colcon_core.package_identification:_identify(src/isaac_ros_common/isaac_ros_tensor_list_interfaces) by extension 'colcon_meta'
[1.091s] Level 1:colcon.colcon_core.package_identification:_identify(src/isaac_ros_common/isaac_ros_tensor_list_interfaces) by extensions ['ros']
[1.091s] Level 1:colcon.colcon_core.package_identification:_identify(src/isaac_ros_common/isaac_ros_tensor_list_interfaces) by extension 'ros'
[1.093s] DEBUG:colcon.colcon_core.package_identification:Package 'src/isaac_ros_common/isaac_ros_tensor_list_interfaces' with type 'ros.ament_cmake' and name 'isaac_ros_tensor_list_interfaces'
[1.093s] Level 1:colcon.colcon_core.package_identification:_identify(src/isaac_ros_common/isaac_ros_test) by extensions ['ignore', 'ignore_ament_install']
[1.093s] Level 1:colcon.colcon_core.package_identification:_identify(src/isaac_ros_common/isaac_ros_test) by extension 'ignore'
[1.093s] Level 1:colcon.colcon_core.package_identification:_identify(src/isaac_ros_common/isaac_ros_test) by extension 'ignore_ament_install'
[1.093s] Level 1:colcon.colcon_core.package_identification:_identify(src/isaac_ros_common/isaac_ros_test) by extensions ['colcon_pkg']
[1.094s] Level 1:colcon.colcon_core.package_identification:_identify(src/isaac_ros_common/isaac_ros_test) by extension 'colcon_pkg'
[1.094s] Level 1:colcon.colcon_core.package_identification:_identify(src/isaac_ros_common/isaac_ros_test) by extensions ['colcon_meta']
[1.094s] Level 1:colcon.colcon_core.package_identification:_identify(src/isaac_ros_common/isaac_ros_test) by extension 'colcon_meta'
[1.094s] Level 1:colcon.colcon_core.package_identification:_identify(src/isaac_ros_common/isaac_ros_test) by extensions ['ros']
[1.094s] Level 1:colcon.colcon_core.package_identification:_identify(src/isaac_ros_common/isaac_ros_test) by extension 'ros'
[1.095s] DEBUG:colcon.colcon_core.package_identification:Package 'src/isaac_ros_common/isaac_ros_test' with type 'ros.ament_python' and name 'isaac_ros_test'
[1.096s] Level 1:colcon.colcon_core.package_identification:_identify(src/isaac_ros_common/isaac_ros_test_cmake) by extensions ['ignore', 'ignore_ament_install']
[1.096s] Level 1:colcon.colcon_core.package_identification:_identify(src/isaac_ros_common/isaac_ros_test_cmake) by extension 'ignore'
[1.096s] Level 1:colcon.colcon_core.package_identification:_identify(src/isaac_ros_common/isaac_ros_test_cmake) by extension 'ignore_ament_install'
[1.096s] Level 1:colcon.colcon_core.package_identification:_identify(src/isaac_ros_common/isaac_ros_test_cmake) by extensions ['colcon_pkg']
[1.096s] Level 1:colcon.colcon_core.package_identification:_identify(src/isaac_ros_common/isaac_ros_test_cmake) by extension 'colcon_pkg'
[1.096s] Level 1:colcon.colcon_core.package_identification:_identify(src/isaac_ros_common/isaac_ros_test_cmake) by extensions ['colcon_meta']
[1.096s] Level 1:colcon.colcon_core.package_identification:_identify(src/isaac_ros_common/isaac_ros_test_cmake) by extension 'colcon_meta'
[1.097s] Level 1:colcon.colcon_core.package_identification:_identify(src/isaac_ros_common/isaac_ros_test_cmake) by extensions ['ros']
[1.097s] Level 1:colcon.colcon_core.package_identification:_identify(src/isaac_ros_common/isaac_ros_test_cmake) by extension 'ros'
[1.098s] DEBUG:colcon.colcon_core.package_identification:Package 'src/isaac_ros_common/isaac_ros_test_cmake' with type 'ros.ament_cmake' and name 'isaac_ros_test_cmake'
[1.098s] Level 1:colcon.colcon_core.package_identification:_identify(src/isaac_ros_common/scripts) by extensions ['ignore', 'ignore_ament_install']
[1.098s] Level 1:colcon.colcon_core.package_identification:_identify(src/isaac_ros_common/scripts) by extension 'ignore'
[1.098s] Level 1:colcon.colcon_core.package_identification:_identify(src/isaac_ros_common/scripts) by extension 'ignore_ament_install'
[1.099s] Level 1:colcon.colcon_core.package_identification:_identify(src/isaac_ros_common/scripts) by extensions ['colcon_pkg']
[1.099s] Level 1:colcon.colcon_core.package_identification:_identify(src/isaac_ros_common/scripts) by extension 'colcon_pkg'
[1.099s] Level 1:colcon.colcon_core.package_identification:_identify(src/isaac_ros_common/scripts) by extensions ['colcon_meta']
[1.099s] Level 1:colcon.colcon_core.package_identification:_identify(src/isaac_ros_common/scripts) by extension 'colcon_meta'
[1.099s] Level 1:colcon.colcon_core.package_identification:_identify(src/isaac_ros_common/scripts) by extensions ['ros']
[1.099s] Level 1:colcon.colcon_core.package_identification:_identify(src/isaac_ros_common/scripts) by extension 'ros'
[1.099s] Level 1:colcon.colcon_core.package_identification:_identify(src/isaac_ros_common/scripts) by extensions ['cmake', 'python']
[1.099s] Level 1:colcon.colcon_core.package_identification:_identify(src/isaac_ros_common/scripts) by extension 'cmake'
[1.099s] Level 1:colcon.colcon_core.package_identification:_identify(src/isaac_ros_common/scripts) by extension 'python'
[1.100s] Level 1:colcon.colcon_core.package_identification:_identify(src/isaac_ros_common/scripts) by extensions ['python_setup_py']
[1.100s] Level 1:colcon.colcon_core.package_identification:_identify(src/isaac_ros_common/scripts) by extension 'python_setup_py'
[1.100s] Level 1:colcon.colcon_core.package_identification:_identify(src/isaac_ros_common/scripts/deploy) by extensions ['ignore', 'ignore_ament_install']
[1.100s] Level 1:colcon.colcon_core.package_identification:_identify(src/isaac_ros_common/scripts/deploy) by extension 'ignore'
[1.100s] Level 1:colcon.colcon_core.package_identification:_identify(src/isaac_ros_common/scripts/deploy) by extension 'ignore_ament_install'
[1.100s] Level 1:colcon.colcon_core.package_identification:_identify(src/isaac_ros_common/scripts/deploy) by extensions ['colcon_pkg']
[1.100s] Level 1:colcon.colcon_core.package_identification:_identify(src/isaac_ros_common/scripts/deploy) by extension 'colcon_pkg'
[1.101s] Level 1:colcon.colcon_core.package_identification:_identify(src/isaac_ros_common/scripts/deploy) by extensions ['colcon_meta']
[1.101s] Level 1:colcon.colcon_core.package_identification:_identify(src/isaac_ros_common/scripts/deploy) by extension 'colcon_meta'
[1.101s] Level 1:colcon.colcon_core.package_identification:_identify(src/isaac_ros_common/scripts/deploy) by extensions ['ros']
[1.101s] Level 1:colcon.colcon_core.package_identification:_identify(src/isaac_ros_common/scripts/deploy) by extension 'ros'
[1.101s] Level 1:colcon.colcon_core.package_identification:_identify(src/isaac_ros_common/scripts/deploy) by extensions ['cmake', 'python']
[1.101s] Level 1:colcon.colcon_core.package_identification:_identify(src/isaac_ros_common/scripts/deploy) by extension 'cmake'
[1.101s] Level 1:colcon.colcon_core.package_identification:_identify(src/isaac_ros_common/scripts/deploy) by extension 'python'
[1.101s] Level 1:colcon.colcon_core.package_identification:_identify(src/isaac_ros_common/scripts/deploy) by extensions ['python_setup_py']
[1.101s] Level 1:colcon.colcon_core.package_identification:_identify(src/isaac_ros_common/scripts/deploy) by extension 'python_setup_py'
[1.102s] Level 1:colcon.colcon_core.package_identification:_identify(src/isaac_ros_common/scripts/utils) by extensions ['ignore', 'ignore_ament_install']
[1.102s] Level 1:colcon.colcon_core.package_identification:_identify(src/isaac_ros_common/scripts/utils) by extension 'ignore'
[1.102s] Level 1:colcon.colcon_core.package_identification:_identify(src/isaac_ros_common/scripts/utils) by extension 'ignore_ament_install'
[1.102s] Level 1:colcon.colcon_core.package_identification:_identify(src/isaac_ros_common/scripts/utils) by extensions ['colcon_pkg']
[1.102s] Level 1:colcon.colcon_core.package_identification:_identify(src/isaac_ros_common/scripts/utils) by extension 'colcon_pkg'
[1.102s] Level 1:colcon.colcon_core.package_identification:_identify(src/isaac_ros_common/scripts/utils) by extensions ['colcon_meta']
[1.102s] Level 1:colcon.colcon_core.package_identification:_identify(src/isaac_ros_common/scripts/utils) by extension 'colcon_meta'
[1.103s] Level 1:colcon.colcon_core.package_identification:_identify(src/isaac_ros_common/scripts/utils) by extensions ['ros']
[1.103s] Level 1:colcon.colcon_core.package_identification:_identify(src/isaac_ros_common/scripts/utils) by extension 'ros'
[1.103s] Level 1:colcon.colcon_core.package_identification:_identify(src/isaac_ros_common/scripts/utils) by extensions ['cmake', 'python']
[1.103s] Level 1:colcon.colcon_core.package_identification:_identify(src/isaac_ros_common/scripts/utils) by extension 'cmake'
[1.103s] Level 1:colcon.colcon_core.package_identification:_identify(src/isaac_ros_common/scripts/utils) by extension 'python'
[1.103s] Level 1:colcon.colcon_core.package_identification:_identify(src/isaac_ros_common/scripts/utils) by extensions ['python_setup_py']
[1.103s] Level 1:colcon.colcon_core.package_identification:_identify(src/isaac_ros_common/scripts/utils) by extension 'python_setup_py'
[1.103s] Level 1:colcon.colcon_core.package_identification:_identify(topic_publisher_pkg) by extensions ['ignore', 'ignore_ament_install']
[1.104s] Level 1:colcon.colcon_core.package_identification:_identify(topic_publisher_pkg) by extension 'ignore'
[1.104s] Level 1:colcon.colcon_core.package_identification:_identify(topic_publisher_pkg) by extension 'ignore_ament_install'
[1.104s] Level 1:colcon.colcon_core.package_identification:_identify(topic_publisher_pkg) by extensions ['colcon_pkg']
[1.104s] Level 1:colcon.colcon_core.package_identification:_identify(topic_publisher_pkg) by extension 'colcon_pkg'
[1.104s] Level 1:colcon.colcon_core.package_identification:_identify(topic_publisher_pkg) by extensions ['colcon_meta']
[1.104s] Level 1:colcon.colcon_core.package_identification:_identify(topic_publisher_pkg) by extension 'colcon_meta'
[1.104s] Level 1:colcon.colcon_core.package_identification:_identify(topic_publisher_pkg) by extensions ['ros']
[1.104s] Level 1:colcon.colcon_core.package_identification:_identify(topic_publisher_pkg) by extension 'ros'
[1.106s] DEBUG:colcon.colcon_core.package_identification:Package 'topic_publisher_pkg' with type 'ros.ament_cmake' and name 'topic_publisher_pkg'
[1.106s] Level 1:colcon.colcon_core.package_discovery:discover_packages(recursive) using defaults
[1.106s] Level 1:colcon.colcon_core.package_discovery:discover_packages(ignore) discover
[1.106s] Level 1:colcon.colcon_core.package_discovery:discover_packages(ignore) using defaults
[1.106s] Level 1:colcon.colcon_core.package_discovery:discover_packages(path) discover
[1.106s] Level 1:colcon.colcon_core.package_discovery:discover_packages(path) using defaults
[1.155s] INFO:colcon.colcon_core.package_selection:Skipping not selected package 'isaac_ros_common' in 'src/isaac_ros_common/isaac_ros_common'
[1.155s] INFO:colcon.colcon_core.package_selection:Skipping not selected package 'isaac_common' in 'src/isaac_ros_common/isaac_common'
[1.156s] INFO:colcon.colcon_core.package_selection:Skipping not selected package 'isaac_common_py' in 'src/isaac_ros_common/isaac_common_py'
[1.156s] INFO:colcon.colcon_core.package_selection:Skipping not selected package 'isaac_ros_apriltag_interfaces' in 'src/isaac_ros_common/isaac_ros_apriltag_interfaces'
[1.156s] INFO:colcon.colcon_core.package_selection:Skipping not selected package 'isaac_ros_bi3d_interfaces' in 'src/isaac_ros_common/isaac_ros_bi3d_interfaces'
[1.156s] INFO:colcon.colcon_core.package_selection:Skipping not selected package 'isaac_ros_launch_utils' in 'src/isaac_ros_common/isaac_ros_launch_utils'
[1.156s] INFO:colcon.colcon_core.package_selection:Skipping not selected package 'isaac_ros_nova_interfaces' in 'src/isaac_ros_common/isaac_ros_nova_interfaces'
[1.156s] INFO:colcon.colcon_core.package_selection:Skipping not selected package 'isaac_ros_pointcloud_interfaces' in 'src/isaac_ros_common/isaac_ros_pointcloud_interfaces'
[1.156s] INFO:colcon.colcon_core.package_selection:Skipping not selected package 'isaac_ros_r2b_galileo' in 'src/isaac_ros_common/isaac_ros_r2b_galileo'
[1.156s] INFO:colcon.colcon_core.package_selection:Skipping not selected package 'isaac_ros_tensor_list_interfaces' in 'src/isaac_ros_common/isaac_ros_tensor_list_interfaces'
[1.156s] INFO:colcon.colcon_core.package_selection:Skipping not selected package 'isaac_ros_test' in 'src/isaac_ros_common/isaac_ros_test'
[1.156s] INFO:colcon.colcon_core.package_selection:Skipping not selected package 'isaac_ros_nitros_bridge_interfaces' in 'src/isaac_ros_common/isaac_ros_nitros_bridge_interfaces'
[1.156s] INFO:colcon.colcon_core.package_selection:Skipping not selected package 'isaac_ros_rosbag_utils' in 'src/isaac_ros_common/isaac_ros_rosbag_utils'
[1.156s] INFO:colcon.colcon_core.package_selection:Skipping not selected package 'isaac_ros_test_cmake' in 'src/isaac_ros_common/isaac_ros_test_cmake'
[1.157s] Level 1:colcon.colcon_core.package_discovery:discover_packages(prefix_path) check parameters
[1.157s] Level 1:colcon.colcon_core.package_discovery:discover_packages(prefix_path) discover
[1.165s] DEBUG:colcon.colcon_installed_package_information.package_discovery:Found 0 installed packages in /workspaces/isaac_ros-dev/install
[1.169s] DEBUG:colcon.colcon_installed_package_information.package_discovery:Found 439 installed packages in /opt/ros/humble
[1.173s] Level 1:colcon.colcon_core.package_discovery:discover_packages(prefix_path) using defaults
[1.294s] Level 5:colcon.colcon_core.verb:set package 'topic_publisher_pkg' build argument 'cmake_args' from command line to 'None'
[1.294s] Level 5:colcon.colcon_core.verb:set package 'topic_publisher_pkg' build argument 'cmake_target' from command line to 'None'
[1.294s] Level 5:colcon.colcon_core.verb:set package 'topic_publisher_pkg' build argument 'cmake_target_skip_unavailable' from command line to 'False'
[1.294s] Level 5:colcon.colcon_core.verb:set package 'topic_publisher_pkg' build argument 'cmake_clean_cache' from command line to 'False'
[1.295s] Level 5:colcon.colcon_core.verb:set package 'topic_publisher_pkg' build argument 'cmake_clean_first' from command line to 'False'
[1.295s] Level 5:colcon.colcon_core.verb:set package 'topic_publisher_pkg' build argument 'cmake_force_configure' from command line to 'False'
[1.295s] Level 5:colcon.colcon_core.verb:set package 'topic_publisher_pkg' build argument 'ament_cmake_args' from command line to 'None'
[1.295s] Level 5:colcon.colcon_core.verb:set package 'topic_publisher_pkg' build argument 'catkin_cmake_args' from command line to 'None'
[1.295s] Level 5:colcon.colcon_core.verb:set package 'topic_publisher_pkg' build argument 'catkin_skip_building_tests' from command line to 'False'
[1.295s] DEBUG:colcon.colcon_core.verb:Building package 'topic_publisher_pkg' with the following arguments: {'ament_cmake_args': None, 'build_base': '/workspaces/isaac_ros-dev/build/topic_publisher_pkg', 'catkin_cmake_args': None, 'catkin_skip_building_tests': False, 'cmake_args': None, 'cmake_clean_cache': False, 'cmake_clean_first': False, 'cmake_force_configure': False, 'cmake_target': None, 'cmake_target_skip_unavailable': False, 'install_base': '/workspaces/isaac_ros-dev/install/topic_publisher_pkg', 'merge_install': False, 'path': '/workspaces/isaac_ros-dev/topic_publisher_pkg', 'symlink_install': False, 'test_result_base': None}
[1.295s] INFO:colcon.colcon_core.executor:Executing jobs using 'parallel' executor
[1.298s] DEBUG:colcon.colcon_parallel_executor.executor.parallel:run_until_complete
[1.298s] INFO:colcon.colcon_ros.task.ament_cmake.build:Building ROS package in '/workspaces/isaac_ros-dev/topic_publisher_pkg' with build type 'ament_cmake'
[1.299s] INFO:colcon.colcon_cmake.task.cmake.build:Building CMake package in '/workspaces/isaac_ros-dev/topic_publisher_pkg'
[1.304s] INFO:colcon.colcon_core.plugin_system:Skipping extension 'colcon_core.shell.bat': Not used on non-Windows systems
[1.305s] INFO:colcon.colcon_core.shell:Skip shell extension 'powershell' for command environment: Not usable outside of PowerShell
[1.305s] DEBUG:colcon.colcon_core.shell:Skip shell extension 'dsv' for command environment
[1.327s] DEBUG:colcon.colcon_core.event_handler.log_command:Invoking command in '/workspaces/isaac_ros-dev/build/topic_publisher_pkg': CMAKE_PREFIX_PATH=${CMAKE_PREFIX_PATH}:/opt/ros/humble /usr/bin/cmake /workspaces/isaac_ros-dev/topic_publisher_pkg -DCMAKE_INSTALL_PREFIX=/workspaces/isaac_ros-dev/install/topic_publisher_pkg
[6.166s] DEBUG:colcon.colcon_core.event_handler.log_command:Invoked command in '/workspaces/isaac_ros-dev/build/topic_publisher_pkg' returned '1': CMAKE_PREFIX_PATH=${CMAKE_PREFIX_PATH}:/opt/ros/humble /usr/bin/cmake /workspaces/isaac_ros-dev/topic_publisher_pkg -DCMAKE_INSTALL_PREFIX=/workspaces/isaac_ros-dev/install/topic_publisher_pkg
[6.198s] Level 1:colcon.colcon_core.environment:create_environment_scripts_only(topic_publisher_pkg)
[6.211s] Level 1:colcon.colcon_core.environment:checking '/workspaces/isaac_ros-dev/install/topic_publisher_pkg' for CMake module files
[6.212s] Level 1:colcon.colcon_core.environment:checking '/workspaces/isaac_ros-dev/install/topic_publisher_pkg' for CMake config files
[6.214s] Level 1:colcon.colcon_core.environment:checking '/workspaces/isaac_ros-dev/install/topic_publisher_pkg/bin'
[6.214s] Level 1:colcon.colcon_core.environment:checking '/workspaces/isaac_ros-dev/install/topic_publisher_pkg/lib/pkgconfig/topic_publisher_pkg.pc'
[6.215s] Level 1:colcon.colcon_core.environment:checking '/workspaces/isaac_ros-dev/install/topic_publisher_pkg/lib/python3.10/site-packages'
[6.216s] Level 1:colcon.colcon_core.environment:checking '/workspaces/isaac_ros-dev/install/topic_publisher_pkg/bin'
[6.217s] INFO:colcon.colcon_core.shell:Creating package script '/workspaces/isaac_ros-dev/install/topic_publisher_pkg/share/topic_publisher_pkg/package.ps1'
[6.220s] INFO:colcon.colcon_core.shell:Creating package descriptor '/workspaces/isaac_ros-dev/install/topic_publisher_pkg/share/topic_publisher_pkg/package.dsv'
[6.222s] INFO:colcon.colcon_core.shell:Creating package script '/workspaces/isaac_ros-dev/install/topic_publisher_pkg/share/topic_publisher_pkg/package.sh'
[6.225s] INFO:colcon.colcon_core.shell:Creating package script '/workspaces/isaac_ros-dev/install/topic_publisher_pkg/share/topic_publisher_pkg/package.bash'
[6.228s] INFO:colcon.colcon_core.shell:Creating package script '/workspaces/isaac_ros-dev/install/topic_publisher_pkg/share/topic_publisher_pkg/package.zsh'
[6.231s] Level 1:colcon.colcon_core.environment:create_file_with_runtime_dependencies(/workspaces/isaac_ros-dev/install/topic_publisher_pkg/share/colcon-core/packages/topic_publisher_pkg)
[6.242s] DEBUG:colcon.colcon_parallel_executor.executor.parallel:closing loop
[6.243s] DEBUG:colcon.colcon_parallel_executor.executor.parallel:loop closed
[6.243s] DEBUG:colcon.colcon_parallel_executor.executor.parallel:run_until_complete finished with '1'
[6.244s] DEBUG:colcon.colcon_core.event_reactor:joining thread
[6.272s] INFO:colcon.colcon_core.plugin_system:Skipping extension 'colcon_notification.desktop_notification.notify_send': Could not find 'notify-send'
[6.272s] INFO:colcon.colcon_core.plugin_system:Skipping extension 'colcon_notification.desktop_notification.terminal_notifier': Not used on non-Darwin systems
[6.272s] INFO:colcon.colcon_core.plugin_system:Skipping extension 'colcon_notification.desktop_notification.win32': Not used on non-Windows systems
[6.273s] INFO:colcon.colcon_notification.desktop_notification:Sending desktop notification using 'notify2'
[6.281s] DEBUG:colcon.colcon_notification.desktop_notification.notify2:Failed to initialize notify2: org.freedesktop.DBus.Error.Spawn.ExecFailed: /usr/bin/dbus-launch terminated abnormally without any error message
[6.281s] DEBUG:colcon.colcon_core.event_reactor:joined thread
[6.283s] INFO:colcon.colcon_core.shell:Creating prefix script '/workspaces/isaac_ros-dev/install/local_setup.ps1'
[6.288s] INFO:colcon.colcon_core.shell:Creating prefix util module '/workspaces/isaac_ros-dev/install/_local_setup_util_ps1.py'
[6.294s] INFO:colcon.colcon_core.shell:Creating prefix chain script '/workspaces/isaac_ros-dev/install/setup.ps1'
[6.298s] INFO:colcon.colcon_core.shell:Creating prefix script '/workspaces/isaac_ros-dev/install/local_setup.sh'
[6.300s] INFO:colcon.colcon_core.shell:Creating prefix util module '/workspaces/isaac_ros-dev/install/_local_setup_util_sh.py'
[6.302s] INFO:colcon.colcon_core.shell:Creating prefix chain script '/workspaces/isaac_ros-dev/install/setup.sh'
[6.306s] INFO:colcon.colcon_core.shell:Creating prefix script '/workspaces/isaac_ros-dev/install/local_setup.bash'
[6.308s] INFO:colcon.colcon_core.shell:Creating prefix chain script '/workspaces/isaac_ros-dev/install/setup.bash'
[6.311s] INFO:colcon.colcon_core.shell:Creating prefix script '/workspaces/isaac_ros-dev/install/local_setup.zsh'
[6.313s] INFO:colcon.colcon_core.shell:Creating prefix chain script '/workspaces/isaac_ros-dev/install/setup.zsh'
