[0.028s] Invoking command in '/workspaces/isaac_ros-dev/src/build/custom_interfaces': CMAKE_PREFIX_PATH=${CMAKE_PREFIX_PATH}:/opt/ros/humble /usr/bin/cmake /workspaces/isaac_ros-dev/src/custom_interfaces -DCMAKE_INSTALL_PREFIX=/workspaces/isaac_ros-dev/src/install/custom_interfaces
[0.069s] -- Found ament_cmake: 1.3.11 (/opt/ros/humble/share/ament_cmake/cmake)
[0.410s] -- Found rclcpp: 16.0.12 (/opt/ros/humble/share/rclcpp/cmake)
[0.491s] -- Found rosidl_generator_c: 3.1.6 (/opt/ros/humble/share/rosidl_generator_c/cmake)
[0.496s] -- Found rosidl_adapter: 3.1.6 (/opt/ros/humble/share/rosidl_adapter/cmake)
[0.509s] -- Found rosidl_generator_cpp: 3.1.6 (/opt/ros/humble/share/rosidl_generator_cpp/cmake)
[0.530s] -- Using all available rosidl_typesupport_c: rosidl_typesupport_fastrtps_c;rosidl_typesupport_introspection_c
[0.557s] -- Using all available rosidl_typesupport_cpp: rosidl_typesupport_fastrtps_cpp;rosidl_typesupport_introspection_cpp
[0.626s] -- Found rmw_implementation_cmake: 6.1.2 (/opt/ros/humble/share/rmw_implementation_cmake/cmake)
[0.629s] -- Found rmw_fastrtps_cpp: 6.2.7 (/opt/ros/humble/share/rmw_fastrtps_cpp/cmake)
[0.942s] -- Using RMW implementation 'rmw_fastrtps_cpp' as default
[1.049s] -- Found rosidl_default_generators: 1.2.0 (/opt/ros/humble/share/rosidl_default_generators/cmake)
[1.809s] -- Found ament_cmake_ros: 0.10.0 (/opt/ros/humble/share/ament_cmake_ros/cmake)
[2.753s] -- Using all available rosidl_typesupport_c: rosidl_typesupport_fastrtps_c;rosidl_typesupport_introspection_c
[3.107s] -- Using all available rosidl_typesupport_cpp: rosidl_typesupport_fastrtps_cpp;rosidl_typesupport_introspection_cpp
[3.179s] -- Found PythonInterp: /usr/bin/python3 (found suitable version "3.10.12", minimum required is "3.6") 
[3.190s] -- Found python_cmake_module: 0.10.0 (/opt/ros/humble/share/python_cmake_module/cmake)
[3.273s] -- Found PythonLibs: /usr/lib/aarch64-linux-gnu/libpython3.10.so (found suitable version "3.10.12", minimum required is "3.5") 
[3.273s] -- Using PYTHON_EXECUTABLE: /usr/bin/python3
[3.273s] -- Using PYTHON_INCLUDE_DIRS: /usr/include/python3.10
[3.274s] -- Using PYTHON_LIBRARIES: /usr/lib/aarch64-linux-gnu/libpython3.10.so
[3.337s] -- Found PythonExtra: .so  
[3.720s] -- Using numpy include directory: /usr/local/lib/python3.10/dist-packages/numpy/core/include
[3.751s] -- Found ament_lint_auto: 0.12.12 (/opt/ros/humble/share/ament_lint_auto/cmake)
[3.901s] -- Added test 'cppcheck' to perform static code analysis on C / C++ code
[3.902s] -- Configured cppcheck include dirs: 
[3.902s] -- Configured cppcheck exclude dirs and/or files: 
[3.913s] -- Added test 'flake8' to check Python code syntax and style conventions
[3.932s] -- Added test 'lint_cmake' to check CMake code style
[3.943s] -- Added test 'pep257' to check Python code against some of the docstring style conventions in PEP 257
[4.023s] -- Added test 'uncrustify' to check C / C++ code style
[4.024s] -- Configured uncrustify additional arguments: 
[4.033s] -- Added test 'xmllint' to check XML markup files
[4.040s] -- Configuring done
[4.121s] -- Generating done
[4.149s] -- Build files have been written to: /workspaces/isaac_ros-dev/src/build/custom_interfaces
[4.177s] Invoked command in '/workspaces/isaac_ros-dev/src/build/custom_interfaces' returned '0': CMAKE_PREFIX_PATH=${CMAKE_PREFIX_PATH}:/opt/ros/humble /usr/bin/cmake /workspaces/isaac_ros-dev/src/custom_interfaces -DCMAKE_INSTALL_PREFIX=/workspaces/isaac_ros-dev/src/install/custom_interfaces
[4.181s] Invoking command in '/workspaces/isaac_ros-dev/src/build/custom_interfaces': CMAKE_PREFIX_PATH=${CMAKE_PREFIX_PATH}:/opt/ros/humble /usr/bin/cmake --build /workspaces/isaac_ros-dev/src/build/custom_interfaces -- -j6 -l6
[4.278s] [  3%] [34m[1mGenerating C code for ROS interfaces[0m
[4.302s] [  6%] [34m[1mGenerating C++ code for ROS interfaces[0m
[4.327s] [  6%] Built target ament_cmake_python_copy_custom_interfaces
[5.275s] [  9%] [32mBuilding C object CMakeFiles/custom_interfaces__rosidl_generator_c.dir/rosidl_generator_c/custom_interfaces/action/detail/move__functions.c.o[0m
[5.319s] In file included from [01m[K/workspaces/isaac_ros-dev/src/build/custom_interfaces/rosidl_generator_c/custom_interfaces/action/detail/move__functions.h:19[m[K,
[5.320s]                  from [01m[K/workspaces/isaac_ros-dev/src/build/custom_interfaces/rosidl_generator_c/custom_interfaces/action/detail/move__functions.c:4[m[K:
[5.320s] [01m[K/workspaces/isaac_ros-dev/src/build/custom_interfaces/rosidl_generator_c/custom_interfaces/action/detail/move__struct.h:22:10:[m[K [01;31m[Kfatal error: [m[Kgeometry_msgs/msg/detail/twist__struct.h: No such file or directory
[5.320s]    22 | #include [01;31m[K"geometry_msgs/msg/detail/twist__struct.h"[m[K
[5.320s]       |          [01;31m[K^~~~~~~~~~~~~~~~~~~~~~~~~~~~~~~~~~~~~~~~~~[m[K
[5.320s] compilation terminated.
[5.324s] gmake[2]: *** [CMakeFiles/custom_interfaces__rosidl_generator_c.dir/build.make:112: CMakeFiles/custom_interfaces__rosidl_generator_c.dir/rosidl_generator_c/custom_interfaces/action/detail/move__functions.c.o] Error 1
[5.326s] gmake[1]: *** [CMakeFiles/Makefile2:213: CMakeFiles/custom_interfaces__rosidl_generator_c.dir/all] Error 2
[5.327s] gmake[1]: *** Waiting for unfinished jobs....
[5.382s] [  9%] Built target custom_interfaces__cpp
[5.398s] running egg_info
[5.400s] creating custom_interfaces.egg-info
[5.450s] writing custom_interfaces.egg-info/PKG-INFO
[5.450s] writing dependency_links to custom_interfaces.egg-info/dependency_links.txt
[5.451s] writing top-level names to custom_interfaces.egg-info/top_level.txt
[5.451s] writing manifest file 'custom_interfaces.egg-info/SOURCES.txt'
[5.737s] ERROR setuptools_scm._file_finders.git listing git files failed - pretending there aren't any
[6.037s] reading manifest file 'custom_interfaces.egg-info/SOURCES.txt'
[6.039s] writing manifest file 'custom_interfaces.egg-info/SOURCES.txt'
[6.172s] [  9%] Built target ament_cmake_python_build_custom_interfaces_egg
[6.174s] gmake: *** [Makefile:146: all] Error 2
[6.180s] Invoked command in '/workspaces/isaac_ros-dev/src/build/custom_interfaces' returned '2': CMAKE_PREFIX_PATH=${CMAKE_PREFIX_PATH}:/opt/ros/humble /usr/bin/cmake --build /workspaces/isaac_ros-dev/src/build/custom_interfaces -- -j6 -l6
