[0.080s] Invoking command in '/workspaces/isaac_ros-dev/build/my_action_server': AMENT_PREFIX_PATH=/workspaces/isaac_ros-dev/install/custom_interfaces:${AMENT_PREFIX_PATH} CMAKE_PREFIX_PATH=/workspaces/isaac_ros-dev/install/custom_interfaces:/usr/local/libcudss-linux-0.3.0.9_cuda12-archive:/opt/ros/humble LD_LIBRARY_PATH=/workspaces/isaac_ros-dev/install/custom_interfaces/lib:${LD_LIBRARY_PATH} PYTHONPATH=/workspaces/isaac_ros-dev/install/custom_interfaces/local/lib/python3.10/dist-packages:${PYTHONPATH} /usr/bin/cmake --build /workspaces/isaac_ros-dev/build/my_action_server -- -j6 -l6
[0.422s] [ 50%] [32mBuilding CXX object CMakeFiles/action_server.dir/src/action_server.cpp.o[0m
[13.384s] [01m[K/workspaces/isaac_ros-dev/src/my_action_server/src/action_server.cpp:[m[K In member function ‘[01m[Kbool MyActionServer::is_valid_object(const string&)[m[K’:
[13.385s] [01m[K/workspaces/isaac_ros-dev/src/my_action_server/src/action_server.cpp:189:44:[m[K [01;35m[Kwarning: [m[Kunused parameter ‘[01m[Kobject_name[m[K’ [[01;35m[K-Wunused-parameter[m[K]
[13.385s]   189 |   bool is_valid_object([01;35m[Kconst std::string & object_name[m[K)
[13.385s]       |                        [01;35m[K~~~~~~~~~~~~~~~~~~~~^~~~~~~~~~~[m[K
[37.834s] [100%] [32m[1mLinking CXX executable action_server[0m
[39.800s] [100%] Built target action_server
[39.825s] Invoked command in '/workspaces/isaac_ros-dev/build/my_action_server' returned '0': AMENT_PREFIX_PATH=/workspaces/isaac_ros-dev/install/custom_interfaces:${AMENT_PREFIX_PATH} CMAKE_PREFIX_PATH=/workspaces/isaac_ros-dev/install/custom_interfaces:/usr/local/libcudss-linux-0.3.0.9_cuda12-archive:/opt/ros/humble LD_LIBRARY_PATH=/workspaces/isaac_ros-dev/install/custom_interfaces/lib:${LD_LIBRARY_PATH} PYTHONPATH=/workspaces/isaac_ros-dev/install/custom_interfaces/local/lib/python3.10/dist-packages:${PYTHONPATH} /usr/bin/cmake --build /workspaces/isaac_ros-dev/build/my_action_server -- -j6 -l6
[39.829s] Invoking command in '/workspaces/isaac_ros-dev/build/my_action_server': AMENT_PREFIX_PATH=/workspaces/isaac_ros-dev/install/custom_interfaces:${AMENT_PREFIX_PATH} CMAKE_PREFIX_PATH=/workspaces/isaac_ros-dev/install/custom_interfaces:/usr/local/libcudss-linux-0.3.0.9_cuda12-archive:/opt/ros/humble LD_LIBRARY_PATH=/workspaces/isaac_ros-dev/install/custom_interfaces/lib:${LD_LIBRARY_PATH} PYTHONPATH=/workspaces/isaac_ros-dev/install/custom_interfaces/local/lib/python3.10/dist-packages:${PYTHONPATH} /usr/bin/cmake --install /workspaces/isaac_ros-dev/build/my_action_server
[39.849s] -- Install configuration: ""
[39.850s] -- Installing: /workspaces/isaac_ros-dev/install/my_action_server/lib/my_action_server/action_server
[39.863s] -- Set runtime path of "/workspaces/isaac_ros-dev/install/my_action_server/lib/my_action_server/action_server" to ""
[39.864s] -- Up-to-date: /workspaces/isaac_ros-dev/install/my_action_server/share/my_action_server//launch
[39.864s] -- Up-to-date: /workspaces/isaac_ros-dev/install/my_action_server/share/my_action_server//launch/server_launch.py
[39.865s] -- Up-to-date: /workspaces/isaac_ros-dev/install/my_action_server/share/ament_index/resource_index/package_run_dependencies/my_action_server
[39.865s] -- Up-to-date: /workspaces/isaac_ros-dev/install/my_action_server/share/ament_index/resource_index/parent_prefix_path/my_action_server
[39.865s] -- Up-to-date: /workspaces/isaac_ros-dev/install/my_action_server/share/my_action_server/environment/ament_prefix_path.sh
[39.865s] -- Up-to-date: /workspaces/isaac_ros-dev/install/my_action_server/share/my_action_server/environment/ament_prefix_path.dsv
[39.866s] -- Up-to-date: /workspaces/isaac_ros-dev/install/my_action_server/share/my_action_server/environment/path.sh
[39.866s] -- Up-to-date: /workspaces/isaac_ros-dev/install/my_action_server/share/my_action_server/environment/path.dsv
[39.867s] -- Up-to-date: /workspaces/isaac_ros-dev/install/my_action_server/share/my_action_server/local_setup.bash
[39.868s] -- Up-to-date: /workspaces/isaac_ros-dev/install/my_action_server/share/my_action_server/local_setup.sh
[39.869s] -- Up-to-date: /workspaces/isaac_ros-dev/install/my_action_server/share/my_action_server/local_setup.zsh
[39.869s] -- Up-to-date: /workspaces/isaac_ros-dev/install/my_action_server/share/my_action_server/local_setup.dsv
[39.870s] -- Installing: /workspaces/isaac_ros-dev/install/my_action_server/share/my_action_server/package.dsv
[39.870s] -- Up-to-date: /workspaces/isaac_ros-dev/install/my_action_server/share/ament_index/resource_index/packages/my_action_server
[39.870s] -- Up-to-date: /workspaces/isaac_ros-dev/install/my_action_server/share/my_action_server/cmake/my_action_serverConfig.cmake
[39.870s] -- Up-to-date: /workspaces/isaac_ros-dev/install/my_action_server/share/my_action_server/cmake/my_action_serverConfig-version.cmake
[39.870s] -- Up-to-date: /workspaces/isaac_ros-dev/install/my_action_server/share/my_action_server/package.xml
[39.879s] Invoked command in '/workspaces/isaac_ros-dev/build/my_action_server' returned '0': AMENT_PREFIX_PATH=/workspaces/isaac_ros-dev/install/custom_interfaces:${AMENT_PREFIX_PATH} CMAKE_PREFIX_PATH=/workspaces/isaac_ros-dev/install/custom_interfaces:/usr/local/libcudss-linux-0.3.0.9_cuda12-archive:/opt/ros/humble LD_LIBRARY_PATH=/workspaces/isaac_ros-dev/install/custom_interfaces/lib:${LD_LIBRARY_PATH} PYTHONPATH=/workspaces/isaac_ros-dev/install/custom_interfaces/local/lib/python3.10/dist-packages:${PYTHONPATH} /usr/bin/cmake --install /workspaces/isaac_ros-dev/build/my_action_server
