[0.021s] Invoking command in '/workspaces/isaac_ros-dev/src/build/custom_interfaces': CMAKE_PREFIX_PATH=${CMAKE_PREFIX_PATH}:/opt/ros/humble /usr/bin/cmake /workspaces/isaac_ros-dev/src/custom_interfaces -DCMAKE_INSTALL_PREFIX=/workspaces/isaac_ros-dev/src/install/custom_interfaces
[0.152s] -- The C compiler identification is GNU 11.4.0
[0.277s] -- The CXX compiler identification is GNU 11.4.0
[0.299s] -- Detecting C compiler ABI info
[0.461s] -- Detecting C compiler ABI info - done
[0.488s] -- Check for working C compiler: /usr/bin/cc - skipped
[0.489s] -- Detecting C compile features
[0.490s] -- Detecting C compile features - done
[0.502s] -- Detecting CXX compiler ABI info
[0.692s] -- Detecting CXX compiler ABI info - done
[0.708s] -- Check for working CXX compiler: /usr/bin/c++ - skipped
[0.708s] -- Detecting CXX compile features
[0.709s] -- Detecting CXX compile features - done
[0.720s] -- Found ament_cmake: 1.3.11 (/opt/ros/humble/share/ament_cmake/cmake)
[2.614s] -- Found Python3: /usr/bin/python3 (found version "3.10.12") found components: Interpreter 
[2.906s] -- Found rclcpp: 16.0.12 (/opt/ros/humble/share/rclcpp/cmake)
[3.042s] -- Found rosidl_generator_c: 3.1.6 (/opt/ros/humble/share/rosidl_generator_c/cmake)
[3.061s] -- Found rosidl_adapter: 3.1.6 (/opt/ros/humble/share/rosidl_adapter/cmake)
[3.087s] -- Found rosidl_generator_cpp: 3.1.6 (/opt/ros/humble/share/rosidl_generator_cpp/cmake)
[3.120s] -- Using all available rosidl_typesupport_c: rosidl_typesupport_fastrtps_c;rosidl_typesupport_introspection_c
[3.170s] -- Using all available rosidl_typesupport_cpp: rosidl_typesupport_fastrtps_cpp;rosidl_typesupport_introspection_cpp
[3.298s] -- Found rmw_implementation_cmake: 6.1.2 (/opt/ros/humble/share/rmw_implementation_cmake/cmake)
[3.307s] -- Found rmw_fastrtps_cpp: 6.2.7 (/opt/ros/humble/share/rmw_fastrtps_cpp/cmake)
[3.534s] -- Found OpenSSL: /usr/lib/aarch64-linux-gnu/libcrypto.so (found version "3.0.2")  
[3.614s] -- Found FastRTPS: /opt/ros/humble/include  
[3.745s] -- Using RMW implementation 'rmw_fastrtps_cpp' as default
[3.780s] -- Looking for pthread.h
[3.949s] -- Looking for pthread.h - found
[3.950s] -- Performing Test CMAKE_HAVE_LIBC_PTHREAD
[4.119s] -- Performing Test CMAKE_HAVE_LIBC_PTHREAD - Success
[4.122s] -- Found Threads: TRUE  
[4.266s] -- Found rosidl_default_generators: 1.2.0 (/opt/ros/humble/share/rosidl_default_generators/cmake)
[4.289s] [31mCMake Error at /opt/ros/humble/share/rosidl_cmake/cmake/rosidl_generate_interfaces.cmake:93 (message):
[4.289s]   rosidl_generate_interfaces() the passed file 'action/Move.action' doesn't
[4.289s]   exist relative to the CMAKE_CURRENT_SOURCE_DIR
[4.289s]   '/workspaces/isaac_ros-dev/src/custom_interfaces'
[4.290s] Call Stack (most recent call first):
[4.290s]   CMakeLists.txt:15 (rosidl_generate_interfaces)
[4.290s] 
[4.290s] [0m
[4.290s] -- Configuring incomplete, errors occurred!
[4.291s] See also "/workspaces/isaac_ros-dev/src/build/custom_interfaces/CMakeFiles/CMakeOutput.log".
[4.312s] Invoked command in '/workspaces/isaac_ros-dev/src/build/custom_interfaces' returned '1': CMAKE_PREFIX_PATH=${CMAKE_PREFIX_PATH}:/opt/ros/humble /usr/bin/cmake /workspaces/isaac_ros-dev/src/custom_interfaces -DCMAKE_INSTALL_PREFIX=/workspaces/isaac_ros-dev/src/install/custom_interfaces
