[0.040s] Invoking command in '/workspaces/isaac_ros-dev/src/build/custom_interfaces': CMAKE_PREFIX_PATH=${CMAKE_PREFIX_PATH}:/opt/ros/humble /usr/bin/cmake --build /workspaces/isaac_ros-dev/src/build/custom_interfaces -- -j6 -l6
[0.129s] -- Found ament_cmake: 1.3.11 (/opt/ros/humble/share/ament_cmake/cmake)
[0.489s] -- Found rclcpp: 16.0.12 (/opt/ros/humble/share/rclcpp/cmake)
[0.584s] -- Found rosidl_generator_c: 3.1.6 (/opt/ros/humble/share/rosidl_generator_c/cmake)
[0.589s] -- Found rosidl_adapter: 3.1.6 (/opt/ros/humble/share/rosidl_adapter/cmake)
[0.603s] -- Found rosidl_generator_cpp: 3.1.6 (/opt/ros/humble/share/rosidl_generator_cpp/cmake)
[0.629s] -- Using all available rosidl_typesupport_c: rosidl_typesupport_fastrtps_c;rosidl_typesupport_introspection_c
[0.663s] -- Using all available rosidl_typesupport_cpp: rosidl_typesupport_fastrtps_cpp;rosidl_typesupport_introspection_cpp
[0.743s] -- Found rmw_implementation_cmake: 6.1.2 (/opt/ros/humble/share/rmw_implementation_cmake/cmake)
[0.747s] -- Found rmw_fastrtps_cpp: 6.2.7 (/opt/ros/humble/share/rmw_fastrtps_cpp/cmake)
[1.083s] -- Using RMW implementation 'rmw_fastrtps_cpp' as default
[1.217s] -- Found geometry_msgs: 4.8.0 (/opt/ros/humble/share/geometry_msgs/cmake)
[1.249s] -- Found rosidl_default_generators: 1.2.0 (/opt/ros/humble/share/rosidl_default_generators/cmake)
[2.142s] -- Found ament_cmake_ros: 0.10.0 (/opt/ros/humble/share/ament_cmake_ros/cmake)
[3.310s] -- Using all available rosidl_typesupport_c: rosidl_typesupport_fastrtps_c;rosidl_typesupport_introspection_c
[3.788s] -- Using all available rosidl_typesupport_cpp: rosidl_typesupport_fastrtps_cpp;rosidl_typesupport_introspection_cpp
[3.879s] -- Found python_cmake_module: 0.10.0 (/opt/ros/humble/share/python_cmake_module/cmake)
[3.958s] -- Using PYTHON_EXECUTABLE: /usr/bin/python3
[3.959s] -- Using PYTHON_INCLUDE_DIRS: /usr/include/python3.10
[3.959s] -- Using PYTHON_LIBRARIES: /usr/lib/aarch64-linux-gnu/libpython3.10.so
[4.398s] -- Using numpy include directory: /usr/local/lib/python3.10/dist-packages/numpy/core/include
[4.438s] -- Found ament_lint_auto: 0.12.12 (/opt/ros/humble/share/ament_lint_auto/cmake)
[4.553s] -- Added test 'cppcheck' to perform static code analysis on C / C++ code
[4.554s] -- Configured cppcheck include dirs: 
[4.554s] -- Configured cppcheck exclude dirs and/or files: 
[4.566s] -- Added test 'flake8' to check Python code syntax and style conventions
[4.588s] -- Added test 'lint_cmake' to check CMake code style
[4.600s] -- Added test 'pep257' to check Python code against some of the docstring style conventions in PEP 257
[4.682s] -- Added test 'uncrustify' to check C / C++ code style
[4.683s] -- Configured uncrustify additional arguments: 
[4.693s] -- Added test 'xmllint' to check XML markup files
[4.699s] -- Configuring done
[4.815s] -- Generating done
[4.851s] -- Build files have been written to: /workspaces/isaac_ros-dev/src/build/custom_interfaces
[4.950s] [  2%] [34m[1mGenerating C code for ROS interfaces[0m
[4.979s] [  5%] [34m[1mGenerating C++ code for ROS interfaces[0m
[5.004s] [  5%] Built target ament_cmake_python_copy_custom_interfaces
[6.251s] running egg_info
[6.332s] writing custom_interfaces.egg-info/PKG-INFO
[6.332s] writing dependency_links to custom_interfaces.egg-info/dependency_links.txt
[6.336s] writing top-level names to custom_interfaces.egg-info/top_level.txt
[6.727s] ERROR setuptools_scm._file_finders.git listing git files failed - pretending there aren't any
[6.913s] [  7%] [32mBuilding C object CMakeFiles/custom_interfaces__rosidl_generator_c.dir/rosidl_generator_c/custom_interfaces/action/detail/track_object__functions.c.o[0m
[6.948s] [ 10%] [32mBuilding C object CMakeFiles/custom_interfaces__rosidl_generator_c.dir/rosidl_generator_c/custom_interfaces/action/detail/move__functions.c.o[0m
[7.054s] [ 10%] Built target custom_interfaces__cpp
[7.102s] [ 12%] [34m[1mGenerating C++ type support for eProsima Fast-RTPS[0m
[7.145s] [ 17%] [34m[1mGenerating C++ type support dispatch for ROS interfaces[0m
[7.145s] [ 17%] [34m[1mGenerating C++ introspection for ROS interfaces[0m
[7.512s] reading manifest file 'custom_interfaces.egg-info/SOURCES.txt'
[7.514s] writing manifest file 'custom_interfaces.egg-info/SOURCES.txt'
[7.824s] [ 20%] [32m[1mLinking C shared library libcustom_interfaces__rosidl_generator_c.so[0m
[7.938s] [ 20%] Built target ament_cmake_python_build_custom_interfaces_egg
[7.996s] [ 20%] Built target custom_interfaces__rosidl_generator_c
[8.049s] [ 23%] [34m[1mGenerating C type support dispatch for ROS interfaces[0m
[8.067s] [ 25%] [34m[1mGenerating C type support for eProsima Fast-RTPS[0m
[8.093s] [ 28%] [34m[1mGenerating C introspection for ROS interfaces[0m
[9.119s] [ 30%] [32mBuilding CXX object CMakeFiles/custom_interfaces__rosidl_typesupport_cpp.dir/rosidl_typesupport_cpp/custom_interfaces/action/move__type_support.cpp.o[0m
[9.207s] [ 33%] [32mBuilding CXX object CMakeFiles/custom_interfaces__rosidl_typesupport_introspection_cpp.dir/rosidl_typesupport_introspection_cpp/custom_interfaces/action/detail/move__type_support.cpp.o[0m
[9.999s] [ 35%] [32mBuilding CXX object CMakeFiles/custom_interfaces__rosidl_typesupport_fastrtps_cpp.dir/rosidl_typesupport_fastrtps_cpp/custom_interfaces/action/detail/dds_fastrtps/move__type_support.cpp.o[0m
[10.166s] [ 38%] [32mBuilding CXX object CMakeFiles/custom_interfaces__rosidl_typesupport_c.dir/rosidl_typesupport_c/custom_interfaces/action/move__type_support.cpp.o[0m
[10.501s] [ 41%] [32mBuilding CXX object CMakeFiles/custom_interfaces__rosidl_typesupport_c.dir/rosidl_typesupport_c/custom_interfaces/action/track_object__type_support.cpp.o[0m
[10.769s] [ 43%] [32m[1mLinking CXX shared library libcustom_interfaces__rosidl_typesupport_c.so[0m
[11.135s] [ 43%] Built target custom_interfaces__rosidl_typesupport_c
[11.158s] [ 46%] [32mBuilding C object CMakeFiles/custom_interfaces__rosidl_typesupport_introspection_c.dir/rosidl_typesupport_introspection_c/custom_interfaces/action/detail/move__type_support.c.o[0m
[11.197s] [ 48%] [32mBuilding CXX object CMakeFiles/custom_interfaces__rosidl_typesupport_fastrtps_cpp.dir/rosidl_typesupport_fastrtps_cpp/custom_interfaces/action/detail/dds_fastrtps/track_object__type_support.cpp.o[0m
[11.366s] [ 51%] [32mBuilding CXX object CMakeFiles/custom_interfaces__rosidl_typesupport_fastrtps_c.dir/rosidl_typesupport_fastrtps_c/custom_interfaces/action/detail/move__type_support_c.cpp.o[0m
[11.403s] [ 53%] [32mBuilding C object CMakeFiles/custom_interfaces__rosidl_typesupport_introspection_c.dir/rosidl_typesupport_introspection_c/custom_interfaces/action/detail/track_object__type_support.c.o[0m
[11.661s] [ 56%] [32m[1mLinking C shared library libcustom_interfaces__rosidl_typesupport_introspection_c.so[0m
[11.908s] [ 58%] [32mBuilding CXX object CMakeFiles/custom_interfaces__rosidl_typesupport_cpp.dir/rosidl_typesupport_cpp/custom_interfaces/action/track_object__type_support.cpp.o[0m
[11.918s] [ 58%] Built target custom_interfaces__rosidl_typesupport_introspection_c
[11.995s] [ 61%] [32mBuilding CXX object CMakeFiles/custom_interfaces__rosidl_typesupport_fastrtps_c.dir/rosidl_typesupport_fastrtps_c/custom_interfaces/action/detail/track_object__type_support_c.cpp.o[0m
[13.042s] [ 64%] [32mBuilding CXX object CMakeFiles/custom_interfaces__rosidl_typesupport_introspection_cpp.dir/rosidl_typesupport_introspection_cpp/custom_interfaces/action/detail/track_object__type_support.cpp.o[0m
[13.857s] [ 66%] [32m[1mLinking CXX shared library libcustom_interfaces__rosidl_typesupport_fastrtps_c.so[0m
[14.031s] [ 69%] [32m[1mLinking CXX shared library libcustom_interfaces__rosidl_typesupport_fastrtps_cpp.so[0m
[14.127s] [ 71%] [32m[1mLinking CXX shared library libcustom_interfaces__rosidl_typesupport_cpp.so[0m
[14.218s] [ 71%] Built target custom_interfaces__rosidl_typesupport_fastrtps_c
[14.273s] [ 71%] Built target custom_interfaces__rosidl_typesupport_cpp
[14.306s] [ 71%] Built target custom_interfaces__rosidl_typesupport_fastrtps_cpp
[14.871s] [ 74%] [32m[1mLinking CXX shared library libcustom_interfaces__rosidl_typesupport_introspection_cpp.so[0m
[15.047s] [ 74%] Built target custom_interfaces__rosidl_typesupport_introspection_cpp
[15.104s] [ 74%] Built target custom_interfaces
[15.157s] [ 76%] [34m[1mGenerating Python code for ROS interfaces[0m
[18.021s] [ 76%] Built target custom_interfaces__py
[18.077s] [ 82%] [32mBuilding C object CMakeFiles/custom_interfaces__rosidl_generator_py.dir/rosidl_generator_py/custom_interfaces/action/_move_s.c.o[0m
[18.077s] [ 82%] [32mBuilding C object CMakeFiles/custom_interfaces__rosidl_generator_py.dir/rosidl_generator_py/custom_interfaces/action/_track_object_s.c.o[0m
[18.486s] [ 84%] [32m[1mLinking C shared library rosidl_generator_py/custom_interfaces/libcustom_interfaces__rosidl_generator_py.so[0m
[18.604s] [ 84%] Built target custom_interfaces__rosidl_generator_py
[18.665s] [ 87%] [32mBuilding C object CMakeFiles/custom_interfaces__rosidl_typesupport_introspection_c__pyext.dir/rosidl_generator_py/custom_interfaces/_custom_interfaces_s.ep.rosidl_typesupport_introspection_c.c.o[0m
[18.680s] [ 89%] [32mBuilding C object CMakeFiles/custom_interfaces__rosidl_typesupport_fastrtps_c__pyext.dir/rosidl_generator_py/custom_interfaces/_custom_interfaces_s.ep.rosidl_typesupport_fastrtps_c.c.o[0m
[18.680s] [ 92%] [32mBuilding C object CMakeFiles/custom_interfaces__rosidl_typesupport_c__pyext.dir/rosidl_generator_py/custom_interfaces/_custom_interfaces_s.ep.rosidl_typesupport_c.c.o[0m
[19.169s] [ 94%] [32m[1mLinking C shared library rosidl_generator_py/custom_interfaces/custom_interfaces_s__rosidl_typesupport_fastrtps_c.cpython-310-aarch64-linux-gnu.so[0m
[19.207s] [ 97%] [32m[1mLinking C shared library rosidl_generator_py/custom_interfaces/custom_interfaces_s__rosidl_typesupport_c.cpython-310-aarch64-linux-gnu.so[0m
[19.214s] [100%] [32m[1mLinking C shared library rosidl_generator_py/custom_interfaces/custom_interfaces_s__rosidl_typesupport_introspection_c.cpython-310-aarch64-linux-gnu.so[0m
[19.325s] [100%] Built target custom_interfaces__rosidl_typesupport_fastrtps_c__pyext
[19.371s] [100%] Built target custom_interfaces__rosidl_typesupport_introspection_c__pyext
[19.388s] [100%] Built target custom_interfaces__rosidl_typesupport_c__pyext
[19.426s] Invoked command in '/workspaces/isaac_ros-dev/src/build/custom_interfaces' returned '0': CMAKE_PREFIX_PATH=${CMAKE_PREFIX_PATH}:/opt/ros/humble /usr/bin/cmake --build /workspaces/isaac_ros-dev/src/build/custom_interfaces -- -j6 -l6
[19.448s] Invoking command in '/workspaces/isaac_ros-dev/src/build/custom_interfaces': CMAKE_PREFIX_PATH=${CMAKE_PREFIX_PATH}:/opt/ros/humble /usr/bin/cmake --install /workspaces/isaac_ros-dev/src/build/custom_interfaces
[19.470s] -- Install configuration: ""
[19.470s] -- Installing: /workspaces/isaac_ros-dev/src/install/custom_interfaces/share/ament_index/resource_index/rosidl_interfaces/custom_interfaces
[19.471s] -- Installing: /workspaces/isaac_ros-dev/src/install/custom_interfaces/include/custom_interfaces/custom_interfaces
[19.471s] -- Installing: /workspaces/isaac_ros-dev/src/install/custom_interfaces/include/custom_interfaces/custom_interfaces/msg
[19.472s] -- Installing: /workspaces/isaac_ros-dev/src/install/custom_interfaces/include/custom_interfaces/custom_interfaces/msg/rosidl_generator_c__visibility_control.h
[19.472s] -- Installing: /workspaces/isaac_ros-dev/src/install/custom_interfaces/include/custom_interfaces/custom_interfaces/action
[19.472s] -- Installing: /workspaces/isaac_ros-dev/src/install/custom_interfaces/include/custom_interfaces/custom_interfaces/action/move.h
[19.472s] -- Installing: /workspaces/isaac_ros-dev/src/install/custom_interfaces/include/custom_interfaces/custom_interfaces/action/detail
[19.473s] -- Installing: /workspaces/isaac_ros-dev/src/install/custom_interfaces/include/custom_interfaces/custom_interfaces/action/detail/move__struct.h
[19.473s] -- Installing: /workspaces/isaac_ros-dev/src/install/custom_interfaces/include/custom_interfaces/custom_interfaces/action/detail/move__functions.c
[19.473s] -- Installing: /workspaces/isaac_ros-dev/src/install/custom_interfaces/include/custom_interfaces/custom_interfaces/action/detail/move__type_support.h
[19.474s] -- Installing: /workspaces/isaac_ros-dev/src/install/custom_interfaces/include/custom_interfaces/custom_interfaces/action/detail/track_object__type_support.h
[19.474s] -- Installing: /workspaces/isaac_ros-dev/src/install/custom_interfaces/include/custom_interfaces/custom_interfaces/action/detail/track_object__struct.h
[19.474s] -- Installing: /workspaces/isaac_ros-dev/src/install/custom_interfaces/include/custom_interfaces/custom_interfaces/action/detail/move__functions.h
[19.475s] -- Installing: /workspaces/isaac_ros-dev/src/install/custom_interfaces/include/custom_interfaces/custom_interfaces/action/detail/track_object__functions.h
[19.475s] -- Installing: /workspaces/isaac_ros-dev/src/install/custom_interfaces/include/custom_interfaces/custom_interfaces/action/detail/track_object__functions.c
[19.476s] -- Installing: /workspaces/isaac_ros-dev/src/install/custom_interfaces/include/custom_interfaces/custom_interfaces/action/track_object.h
[19.477s] -- Installing: /workspaces/isaac_ros-dev/src/install/custom_interfaces/share/custom_interfaces/environment/library_path.sh
[19.477s] -- Installing: /workspaces/isaac_ros-dev/src/install/custom_interfaces/share/custom_interfaces/environment/library_path.dsv
[19.477s] -- Installing: /workspaces/isaac_ros-dev/src/install/custom_interfaces/lib/libcustom_interfaces__rosidl_generator_c.so
[19.480s] -- Set runtime path of "/workspaces/isaac_ros-dev/src/install/custom_interfaces/lib/libcustom_interfaces__rosidl_generator_c.so" to ""
[19.480s] -- Up-to-date: /workspaces/isaac_ros-dev/src/install/custom_interfaces/include/custom_interfaces/custom_interfaces
[19.480s] -- Up-to-date: /workspaces/isaac_ros-dev/src/install/custom_interfaces/include/custom_interfaces/custom_interfaces/msg
[19.480s] -- Installing: /workspaces/isaac_ros-dev/src/install/custom_interfaces/include/custom_interfaces/custom_interfaces/msg/rosidl_typesupport_fastrtps_c__visibility_control.h
[19.481s] -- Up-to-date: /workspaces/isaac_ros-dev/src/install/custom_interfaces/include/custom_interfaces/custom_interfaces/action
[19.481s] -- Up-to-date: /workspaces/isaac_ros-dev/src/install/custom_interfaces/include/custom_interfaces/custom_interfaces/action/detail
[19.481s] -- Installing: /workspaces/isaac_ros-dev/src/install/custom_interfaces/include/custom_interfaces/custom_interfaces/action/detail/move__rosidl_typesupport_fastrtps_c.h
[19.482s] -- Installing: /workspaces/isaac_ros-dev/src/install/custom_interfaces/include/custom_interfaces/custom_interfaces/action/detail/track_object__rosidl_typesupport_fastrtps_c.h
[19.482s] -- Installing: /workspaces/isaac_ros-dev/src/install/custom_interfaces/lib/libcustom_interfaces__rosidl_typesupport_fastrtps_c.so
[19.482s] -- Set runtime path of "/workspaces/isaac_ros-dev/src/install/custom_interfaces/lib/libcustom_interfaces__rosidl_typesupport_fastrtps_c.so" to ""
[19.483s] -- Up-to-date: /workspaces/isaac_ros-dev/src/install/custom_interfaces/include/custom_interfaces/custom_interfaces
[19.483s] -- Up-to-date: /workspaces/isaac_ros-dev/src/install/custom_interfaces/include/custom_interfaces/custom_interfaces/msg
[19.483s] -- Installing: /workspaces/isaac_ros-dev/src/install/custom_interfaces/include/custom_interfaces/custom_interfaces/msg/rosidl_generator_cpp__visibility_control.hpp
[19.484s] -- Up-to-date: /workspaces/isaac_ros-dev/src/install/custom_interfaces/include/custom_interfaces/custom_interfaces/action
[19.484s] -- Installing: /workspaces/isaac_ros-dev/src/install/custom_interfaces/include/custom_interfaces/custom_interfaces/action/track_object.hpp
[19.484s] -- Installing: /workspaces/isaac_ros-dev/src/install/custom_interfaces/include/custom_interfaces/custom_interfaces/action/move.hpp
[19.484s] -- Up-to-date: /workspaces/isaac_ros-dev/src/install/custom_interfaces/include/custom_interfaces/custom_interfaces/action/detail
[19.485s] -- Installing: /workspaces/isaac_ros-dev/src/install/custom_interfaces/include/custom_interfaces/custom_interfaces/action/detail/track_object__traits.hpp
[19.485s] -- Installing: /workspaces/isaac_ros-dev/src/install/custom_interfaces/include/custom_interfaces/custom_interfaces/action/detail/move__struct.hpp
[19.485s] -- Installing: /workspaces/isaac_ros-dev/src/install/custom_interfaces/include/custom_interfaces/custom_interfaces/action/detail/move__builder.hpp
[19.486s] -- Installing: /workspaces/isaac_ros-dev/src/install/custom_interfaces/include/custom_interfaces/custom_interfaces/action/detail/move__traits.hpp
[19.486s] -- Installing: /workspaces/isaac_ros-dev/src/install/custom_interfaces/include/custom_interfaces/custom_interfaces/action/detail/track_object__type_support.hpp
[19.486s] -- Installing: /workspaces/isaac_ros-dev/src/install/custom_interfaces/include/custom_interfaces/custom_interfaces/action/detail/track_object__struct.hpp
[19.487s] -- Installing: /workspaces/isaac_ros-dev/src/install/custom_interfaces/include/custom_interfaces/custom_interfaces/action/detail/move__type_support.hpp
[19.487s] -- Installing: /workspaces/isaac_ros-dev/src/install/custom_interfaces/include/custom_interfaces/custom_interfaces/action/detail/track_object__builder.hpp
[19.487s] -- Up-to-date: /workspaces/isaac_ros-dev/src/install/custom_interfaces/include/custom_interfaces/custom_interfaces
[19.487s] -- Up-to-date: /workspaces/isaac_ros-dev/src/install/custom_interfaces/include/custom_interfaces/custom_interfaces/msg
[19.488s] -- Installing: /workspaces/isaac_ros-dev/src/install/custom_interfaces/include/custom_interfaces/custom_interfaces/msg/rosidl_typesupport_fastrtps_cpp__visibility_control.h
[19.488s] -- Up-to-date: /workspaces/isaac_ros-dev/src/install/custom_interfaces/include/custom_interfaces/custom_interfaces/action
[19.488s] -- Up-to-date: /workspaces/isaac_ros-dev/src/install/custom_interfaces/include/custom_interfaces/custom_interfaces/action/detail
[19.489s] -- Installing: /workspaces/isaac_ros-dev/src/install/custom_interfaces/include/custom_interfaces/custom_interfaces/action/detail/track_object__rosidl_typesupport_fastrtps_cpp.hpp
[19.489s] -- Installing: /workspaces/isaac_ros-dev/src/install/custom_interfaces/include/custom_interfaces/custom_interfaces/action/detail/move__rosidl_typesupport_fastrtps_cpp.hpp
[19.489s] -- Installing: /workspaces/isaac_ros-dev/src/install/custom_interfaces/include/custom_interfaces/custom_interfaces/action/detail/dds_fastrtps
[19.489s] -- Installing: /workspaces/isaac_ros-dev/src/install/custom_interfaces/lib/libcustom_interfaces__rosidl_typesupport_fastrtps_cpp.so
[19.490s] -- Set runtime path of "/workspaces/isaac_ros-dev/src/install/custom_interfaces/lib/libcustom_interfaces__rosidl_typesupport_fastrtps_cpp.so" to ""
[19.490s] -- Up-to-date: /workspaces/isaac_ros-dev/src/install/custom_interfaces/include/custom_interfaces/custom_interfaces
[19.490s] -- Up-to-date: /workspaces/isaac_ros-dev/src/install/custom_interfaces/include/custom_interfaces/custom_interfaces/msg
[19.490s] -- Installing: /workspaces/isaac_ros-dev/src/install/custom_interfaces/include/custom_interfaces/custom_interfaces/msg/rosidl_typesupport_introspection_c__visibility_control.h
[19.491s] -- Up-to-date: /workspaces/isaac_ros-dev/src/install/custom_interfaces/include/custom_interfaces/custom_interfaces/action
[19.491s] -- Up-to-date: /workspaces/isaac_ros-dev/src/install/custom_interfaces/include/custom_interfaces/custom_interfaces/action/detail
[19.491s] -- Installing: /workspaces/isaac_ros-dev/src/install/custom_interfaces/include/custom_interfaces/custom_interfaces/action/detail/move__rosidl_typesupport_introspection_c.h
[19.491s] -- Installing: /workspaces/isaac_ros-dev/src/install/custom_interfaces/include/custom_interfaces/custom_interfaces/action/detail/track_object__type_support.c
[19.492s] -- Installing: /workspaces/isaac_ros-dev/src/install/custom_interfaces/include/custom_interfaces/custom_interfaces/action/detail/track_object__rosidl_typesupport_introspection_c.h
[19.492s] -- Installing: /workspaces/isaac_ros-dev/src/install/custom_interfaces/include/custom_interfaces/custom_interfaces/action/detail/move__type_support.c
[19.492s] -- Installing: /workspaces/isaac_ros-dev/src/install/custom_interfaces/lib/libcustom_interfaces__rosidl_typesupport_introspection_c.so
[19.492s] -- Set runtime path of "/workspaces/isaac_ros-dev/src/install/custom_interfaces/lib/libcustom_interfaces__rosidl_typesupport_introspection_c.so" to ""
[19.493s] -- Installing: /workspaces/isaac_ros-dev/src/install/custom_interfaces/lib/libcustom_interfaces__rosidl_typesupport_c.so
[19.493s] -- Set runtime path of "/workspaces/isaac_ros-dev/src/install/custom_interfaces/lib/libcustom_interfaces__rosidl_typesupport_c.so" to ""
[19.494s] -- Up-to-date: /workspaces/isaac_ros-dev/src/install/custom_interfaces/include/custom_interfaces/custom_interfaces
[19.494s] -- Up-to-date: /workspaces/isaac_ros-dev/src/install/custom_interfaces/include/custom_interfaces/custom_interfaces/action
[19.494s] -- Up-to-date: /workspaces/isaac_ros-dev/src/install/custom_interfaces/include/custom_interfaces/custom_interfaces/action/detail
[19.495s] -- Installing: /workspaces/isaac_ros-dev/src/install/custom_interfaces/include/custom_interfaces/custom_interfaces/action/detail/move__type_support.cpp
[19.495s] -- Installing: /workspaces/isaac_ros-dev/src/install/custom_interfaces/include/custom_interfaces/custom_interfaces/action/detail/track_object__type_support.cpp
[19.495s] -- Installing: /workspaces/isaac_ros-dev/src/install/custom_interfaces/include/custom_interfaces/custom_interfaces/action/detail/track_object__rosidl_typesupport_introspection_cpp.hpp
[19.495s] -- Installing: /workspaces/isaac_ros-dev/src/install/custom_interfaces/include/custom_interfaces/custom_interfaces/action/detail/move__rosidl_typesupport_introspection_cpp.hpp
[19.497s] -- Installing: /workspaces/isaac_ros-dev/src/install/custom_interfaces/lib/libcustom_interfaces__rosidl_typesupport_introspection_cpp.so
[19.498s] -- Set runtime path of "/workspaces/isaac_ros-dev/src/install/custom_interfaces/lib/libcustom_interfaces__rosidl_typesupport_introspection_cpp.so" to ""
[19.498s] -- Installing: /workspaces/isaac_ros-dev/src/install/custom_interfaces/lib/libcustom_interfaces__rosidl_typesupport_cpp.so
[19.498s] -- Set runtime path of "/workspaces/isaac_ros-dev/src/install/custom_interfaces/lib/libcustom_interfaces__rosidl_typesupport_cpp.so" to ""
[19.499s] -- Installing: /workspaces/isaac_ros-dev/src/install/custom_interfaces/share/custom_interfaces/environment/pythonpath.sh
[19.499s] -- Installing: /workspaces/isaac_ros-dev/src/install/custom_interfaces/share/custom_interfaces/environment/pythonpath.dsv
[19.499s] -- Installing: /workspaces/isaac_ros-dev/src/install/custom_interfaces/local/lib/python3.10/dist-packages/custom_interfaces-0.0.0-py3.10.egg-info
[19.500s] -- Installing: /workspaces/isaac_ros-dev/src/install/custom_interfaces/local/lib/python3.10/dist-packages/custom_interfaces-0.0.0-py3.10.egg-info/dependency_links.txt
[19.500s] -- Installing: /workspaces/isaac_ros-dev/src/install/custom_interfaces/local/lib/python3.10/dist-packages/custom_interfaces-0.0.0-py3.10.egg-info/SOURCES.txt
[19.501s] -- Installing: /workspaces/isaac_ros-dev/src/install/custom_interfaces/local/lib/python3.10/dist-packages/custom_interfaces-0.0.0-py3.10.egg-info/top_level.txt
[19.501s] -- Installing: /workspaces/isaac_ros-dev/src/install/custom_interfaces/local/lib/python3.10/dist-packages/custom_interfaces-0.0.0-py3.10.egg-info/PKG-INFO
[19.501s] -- Installing: /workspaces/isaac_ros-dev/src/install/custom_interfaces/local/lib/python3.10/dist-packages/custom_interfaces
[19.502s] -- Installing: /workspaces/isaac_ros-dev/src/install/custom_interfaces/local/lib/python3.10/dist-packages/custom_interfaces/_custom_interfaces_s.ep.rosidl_typesupport_introspection_c.c
[19.502s] -- Installing: /workspaces/isaac_ros-dev/src/install/custom_interfaces/local/lib/python3.10/dist-packages/custom_interfaces/custom_interfaces_s__rosidl_typesupport_c.cpython-310-aarch64-linux-gnu.so
[19.502s] -- Installing: /workspaces/isaac_ros-dev/src/install/custom_interfaces/local/lib/python3.10/dist-packages/custom_interfaces/action
[19.503s] -- Installing: /workspaces/isaac_ros-dev/src/install/custom_interfaces/local/lib/python3.10/dist-packages/custom_interfaces/action/_move.py
[19.503s] -- Installing: /workspaces/isaac_ros-dev/src/install/custom_interfaces/local/lib/python3.10/dist-packages/custom_interfaces/action/_track_object.py
[19.503s] -- Installing: /workspaces/isaac_ros-dev/src/install/custom_interfaces/local/lib/python3.10/dist-packages/custom_interfaces/action/_move_s.c
[19.504s] -- Installing: /workspaces/isaac_ros-dev/src/install/custom_interfaces/local/lib/python3.10/dist-packages/custom_interfaces/action/_track_object_s.c
[19.504s] -- Installing: /workspaces/isaac_ros-dev/src/install/custom_interfaces/local/lib/python3.10/dist-packages/custom_interfaces/action/__init__.py
[19.505s] -- Installing: /workspaces/isaac_ros-dev/src/install/custom_interfaces/local/lib/python3.10/dist-packages/custom_interfaces/custom_interfaces_s__rosidl_typesupport_introspection_c.cpython-310-aarch64-linux-gnu.so
[19.505s] -- Installing: /workspaces/isaac_ros-dev/src/install/custom_interfaces/local/lib/python3.10/dist-packages/custom_interfaces/_custom_interfaces_s.ep.rosidl_typesupport_c.c
[19.505s] -- Installing: /workspaces/isaac_ros-dev/src/install/custom_interfaces/local/lib/python3.10/dist-packages/custom_interfaces/_custom_interfaces_s.ep.rosidl_typesupport_fastrtps_c.c
[19.505s] -- Installing: /workspaces/isaac_ros-dev/src/install/custom_interfaces/local/lib/python3.10/dist-packages/custom_interfaces/custom_interfaces_s__rosidl_typesupport_fastrtps_c.cpython-310-aarch64-linux-gnu.so
[19.506s] -- Installing: /workspaces/isaac_ros-dev/src/install/custom_interfaces/local/lib/python3.10/dist-packages/custom_interfaces/libcustom_interfaces__rosidl_generator_py.so
[19.506s] -- Installing: /workspaces/isaac_ros-dev/src/install/custom_interfaces/local/lib/python3.10/dist-packages/custom_interfaces/__init__.py
[19.627s] Listing '/workspaces/isaac_ros-dev/src/install/custom_interfaces/local/lib/python3.10/dist-packages/custom_interfaces'...
[19.628s] Compiling '/workspaces/isaac_ros-dev/src/install/custom_interfaces/local/lib/python3.10/dist-packages/custom_interfaces/__init__.py'...
[19.628s] Listing '/workspaces/isaac_ros-dev/src/install/custom_interfaces/local/lib/python3.10/dist-packages/custom_interfaces/action'...
[19.628s] Compiling '/workspaces/isaac_ros-dev/src/install/custom_interfaces/local/lib/python3.10/dist-packages/custom_interfaces/action/__init__.py'...
[19.628s] Compiling '/workspaces/isaac_ros-dev/src/install/custom_interfaces/local/lib/python3.10/dist-packages/custom_interfaces/action/_move.py'...
[19.628s] Compiling '/workspaces/isaac_ros-dev/src/install/custom_interfaces/local/lib/python3.10/dist-packages/custom_interfaces/action/_track_object.py'...
[19.643s] -- Installing: /workspaces/isaac_ros-dev/src/install/custom_interfaces/local/lib/python3.10/dist-packages/custom_interfaces/custom_interfaces_s__rosidl_typesupport_fastrtps_c.cpython-310-aarch64-linux-gnu.so
[19.644s] -- Set runtime path of "/workspaces/isaac_ros-dev/src/install/custom_interfaces/local/lib/python3.10/dist-packages/custom_interfaces/custom_interfaces_s__rosidl_typesupport_fastrtps_c.cpython-310-aarch64-linux-gnu.so" to ""
[19.644s] -- Installing: /workspaces/isaac_ros-dev/src/install/custom_interfaces/local/lib/python3.10/dist-packages/custom_interfaces/custom_interfaces_s__rosidl_typesupport_introspection_c.cpython-310-aarch64-linux-gnu.so
[19.645s] -- Set runtime path of "/workspaces/isaac_ros-dev/src/install/custom_interfaces/local/lib/python3.10/dist-packages/custom_interfaces/custom_interfaces_s__rosidl_typesupport_introspection_c.cpython-310-aarch64-linux-gnu.so" to ""
[19.645s] -- Installing: /workspaces/isaac_ros-dev/src/install/custom_interfaces/local/lib/python3.10/dist-packages/custom_interfaces/custom_interfaces_s__rosidl_typesupport_c.cpython-310-aarch64-linux-gnu.so
[19.646s] -- Set runtime path of "/workspaces/isaac_ros-dev/src/install/custom_interfaces/local/lib/python3.10/dist-packages/custom_interfaces/custom_interfaces_s__rosidl_typesupport_c.cpython-310-aarch64-linux-gnu.so" to ""
[19.646s] -- Installing: /workspaces/isaac_ros-dev/src/install/custom_interfaces/lib/libcustom_interfaces__rosidl_generator_py.so
[19.648s] -- Set runtime path of "/workspaces/isaac_ros-dev/src/install/custom_interfaces/lib/libcustom_interfaces__rosidl_generator_py.so" to ""
[19.648s] -- Installing: /workspaces/isaac_ros-dev/src/install/custom_interfaces/share/custom_interfaces/action/Move.idl
[19.648s] -- Installing: /workspaces/isaac_ros-dev/src/install/custom_interfaces/share/custom_interfaces/action/TrackObject.idl
[19.649s] -- Installing: /workspaces/isaac_ros-dev/src/install/custom_interfaces/share/custom_interfaces/action/Move.action
[19.649s] -- Installing: /workspaces/isaac_ros-dev/src/install/custom_interfaces/share/custom_interfaces/action/TrackObject.action
[19.649s] -- Installing: /workspaces/isaac_ros-dev/src/install/custom_interfaces/share/ament_index/resource_index/package_run_dependencies/custom_interfaces
[19.650s] -- Installing: /workspaces/isaac_ros-dev/src/install/custom_interfaces/share/ament_index/resource_index/parent_prefix_path/custom_interfaces
[19.651s] -- Installing: /workspaces/isaac_ros-dev/src/install/custom_interfaces/share/custom_interfaces/environment/ament_prefix_path.sh
[19.651s] -- Installing: /workspaces/isaac_ros-dev/src/install/custom_interfaces/share/custom_interfaces/environment/ament_prefix_path.dsv
[19.652s] -- Installing: /workspaces/isaac_ros-dev/src/install/custom_interfaces/share/custom_interfaces/environment/path.sh
[19.652s] -- Installing: /workspaces/isaac_ros-dev/src/install/custom_interfaces/share/custom_interfaces/environment/path.dsv
[19.653s] -- Installing: /workspaces/isaac_ros-dev/src/install/custom_interfaces/share/custom_interfaces/local_setup.bash
[19.654s] -- Installing: /workspaces/isaac_ros-dev/src/install/custom_interfaces/share/custom_interfaces/local_setup.sh
[19.654s] -- Installing: /workspaces/isaac_ros-dev/src/install/custom_interfaces/share/custom_interfaces/local_setup.zsh
[19.654s] -- Installing: /workspaces/isaac_ros-dev/src/install/custom_interfaces/share/custom_interfaces/local_setup.dsv
[19.655s] -- Installing: /workspaces/isaac_ros-dev/src/install/custom_interfaces/share/custom_interfaces/package.dsv
[19.655s] -- Installing: /workspaces/isaac_ros-dev/src/install/custom_interfaces/share/ament_index/resource_index/packages/custom_interfaces
[19.656s] -- Installing: /workspaces/isaac_ros-dev/src/install/custom_interfaces/share/custom_interfaces/cmake/export_custom_interfaces__rosidl_generator_cExport.cmake
[19.656s] -- Installing: /workspaces/isaac_ros-dev/src/install/custom_interfaces/share/custom_interfaces/cmake/export_custom_interfaces__rosidl_generator_cExport-noconfig.cmake
[19.656s] -- Installing: /workspaces/isaac_ros-dev/src/install/custom_interfaces/share/custom_interfaces/cmake/export_custom_interfaces__rosidl_typesupport_fastrtps_cExport.cmake
[19.657s] -- Installing: /workspaces/isaac_ros-dev/src/install/custom_interfaces/share/custom_interfaces/cmake/export_custom_interfaces__rosidl_typesupport_fastrtps_cExport-noconfig.cmake
[19.657s] -- Installing: /workspaces/isaac_ros-dev/src/install/custom_interfaces/share/custom_interfaces/cmake/export_custom_interfaces__rosidl_generator_cppExport.cmake
[19.658s] -- Installing: /workspaces/isaac_ros-dev/src/install/custom_interfaces/share/custom_interfaces/cmake/export_custom_interfaces__rosidl_typesupport_fastrtps_cppExport.cmake
[19.658s] -- Installing: /workspaces/isaac_ros-dev/src/install/custom_interfaces/share/custom_interfaces/cmake/export_custom_interfaces__rosidl_typesupport_fastrtps_cppExport-noconfig.cmake
[19.658s] -- Installing: /workspaces/isaac_ros-dev/src/install/custom_interfaces/share/custom_interfaces/cmake/custom_interfaces__rosidl_typesupport_introspection_cExport.cmake
[19.659s] -- Installing: /workspaces/isaac_ros-dev/src/install/custom_interfaces/share/custom_interfaces/cmake/custom_interfaces__rosidl_typesupport_introspection_cExport-noconfig.cmake
[19.659s] -- Installing: /workspaces/isaac_ros-dev/src/install/custom_interfaces/share/custom_interfaces/cmake/custom_interfaces__rosidl_typesupport_cExport.cmake
[19.659s] -- Installing: /workspaces/isaac_ros-dev/src/install/custom_interfaces/share/custom_interfaces/cmake/custom_interfaces__rosidl_typesupport_cExport-noconfig.cmake
[19.660s] -- Installing: /workspaces/isaac_ros-dev/src/install/custom_interfaces/share/custom_interfaces/cmake/custom_interfaces__rosidl_typesupport_introspection_cppExport.cmake
[19.660s] -- Installing: /workspaces/isaac_ros-dev/src/install/custom_interfaces/share/custom_interfaces/cmake/custom_interfaces__rosidl_typesupport_introspection_cppExport-noconfig.cmake
[19.660s] -- Installing: /workspaces/isaac_ros-dev/src/install/custom_interfaces/share/custom_interfaces/cmake/custom_interfaces__rosidl_typesupport_cppExport.cmake
[19.661s] -- Installing: /workspaces/isaac_ros-dev/src/install/custom_interfaces/share/custom_interfaces/cmake/custom_interfaces__rosidl_typesupport_cppExport-noconfig.cmake
[19.661s] -- Installing: /workspaces/isaac_ros-dev/src/install/custom_interfaces/share/custom_interfaces/cmake/export_custom_interfaces__rosidl_generator_pyExport.cmake
[19.661s] -- Installing: /workspaces/isaac_ros-dev/src/install/custom_interfaces/share/custom_interfaces/cmake/export_custom_interfaces__rosidl_generator_pyExport-noconfig.cmake
[19.662s] -- Installing: /workspaces/isaac_ros-dev/src/install/custom_interfaces/share/custom_interfaces/cmake/rosidl_cmake-extras.cmake
[19.662s] -- Installing: /workspaces/isaac_ros-dev/src/install/custom_interfaces/share/custom_interfaces/cmake/ament_cmake_export_dependencies-extras.cmake
[19.663s] -- Installing: /workspaces/isaac_ros-dev/src/install/custom_interfaces/share/custom_interfaces/cmake/ament_cmake_export_include_directories-extras.cmake
[19.663s] -- Installing: /workspaces/isaac_ros-dev/src/install/custom_interfaces/share/custom_interfaces/cmake/ament_cmake_export_libraries-extras.cmake
[19.663s] -- Installing: /workspaces/isaac_ros-dev/src/install/custom_interfaces/share/custom_interfaces/cmake/ament_cmake_export_targets-extras.cmake
[19.663s] -- Installing: /workspaces/isaac_ros-dev/src/install/custom_interfaces/share/custom_interfaces/cmake/rosidl_cmake_export_typesupport_targets-extras.cmake
[19.664s] -- Installing: /workspaces/isaac_ros-dev/src/install/custom_interfaces/share/custom_interfaces/cmake/rosidl_cmake_export_typesupport_libraries-extras.cmake
[19.664s] -- Installing: /workspaces/isaac_ros-dev/src/install/custom_interfaces/share/custom_interfaces/cmake/custom_interfacesConfig.cmake
[19.664s] -- Installing: /workspaces/isaac_ros-dev/src/install/custom_interfaces/share/custom_interfaces/cmake/custom_interfacesConfig-version.cmake
[19.665s] -- Installing: /workspaces/isaac_ros-dev/src/install/custom_interfaces/share/custom_interfaces/package.xml
[19.672s] Invoked command in '/workspaces/isaac_ros-dev/src/build/custom_interfaces' returned '0': CMAKE_PREFIX_PATH=${CMAKE_PREFIX_PATH}:/opt/ros/humble /usr/bin/cmake --install /workspaces/isaac_ros-dev/src/build/custom_interfaces
