[0.000000] (-) TimerEvent: {}
[0.000833] (-) JobUnselected: {'identifier': 'isaac_common'}
[0.000932] (-) JobUnselected: {'identifier': 'isaac_common_py'}
[0.001149] (-) JobUnselected: {'identifier': 'isaac_ros_apriltag_interfaces'}
[0.001241] (-) JobUnselected: {'identifier': 'isaac_ros_bi3d_interfaces'}
[0.001291] (-) JobUnselected: {'identifier': 'isaac_ros_common'}
[0.001337] (-) JobUnselected: {'identifier': 'isaac_ros_launch_utils'}
[0.001384] (-) JobUnselected: {'identifier': 'isaac_ros_nitros_bridge_interfaces'}
[0.001445] (-) JobUnselected: {'identifier': 'isaac_ros_nova_interfaces'}
[0.001487] (-) JobUnselected: {'identifier': 'isaac_ros_pointcloud_interfaces'}
[0.001528] (-) JobUnselected: {'identifier': 'isaac_ros_r2b_galileo'}
[0.001565] (-) JobUnselected: {'identifier': 'isaac_ros_rosbag_utils'}
[0.001601] (-) JobUnselected: {'identifier': 'isaac_ros_tensor_list_interfaces'}
[0.001636] (-) JobUnselected: {'identifier': 'isaac_ros_test'}
[0.001672] (-) JobUnselected: {'identifier': 'isaac_ros_test_cmake'}
[0.001714] (custom_interfaces) JobQueued: {'identifier': 'custom_interfaces', 'dependencies': OrderedDict()}
[0.001775] (my_action_client) JobQueued: {'identifier': 'my_action_client', 'dependencies': OrderedDict([('custom_interfaces', '/workspaces/isaac_ros-dev/install/custom_interfaces')])}
[0.001831] (my_action_server) JobQueued: {'identifier': 'my_action_server', 'dependencies': OrderedDict([('custom_interfaces', '/workspaces/isaac_ros-dev/install/custom_interfaces')])}
[0.002557] (custom_interfaces) JobStarted: {'identifier': 'custom_interfaces'}
[0.029149] (custom_interfaces) JobProgress: {'identifier': 'custom_interfaces', 'progress': 'cmake'}
[0.031191] (custom_interfaces) JobProgress: {'identifier': 'custom_interfaces', 'progress': 'build'}
[0.032716] (custom_interfaces) Command: {'cmd': ['/usr/bin/cmake', '--build', '/workspaces/isaac_ros-dev/build/custom_interfaces', '--', '-j6', '-l6'], 'cwd': '/workspaces/isaac_ros-dev/build/custom_interfaces', 'env': OrderedDict([('LIBRARY_PATH', '/usr/local/cuda/lib64/stubs'), ('PYTHONWARNINGS', 'ignore:::setuptools.command.install,ignore:::setuptools.command.easy_install,ignore:::pkg_resources,ignore:::setuptools.command.develop'), ('NV_LIBCUBLAS_VERSION', '12.6.1.4-1'), ('USER', 'stickykeys'), ('NV_CUDA_NSIGHT_COMPUTE_VERSION', '12.6.11-1'), ('HOSTNAME', 'stickykeys-desktop'), ('SHLVL', '1'), ('LD_LIBRARY_PATH', '/workspaces/isaac_ros-dev/install/custom_interfaces/lib:/opt/ros/humble/opt/rviz_ogre_vendor/lib:/opt/ros/humble/lib/aarch64-linux-gnu:/opt/ros/humble/lib:/usr/lib/aarch64-linux-gnu/tegra/weston:/usr/lib/aarch64-linux-gnu/tegra-egl:/usr/local/cuda-12.6/targets/aarch64-linux/lib:/usr/lib/aarch64-linux-gnu/tegra:/opt/nvidia/vpi3/lib64:/usr/local/libcudss-linux-0.3.0.9_cuda12-archive/lib:/usr/local/nvidia/lib:/usr/local/nvidia/lib64:/usr/lib/aarch64-linux-gnu-host:/opt/tritonserver/lib'), ('HOME', '/home/admin'), ('HOST_USER_GID', '1000'), ('NV_LIBCUBLAS_DEV_VERSION', '12.6.1.4-1'), ('ROS_PYTHON_VERSION', '3'), ('NV_LIBNPP_PACKAGE', 'libnpp-12-6=12.3.1.54-1'), ('CUDA_VERSION', '12.6.11'), ('COLCON_PREFIX_PATH', '/workspaces/isaac_ros-dev/install'), ('ROS_DISTRO', 'humble'), ('NV_LIBCUBLAS_PACKAGE_NAME', 'libcublas-12-6'), ('NVIDIA_REQUIRE_CUDA', 'cuda>=12.6'), ('_', '/usr/bin/colcon'), ('ROS_VERSION', '2'), ('NV_LIBCUSPARSE_VERSION', '12.5.3.3-1'), ('NVIDIA_DRIVER_CAPABILITIES', 'all'), ('NV_CUDA_LIB_VERSION', '12.6.11-1'), ('NV_NVML_DEV_VERSION', '12.6.68-1'), ('USERNAME', 'admin'), ('NV_LIBNPP_DEV_PACKAGE', 'libnpp-dev-12-6=12.3.1.54-1'), ('TERM', 'xterm'), ('ISAAC_ROS_WS', '/workspaces/isaac_ros-dev'), ('NV_CUDA_CUDART_VERSION', '12.6.68-1'), ('ROS_LOCALHOST_ONLY', '0'), ('PATH', '/opt/ros/humble/bin:/opt/ros/humble/vcstool/scripts:/usr/local/nvidia/bin:/usr/local/cuda/bin:/usr/src/tensorrt/bin:/usr/local/nvidia/bin:/usr/local/cuda/bin:/usr/local/sbin:/usr/local/bin:/usr/sbin:/usr/bin:/sbin:/bin'), ('NV_LIBCUBLAS_DEV_PACKAGE_NAME', 'libcublas-dev-12-6'), ('NV_LIBCUBLAS_PACKAGE', 'libcublas-12-6=12.6.1.4-1'), ('HOST_USER_UID', '1000'), ('NVARCH', 'arm64'), ('CUDSS_DIR', '/usr/local/libcudss-linux-0.3.0.9_cuda12-archive'), ('NV_LIBCUSPARSE_DEV_VERSION', '12.5.3.3-1'), ('DISPLAY', ':1'), ('NVIDIA_PRODUCT_NAME', 'CUDA'), ('LANG', 'en_US.UTF-8'), ('RMW_IMPLEMENTATION', 'rmw_fastrtps_cpp'), ('NV_CUDA_CUDART_DEV_VERSION', '12.6.68-1'), ('ROS_ROOT', '/opt/ros/humble'), ('SSH_AUTH_SOCK', '/ssh-agent'), ('AMENT_PREFIX_PATH', '/workspaces/isaac_ros-dev/install/my_action_server:/workspaces/isaac_ros-dev/install/my_action_client:/workspaces/isaac_ros-dev/install/custom_interfaces:/opt/ros/humble'), ('DEBIAN_FRONTEND', 'noninteractive'), ('SHELL', '/bin/bash'), ('TRT_INCLUDE_PATH', '/usr/include/aarch64-linux-gnu'), ('NV_LIBCUBLAS_DEV_PACKAGE', 'libcublas-dev-12-6=12.6.1.4-1'), ('NV_CUDA_NSIGHT_COMPUTE_DEV_PACKAGE', 'cuda-nsight-compute-12-6=12.6.11-1'), ('NVIDIA_REQUIRE_JETPACK_HOST_MOUNTS', 'base-only'), ('NV_NVTX_VERSION', '12.6.68-1'), ('NV_LIBNPP_VERSION', '12.3.1.54-1'), ('PWD', '/workspaces/isaac_ros-dev/build/custom_interfaces'), ('PYTHONPATH', '/workspaces/isaac_ros-dev/install/custom_interfaces/local/lib/python3.10/dist-packages:/opt/ros/humble/lib/python3.10/site-packages:/opt/ros/humble/local/lib/python3.10/dist-packages:/opt/ros/humble/vcstool:'), ('NVIDIA_VISIBLE_DEVICES', 'nvidia.com/gpu=all,nvidia.com/pva=all'), ('COLCON', '1'), ('NV_LIBNPP_DEV_VERSION', '12.3.1.54-1'), ('CMAKE_PREFIX_PATH', '/workspaces/isaac_ros-dev/install/my_action_server:/workspaces/isaac_ros-dev/install/my_action_client:/workspaces/isaac_ros-dev/install/custom_interfaces:/usr/local/libcudss-linux-0.3.0.9_cuda12-archive::/opt/ros/humble'), ('TRT_LIB_PATH', '/usr/lib/aarch64-linux-gnu')]), 'shell': False}
[0.098343] (-) TimerEvent: {}
[0.200115] (-) TimerEvent: {}
[0.213632] (custom_interfaces) StdoutLine: {'line': b'[ 10%] Built target custom_interfaces__rosidl_generator_c\n'}
[0.221651] (custom_interfaces) StdoutLine: {'line': b'[ 12%] Built target custom_interfaces__cpp\n'}
[0.293278] (custom_interfaces) StdoutLine: {'line': b'[ 12%] Built target ament_cmake_python_copy_custom_interfaces\n'}
[0.300857] (-) TimerEvent: {}
[0.327038] (custom_interfaces) StdoutLine: {'line': b'[ 25%] Built target custom_interfaces__rosidl_typesupport_introspection_c\n'}
[0.339308] (custom_interfaces) StdoutLine: {'line': b'[ 33%] Built target custom_interfaces__rosidl_typesupport_fastrtps_cpp\n'}
[0.341664] (custom_interfaces) StdoutLine: {'line': b'[ 43%] Built target custom_interfaces__rosidl_typesupport_c\n'}
[0.379627] (custom_interfaces) StdoutLine: {'line': b'[ 56%] Built target custom_interfaces__rosidl_typesupport_cpp\n'}
[0.380782] (custom_interfaces) StdoutLine: {'line': b'[ 64%] Built target custom_interfaces__rosidl_typesupport_fastrtps_c\n'}
[0.401021] (-) TimerEvent: {}
[0.401668] (custom_interfaces) StdoutLine: {'line': b'[ 74%] Built target custom_interfaces__rosidl_typesupport_introspection_cpp\n'}
[0.459333] (custom_interfaces) StdoutLine: {'line': b'[ 74%] Built target custom_interfaces\n'}
[0.501222] (-) TimerEvent: {}
[0.545383] (custom_interfaces) StdoutLine: {'line': b'[ 76%] Built target custom_interfaces__py\n'}
[0.601374] (-) TimerEvent: {}
[0.608189] (custom_interfaces) StdoutLine: {'line': b'[ 84%] Built target custom_interfaces__rosidl_generator_py\n'}
[0.701544] (-) TimerEvent: {}
[0.714636] (custom_interfaces) StdoutLine: {'line': b'[ 89%] Built target custom_interfaces__rosidl_typesupport_fastrtps_c__pyext\n'}
[0.720055] (custom_interfaces) StdoutLine: {'line': b'[ 94%] Built target custom_interfaces__rosidl_typesupport_introspection_c__pyext\n'}
[0.731533] (custom_interfaces) StdoutLine: {'line': b'[100%] Built target custom_interfaces__rosidl_typesupport_c__pyext\n'}
[0.801724] (-) TimerEvent: {}
[0.902775] (-) TimerEvent: {}
[1.006333] (-) TimerEvent: {}
[1.107306] (-) TimerEvent: {}
[1.208031] (-) TimerEvent: {}
[1.308771] (-) TimerEvent: {}
[1.409712] (-) TimerEvent: {}
[1.514351] (-) TimerEvent: {}
[1.558785] (custom_interfaces) StdoutLine: {'line': b'running egg_info\n'}
[1.615007] (-) TimerEvent: {}
[1.639016] (custom_interfaces) StdoutLine: {'line': b'writing custom_interfaces.egg-info/PKG-INFO\n'}
[1.640088] (custom_interfaces) StdoutLine: {'line': b'writing dependency_links to custom_interfaces.egg-info/dependency_links.txt\n'}
[1.640455] (custom_interfaces) StdoutLine: {'line': b'writing top-level names to custom_interfaces.egg-info/top_level.txt\n'}
[1.715172] (-) TimerEvent: {}
[1.815893] (-) TimerEvent: {}
[1.916603] (-) TimerEvent: {}
[2.005324] (custom_interfaces) StderrLine: {'line': b"ERROR setuptools_scm._file_finders.git listing git files failed - pretending there aren't any\n"}
[2.016794] (-) TimerEvent: {}
[2.117966] (-) TimerEvent: {}
[2.218751] (-) TimerEvent: {}
[2.319548] (-) TimerEvent: {}
[2.407763] (custom_interfaces) StdoutLine: {'line': b"reading manifest file 'custom_interfaces.egg-info/SOURCES.txt'\n"}
[2.410041] (custom_interfaces) StdoutLine: {'line': b"writing manifest file 'custom_interfaces.egg-info/SOURCES.txt'\n"}
[2.419724] (-) TimerEvent: {}
[2.520915] (-) TimerEvent: {}
[2.621787] (-) TimerEvent: {}
[2.630778] (custom_interfaces) StdoutLine: {'line': b'[100%] Built target ament_cmake_python_build_custom_interfaces_egg\n'}
[2.666959] (custom_interfaces) CommandEnded: {'returncode': 0}
[2.668197] (custom_interfaces) JobProgress: {'identifier': 'custom_interfaces', 'progress': 'install'}
[2.688802] (custom_interfaces) Command: {'cmd': ['/usr/bin/cmake', '--install', '/workspaces/isaac_ros-dev/build/custom_interfaces'], 'cwd': '/workspaces/isaac_ros-dev/build/custom_interfaces', 'env': OrderedDict([('LIBRARY_PATH', '/usr/local/cuda/lib64/stubs'), ('PYTHONWARNINGS', 'ignore:::setuptools.command.install,ignore:::setuptools.command.easy_install,ignore:::pkg_resources,ignore:::setuptools.command.develop'), ('NV_LIBCUBLAS_VERSION', '12.6.1.4-1'), ('USER', 'stickykeys'), ('NV_CUDA_NSIGHT_COMPUTE_VERSION', '12.6.11-1'), ('HOSTNAME', 'stickykeys-desktop'), ('SHLVL', '1'), ('LD_LIBRARY_PATH', '/workspaces/isaac_ros-dev/install/custom_interfaces/lib:/opt/ros/humble/opt/rviz_ogre_vendor/lib:/opt/ros/humble/lib/aarch64-linux-gnu:/opt/ros/humble/lib:/usr/lib/aarch64-linux-gnu/tegra/weston:/usr/lib/aarch64-linux-gnu/tegra-egl:/usr/local/cuda-12.6/targets/aarch64-linux/lib:/usr/lib/aarch64-linux-gnu/tegra:/opt/nvidia/vpi3/lib64:/usr/local/libcudss-linux-0.3.0.9_cuda12-archive/lib:/usr/local/nvidia/lib:/usr/local/nvidia/lib64:/usr/lib/aarch64-linux-gnu-host:/opt/tritonserver/lib'), ('HOME', '/home/admin'), ('HOST_USER_GID', '1000'), ('NV_LIBCUBLAS_DEV_VERSION', '12.6.1.4-1'), ('ROS_PYTHON_VERSION', '3'), ('NV_LIBNPP_PACKAGE', 'libnpp-12-6=12.3.1.54-1'), ('CUDA_VERSION', '12.6.11'), ('COLCON_PREFIX_PATH', '/workspaces/isaac_ros-dev/install'), ('ROS_DISTRO', 'humble'), ('NV_LIBCUBLAS_PACKAGE_NAME', 'libcublas-12-6'), ('NVIDIA_REQUIRE_CUDA', 'cuda>=12.6'), ('_', '/usr/bin/colcon'), ('ROS_VERSION', '2'), ('NV_LIBCUSPARSE_VERSION', '12.5.3.3-1'), ('NVIDIA_DRIVER_CAPABILITIES', 'all'), ('NV_CUDA_LIB_VERSION', '12.6.11-1'), ('NV_NVML_DEV_VERSION', '12.6.68-1'), ('USERNAME', 'admin'), ('NV_LIBNPP_DEV_PACKAGE', 'libnpp-dev-12-6=12.3.1.54-1'), ('TERM', 'xterm'), ('ISAAC_ROS_WS', '/workspaces/isaac_ros-dev'), ('NV_CUDA_CUDART_VERSION', '12.6.68-1'), ('ROS_LOCALHOST_ONLY', '0'), ('PATH', '/opt/ros/humble/bin:/opt/ros/humble/vcstool/scripts:/usr/local/nvidia/bin:/usr/local/cuda/bin:/usr/src/tensorrt/bin:/usr/local/nvidia/bin:/usr/local/cuda/bin:/usr/local/sbin:/usr/local/bin:/usr/sbin:/usr/bin:/sbin:/bin'), ('NV_LIBCUBLAS_DEV_PACKAGE_NAME', 'libcublas-dev-12-6'), ('NV_LIBCUBLAS_PACKAGE', 'libcublas-12-6=12.6.1.4-1'), ('HOST_USER_UID', '1000'), ('NVARCH', 'arm64'), ('CUDSS_DIR', '/usr/local/libcudss-linux-0.3.0.9_cuda12-archive'), ('NV_LIBCUSPARSE_DEV_VERSION', '12.5.3.3-1'), ('DISPLAY', ':1'), ('NVIDIA_PRODUCT_NAME', 'CUDA'), ('LANG', 'en_US.UTF-8'), ('RMW_IMPLEMENTATION', 'rmw_fastrtps_cpp'), ('NV_CUDA_CUDART_DEV_VERSION', '12.6.68-1'), ('ROS_ROOT', '/opt/ros/humble'), ('SSH_AUTH_SOCK', '/ssh-agent'), ('AMENT_PREFIX_PATH', '/workspaces/isaac_ros-dev/install/my_action_server:/workspaces/isaac_ros-dev/install/my_action_client:/workspaces/isaac_ros-dev/install/custom_interfaces:/opt/ros/humble'), ('DEBIAN_FRONTEND', 'noninteractive'), ('SHELL', '/bin/bash'), ('TRT_INCLUDE_PATH', '/usr/include/aarch64-linux-gnu'), ('NV_LIBCUBLAS_DEV_PACKAGE', 'libcublas-dev-12-6=12.6.1.4-1'), ('NV_CUDA_NSIGHT_COMPUTE_DEV_PACKAGE', 'cuda-nsight-compute-12-6=12.6.11-1'), ('NVIDIA_REQUIRE_JETPACK_HOST_MOUNTS', 'base-only'), ('NV_NVTX_VERSION', '12.6.68-1'), ('NV_LIBNPP_VERSION', '12.3.1.54-1'), ('PWD', '/workspaces/isaac_ros-dev/build/custom_interfaces'), ('PYTHONPATH', '/workspaces/isaac_ros-dev/install/custom_interfaces/local/lib/python3.10/dist-packages:/opt/ros/humble/lib/python3.10/site-packages:/opt/ros/humble/local/lib/python3.10/dist-packages:/opt/ros/humble/vcstool:'), ('NVIDIA_VISIBLE_DEVICES', 'nvidia.com/gpu=all,nvidia.com/pva=all'), ('COLCON', '1'), ('NV_LIBNPP_DEV_VERSION', '12.3.1.54-1'), ('CMAKE_PREFIX_PATH', '/workspaces/isaac_ros-dev/install/my_action_server:/workspaces/isaac_ros-dev/install/my_action_client:/workspaces/isaac_ros-dev/install/custom_interfaces:/usr/local/libcudss-linux-0.3.0.9_cuda12-archive::/opt/ros/humble'), ('TRT_LIB_PATH', '/usr/lib/aarch64-linux-gnu')]), 'shell': False}
[2.713720] (custom_interfaces) StdoutLine: {'line': b'-- Install configuration: ""\n'}
[2.714342] (custom_interfaces) StdoutLine: {'line': b'-- Up-to-date: /workspaces/isaac_ros-dev/install/custom_interfaces/share/ament_index/resource_index/rosidl_interfaces/custom_interfaces\n'}
[2.715051] (custom_interfaces) StdoutLine: {'line': b'-- Up-to-date: /workspaces/isaac_ros-dev/install/custom_interfaces/include/custom_interfaces/custom_interfaces\n'}
[2.715295] (custom_interfaces) StdoutLine: {'line': b'-- Up-to-date: /workspaces/isaac_ros-dev/install/custom_interfaces/include/custom_interfaces/custom_interfaces/msg\n'}
[2.717569] (custom_interfaces) StdoutLine: {'line': b'-- Up-to-date: /workspaces/isaac_ros-dev/install/custom_interfaces/include/custom_interfaces/custom_interfaces/msg/rosidl_generator_c__visibility_control.h\n'}
[2.718223] (custom_interfaces) StdoutLine: {'line': b'-- Up-to-date: /workspaces/isaac_ros-dev/install/custom_interfaces/include/custom_interfaces/custom_interfaces/action\n'}
[2.718564] (custom_interfaces) StdoutLine: {'line': b'-- Up-to-date: /workspaces/isaac_ros-dev/install/custom_interfaces/include/custom_interfaces/custom_interfaces/action/move.h\n'}
[2.718951] (custom_interfaces) StdoutLine: {'line': b'-- Up-to-date: /workspaces/isaac_ros-dev/install/custom_interfaces/include/custom_interfaces/custom_interfaces/action/detail\n'}
[2.719125] (custom_interfaces) StdoutLine: {'line': b'-- Up-to-date: /workspaces/isaac_ros-dev/install/custom_interfaces/include/custom_interfaces/custom_interfaces/action/detail/move__struct.h\n'}
[2.719378] (custom_interfaces) StdoutLine: {'line': b'-- Up-to-date: /workspaces/isaac_ros-dev/install/custom_interfaces/include/custom_interfaces/custom_interfaces/action/detail/move__functions.c\n'}
[2.719702] (custom_interfaces) StdoutLine: {'line': b'-- Up-to-date: /workspaces/isaac_ros-dev/install/custom_interfaces/include/custom_interfaces/custom_interfaces/action/detail/move__type_support.h\n'}
[2.720195] (custom_interfaces) StdoutLine: {'line': b'-- Up-to-date: /workspaces/isaac_ros-dev/install/custom_interfaces/include/custom_interfaces/custom_interfaces/action/detail/track_object__type_support.h\n'}
[2.720419] (custom_interfaces) StdoutLine: {'line': b'-- Up-to-date: /workspaces/isaac_ros-dev/install/custom_interfaces/include/custom_interfaces/custom_interfaces/action/detail/track_object__struct.h\n'}
[2.720740] (custom_interfaces) StdoutLine: {'line': b'-- Up-to-date: /workspaces/isaac_ros-dev/install/custom_interfaces/include/custom_interfaces/custom_interfaces/action/detail/move__functions.h\n'}
[2.720965] (custom_interfaces) StdoutLine: {'line': b'-- Up-to-date: /workspaces/isaac_ros-dev/install/custom_interfaces/include/custom_interfaces/custom_interfaces/action/detail/track_object__functions.h\n'}
[2.721212] (custom_interfaces) StdoutLine: {'line': b'-- Up-to-date: /workspaces/isaac_ros-dev/install/custom_interfaces/include/custom_interfaces/custom_interfaces/action/detail/track_object__functions.c\n'}
[2.721465] (custom_interfaces) StdoutLine: {'line': b'-- Up-to-date: /workspaces/isaac_ros-dev/install/custom_interfaces/include/custom_interfaces/custom_interfaces/action/track_object.h\n'}
[2.721967] (-) TimerEvent: {}
[2.725642] (custom_interfaces) StdoutLine: {'line': b'-- Up-to-date: /workspaces/isaac_ros-dev/install/custom_interfaces/share/custom_interfaces/environment/library_path.sh\n'}
[2.727308] (custom_interfaces) StdoutLine: {'line': b'-- Up-to-date: /workspaces/isaac_ros-dev/install/custom_interfaces/share/custom_interfaces/environment/library_path.dsv\n'}
[2.727750] (custom_interfaces) StdoutLine: {'line': b'-- Up-to-date: /workspaces/isaac_ros-dev/install/custom_interfaces/lib/libcustom_interfaces__rosidl_generator_c.so\n'}
[2.728034] (custom_interfaces) StdoutLine: {'line': b'-- Up-to-date: /workspaces/isaac_ros-dev/install/custom_interfaces/include/custom_interfaces/custom_interfaces\n'}
[2.729274] (custom_interfaces) StdoutLine: {'line': b'-- Up-to-date: /workspaces/isaac_ros-dev/install/custom_interfaces/include/custom_interfaces/custom_interfaces/msg\n'}
[2.729495] (custom_interfaces) StdoutLine: {'line': b'-- Up-to-date: /workspaces/isaac_ros-dev/install/custom_interfaces/include/custom_interfaces/custom_interfaces/msg/rosidl_typesupport_fastrtps_c__visibility_control.h\n'}
[2.729665] (custom_interfaces) StdoutLine: {'line': b'-- Up-to-date: /workspaces/isaac_ros-dev/install/custom_interfaces/include/custom_interfaces/custom_interfaces/action\n'}
[2.729826] (custom_interfaces) StdoutLine: {'line': b'-- Up-to-date: /workspaces/isaac_ros-dev/install/custom_interfaces/include/custom_interfaces/custom_interfaces/action/detail\n'}
[2.729974] (custom_interfaces) StdoutLine: {'line': b'-- Up-to-date: /workspaces/isaac_ros-dev/install/custom_interfaces/include/custom_interfaces/custom_interfaces/action/detail/move__rosidl_typesupport_fastrtps_c.h\n'}
[2.730123] (custom_interfaces) StdoutLine: {'line': b'-- Up-to-date: /workspaces/isaac_ros-dev/install/custom_interfaces/include/custom_interfaces/custom_interfaces/action/detail/track_object__rosidl_typesupport_fastrtps_c.h\n'}
[2.730316] (custom_interfaces) StdoutLine: {'line': b'-- Up-to-date: /workspaces/isaac_ros-dev/install/custom_interfaces/lib/libcustom_interfaces__rosidl_typesupport_fastrtps_c.so\n'}
[2.730469] (custom_interfaces) StdoutLine: {'line': b'-- Up-to-date: /workspaces/isaac_ros-dev/install/custom_interfaces/include/custom_interfaces/custom_interfaces\n'}
[2.730613] (custom_interfaces) StdoutLine: {'line': b'-- Up-to-date: /workspaces/isaac_ros-dev/install/custom_interfaces/include/custom_interfaces/custom_interfaces/msg\n'}
[2.730752] (custom_interfaces) StdoutLine: {'line': b'-- Up-to-date: /workspaces/isaac_ros-dev/install/custom_interfaces/include/custom_interfaces/custom_interfaces/msg/rosidl_generator_cpp__visibility_control.hpp\n'}
[2.730893] (custom_interfaces) StdoutLine: {'line': b'-- Up-to-date: /workspaces/isaac_ros-dev/install/custom_interfaces/include/custom_interfaces/custom_interfaces/action\n'}
[2.731031] (custom_interfaces) StdoutLine: {'line': b'-- Up-to-date: /workspaces/isaac_ros-dev/install/custom_interfaces/include/custom_interfaces/custom_interfaces/action/track_object.hpp\n'}
[2.731167] (custom_interfaces) StdoutLine: {'line': b'-- Up-to-date: /workspaces/isaac_ros-dev/install/custom_interfaces/include/custom_interfaces/custom_interfaces/action/move.hpp\n'}
[2.731299] (custom_interfaces) StdoutLine: {'line': b'-- Up-to-date: /workspaces/isaac_ros-dev/install/custom_interfaces/include/custom_interfaces/custom_interfaces/action/detail\n'}
[2.731432] (custom_interfaces) StdoutLine: {'line': b'-- Up-to-date: /workspaces/isaac_ros-dev/install/custom_interfaces/include/custom_interfaces/custom_interfaces/action/detail/track_object__traits.hpp\n'}
[2.731573] (custom_interfaces) StdoutLine: {'line': b'-- Up-to-date: /workspaces/isaac_ros-dev/install/custom_interfaces/include/custom_interfaces/custom_interfaces/action/detail/move__struct.hpp\n'}
[2.731715] (custom_interfaces) StdoutLine: {'line': b'-- Up-to-date: /workspaces/isaac_ros-dev/install/custom_interfaces/include/custom_interfaces/custom_interfaces/action/detail/move__builder.hpp\n'}
[2.731893] (custom_interfaces) StdoutLine: {'line': b'-- Up-to-date: /workspaces/isaac_ros-dev/install/custom_interfaces/include/custom_interfaces/custom_interfaces/action/detail/move__traits.hpp\n'}
[2.732030] (custom_interfaces) StdoutLine: {'line': b'-- Up-to-date: /workspaces/isaac_ros-dev/install/custom_interfaces/include/custom_interfaces/custom_interfaces/action/detail/track_object__type_support.hpp\n'}
[2.732167] (custom_interfaces) StdoutLine: {'line': b'-- Up-to-date: /workspaces/isaac_ros-dev/install/custom_interfaces/include/custom_interfaces/custom_interfaces/action/detail/track_object__struct.hpp\n'}
[2.732301] (custom_interfaces) StdoutLine: {'line': b'-- Up-to-date: /workspaces/isaac_ros-dev/install/custom_interfaces/include/custom_interfaces/custom_interfaces/action/detail/move__type_support.hpp\n'}
[2.732459] (custom_interfaces) StdoutLine: {'line': b'-- Up-to-date: /workspaces/isaac_ros-dev/install/custom_interfaces/include/custom_interfaces/custom_interfaces/action/detail/track_object__builder.hpp\n'}
[2.732602] (custom_interfaces) StdoutLine: {'line': b'-- Up-to-date: /workspaces/isaac_ros-dev/install/custom_interfaces/include/custom_interfaces/custom_interfaces\n'}
[2.732736] (custom_interfaces) StdoutLine: {'line': b'-- Up-to-date: /workspaces/isaac_ros-dev/install/custom_interfaces/include/custom_interfaces/custom_interfaces/msg\n'}
[2.732866] (custom_interfaces) StdoutLine: {'line': b'-- Up-to-date: /workspaces/isaac_ros-dev/install/custom_interfaces/include/custom_interfaces/custom_interfaces/msg/rosidl_typesupport_fastrtps_cpp__visibility_control.h\n'}
[2.733001] (custom_interfaces) StdoutLine: {'line': b'-- Up-to-date: /workspaces/isaac_ros-dev/install/custom_interfaces/include/custom_interfaces/custom_interfaces/action\n'}
[2.733135] (custom_interfaces) StdoutLine: {'line': b'-- Up-to-date: /workspaces/isaac_ros-dev/install/custom_interfaces/include/custom_interfaces/custom_interfaces/action/detail\n'}
[2.733270] (custom_interfaces) StdoutLine: {'line': b'-- Up-to-date: /workspaces/isaac_ros-dev/install/custom_interfaces/include/custom_interfaces/custom_interfaces/action/detail/track_object__rosidl_typesupport_fastrtps_cpp.hpp\n'}
[2.733405] (custom_interfaces) StdoutLine: {'line': b'-- Up-to-date: /workspaces/isaac_ros-dev/install/custom_interfaces/include/custom_interfaces/custom_interfaces/action/detail/move__rosidl_typesupport_fastrtps_cpp.hpp\n'}
[2.733537] (custom_interfaces) StdoutLine: {'line': b'-- Up-to-date: /workspaces/isaac_ros-dev/install/custom_interfaces/include/custom_interfaces/custom_interfaces/action/detail/dds_fastrtps\n'}
[2.733713] (custom_interfaces) StdoutLine: {'line': b'-- Up-to-date: /workspaces/isaac_ros-dev/install/custom_interfaces/lib/libcustom_interfaces__rosidl_typesupport_fastrtps_cpp.so\n'}
[2.733848] (custom_interfaces) StdoutLine: {'line': b'-- Up-to-date: /workspaces/isaac_ros-dev/install/custom_interfaces/include/custom_interfaces/custom_interfaces\n'}
[2.733981] (custom_interfaces) StdoutLine: {'line': b'-- Up-to-date: /workspaces/isaac_ros-dev/install/custom_interfaces/include/custom_interfaces/custom_interfaces/msg\n'}
[2.734116] (custom_interfaces) StdoutLine: {'line': b'-- Up-to-date: /workspaces/isaac_ros-dev/install/custom_interfaces/include/custom_interfaces/custom_interfaces/msg/rosidl_typesupport_introspection_c__visibility_control.h\n'}
[2.734308] (custom_interfaces) StdoutLine: {'line': b'-- Up-to-date: /workspaces/isaac_ros-dev/install/custom_interfaces/include/custom_interfaces/custom_interfaces/action\n'}
[2.734452] (custom_interfaces) StdoutLine: {'line': b'-- Up-to-date: /workspaces/isaac_ros-dev/install/custom_interfaces/include/custom_interfaces/custom_interfaces/action/detail\n'}
[2.734593] (custom_interfaces) StdoutLine: {'line': b'-- Up-to-date: /workspaces/isaac_ros-dev/install/custom_interfaces/include/custom_interfaces/custom_interfaces/action/detail/move__rosidl_typesupport_introspection_c.h\n'}
[2.734767] (custom_interfaces) StdoutLine: {'line': b'-- Up-to-date: /workspaces/isaac_ros-dev/install/custom_interfaces/include/custom_interfaces/custom_interfaces/action/detail/track_object__type_support.c\n'}
[2.734910] (custom_interfaces) StdoutLine: {'line': b'-- Up-to-date: /workspaces/isaac_ros-dev/install/custom_interfaces/include/custom_interfaces/custom_interfaces/action/detail/track_object__rosidl_typesupport_introspection_c.h\n'}
[2.735049] (custom_interfaces) StdoutLine: {'line': b'-- Up-to-date: /workspaces/isaac_ros-dev/install/custom_interfaces/include/custom_interfaces/custom_interfaces/action/detail/move__type_support.c\n'}
[2.735188] (custom_interfaces) StdoutLine: {'line': b'-- Up-to-date: /workspaces/isaac_ros-dev/install/custom_interfaces/lib/libcustom_interfaces__rosidl_typesupport_introspection_c.so\n'}
[2.735323] (custom_interfaces) StdoutLine: {'line': b'-- Up-to-date: /workspaces/isaac_ros-dev/install/custom_interfaces/lib/libcustom_interfaces__rosidl_typesupport_c.so\n'}
[2.735453] (custom_interfaces) StdoutLine: {'line': b'-- Up-to-date: /workspaces/isaac_ros-dev/install/custom_interfaces/include/custom_interfaces/custom_interfaces\n'}
[2.735585] (custom_interfaces) StdoutLine: {'line': b'-- Up-to-date: /workspaces/isaac_ros-dev/install/custom_interfaces/include/custom_interfaces/custom_interfaces/action\n'}
[2.735715] (custom_interfaces) StdoutLine: {'line': b'-- Up-to-date: /workspaces/isaac_ros-dev/install/custom_interfaces/include/custom_interfaces/custom_interfaces/action/detail\n'}
[2.735845] (custom_interfaces) StdoutLine: {'line': b'-- Up-to-date: /workspaces/isaac_ros-dev/install/custom_interfaces/include/custom_interfaces/custom_interfaces/action/detail/move__type_support.cpp\n'}
[2.735981] (custom_interfaces) StdoutLine: {'line': b'-- Up-to-date: /workspaces/isaac_ros-dev/install/custom_interfaces/include/custom_interfaces/custom_interfaces/action/detail/track_object__type_support.cpp\n'}
[2.736115] (custom_interfaces) StdoutLine: {'line': b'-- Up-to-date: /workspaces/isaac_ros-dev/install/custom_interfaces/include/custom_interfaces/custom_interfaces/action/detail/track_object__rosidl_typesupport_introspection_cpp.hpp\n'}
[2.736249] (custom_interfaces) StdoutLine: {'line': b'-- Up-to-date: /workspaces/isaac_ros-dev/install/custom_interfaces/include/custom_interfaces/custom_interfaces/action/detail/move__rosidl_typesupport_introspection_cpp.hpp\n'}
[2.736405] (custom_interfaces) StdoutLine: {'line': b'-- Up-to-date: /workspaces/isaac_ros-dev/install/custom_interfaces/lib/libcustom_interfaces__rosidl_typesupport_introspection_cpp.so\n'}
[2.736542] (custom_interfaces) StdoutLine: {'line': b'-- Up-to-date: /workspaces/isaac_ros-dev/install/custom_interfaces/lib/libcustom_interfaces__rosidl_typesupport_cpp.so\n'}
[2.736677] (custom_interfaces) StdoutLine: {'line': b'-- Up-to-date: /workspaces/isaac_ros-dev/install/custom_interfaces/share/custom_interfaces/environment/pythonpath.sh\n'}
[2.736809] (custom_interfaces) StdoutLine: {'line': b'-- Up-to-date: /workspaces/isaac_ros-dev/install/custom_interfaces/share/custom_interfaces/environment/pythonpath.dsv\n'}
[2.736946] (custom_interfaces) StdoutLine: {'line': b'-- Up-to-date: /workspaces/isaac_ros-dev/install/custom_interfaces/local/lib/python3.10/dist-packages/custom_interfaces-0.0.0-py3.10.egg-info\n'}
[2.737080] (custom_interfaces) StdoutLine: {'line': b'-- Installing: /workspaces/isaac_ros-dev/install/custom_interfaces/local/lib/python3.10/dist-packages/custom_interfaces-0.0.0-py3.10.egg-info/dependency_links.txt\n'}
[2.737214] (custom_interfaces) StdoutLine: {'line': b'-- Installing: /workspaces/isaac_ros-dev/install/custom_interfaces/local/lib/python3.10/dist-packages/custom_interfaces-0.0.0-py3.10.egg-info/SOURCES.txt\n'}
[2.737346] (custom_interfaces) StdoutLine: {'line': b'-- Installing: /workspaces/isaac_ros-dev/install/custom_interfaces/local/lib/python3.10/dist-packages/custom_interfaces-0.0.0-py3.10.egg-info/top_level.txt\n'}
[2.737479] (custom_interfaces) StdoutLine: {'line': b'-- Installing: /workspaces/isaac_ros-dev/install/custom_interfaces/local/lib/python3.10/dist-packages/custom_interfaces-0.0.0-py3.10.egg-info/PKG-INFO\n'}
[2.737640] (custom_interfaces) StdoutLine: {'line': b'-- Up-to-date: /workspaces/isaac_ros-dev/install/custom_interfaces/local/lib/python3.10/dist-packages/custom_interfaces\n'}
[2.737797] (custom_interfaces) StdoutLine: {'line': b'-- Up-to-date: /workspaces/isaac_ros-dev/install/custom_interfaces/local/lib/python3.10/dist-packages/custom_interfaces/_custom_interfaces_s.ep.rosidl_typesupport_introspection_c.c\n'}
[2.737959] (custom_interfaces) StdoutLine: {'line': b'-- Up-to-date: /workspaces/isaac_ros-dev/install/custom_interfaces/local/lib/python3.10/dist-packages/custom_interfaces/custom_interfaces_s__rosidl_typesupport_c.cpython-310-aarch64-linux-gnu.so\n'}
[2.738099] (custom_interfaces) StdoutLine: {'line': b'-- Up-to-date: /workspaces/isaac_ros-dev/install/custom_interfaces/local/lib/python3.10/dist-packages/custom_interfaces/action\n'}
[2.738297] (custom_interfaces) StdoutLine: {'line': b'-- Up-to-date: /workspaces/isaac_ros-dev/install/custom_interfaces/local/lib/python3.10/dist-packages/custom_interfaces/action/_move.py\n'}
[2.738448] (custom_interfaces) StdoutLine: {'line': b'-- Up-to-date: /workspaces/isaac_ros-dev/install/custom_interfaces/local/lib/python3.10/dist-packages/custom_interfaces/action/_track_object.py\n'}
[2.738588] (custom_interfaces) StdoutLine: {'line': b'-- Up-to-date: /workspaces/isaac_ros-dev/install/custom_interfaces/local/lib/python3.10/dist-packages/custom_interfaces/action/_move_s.c\n'}
[2.738722] (custom_interfaces) StdoutLine: {'line': b'-- Up-to-date: /workspaces/isaac_ros-dev/install/custom_interfaces/local/lib/python3.10/dist-packages/custom_interfaces/action/_track_object_s.c\n'}
[2.738856] (custom_interfaces) StdoutLine: {'line': b'-- Up-to-date: /workspaces/isaac_ros-dev/install/custom_interfaces/local/lib/python3.10/dist-packages/custom_interfaces/action/__init__.py\n'}
[2.738991] (custom_interfaces) StdoutLine: {'line': b'-- Up-to-date: /workspaces/isaac_ros-dev/install/custom_interfaces/local/lib/python3.10/dist-packages/custom_interfaces/custom_interfaces_s__rosidl_typesupport_introspection_c.cpython-310-aarch64-linux-gnu.so\n'}
[2.739130] (custom_interfaces) StdoutLine: {'line': b'-- Up-to-date: /workspaces/isaac_ros-dev/install/custom_interfaces/local/lib/python3.10/dist-packages/custom_interfaces/_custom_interfaces_s.ep.rosidl_typesupport_c.c\n'}
[2.739263] (custom_interfaces) StdoutLine: {'line': b'-- Up-to-date: /workspaces/isaac_ros-dev/install/custom_interfaces/local/lib/python3.10/dist-packages/custom_interfaces/_custom_interfaces_s.ep.rosidl_typesupport_fastrtps_c.c\n'}
[2.739396] (custom_interfaces) StdoutLine: {'line': b'-- Up-to-date: /workspaces/isaac_ros-dev/install/custom_interfaces/local/lib/python3.10/dist-packages/custom_interfaces/custom_interfaces_s__rosidl_typesupport_fastrtps_c.cpython-310-aarch64-linux-gnu.so\n'}
[2.739528] (custom_interfaces) StdoutLine: {'line': b'-- Up-to-date: /workspaces/isaac_ros-dev/install/custom_interfaces/local/lib/python3.10/dist-packages/custom_interfaces/libcustom_interfaces__rosidl_generator_py.so\n'}
[2.739660] (custom_interfaces) StdoutLine: {'line': b'-- Up-to-date: /workspaces/isaac_ros-dev/install/custom_interfaces/local/lib/python3.10/dist-packages/custom_interfaces/__init__.py\n'}
[2.823201] (-) TimerEvent: {}
[2.831781] (custom_interfaces) StdoutLine: {'line': b"Listing '/workspaces/isaac_ros-dev/install/custom_interfaces/local/lib/python3.10/dist-packages/custom_interfaces'...\n"}
[2.832368] (custom_interfaces) StdoutLine: {'line': b"Listing '/workspaces/isaac_ros-dev/install/custom_interfaces/local/lib/python3.10/dist-packages/custom_interfaces/action'...\n"}
[2.847987] (custom_interfaces) StdoutLine: {'line': b'-- Up-to-date: /workspaces/isaac_ros-dev/install/custom_interfaces/local/lib/python3.10/dist-packages/custom_interfaces/custom_interfaces_s__rosidl_typesupport_fastrtps_c.cpython-310-aarch64-linux-gnu.so\n'}
[2.848658] (custom_interfaces) StdoutLine: {'line': b'-- Up-to-date: /workspaces/isaac_ros-dev/install/custom_interfaces/local/lib/python3.10/dist-packages/custom_interfaces/custom_interfaces_s__rosidl_typesupport_introspection_c.cpython-310-aarch64-linux-gnu.so\n'}
[2.848996] (custom_interfaces) StdoutLine: {'line': b'-- Up-to-date: /workspaces/isaac_ros-dev/install/custom_interfaces/local/lib/python3.10/dist-packages/custom_interfaces/custom_interfaces_s__rosidl_typesupport_c.cpython-310-aarch64-linux-gnu.so\n'}
[2.850923] (custom_interfaces) StdoutLine: {'line': b'-- Up-to-date: /workspaces/isaac_ros-dev/install/custom_interfaces/lib/libcustom_interfaces__rosidl_generator_py.so\n'}
[2.851415] (custom_interfaces) StdoutLine: {'line': b'-- Up-to-date: /workspaces/isaac_ros-dev/install/custom_interfaces/share/custom_interfaces/action/Move.idl\n'}
[2.851658] (custom_interfaces) StdoutLine: {'line': b'-- Up-to-date: /workspaces/isaac_ros-dev/install/custom_interfaces/share/custom_interfaces/action/TrackObject.idl\n'}
[2.851833] (custom_interfaces) StdoutLine: {'line': b'-- Up-to-date: /workspaces/isaac_ros-dev/install/custom_interfaces/share/custom_interfaces/action/Move.action\n'}
[2.852078] (custom_interfaces) StdoutLine: {'line': b'-- Up-to-date: /workspaces/isaac_ros-dev/install/custom_interfaces/share/custom_interfaces/action/TrackObject.action\n'}
[2.852236] (custom_interfaces) StdoutLine: {'line': b'-- Up-to-date: /workspaces/isaac_ros-dev/install/custom_interfaces/share/ament_index/resource_index/package_run_dependencies/custom_interfaces\n'}
[2.852402] (custom_interfaces) StdoutLine: {'line': b'-- Up-to-date: /workspaces/isaac_ros-dev/install/custom_interfaces/share/ament_index/resource_index/parent_prefix_path/custom_interfaces\n'}
[2.852623] (custom_interfaces) StdoutLine: {'line': b'-- Up-to-date: /workspaces/isaac_ros-dev/install/custom_interfaces/share/custom_interfaces/environment/ament_prefix_path.sh\n'}
[2.852864] (custom_interfaces) StdoutLine: {'line': b'-- Up-to-date: /workspaces/isaac_ros-dev/install/custom_interfaces/share/custom_interfaces/environment/ament_prefix_path.dsv\n'}
[2.853038] (custom_interfaces) StdoutLine: {'line': b'-- Up-to-date: /workspaces/isaac_ros-dev/install/custom_interfaces/share/custom_interfaces/environment/path.sh\n'}
[2.853307] (custom_interfaces) StdoutLine: {'line': b'-- Up-to-date: /workspaces/isaac_ros-dev/install/custom_interfaces/share/custom_interfaces/environment/path.dsv\n'}
[2.853456] (custom_interfaces) StdoutLine: {'line': b'-- Up-to-date: /workspaces/isaac_ros-dev/install/custom_interfaces/share/custom_interfaces/local_setup.bash\n'}
[2.853596] (custom_interfaces) StdoutLine: {'line': b'-- Up-to-date: /workspaces/isaac_ros-dev/install/custom_interfaces/share/custom_interfaces/local_setup.sh\n'}
[2.853753] (custom_interfaces) StdoutLine: {'line': b'-- Up-to-date: /workspaces/isaac_ros-dev/install/custom_interfaces/share/custom_interfaces/local_setup.zsh\n'}
[2.853952] (custom_interfaces) StdoutLine: {'line': b'-- Up-to-date: /workspaces/isaac_ros-dev/install/custom_interfaces/share/custom_interfaces/local_setup.dsv\n'}
[2.854094] (custom_interfaces) StdoutLine: {'line': b'-- Installing: /workspaces/isaac_ros-dev/install/custom_interfaces/share/custom_interfaces/package.dsv\n'}
[2.854260] (custom_interfaces) StdoutLine: {'line': b'-- Up-to-date: /workspaces/isaac_ros-dev/install/custom_interfaces/share/ament_index/resource_index/packages/custom_interfaces\n'}
[2.854548] (custom_interfaces) StdoutLine: {'line': b'-- Up-to-date: /workspaces/isaac_ros-dev/install/custom_interfaces/share/custom_interfaces/cmake/export_custom_interfaces__rosidl_generator_cExport.cmake\n'}
[2.854701] (custom_interfaces) StdoutLine: {'line': b'-- Up-to-date: /workspaces/isaac_ros-dev/install/custom_interfaces/share/custom_interfaces/cmake/export_custom_interfaces__rosidl_generator_cExport-noconfig.cmake\n'}
[2.854864] (custom_interfaces) StdoutLine: {'line': b'-- Up-to-date: /workspaces/isaac_ros-dev/install/custom_interfaces/share/custom_interfaces/cmake/export_custom_interfaces__rosidl_typesupport_fastrtps_cExport.cmake\n'}
[2.855114] (custom_interfaces) StdoutLine: {'line': b'-- Up-to-date: /workspaces/isaac_ros-dev/install/custom_interfaces/share/custom_interfaces/cmake/export_custom_interfaces__rosidl_typesupport_fastrtps_cExport-noconfig.cmake\n'}
[2.855364] (custom_interfaces) StdoutLine: {'line': b'-- Up-to-date: /workspaces/isaac_ros-dev/install/custom_interfaces/share/custom_interfaces/cmake/export_custom_interfaces__rosidl_generator_cppExport.cmake\n'}
[2.855575] (custom_interfaces) StdoutLine: {'line': b'-- Up-to-date: /workspaces/isaac_ros-dev/install/custom_interfaces/share/custom_interfaces/cmake/export_custom_interfaces__rosidl_typesupport_fastrtps_cppExport.cmake\n'}
[2.855786] (custom_interfaces) StdoutLine: {'line': b'-- Up-to-date: /workspaces/isaac_ros-dev/install/custom_interfaces/share/custom_interfaces/cmake/export_custom_interfaces__rosidl_typesupport_fastrtps_cppExport-noconfig.cmake\n'}
[2.855968] (custom_interfaces) StdoutLine: {'line': b'-- Up-to-date: /workspaces/isaac_ros-dev/install/custom_interfaces/share/custom_interfaces/cmake/custom_interfaces__rosidl_typesupport_introspection_cExport.cmake\n'}
[2.856217] (custom_interfaces) StdoutLine: {'line': b'-- Up-to-date: /workspaces/isaac_ros-dev/install/custom_interfaces/share/custom_interfaces/cmake/custom_interfaces__rosidl_typesupport_introspection_cExport-noconfig.cmake\n'}
[2.856433] (custom_interfaces) StdoutLine: {'line': b'-- Up-to-date: /workspaces/isaac_ros-dev/install/custom_interfaces/share/custom_interfaces/cmake/custom_interfaces__rosidl_typesupport_cExport.cmake\n'}
[2.856658] (custom_interfaces) StdoutLine: {'line': b'-- Up-to-date: /workspaces/isaac_ros-dev/install/custom_interfaces/share/custom_interfaces/cmake/custom_interfaces__rosidl_typesupport_cExport-noconfig.cmake\n'}
[2.856979] (custom_interfaces) StdoutLine: {'line': b'-- Up-to-date: /workspaces/isaac_ros-dev/install/custom_interfaces/share/custom_interfaces/cmake/custom_interfaces__rosidl_typesupport_introspection_cppExport.cmake\n'}
[2.857302] (custom_interfaces) StdoutLine: {'line': b'-- Up-to-date: /workspaces/isaac_ros-dev/install/custom_interfaces/share/custom_interfaces/cmake/custom_interfaces__rosidl_typesupport_introspection_cppExport-noconfig.cmake\n'}
[2.857735] (custom_interfaces) StdoutLine: {'line': b'-- Up-to-date: /workspaces/isaac_ros-dev/install/custom_interfaces/share/custom_interfaces/cmake/custom_interfaces__rosidl_typesupport_cppExport.cmake\n'}
[2.857927] (custom_interfaces) StdoutLine: {'line': b'-- Up-to-date: /workspaces/isaac_ros-dev/install/custom_interfaces/share/custom_interfaces/cmake/custom_interfaces__rosidl_typesupport_cppExport-noconfig.cmake\n'}
[2.858075] (custom_interfaces) StdoutLine: {'line': b'-- Up-to-date: /workspaces/isaac_ros-dev/install/custom_interfaces/share/custom_interfaces/cmake/export_custom_interfaces__rosidl_generator_pyExport.cmake\n'}
[2.858240] (custom_interfaces) StdoutLine: {'line': b'-- Up-to-date: /workspaces/isaac_ros-dev/install/custom_interfaces/share/custom_interfaces/cmake/export_custom_interfaces__rosidl_generator_pyExport-noconfig.cmake\n'}
[2.858392] (custom_interfaces) StdoutLine: {'line': b'-- Up-to-date: /workspaces/isaac_ros-dev/install/custom_interfaces/share/custom_interfaces/cmake/rosidl_cmake-extras.cmake\n'}
[2.858528] (custom_interfaces) StdoutLine: {'line': b'-- Up-to-date: /workspaces/isaac_ros-dev/install/custom_interfaces/share/custom_interfaces/cmake/ament_cmake_export_dependencies-extras.cmake\n'}
[2.858664] (custom_interfaces) StdoutLine: {'line': b'-- Up-to-date: /workspaces/isaac_ros-dev/install/custom_interfaces/share/custom_interfaces/cmake/ament_cmake_export_include_directories-extras.cmake\n'}
[2.858858] (custom_interfaces) StdoutLine: {'line': b'-- Up-to-date: /workspaces/isaac_ros-dev/install/custom_interfaces/share/custom_interfaces/cmake/ament_cmake_export_libraries-extras.cmake\n'}
[2.859000] (custom_interfaces) StdoutLine: {'line': b'-- Up-to-date: /workspaces/isaac_ros-dev/install/custom_interfaces/share/custom_interfaces/cmake/ament_cmake_export_targets-extras.cmake\n'}
[2.859139] (custom_interfaces) StdoutLine: {'line': b'-- Up-to-date: /workspaces/isaac_ros-dev/install/custom_interfaces/share/custom_interfaces/cmake/rosidl_cmake_export_typesupport_targets-extras.cmake\n'}
[2.859304] (custom_interfaces) StdoutLine: {'line': b'-- Up-to-date: /workspaces/isaac_ros-dev/install/custom_interfaces/share/custom_interfaces/cmake/rosidl_cmake_export_typesupport_libraries-extras.cmake\n'}
[2.859444] (custom_interfaces) StdoutLine: {'line': b'-- Up-to-date: /workspaces/isaac_ros-dev/install/custom_interfaces/share/custom_interfaces/cmake/custom_interfacesConfig.cmake\n'}
[2.859577] (custom_interfaces) StdoutLine: {'line': b'-- Up-to-date: /workspaces/isaac_ros-dev/install/custom_interfaces/share/custom_interfaces/cmake/custom_interfacesConfig-version.cmake\n'}
[2.859710] (custom_interfaces) StdoutLine: {'line': b'-- Up-to-date: /workspaces/isaac_ros-dev/install/custom_interfaces/share/custom_interfaces/package.xml\n'}
[2.864449] (custom_interfaces) CommandEnded: {'returncode': 0}
[2.924145] (-) TimerEvent: {}
[2.932593] (custom_interfaces) JobEnded: {'identifier': 'custom_interfaces', 'rc': 0}
[2.934317] (my_action_client) JobStarted: {'identifier': 'my_action_client'}
[2.949130] (my_action_server) JobStarted: {'identifier': 'my_action_server'}
[2.968871] (my_action_client) JobProgress: {'identifier': 'my_action_client', 'progress': 'cmake'}
[2.974639] (my_action_client) JobProgress: {'identifier': 'my_action_client', 'progress': 'build'}
[2.975540] (my_action_client) Command: {'cmd': ['/usr/bin/cmake', '--build', '/workspaces/isaac_ros-dev/build/my_action_client', '--', '-j6', '-l6'], 'cwd': '/workspaces/isaac_ros-dev/build/my_action_client', 'env': OrderedDict([('LIBRARY_PATH', '/usr/local/cuda/lib64/stubs'), ('PYTHONWARNINGS', 'ignore:::setuptools.command.install,ignore:::setuptools.command.easy_install,ignore:::pkg_resources,ignore:::setuptools.command.develop'), ('NV_LIBCUBLAS_VERSION', '12.6.1.4-1'), ('USER', 'stickykeys'), ('NV_CUDA_NSIGHT_COMPUTE_VERSION', '12.6.11-1'), ('HOSTNAME', 'stickykeys-desktop'), ('SHLVL', '1'), ('LD_LIBRARY_PATH', '/workspaces/isaac_ros-dev/install/custom_interfaces/lib:/opt/ros/humble/opt/rviz_ogre_vendor/lib:/opt/ros/humble/lib/aarch64-linux-gnu:/opt/ros/humble/lib:/usr/lib/aarch64-linux-gnu/tegra/weston:/usr/lib/aarch64-linux-gnu/tegra-egl:/usr/local/cuda-12.6/targets/aarch64-linux/lib:/usr/lib/aarch64-linux-gnu/tegra:/opt/nvidia/vpi3/lib64:/usr/local/libcudss-linux-0.3.0.9_cuda12-archive/lib:/usr/local/nvidia/lib:/usr/local/nvidia/lib64:/usr/lib/aarch64-linux-gnu-host:/opt/tritonserver/lib'), ('HOME', '/home/admin'), ('HOST_USER_GID', '1000'), ('NV_LIBCUBLAS_DEV_VERSION', '12.6.1.4-1'), ('ROS_PYTHON_VERSION', '3'), ('NV_LIBNPP_PACKAGE', 'libnpp-12-6=12.3.1.54-1'), ('CUDA_VERSION', '12.6.11'), ('COLCON_PREFIX_PATH', '/workspaces/isaac_ros-dev/install'), ('ROS_DISTRO', 'humble'), ('NV_LIBCUBLAS_PACKAGE_NAME', 'libcublas-12-6'), ('NVIDIA_REQUIRE_CUDA', 'cuda>=12.6'), ('_', '/usr/bin/colcon'), ('ROS_VERSION', '2'), ('NV_LIBCUSPARSE_VERSION', '12.5.3.3-1'), ('NVIDIA_DRIVER_CAPABILITIES', 'all'), ('NV_CUDA_LIB_VERSION', '12.6.11-1'), ('NV_NVML_DEV_VERSION', '12.6.68-1'), ('USERNAME', 'admin'), ('NV_LIBNPP_DEV_PACKAGE', 'libnpp-dev-12-6=12.3.1.54-1'), ('TERM', 'xterm'), ('ISAAC_ROS_WS', '/workspaces/isaac_ros-dev'), ('NV_CUDA_CUDART_VERSION', '12.6.68-1'), ('ROS_LOCALHOST_ONLY', '0'), ('PATH', '/opt/ros/humble/bin:/opt/ros/humble/vcstool/scripts:/usr/local/nvidia/bin:/usr/local/cuda/bin:/usr/src/tensorrt/bin:/usr/local/nvidia/bin:/usr/local/cuda/bin:/usr/local/sbin:/usr/local/bin:/usr/sbin:/usr/bin:/sbin:/bin'), ('NV_LIBCUBLAS_DEV_PACKAGE_NAME', 'libcublas-dev-12-6'), ('NV_LIBCUBLAS_PACKAGE', 'libcublas-12-6=12.6.1.4-1'), ('HOST_USER_UID', '1000'), ('NVARCH', 'arm64'), ('CUDSS_DIR', '/usr/local/libcudss-linux-0.3.0.9_cuda12-archive'), ('NV_LIBCUSPARSE_DEV_VERSION', '12.5.3.3-1'), ('DISPLAY', ':1'), ('NVIDIA_PRODUCT_NAME', 'CUDA'), ('LANG', 'en_US.UTF-8'), ('RMW_IMPLEMENTATION', 'rmw_fastrtps_cpp'), ('NV_CUDA_CUDART_DEV_VERSION', '12.6.68-1'), ('ROS_ROOT', '/opt/ros/humble'), ('SSH_AUTH_SOCK', '/ssh-agent'), ('AMENT_PREFIX_PATH', '/workspaces/isaac_ros-dev/install/my_action_server:/workspaces/isaac_ros-dev/install/my_action_client:/workspaces/isaac_ros-dev/install/custom_interfaces:/opt/ros/humble'), ('DEBIAN_FRONTEND', 'noninteractive'), ('SHELL', '/bin/bash'), ('TRT_INCLUDE_PATH', '/usr/include/aarch64-linux-gnu'), ('NV_LIBCUBLAS_DEV_PACKAGE', 'libcublas-dev-12-6=12.6.1.4-1'), ('NV_CUDA_NSIGHT_COMPUTE_DEV_PACKAGE', 'cuda-nsight-compute-12-6=12.6.11-1'), ('NVIDIA_REQUIRE_JETPACK_HOST_MOUNTS', 'base-only'), ('NV_NVTX_VERSION', '12.6.68-1'), ('NV_LIBNPP_VERSION', '12.3.1.54-1'), ('PWD', '/workspaces/isaac_ros-dev/build/my_action_client'), ('PYTHONPATH', '/workspaces/isaac_ros-dev/install/custom_interfaces/local/lib/python3.10/dist-packages:/opt/ros/humble/lib/python3.10/site-packages:/opt/ros/humble/local/lib/python3.10/dist-packages:/opt/ros/humble/vcstool:'), ('NVIDIA_VISIBLE_DEVICES', 'nvidia.com/gpu=all,nvidia.com/pva=all'), ('COLCON', '1'), ('NV_LIBNPP_DEV_VERSION', '12.3.1.54-1'), ('CMAKE_PREFIX_PATH', '/workspaces/isaac_ros-dev/install/custom_interfaces:/workspaces/isaac_ros-dev/install/my_action_server:/workspaces/isaac_ros-dev/install/my_action_client:/usr/local/libcudss-linux-0.3.0.9_cuda12-archive:/opt/ros/humble'), ('TRT_LIB_PATH', '/usr/lib/aarch64-linux-gnu')]), 'shell': False}
[2.995788] (my_action_server) JobProgress: {'identifier': 'my_action_server', 'progress': 'cmake'}
[2.997959] (my_action_server) JobProgress: {'identifier': 'my_action_server', 'progress': 'build'}
[2.999094] (my_action_server) Command: {'cmd': ['/usr/bin/cmake', '--build', '/workspaces/isaac_ros-dev/build/my_action_server', '--', '-j6', '-l6'], 'cwd': '/workspaces/isaac_ros-dev/build/my_action_server', 'env': OrderedDict([('LIBRARY_PATH', '/usr/local/cuda/lib64/stubs'), ('PYTHONWARNINGS', 'ignore:::setuptools.command.install,ignore:::setuptools.command.easy_install,ignore:::pkg_resources,ignore:::setuptools.command.develop'), ('NV_LIBCUBLAS_VERSION', '12.6.1.4-1'), ('USER', 'stickykeys'), ('NV_CUDA_NSIGHT_COMPUTE_VERSION', '12.6.11-1'), ('HOSTNAME', 'stickykeys-desktop'), ('SHLVL', '1'), ('LD_LIBRARY_PATH', '/workspaces/isaac_ros-dev/install/custom_interfaces/lib:/opt/ros/humble/opt/rviz_ogre_vendor/lib:/opt/ros/humble/lib/aarch64-linux-gnu:/opt/ros/humble/lib:/usr/lib/aarch64-linux-gnu/tegra/weston:/usr/lib/aarch64-linux-gnu/tegra-egl:/usr/local/cuda-12.6/targets/aarch64-linux/lib:/usr/lib/aarch64-linux-gnu/tegra:/opt/nvidia/vpi3/lib64:/usr/local/libcudss-linux-0.3.0.9_cuda12-archive/lib:/usr/local/nvidia/lib:/usr/local/nvidia/lib64:/usr/lib/aarch64-linux-gnu-host:/opt/tritonserver/lib'), ('HOME', '/home/admin'), ('HOST_USER_GID', '1000'), ('NV_LIBCUBLAS_DEV_VERSION', '12.6.1.4-1'), ('ROS_PYTHON_VERSION', '3'), ('NV_LIBNPP_PACKAGE', 'libnpp-12-6=12.3.1.54-1'), ('CUDA_VERSION', '12.6.11'), ('COLCON_PREFIX_PATH', '/workspaces/isaac_ros-dev/install'), ('ROS_DISTRO', 'humble'), ('NV_LIBCUBLAS_PACKAGE_NAME', 'libcublas-12-6'), ('NVIDIA_REQUIRE_CUDA', 'cuda>=12.6'), ('_', '/usr/bin/colcon'), ('ROS_VERSION', '2'), ('NV_LIBCUSPARSE_VERSION', '12.5.3.3-1'), ('NVIDIA_DRIVER_CAPABILITIES', 'all'), ('NV_CUDA_LIB_VERSION', '12.6.11-1'), ('NV_NVML_DEV_VERSION', '12.6.68-1'), ('USERNAME', 'admin'), ('NV_LIBNPP_DEV_PACKAGE', 'libnpp-dev-12-6=12.3.1.54-1'), ('TERM', 'xterm'), ('ISAAC_ROS_WS', '/workspaces/isaac_ros-dev'), ('NV_CUDA_CUDART_VERSION', '12.6.68-1'), ('ROS_LOCALHOST_ONLY', '0'), ('PATH', '/opt/ros/humble/bin:/opt/ros/humble/vcstool/scripts:/usr/local/nvidia/bin:/usr/local/cuda/bin:/usr/src/tensorrt/bin:/usr/local/nvidia/bin:/usr/local/cuda/bin:/usr/local/sbin:/usr/local/bin:/usr/sbin:/usr/bin:/sbin:/bin'), ('NV_LIBCUBLAS_DEV_PACKAGE_NAME', 'libcublas-dev-12-6'), ('NV_LIBCUBLAS_PACKAGE', 'libcublas-12-6=12.6.1.4-1'), ('HOST_USER_UID', '1000'), ('NVARCH', 'arm64'), ('CUDSS_DIR', '/usr/local/libcudss-linux-0.3.0.9_cuda12-archive'), ('NV_LIBCUSPARSE_DEV_VERSION', '12.5.3.3-1'), ('DISPLAY', ':1'), ('NVIDIA_PRODUCT_NAME', 'CUDA'), ('LANG', 'en_US.UTF-8'), ('RMW_IMPLEMENTATION', 'rmw_fastrtps_cpp'), ('NV_CUDA_CUDART_DEV_VERSION', '12.6.68-1'), ('ROS_ROOT', '/opt/ros/humble'), ('SSH_AUTH_SOCK', '/ssh-agent'), ('AMENT_PREFIX_PATH', '/workspaces/isaac_ros-dev/install/my_action_server:/workspaces/isaac_ros-dev/install/my_action_client:/workspaces/isaac_ros-dev/install/custom_interfaces:/opt/ros/humble'), ('DEBIAN_FRONTEND', 'noninteractive'), ('SHELL', '/bin/bash'), ('TRT_INCLUDE_PATH', '/usr/include/aarch64-linux-gnu'), ('NV_LIBCUBLAS_DEV_PACKAGE', 'libcublas-dev-12-6=12.6.1.4-1'), ('NV_CUDA_NSIGHT_COMPUTE_DEV_PACKAGE', 'cuda-nsight-compute-12-6=12.6.11-1'), ('NVIDIA_REQUIRE_JETPACK_HOST_MOUNTS', 'base-only'), ('NV_NVTX_VERSION', '12.6.68-1'), ('NV_LIBNPP_VERSION', '12.3.1.54-1'), ('PWD', '/workspaces/isaac_ros-dev/build/my_action_server'), ('PYTHONPATH', '/workspaces/isaac_ros-dev/install/custom_interfaces/local/lib/python3.10/dist-packages:/opt/ros/humble/lib/python3.10/site-packages:/opt/ros/humble/local/lib/python3.10/dist-packages:/opt/ros/humble/vcstool:'), ('NVIDIA_VISIBLE_DEVICES', 'nvidia.com/gpu=all,nvidia.com/pva=all'), ('COLCON', '1'), ('NV_LIBNPP_DEV_VERSION', '12.3.1.54-1'), ('CMAKE_PREFIX_PATH', '/workspaces/isaac_ros-dev/install/custom_interfaces:/workspaces/isaac_ros-dev/install/my_action_server:/workspaces/isaac_ros-dev/install/my_action_client:/usr/local/libcudss-linux-0.3.0.9_cuda12-archive:/opt/ros/humble'), ('TRT_LIB_PATH', '/usr/lib/aarch64-linux-gnu')]), 'shell': False}
[3.024350] (-) TimerEvent: {}
[3.126864] (-) TimerEvent: {}
[3.168751] (my_action_server) StdoutLine: {'line': b'\x1b[35m\x1b[1mConsolidate compiler generated dependencies of target action_server\x1b[0m\n'}
[3.209284] (my_action_client) StdoutLine: {'line': b'[100%] Built target action_client\n'}
[3.227080] (-) TimerEvent: {}
[3.250905] (my_action_client) CommandEnded: {'returncode': 0}
[3.251983] (my_action_client) JobProgress: {'identifier': 'my_action_client', 'progress': 'install'}
[3.252070] (my_action_client) Command: {'cmd': ['/usr/bin/cmake', '--install', '/workspaces/isaac_ros-dev/build/my_action_client'], 'cwd': '/workspaces/isaac_ros-dev/build/my_action_client', 'env': OrderedDict([('LIBRARY_PATH', '/usr/local/cuda/lib64/stubs'), ('PYTHONWARNINGS', 'ignore:::setuptools.command.install,ignore:::setuptools.command.easy_install,ignore:::pkg_resources,ignore:::setuptools.command.develop'), ('NV_LIBCUBLAS_VERSION', '12.6.1.4-1'), ('USER', 'stickykeys'), ('NV_CUDA_NSIGHT_COMPUTE_VERSION', '12.6.11-1'), ('HOSTNAME', 'stickykeys-desktop'), ('SHLVL', '1'), ('LD_LIBRARY_PATH', '/workspaces/isaac_ros-dev/install/custom_interfaces/lib:/opt/ros/humble/opt/rviz_ogre_vendor/lib:/opt/ros/humble/lib/aarch64-linux-gnu:/opt/ros/humble/lib:/usr/lib/aarch64-linux-gnu/tegra/weston:/usr/lib/aarch64-linux-gnu/tegra-egl:/usr/local/cuda-12.6/targets/aarch64-linux/lib:/usr/lib/aarch64-linux-gnu/tegra:/opt/nvidia/vpi3/lib64:/usr/local/libcudss-linux-0.3.0.9_cuda12-archive/lib:/usr/local/nvidia/lib:/usr/local/nvidia/lib64:/usr/lib/aarch64-linux-gnu-host:/opt/tritonserver/lib'), ('HOME', '/home/admin'), ('HOST_USER_GID', '1000'), ('NV_LIBCUBLAS_DEV_VERSION', '12.6.1.4-1'), ('ROS_PYTHON_VERSION', '3'), ('NV_LIBNPP_PACKAGE', 'libnpp-12-6=12.3.1.54-1'), ('CUDA_VERSION', '12.6.11'), ('COLCON_PREFIX_PATH', '/workspaces/isaac_ros-dev/install'), ('ROS_DISTRO', 'humble'), ('NV_LIBCUBLAS_PACKAGE_NAME', 'libcublas-12-6'), ('NVIDIA_REQUIRE_CUDA', 'cuda>=12.6'), ('_', '/usr/bin/colcon'), ('ROS_VERSION', '2'), ('NV_LIBCUSPARSE_VERSION', '12.5.3.3-1'), ('NVIDIA_DRIVER_CAPABILITIES', 'all'), ('NV_CUDA_LIB_VERSION', '12.6.11-1'), ('NV_NVML_DEV_VERSION', '12.6.68-1'), ('USERNAME', 'admin'), ('NV_LIBNPP_DEV_PACKAGE', 'libnpp-dev-12-6=12.3.1.54-1'), ('TERM', 'xterm'), ('ISAAC_ROS_WS', '/workspaces/isaac_ros-dev'), ('NV_CUDA_CUDART_VERSION', '12.6.68-1'), ('ROS_LOCALHOST_ONLY', '0'), ('PATH', '/opt/ros/humble/bin:/opt/ros/humble/vcstool/scripts:/usr/local/nvidia/bin:/usr/local/cuda/bin:/usr/src/tensorrt/bin:/usr/local/nvidia/bin:/usr/local/cuda/bin:/usr/local/sbin:/usr/local/bin:/usr/sbin:/usr/bin:/sbin:/bin'), ('NV_LIBCUBLAS_DEV_PACKAGE_NAME', 'libcublas-dev-12-6'), ('NV_LIBCUBLAS_PACKAGE', 'libcublas-12-6=12.6.1.4-1'), ('HOST_USER_UID', '1000'), ('NVARCH', 'arm64'), ('CUDSS_DIR', '/usr/local/libcudss-linux-0.3.0.9_cuda12-archive'), ('NV_LIBCUSPARSE_DEV_VERSION', '12.5.3.3-1'), ('DISPLAY', ':1'), ('NVIDIA_PRODUCT_NAME', 'CUDA'), ('LANG', 'en_US.UTF-8'), ('RMW_IMPLEMENTATION', 'rmw_fastrtps_cpp'), ('NV_CUDA_CUDART_DEV_VERSION', '12.6.68-1'), ('ROS_ROOT', '/opt/ros/humble'), ('SSH_AUTH_SOCK', '/ssh-agent'), ('AMENT_PREFIX_PATH', '/workspaces/isaac_ros-dev/install/my_action_server:/workspaces/isaac_ros-dev/install/my_action_client:/workspaces/isaac_ros-dev/install/custom_interfaces:/opt/ros/humble'), ('DEBIAN_FRONTEND', 'noninteractive'), ('SHELL', '/bin/bash'), ('TRT_INCLUDE_PATH', '/usr/include/aarch64-linux-gnu'), ('NV_LIBCUBLAS_DEV_PACKAGE', 'libcublas-dev-12-6=12.6.1.4-1'), ('NV_CUDA_NSIGHT_COMPUTE_DEV_PACKAGE', 'cuda-nsight-compute-12-6=12.6.11-1'), ('NVIDIA_REQUIRE_JETPACK_HOST_MOUNTS', 'base-only'), ('NV_NVTX_VERSION', '12.6.68-1'), ('NV_LIBNPP_VERSION', '12.3.1.54-1'), ('PWD', '/workspaces/isaac_ros-dev/build/my_action_client'), ('PYTHONPATH', '/workspaces/isaac_ros-dev/install/custom_interfaces/local/lib/python3.10/dist-packages:/opt/ros/humble/lib/python3.10/site-packages:/opt/ros/humble/local/lib/python3.10/dist-packages:/opt/ros/humble/vcstool:'), ('NVIDIA_VISIBLE_DEVICES', 'nvidia.com/gpu=all,nvidia.com/pva=all'), ('COLCON', '1'), ('NV_LIBNPP_DEV_VERSION', '12.3.1.54-1'), ('CMAKE_PREFIX_PATH', '/workspaces/isaac_ros-dev/install/custom_interfaces:/workspaces/isaac_ros-dev/install/my_action_server:/workspaces/isaac_ros-dev/install/my_action_client:/usr/local/libcudss-linux-0.3.0.9_cuda12-archive:/opt/ros/humble'), ('TRT_LIB_PATH', '/usr/lib/aarch64-linux-gnu')]), 'shell': False}
[3.269272] (my_action_client) StdoutLine: {'line': b'-- Install configuration: ""\n'}
[3.270370] (my_action_server) StdoutLine: {'line': b'[ 50%] \x1b[32mBuilding CXX object CMakeFiles/action_server.dir/src/action_server.cpp.o\x1b[0m\n'}
[3.270848] (my_action_client) StdoutLine: {'line': b'-- Up-to-date: /workspaces/isaac_ros-dev/install/my_action_client/lib/my_action_client/action_client\n'}
[3.271062] (my_action_client) StdoutLine: {'line': b'-- Up-to-date: /workspaces/isaac_ros-dev/install/my_action_client/share/my_action_client//launch\n'}
[3.271446] (my_action_client) StdoutLine: {'line': b'-- Up-to-date: /workspaces/isaac_ros-dev/install/my_action_client/share/my_action_client//launch/client_launch.py\n'}
[3.271882] (my_action_client) StdoutLine: {'line': b'-- Up-to-date: /workspaces/isaac_ros-dev/install/my_action_client/share/ament_index/resource_index/package_run_dependencies/my_action_client\n'}
[3.272332] (my_action_client) StdoutLine: {'line': b'-- Up-to-date: /workspaces/isaac_ros-dev/install/my_action_client/share/ament_index/resource_index/parent_prefix_path/my_action_client\n'}
[3.272849] (my_action_client) StdoutLine: {'line': b'-- Up-to-date: /workspaces/isaac_ros-dev/install/my_action_client/share/my_action_client/environment/ament_prefix_path.sh\n'}
[3.273320] (my_action_client) StdoutLine: {'line': b'-- Up-to-date: /workspaces/isaac_ros-dev/install/my_action_client/share/my_action_client/environment/ament_prefix_path.dsv\n'}
[3.273814] (my_action_client) StdoutLine: {'line': b'-- Up-to-date: /workspaces/isaac_ros-dev/install/my_action_client/share/my_action_client/environment/path.sh\n'}
[3.274609] (my_action_client) StdoutLine: {'line': b'-- Up-to-date: /workspaces/isaac_ros-dev/install/my_action_client/share/my_action_client/environment/path.dsv\n'}
[3.274831] (my_action_client) StdoutLine: {'line': b'-- Up-to-date: /workspaces/isaac_ros-dev/install/my_action_client/share/my_action_client/local_setup.bash\n'}
[3.274999] (my_action_client) StdoutLine: {'line': b'-- Up-to-date: /workspaces/isaac_ros-dev/install/my_action_client/share/my_action_client/local_setup.sh\n'}
[3.275154] (my_action_client) StdoutLine: {'line': b'-- Up-to-date: /workspaces/isaac_ros-dev/install/my_action_client/share/my_action_client/local_setup.zsh\n'}
[3.275305] (my_action_client) StdoutLine: {'line': b'-- Up-to-date: /workspaces/isaac_ros-dev/install/my_action_client/share/my_action_client/local_setup.dsv\n'}
[3.275662] (my_action_client) StdoutLine: {'line': b'-- Installing: /workspaces/isaac_ros-dev/install/my_action_client/share/my_action_client/package.dsv\n'}
[3.275887] (my_action_client) StdoutLine: {'line': b'-- Up-to-date: /workspaces/isaac_ros-dev/install/my_action_client/share/ament_index/resource_index/packages/my_action_client\n'}
[3.276047] (my_action_client) StdoutLine: {'line': b'-- Up-to-date: /workspaces/isaac_ros-dev/install/my_action_client/share/my_action_client/cmake/my_action_clientConfig.cmake\n'}
[3.276196] (my_action_client) StdoutLine: {'line': b'-- Up-to-date: /workspaces/isaac_ros-dev/install/my_action_client/share/my_action_client/cmake/my_action_clientConfig-version.cmake\n'}
[3.276354] (my_action_client) StdoutLine: {'line': b'-- Up-to-date: /workspaces/isaac_ros-dev/install/my_action_client/share/my_action_client/package.xml\n'}
[3.285970] (my_action_client) CommandEnded: {'returncode': 0}
[3.331480] (-) TimerEvent: {}
[3.343484] (my_action_client) JobEnded: {'identifier': 'my_action_client', 'rc': 0}
[3.431695] (-) TimerEvent: {}
[3.532477] (-) TimerEvent: {}
[3.633473] (-) TimerEvent: {}
[3.734524] (-) TimerEvent: {}
[3.835250] (-) TimerEvent: {}
[3.935961] (-) TimerEvent: {}
[4.036679] (-) TimerEvent: {}
[4.137438] (-) TimerEvent: {}
[4.238266] (-) TimerEvent: {}
[4.339084] (-) TimerEvent: {}
[4.440102] (-) TimerEvent: {}
[4.541299] (-) TimerEvent: {}
[4.642362] (-) TimerEvent: {}
[4.744465] (-) TimerEvent: {}
[4.846354] (-) TimerEvent: {}
[4.947700] (-) TimerEvent: {}
[5.048723] (-) TimerEvent: {}
[5.149786] (-) TimerEvent: {}
[5.250725] (-) TimerEvent: {}
[5.351510] (-) TimerEvent: {}
[5.452289] (-) TimerEvent: {}
[5.553014] (-) TimerEvent: {}
[5.653866] (-) TimerEvent: {}
[5.754729] (-) TimerEvent: {}
[5.858366] (-) TimerEvent: {}
[5.959784] (-) TimerEvent: {}
[6.060609] (-) TimerEvent: {}
[6.161392] (-) TimerEvent: {}
[6.262540] (-) TimerEvent: {}
[6.363274] (-) TimerEvent: {}
[6.464038] (-) TimerEvent: {}
[6.570388] (-) TimerEvent: {}
[6.671116] (-) TimerEvent: {}
[6.771845] (-) TimerEvent: {}
[6.872942] (-) TimerEvent: {}
[6.973716] (-) TimerEvent: {}
[7.074583] (-) TimerEvent: {}
[7.175370] (-) TimerEvent: {}
[7.276228] (-) TimerEvent: {}
[7.377010] (-) TimerEvent: {}
[7.477749] (-) TimerEvent: {}
[7.579091] (-) TimerEvent: {}
[7.679833] (-) TimerEvent: {}
[7.780609] (-) TimerEvent: {}
[7.881396] (-) TimerEvent: {}
[7.982163] (-) TimerEvent: {}
[8.082960] (-) TimerEvent: {}
[8.183713] (-) TimerEvent: {}
[8.284455] (-) TimerEvent: {}
[8.385364] (-) TimerEvent: {}
[8.486139] (-) TimerEvent: {}
[8.587090] (-) TimerEvent: {}
[8.687915] (-) TimerEvent: {}
[8.788800] (-) TimerEvent: {}
[8.889558] (-) TimerEvent: {}
[8.990395] (-) TimerEvent: {}
[9.091231] (-) TimerEvent: {}
[9.192134] (-) TimerEvent: {}
[9.292854] (-) TimerEvent: {}
[9.393613] (-) TimerEvent: {}
[9.494372] (-) TimerEvent: {}
[9.595163] (-) TimerEvent: {}
[9.695891] (-) TimerEvent: {}
[9.796706] (-) TimerEvent: {}
[9.897441] (-) TimerEvent: {}
[9.998254] (-) TimerEvent: {}
[10.099014] (-) TimerEvent: {}
[10.199789] (-) TimerEvent: {}
[10.300567] (-) TimerEvent: {}
[10.401448] (-) TimerEvent: {}
[10.502288] (-) TimerEvent: {}
[10.554618] (my_action_server) StderrLine: {'line': b'\x1b[01m\x1b[K/workspaces/isaac_ros-dev/src/my_action_server/src/action_server.cpp:\x1b[m\x1b[K In member function \xe2\x80\x98\x1b[01m\x1b[Kvoid MyActionServer::execute(std::shared_ptr<rclcpp_action::ServerGoalHandle<custom_interfaces::action::TrackObject> >)\x1b[m\x1b[K\xe2\x80\x99:\n'}
[10.556588] (my_action_server) StderrLine: {'line': b'\x1b[01m\x1b[K/workspaces/isaac_ros-dev/src/my_action_server/src/action_server.cpp:190:23:\x1b[m\x1b[K \x1b[01;35m\x1b[Kwarning: \x1b[m\x1b[Kunused variable \xe2\x80\x98\x1b[01m\x1b[Kavg_depth_cm\x1b[m\x1b[K\xe2\x80\x99 [\x1b[01;35m\x1b[K-Wunused-variable\x1b[m\x1b[K]\n'}
[10.556814] (my_action_server) StderrLine: {'line': b'  190 |                   int \x1b[01;35m\x1b[Kavg_depth_cm\x1b[m\x1b[K = total_depth / valid_pixels;\n'}
[10.556988] (my_action_server) StderrLine: {'line': b'      |                       \x1b[01;35m\x1b[K^~~~~~~~~~~~\x1b[m\x1b[K\n'}
[10.559836] (my_action_server) StderrLine: {'line': b'\x1b[01m\x1b[K/workspaces/isaac_ros-dev/src/my_action_server/src/action_server.cpp:157:24:\x1b[m\x1b[K \x1b[01;35m\x1b[Kwarning: \x1b[m\x1b[Kunused variable \xe2\x80\x98\x1b[01m\x1b[Kbbox_x\x1b[m\x1b[K\xe2\x80\x99 [\x1b[01;35m\x1b[K-Wunused-variable\x1b[m\x1b[K]\n'}
[10.560132] (my_action_server) StderrLine: {'line': b'  157 |                 double \x1b[01;35m\x1b[Kbbox_x\x1b[m\x1b[K = center_x - bbox_width/2;\n'}
[10.560303] (my_action_server) StderrLine: {'line': b'      |                        \x1b[01;35m\x1b[K^~~~~~\x1b[m\x1b[K\n'}
[10.560454] (my_action_server) StderrLine: {'line': b'\x1b[01m\x1b[K/workspaces/isaac_ros-dev/src/my_action_server/src/action_server.cpp:158:24:\x1b[m\x1b[K \x1b[01;35m\x1b[Kwarning: \x1b[m\x1b[Kunused variable \xe2\x80\x98\x1b[01m\x1b[Kbbox_y\x1b[m\x1b[K\xe2\x80\x99 [\x1b[01;35m\x1b[K-Wunused-variable\x1b[m\x1b[K]\n'}
[10.560600] (my_action_server) StderrLine: {'line': b'  158 |                 double \x1b[01;35m\x1b[Kbbox_y\x1b[m\x1b[K = center_y - bbox_height/2;\n'}
[10.560744] (my_action_server) StderrLine: {'line': b'      |                        \x1b[01;35m\x1b[K^~~~~~\x1b[m\x1b[K\n'}
[10.570650] (my_action_server) StderrLine: {'line': b'\x1b[01m\x1b[K/workspaces/isaac_ros-dev/src/my_action_server/src/action_server.cpp:\x1b[m\x1b[K In member function \xe2\x80\x98\x1b[01m\x1b[Kbool MyActionServer::is_valid_object(const string&)\x1b[m\x1b[K\xe2\x80\x99:\n'}
[10.571091] (my_action_server) StderrLine: {'line': b'\x1b[01m\x1b[K/workspaces/isaac_ros-dev/src/my_action_server/src/action_server.cpp:254:44:\x1b[m\x1b[K \x1b[01;35m\x1b[Kwarning: \x1b[m\x1b[Kunused parameter \xe2\x80\x98\x1b[01m\x1b[Kobject_name\x1b[m\x1b[K\xe2\x80\x99 [\x1b[01;35m\x1b[K-Wunused-parameter\x1b[m\x1b[K]\n'}
[10.571274] (my_action_server) StderrLine: {'line': b'  254 |   bool is_valid_object(\x1b[01;35m\x1b[Kconst std::string & object_name\x1b[m\x1b[K)\n'}
[10.571425] (my_action_server) StderrLine: {'line': b'      |                        \x1b[01;35m\x1b[K~~~~~~~~~~~~~~~~~~~~^~~~~~~~~~~\x1b[m\x1b[K\n'}
[10.602447] (-) TimerEvent: {}
[10.703184] (-) TimerEvent: {}
[10.803921] (-) TimerEvent: {}
[10.904767] (-) TimerEvent: {}
[11.005547] (-) TimerEvent: {}
[11.106551] (-) TimerEvent: {}
[11.207587] (-) TimerEvent: {}
[11.308438] (-) TimerEvent: {}
[11.409258] (-) TimerEvent: {}
[11.509982] (-) TimerEvent: {}
[11.610738] (-) TimerEvent: {}
[11.711533] (-) TimerEvent: {}
[11.812407] (-) TimerEvent: {}
[11.913483] (-) TimerEvent: {}
[12.014411] (-) TimerEvent: {}
[12.115274] (-) TimerEvent: {}
[12.216179] (-) TimerEvent: {}
[12.317057] (-) TimerEvent: {}
[12.419064] (-) TimerEvent: {}
[12.520336] (-) TimerEvent: {}
[12.621094] (-) TimerEvent: {}
[12.721978] (-) TimerEvent: {}
[12.822823] (-) TimerEvent: {}
[12.923659] (-) TimerEvent: {}
[13.024545] (-) TimerEvent: {}
[13.125433] (-) TimerEvent: {}
[13.226351] (-) TimerEvent: {}
[13.328085] (-) TimerEvent: {}
[13.429412] (-) TimerEvent: {}
[13.530687] (-) TimerEvent: {}
[13.632048] (-) TimerEvent: {}
[13.732982] (-) TimerEvent: {}
[13.833861] (-) TimerEvent: {}
[13.934803] (-) TimerEvent: {}
[14.035582] (-) TimerEvent: {}
[14.136384] (-) TimerEvent: {}
[14.237262] (-) TimerEvent: {}
[14.338059] (-) TimerEvent: {}
[14.439137] (-) TimerEvent: {}
[14.540368] (-) TimerEvent: {}
[14.641254] (-) TimerEvent: {}
[14.742069] (-) TimerEvent: {}
[14.843095] (-) TimerEvent: {}
[14.943890] (-) TimerEvent: {}
[15.044756] (-) TimerEvent: {}
[15.145574] (-) TimerEvent: {}
[15.246433] (-) TimerEvent: {}
[15.347257] (-) TimerEvent: {}
[15.448118] (-) TimerEvent: {}
[15.549000] (-) TimerEvent: {}
[15.650236] (-) TimerEvent: {}
[15.751338] (-) TimerEvent: {}
[15.852137] (-) TimerEvent: {}
[15.952895] (-) TimerEvent: {}
[16.053800] (-) TimerEvent: {}
[16.154638] (-) TimerEvent: {}
[16.256373] (-) TimerEvent: {}
[16.357310] (-) TimerEvent: {}
[16.458342] (-) TimerEvent: {}
[16.559836] (-) TimerEvent: {}
[16.660712] (-) TimerEvent: {}
[16.761995] (-) TimerEvent: {}
[16.862908] (-) TimerEvent: {}
[16.963698] (-) TimerEvent: {}
[17.064697] (-) TimerEvent: {}
[17.165633] (-) TimerEvent: {}
[17.266795] (-) TimerEvent: {}
[17.367773] (-) TimerEvent: {}
[17.468587] (-) TimerEvent: {}
[17.569366] (-) TimerEvent: {}
[17.670706] (-) TimerEvent: {}
[17.771673] (-) TimerEvent: {}
[17.872592] (-) TimerEvent: {}
[17.973612] (-) TimerEvent: {}
[18.074411] (-) TimerEvent: {}
[18.175332] (-) TimerEvent: {}
[18.276252] (-) TimerEvent: {}
[18.377166] (-) TimerEvent: {}
[18.478047] (-) TimerEvent: {}
[18.578956] (-) TimerEvent: {}
[18.679798] (-) TimerEvent: {}
[18.780982] (-) TimerEvent: {}
[18.881768] (-) TimerEvent: {}
[18.982502] (-) TimerEvent: {}
[19.083269] (-) TimerEvent: {}
[19.184023] (-) TimerEvent: {}
[19.284787] (-) TimerEvent: {}
[19.385698] (-) TimerEvent: {}
[19.486548] (-) TimerEvent: {}
[19.587510] (-) TimerEvent: {}
[19.688286] (-) TimerEvent: {}
[19.789273] (-) TimerEvent: {}
[19.890063] (-) TimerEvent: {}
[19.991039] (-) TimerEvent: {}
[20.092044] (-) TimerEvent: {}
[20.193409] (-) TimerEvent: {}
[20.295390] (-) TimerEvent: {}
[20.396344] (-) TimerEvent: {}
[20.497332] (-) TimerEvent: {}
[20.598280] (-) TimerEvent: {}
[20.699199] (-) TimerEvent: {}
[20.800111] (-) TimerEvent: {}
[20.900998] (-) TimerEvent: {}
[21.002000] (-) TimerEvent: {}
[21.103360] (-) TimerEvent: {}
[21.204281] (-) TimerEvent: {}
[21.305093] (-) TimerEvent: {}
[21.405823] (-) TimerEvent: {}
[21.506579] (-) TimerEvent: {}
[21.607400] (-) TimerEvent: {}
[21.708253] (-) TimerEvent: {}
[21.809059] (-) TimerEvent: {}
[21.909940] (-) TimerEvent: {}
[22.010836] (-) TimerEvent: {}
[22.111728] (-) TimerEvent: {}
[22.212526] (-) TimerEvent: {}
[22.313452] (-) TimerEvent: {}
[22.414359] (-) TimerEvent: {}
[22.515233] (-) TimerEvent: {}
[22.616074] (-) TimerEvent: {}
[22.716944] (-) TimerEvent: {}
[22.817756] (-) TimerEvent: {}
[22.918676] (-) TimerEvent: {}
[23.019470] (-) TimerEvent: {}
[23.120650] (-) TimerEvent: {}
[23.221511] (-) TimerEvent: {}
[23.322704] (-) TimerEvent: {}
[23.424069] (-) TimerEvent: {}
[23.524980] (-) TimerEvent: {}
[23.625858] (-) TimerEvent: {}
[23.726716] (-) TimerEvent: {}
[23.827609] (-) TimerEvent: {}
[23.928429] (-) TimerEvent: {}
[24.030378] (-) TimerEvent: {}
[24.131168] (-) TimerEvent: {}
[24.231933] (-) TimerEvent: {}
[24.334098] (-) TimerEvent: {}
[24.434896] (-) TimerEvent: {}
[24.535629] (-) TimerEvent: {}
[24.636475] (-) TimerEvent: {}
[24.737320] (-) TimerEvent: {}
[24.838041] (-) TimerEvent: {}
[24.938865] (-) TimerEvent: {}
[25.039728] (-) TimerEvent: {}
[25.140504] (-) TimerEvent: {}
[25.241346] (-) TimerEvent: {}
[25.342174] (-) TimerEvent: {}
[25.443121] (-) TimerEvent: {}
[25.543944] (-) TimerEvent: {}
[25.644862] (-) TimerEvent: {}
[25.745717] (-) TimerEvent: {}
[25.846656] (-) TimerEvent: {}
[25.947480] (-) TimerEvent: {}
[26.048517] (-) TimerEvent: {}
[26.149401] (-) TimerEvent: {}
[26.250747] (-) TimerEvent: {}
[26.351810] (-) TimerEvent: {}
[26.452693] (-) TimerEvent: {}
[26.553587] (-) TimerEvent: {}
[26.654513] (-) TimerEvent: {}
[26.755379] (-) TimerEvent: {}
[26.856227] (-) TimerEvent: {}
[26.957022] (-) TimerEvent: {}
[27.057861] (-) TimerEvent: {}
[27.158755] (-) TimerEvent: {}
[27.259638] (-) TimerEvent: {}
[27.360445] (-) TimerEvent: {}
[27.462442] (-) TimerEvent: {}
[27.563519] (-) TimerEvent: {}
[27.664376] (-) TimerEvent: {}
[27.765138] (-) TimerEvent: {}
[27.866038] (-) TimerEvent: {}
[27.966844] (-) TimerEvent: {}
[28.067796] (-) TimerEvent: {}
[28.168610] (-) TimerEvent: {}
[28.270130] (-) TimerEvent: {}
[28.370872] (-) TimerEvent: {}
[28.471712] (-) TimerEvent: {}
[28.572623] (-) TimerEvent: {}
[28.673592] (-) TimerEvent: {}
[28.774422] (-) TimerEvent: {}
[28.875291] (-) TimerEvent: {}
[28.976005] (-) TimerEvent: {}
[29.076794] (-) TimerEvent: {}
[29.177595] (-) TimerEvent: {}
[29.278443] (-) TimerEvent: {}
[29.379285] (-) TimerEvent: {}
[29.480161] (-) TimerEvent: {}
[29.581009] (-) TimerEvent: {}
[29.681845] (-) TimerEvent: {}
[29.782782] (-) TimerEvent: {}
[29.883858] (-) TimerEvent: {}
[29.985350] (-) TimerEvent: {}
[30.086140] (-) TimerEvent: {}
[30.186978] (-) TimerEvent: {}
[30.287802] (-) TimerEvent: {}
[30.388739] (-) TimerEvent: {}
[30.489599] (-) TimerEvent: {}
[30.590741] (-) TimerEvent: {}
[30.691580] (-) TimerEvent: {}
[30.792471] (-) TimerEvent: {}
[30.893391] (-) TimerEvent: {}
[30.994288] (-) TimerEvent: {}
[31.095140] (-) TimerEvent: {}
[31.196198] (-) TimerEvent: {}
[31.297170] (-) TimerEvent: {}
[31.398057] (-) TimerEvent: {}
[31.499116] (-) TimerEvent: {}
[31.599991] (-) TimerEvent: {}
[31.700889] (-) TimerEvent: {}
[31.801758] (-) TimerEvent: {}
[31.902673] (-) TimerEvent: {}
[32.003912] (-) TimerEvent: {}
[32.104869] (-) TimerEvent: {}
[32.205765] (-) TimerEvent: {}
[32.310342] (-) TimerEvent: {}
[32.414377] (-) TimerEvent: {}
[32.515729] (-) TimerEvent: {}
[32.617965] (-) TimerEvent: {}
[32.720444] (-) TimerEvent: {}
[32.822902] (-) TimerEvent: {}
[32.924249] (-) TimerEvent: {}
[33.025068] (-) TimerEvent: {}
[33.126392] (-) TimerEvent: {}
[33.227245] (-) TimerEvent: {}
[33.328085] (-) TimerEvent: {}
[33.428961] (-) TimerEvent: {}
[33.529761] (-) TimerEvent: {}
[33.631119] (-) TimerEvent: {}
[33.732814] (-) TimerEvent: {}
[33.833720] (-) TimerEvent: {}
[33.934643] (-) TimerEvent: {}
[34.035376] (-) TimerEvent: {}
[34.136326] (-) TimerEvent: {}
[34.237189] (-) TimerEvent: {}
[34.338050] (-) TimerEvent: {}
[34.439288] (-) TimerEvent: {}
[34.540205] (-) TimerEvent: {}
[34.641055] (-) TimerEvent: {}
[34.742028] (-) TimerEvent: {}
[34.811531] (my_action_server) StdoutLine: {'line': b'[100%] \x1b[32m\x1b[1mLinking CXX executable action_server\x1b[0m\n'}
[34.842294] (-) TimerEvent: {}
[34.943165] (-) TimerEvent: {}
[35.044089] (-) TimerEvent: {}
[35.146006] (-) TimerEvent: {}
[35.246876] (-) TimerEvent: {}
[35.349768] (-) TimerEvent: {}
[35.450717] (-) TimerEvent: {}
[35.551516] (-) TimerEvent: {}
[35.652327] (-) TimerEvent: {}
[35.753112] (-) TimerEvent: {}
[35.853868] (-) TimerEvent: {}
[35.954603] (-) TimerEvent: {}
[36.057670] (-) TimerEvent: {}
[36.160806] (-) TimerEvent: {}
[36.261540] (-) TimerEvent: {}
[36.362444] (-) TimerEvent: {}
[36.464346] (-) TimerEvent: {}
[36.565019] (-) TimerEvent: {}
[36.602654] (my_action_server) StdoutLine: {'line': b'[100%] Built target action_server\n'}
[36.640516] (my_action_server) CommandEnded: {'returncode': 0}
[36.644595] (my_action_server) JobProgress: {'identifier': 'my_action_server', 'progress': 'install'}
[36.645978] (my_action_server) Command: {'cmd': ['/usr/bin/cmake', '--install', '/workspaces/isaac_ros-dev/build/my_action_server'], 'cwd': '/workspaces/isaac_ros-dev/build/my_action_server', 'env': OrderedDict([('LIBRARY_PATH', '/usr/local/cuda/lib64/stubs'), ('PYTHONWARNINGS', 'ignore:::setuptools.command.install,ignore:::setuptools.command.easy_install,ignore:::pkg_resources,ignore:::setuptools.command.develop'), ('NV_LIBCUBLAS_VERSION', '12.6.1.4-1'), ('USER', 'stickykeys'), ('NV_CUDA_NSIGHT_COMPUTE_VERSION', '12.6.11-1'), ('HOSTNAME', 'stickykeys-desktop'), ('SHLVL', '1'), ('LD_LIBRARY_PATH', '/workspaces/isaac_ros-dev/install/custom_interfaces/lib:/opt/ros/humble/opt/rviz_ogre_vendor/lib:/opt/ros/humble/lib/aarch64-linux-gnu:/opt/ros/humble/lib:/usr/lib/aarch64-linux-gnu/tegra/weston:/usr/lib/aarch64-linux-gnu/tegra-egl:/usr/local/cuda-12.6/targets/aarch64-linux/lib:/usr/lib/aarch64-linux-gnu/tegra:/opt/nvidia/vpi3/lib64:/usr/local/libcudss-linux-0.3.0.9_cuda12-archive/lib:/usr/local/nvidia/lib:/usr/local/nvidia/lib64:/usr/lib/aarch64-linux-gnu-host:/opt/tritonserver/lib'), ('HOME', '/home/admin'), ('HOST_USER_GID', '1000'), ('NV_LIBCUBLAS_DEV_VERSION', '12.6.1.4-1'), ('ROS_PYTHON_VERSION', '3'), ('NV_LIBNPP_PACKAGE', 'libnpp-12-6=12.3.1.54-1'), ('CUDA_VERSION', '12.6.11'), ('COLCON_PREFIX_PATH', '/workspaces/isaac_ros-dev/install'), ('ROS_DISTRO', 'humble'), ('NV_LIBCUBLAS_PACKAGE_NAME', 'libcublas-12-6'), ('NVIDIA_REQUIRE_CUDA', 'cuda>=12.6'), ('_', '/usr/bin/colcon'), ('ROS_VERSION', '2'), ('NV_LIBCUSPARSE_VERSION', '12.5.3.3-1'), ('NVIDIA_DRIVER_CAPABILITIES', 'all'), ('NV_CUDA_LIB_VERSION', '12.6.11-1'), ('NV_NVML_DEV_VERSION', '12.6.68-1'), ('USERNAME', 'admin'), ('NV_LIBNPP_DEV_PACKAGE', 'libnpp-dev-12-6=12.3.1.54-1'), ('TERM', 'xterm'), ('ISAAC_ROS_WS', '/workspaces/isaac_ros-dev'), ('NV_CUDA_CUDART_VERSION', '12.6.68-1'), ('ROS_LOCALHOST_ONLY', '0'), ('PATH', '/opt/ros/humble/bin:/opt/ros/humble/vcstool/scripts:/usr/local/nvidia/bin:/usr/local/cuda/bin:/usr/src/tensorrt/bin:/usr/local/nvidia/bin:/usr/local/cuda/bin:/usr/local/sbin:/usr/local/bin:/usr/sbin:/usr/bin:/sbin:/bin'), ('NV_LIBCUBLAS_DEV_PACKAGE_NAME', 'libcublas-dev-12-6'), ('NV_LIBCUBLAS_PACKAGE', 'libcublas-12-6=12.6.1.4-1'), ('HOST_USER_UID', '1000'), ('NVARCH', 'arm64'), ('CUDSS_DIR', '/usr/local/libcudss-linux-0.3.0.9_cuda12-archive'), ('NV_LIBCUSPARSE_DEV_VERSION', '12.5.3.3-1'), ('DISPLAY', ':1'), ('NVIDIA_PRODUCT_NAME', 'CUDA'), ('LANG', 'en_US.UTF-8'), ('RMW_IMPLEMENTATION', 'rmw_fastrtps_cpp'), ('NV_CUDA_CUDART_DEV_VERSION', '12.6.68-1'), ('ROS_ROOT', '/opt/ros/humble'), ('SSH_AUTH_SOCK', '/ssh-agent'), ('AMENT_PREFIX_PATH', '/workspaces/isaac_ros-dev/install/my_action_server:/workspaces/isaac_ros-dev/install/my_action_client:/workspaces/isaac_ros-dev/install/custom_interfaces:/opt/ros/humble'), ('DEBIAN_FRONTEND', 'noninteractive'), ('SHELL', '/bin/bash'), ('TRT_INCLUDE_PATH', '/usr/include/aarch64-linux-gnu'), ('NV_LIBCUBLAS_DEV_PACKAGE', 'libcublas-dev-12-6=12.6.1.4-1'), ('NV_CUDA_NSIGHT_COMPUTE_DEV_PACKAGE', 'cuda-nsight-compute-12-6=12.6.11-1'), ('NVIDIA_REQUIRE_JETPACK_HOST_MOUNTS', 'base-only'), ('NV_NVTX_VERSION', '12.6.68-1'), ('NV_LIBNPP_VERSION', '12.3.1.54-1'), ('PWD', '/workspaces/isaac_ros-dev/build/my_action_server'), ('PYTHONPATH', '/workspaces/isaac_ros-dev/install/custom_interfaces/local/lib/python3.10/dist-packages:/opt/ros/humble/lib/python3.10/site-packages:/opt/ros/humble/local/lib/python3.10/dist-packages:/opt/ros/humble/vcstool:'), ('NVIDIA_VISIBLE_DEVICES', 'nvidia.com/gpu=all,nvidia.com/pva=all'), ('COLCON', '1'), ('NV_LIBNPP_DEV_VERSION', '12.3.1.54-1'), ('CMAKE_PREFIX_PATH', '/workspaces/isaac_ros-dev/install/custom_interfaces:/workspaces/isaac_ros-dev/install/my_action_server:/workspaces/isaac_ros-dev/install/my_action_client:/usr/local/libcudss-linux-0.3.0.9_cuda12-archive:/opt/ros/humble'), ('TRT_LIB_PATH', '/usr/lib/aarch64-linux-gnu')]), 'shell': False}
[36.665212] (-) TimerEvent: {}
[36.677370] (my_action_server) StdoutLine: {'line': b'-- Install configuration: ""\n'}
[36.678076] (my_action_server) StdoutLine: {'line': b'-- Installing: /workspaces/isaac_ros-dev/install/my_action_server/lib/my_action_server/action_server\n'}
[36.697516] (my_action_server) StdoutLine: {'line': b'-- Set runtime path of "/workspaces/isaac_ros-dev/install/my_action_server/lib/my_action_server/action_server" to ""\n'}
[36.698361] (my_action_server) StdoutLine: {'line': b'-- Up-to-date: /workspaces/isaac_ros-dev/install/my_action_server/share/my_action_server//launch\n'}
[36.698810] (my_action_server) StdoutLine: {'line': b'-- Up-to-date: /workspaces/isaac_ros-dev/install/my_action_server/share/my_action_server//launch/server_launch.py\n'}
[36.699041] (my_action_server) StdoutLine: {'line': b'-- Up-to-date: /workspaces/isaac_ros-dev/install/my_action_server/share/ament_index/resource_index/package_run_dependencies/my_action_server\n'}
[36.699448] (my_action_server) StdoutLine: {'line': b'-- Up-to-date: /workspaces/isaac_ros-dev/install/my_action_server/share/ament_index/resource_index/parent_prefix_path/my_action_server\n'}
[36.699699] (my_action_server) StdoutLine: {'line': b'-- Up-to-date: /workspaces/isaac_ros-dev/install/my_action_server/share/my_action_server/environment/ament_prefix_path.sh\n'}
[36.699867] (my_action_server) StdoutLine: {'line': b'-- Up-to-date: /workspaces/isaac_ros-dev/install/my_action_server/share/my_action_server/environment/ament_prefix_path.dsv\n'}
[36.700017] (my_action_server) StdoutLine: {'line': b'-- Up-to-date: /workspaces/isaac_ros-dev/install/my_action_server/share/my_action_server/environment/path.sh\n'}
[36.700165] (my_action_server) StdoutLine: {'line': b'-- Up-to-date: /workspaces/isaac_ros-dev/install/my_action_server/share/my_action_server/environment/path.dsv\n'}
[36.700345] (my_action_server) StdoutLine: {'line': b'-- Up-to-date: /workspaces/isaac_ros-dev/install/my_action_server/share/my_action_server/local_setup.bash\n'}
[36.700490] (my_action_server) StdoutLine: {'line': b'-- Up-to-date: /workspaces/isaac_ros-dev/install/my_action_server/share/my_action_server/local_setup.sh\n'}
[36.700631] (my_action_server) StdoutLine: {'line': b'-- Up-to-date: /workspaces/isaac_ros-dev/install/my_action_server/share/my_action_server/local_setup.zsh\n'}
[36.700769] (my_action_server) StdoutLine: {'line': b'-- Up-to-date: /workspaces/isaac_ros-dev/install/my_action_server/share/my_action_server/local_setup.dsv\n'}
[36.700989] (my_action_server) StdoutLine: {'line': b'-- Installing: /workspaces/isaac_ros-dev/install/my_action_server/share/my_action_server/package.dsv\n'}
[36.701214] (my_action_server) StdoutLine: {'line': b'-- Up-to-date: /workspaces/isaac_ros-dev/install/my_action_server/share/ament_index/resource_index/packages/my_action_server\n'}
[36.701380] (my_action_server) StdoutLine: {'line': b'-- Up-to-date: /workspaces/isaac_ros-dev/install/my_action_server/share/my_action_server/cmake/my_action_serverConfig.cmake\n'}
[36.701525] (my_action_server) StdoutLine: {'line': b'-- Up-to-date: /workspaces/isaac_ros-dev/install/my_action_server/share/my_action_server/cmake/my_action_serverConfig-version.cmake\n'}
[36.701854] (my_action_server) StdoutLine: {'line': b'-- Up-to-date: /workspaces/isaac_ros-dev/install/my_action_server/share/my_action_server/package.xml\n'}
[36.710166] (my_action_server) CommandEnded: {'returncode': 0}
[36.759018] (my_action_server) JobEnded: {'identifier': 'my_action_server', 'rc': 0}
[36.761421] (-) EventReactorShutdown: {}
